2022-06-16 19:00:28,576 [INFO] Activator:170 - 


2022-06-16 19:00:28,578 [INFO] Activator:171 - !SESSION log4j initialized
2022-06-16 19:00:38,593 [INFO] McuFinderGlobals:39 - Set McuFinder mode to 2 (CubeIDE integrated)
2022-06-16 19:00:39,117 [INFO] ApplicationProperties:181 - Using Application install path: C:\ST\STM32CubeIDE_1.6.0\STM32CubeIDE\plugins\com.st.stm32cube.common.mx_6.2.0.202102191602
2022-06-16 19:00:39,138 [INFO] DbMcusXml:74 - Set database path to: C:\ST\STM32CubeIDE_1.6.0\STM32CubeIDE\plugins\com.st.stm32cube.common.mx_6.2.0.202102191602\\db\/mcu/
2022-06-16 19:00:39,144 [INFO] DbBoardsPdsc:56 - Set plugin database path to: C:\ST\STM32CubeIDE_1.6.0\STM32CubeIDE\plugins\com.st.stm32cube.common.mx_6.2.0.202102191602\\db\/plugins/boardmanager/
2022-06-16 19:00:39,145 [INFO] DbMcus:258 - Set plugin images path to: C:\ST\STM32CubeIDE_1.6.0\STM32CubeIDE\plugins\com.st.stm32cube.common.mx_6.2.0.202102191602\\db\/plugins/mcufinder/images/
2022-06-16 19:00:39,145 [INFO] DbBoards:264 - Set plugin images path to: C:\ST\STM32CubeIDE_1.6.0\STM32CubeIDE\plugins\com.st.stm32cube.common.mx_6.2.0.202102191602\\db\/plugins/mcufinder/images/
2022-06-16 19:00:39,148 [INFO] DbExamples:333 - Set plugin images path to: C:\ST\STM32CubeIDE_1.6.0\STM32CubeIDE\plugins\com.st.stm32cube.common.mx_6.2.0.202102191602\\db\/plugins/mcufinder/images/
2022-06-16 19:00:39,171 [INFO] DbMcusAds:85 - Set database path to: C:\Users\James Chen\.stmcufinder\plugins\mcufinder//mcu/
2022-06-16 19:00:39,172 [INFO] DbMcusDocs:110 - Set database path to: C:\Users\James Chen\.stmcufinder\plugins\mcufinder//mcu/
2022-06-16 19:00:39,175 [INFO] DbMcusJson:65 - Set database path to: C:\Users\James Chen\.stmcufinder\plugins\mcufinder//mcu/
2022-06-16 19:00:39,176 [INFO] DbBoardsDocs:110 - Set database path to: C:\Users\James Chen\.stmcufinder\plugins\mcufinder//mcu/
2022-06-16 19:00:39,178 [INFO] DbBoardsJson:58 - Set database path to: C:\Users\James Chen\.stmcufinder\plugins\mcufinder//mcu/
2022-06-16 19:00:39,181 [INFO] CrossReferenceDbSqlite:196 - Set database path to: C:\Users\James Chen\.stmcufinder\plugins\mcufinder//mcu/cs/
2022-06-16 19:00:39,185 [INFO] DbExamplesSqlite:690 - Set database path to: C:\Users\James Chen\.stmcufinder\plugins\mcufinder//mcu/
2022-06-16 19:00:39,313 [INFO] RulesReader:52 - Compatibility file has been processed (237 Rules)
2022-06-16 19:00:39,442 [INFO] MicroXplorer:622 - Detected Java Version = 11.0.9.1
2022-06-16 19:00:39,443 [INFO] DbMcusXml:74 - Set database path to: C:\ST\STM32CubeIDE_1.6.0\STM32CubeIDE\plugins\com.st.stm32cube.common.mx_6.2.0.202102191602\\db\/mcu/
2022-06-16 19:00:39,444 [INFO] DbBoardsPdsc:56 - Set plugin database path to: C:\ST\STM32CubeIDE_1.6.0\STM32CubeIDE\plugins\com.st.stm32cube.common.mx_6.2.0.202102191602\\db\/plugins/boardmanager/
2022-06-16 19:00:39,444 [INFO] DbMcus:258 - Set plugin images path to: C:\ST\STM32CubeIDE_1.6.0\STM32CubeIDE\plugins\com.st.stm32cube.common.mx_6.2.0.202102191602\\db\/plugins/mcufinder/images/
2022-06-16 19:00:39,444 [INFO] DbBoards:264 - Set plugin images path to: C:\ST\STM32CubeIDE_1.6.0\STM32CubeIDE\plugins\com.st.stm32cube.common.mx_6.2.0.202102191602\\db\/plugins/mcufinder/images/
2022-06-16 19:00:39,444 [INFO] DbExamples:333 - Set plugin images path to: C:\ST\STM32CubeIDE_1.6.0\STM32CubeIDE\plugins\com.st.stm32cube.common.mx_6.2.0.202102191602\\db\/plugins/mcufinder/images/
2022-06-16 19:00:39,444 [WARN] DbFile:35 - Overriding database path with different value: C:\Users\James Chen\.stmcufinder\plugins\mcufinder/ => C:\Users\James Chen\.stmcufinder\plugins\mcufinder
2022-06-16 19:00:39,444 [INFO] DbMcusAds:85 - Set database path to: C:\Users\James Chen\.stmcufinder\plugins\mcufinder//mcu/
2022-06-16 19:00:39,445 [WARN] DbFile:35 - Overriding database path with different value: C:\Users\James Chen\.stmcufinder\plugins\mcufinder/ => C:\Users\James Chen\.stmcufinder\plugins\mcufinder
2022-06-16 19:00:39,445 [INFO] DbMcusDocs:110 - Set database path to: C:\Users\James Chen\.stmcufinder\plugins\mcufinder//mcu/
2022-06-16 19:00:39,445 [WARN] DbFile:35 - Overriding database path with different value: C:\Users\James Chen\.stmcufinder\plugins\mcufinder/ => C:\Users\James Chen\.stmcufinder\plugins\mcufinder
2022-06-16 19:00:39,445 [INFO] DbMcusJson:65 - Set database path to: C:\Users\James Chen\.stmcufinder\plugins\mcufinder//mcu/
2022-06-16 19:00:39,445 [WARN] DbFile:35 - Overriding database path with different value: C:\Users\James Chen\.stmcufinder\plugins\mcufinder/ => C:\Users\James Chen\.stmcufinder\plugins\mcufinder
2022-06-16 19:00:39,445 [INFO] DbBoardsDocs:110 - Set database path to: C:\Users\James Chen\.stmcufinder\plugins\mcufinder//mcu/
2022-06-16 19:00:39,445 [WARN] DbFile:35 - Overriding database path with different value: C:\Users\James Chen\.stmcufinder\plugins\mcufinder/ => C:\Users\James Chen\.stmcufinder\plugins\mcufinder
2022-06-16 19:00:39,445 [INFO] DbBoardsJson:58 - Set database path to: C:\Users\James Chen\.stmcufinder\plugins\mcufinder//mcu/
2022-06-16 19:00:39,445 [WARN] DbFile:35 - Overriding database path with different value: C:\Users\James Chen\.stmcufinder\plugins\mcufinder/ => C:\Users\James Chen\.stmcufinder\plugins\mcufinder
2022-06-16 19:00:39,446 [WARN] DbFile:35 - Overriding database path with different value: C:\Users\James Chen\.stmcufinder\plugins\mcufinder/ => C:\Users\James Chen\.stmcufinder\plugins\mcufinder
2022-06-16 19:00:39,446 [INFO] CrossReferenceDbSqlite:196 - Set database path to: C:\Users\James Chen\.stmcufinder\plugins\mcufinder//mcu/cs/
2022-06-16 19:00:39,446 [WARN] DbFile:35 - Overriding database path with different value: C:\Users\James Chen\.stmcufinder\plugins\mcufinder/ => C:\Users\James Chen\.stmcufinder\plugins\mcufinder
2022-06-16 19:00:39,446 [INFO] DbExamplesSqlite:690 - Set database path to: C:\Users\James Chen\.stmcufinder\plugins\mcufinder//mcu/
2022-06-16 19:00:39,543 [INFO] MainPanel:204 - HeapMemory: 268435456
2022-06-16 19:00:39,704 [INFO] DbMcusXml:74 - Set database path to: C:\ST\STM32CubeIDE_1.6.0\STM32CubeIDE\plugins\com.st.stm32cube.common.mx_6.2.0.202102191602\\db\/mcu/
2022-06-16 19:00:39,704 [INFO] DbBoardsPdsc:56 - Set plugin database path to: C:\ST\STM32CubeIDE_1.6.0\STM32CubeIDE\plugins\com.st.stm32cube.common.mx_6.2.0.202102191602\\db\/plugins/boardmanager/
2022-06-16 19:00:39,704 [INFO] DbMcus:258 - Set plugin images path to: C:\ST\STM32CubeIDE_1.6.0\STM32CubeIDE\plugins\com.st.stm32cube.common.mx_6.2.0.202102191602\\db\/plugins/mcufinder/images/
2022-06-16 19:00:39,704 [INFO] DbBoards:264 - Set plugin images path to: C:\ST\STM32CubeIDE_1.6.0\STM32CubeIDE\plugins\com.st.stm32cube.common.mx_6.2.0.202102191602\\db\/plugins/mcufinder/images/
2022-06-16 19:00:39,705 [INFO] DbExamples:333 - Set plugin images path to: C:\ST\STM32CubeIDE_1.6.0\STM32CubeIDE\plugins\com.st.stm32cube.common.mx_6.2.0.202102191602\\db\/plugins/mcufinder/images/
2022-06-16 19:00:39,705 [WARN] DbFile:35 - Overriding database path with different value: C:\Users\James Chen\.stmcufinder\plugins\mcufinder/ => C:\Users\James Chen\.stmcufinder\plugins\mcufinder
2022-06-16 19:00:39,706 [INFO] DbMcusAds:85 - Set database path to: C:\Users\James Chen\.stmcufinder\plugins\mcufinder//mcu/
2022-06-16 19:00:39,706 [WARN] DbFile:35 - Overriding database path with different value: C:\Users\James Chen\.stmcufinder\plugins\mcufinder/ => C:\Users\James Chen\.stmcufinder\plugins\mcufinder
2022-06-16 19:00:39,706 [INFO] DbMcusDocs:110 - Set database path to: C:\Users\James Chen\.stmcufinder\plugins\mcufinder//mcu/
2022-06-16 19:00:39,706 [WARN] DbFile:35 - Overriding database path with different value: C:\Users\James Chen\.stmcufinder\plugins\mcufinder/ => C:\Users\James Chen\.stmcufinder\plugins\mcufinder
2022-06-16 19:00:39,706 [INFO] DbMcusJson:65 - Set database path to: C:\Users\James Chen\.stmcufinder\plugins\mcufinder//mcu/
2022-06-16 19:00:39,706 [WARN] DbFile:35 - Overriding database path with different value: C:\Users\James Chen\.stmcufinder\plugins\mcufinder/ => C:\Users\James Chen\.stmcufinder\plugins\mcufinder
2022-06-16 19:00:39,706 [INFO] DbBoardsDocs:110 - Set database path to: C:\Users\James Chen\.stmcufinder\plugins\mcufinder//mcu/
2022-06-16 19:00:39,706 [WARN] DbFile:35 - Overriding database path with different value: C:\Users\James Chen\.stmcufinder\plugins\mcufinder/ => C:\Users\James Chen\.stmcufinder\plugins\mcufinder
2022-06-16 19:00:39,706 [INFO] DbBoardsJson:58 - Set database path to: C:\Users\James Chen\.stmcufinder\plugins\mcufinder//mcu/
2022-06-16 19:00:39,707 [WARN] DbFile:35 - Overriding database path with different value: C:\Users\James Chen\.stmcufinder\plugins\mcufinder/ => C:\Users\James Chen\.stmcufinder\plugins\mcufinder
2022-06-16 19:00:39,707 [WARN] DbFile:35 - Overriding database path with different value: C:\Users\James Chen\.stmcufinder\plugins\mcufinder/ => C:\Users\James Chen\.stmcufinder\plugins\mcufinder
2022-06-16 19:00:39,707 [INFO] CrossReferenceDbSqlite:196 - Set database path to: C:\Users\James Chen\.stmcufinder\plugins\mcufinder//mcu/cs/
2022-06-16 19:00:39,707 [WARN] DbFile:35 - Overriding database path with different value: C:\Users\James Chen\.stmcufinder\plugins\mcufinder/ => C:\Users\James Chen\.stmcufinder\plugins\mcufinder
2022-06-16 19:00:39,707 [INFO] DbExamplesSqlite:690 - Set database path to: C:\Users\James Chen\.stmcufinder\plugins\mcufinder//mcu/
2022-06-16 19:00:39,736 [INFO] ApplicationProperties:181 - Using Application install path: C:\ST\STM32CubeIDE_1.6.0\STM32CubeIDE\plugins\com.st.stm32cube.common.mx_6.2.0.202102191602
2022-06-16 19:00:39,738 [INFO] PluginManage:178 - Search for loadable plugins [exclusion list=, ]
2022-06-16 19:00:39,740 [INFO] PluginManage:292 - Check plugin analytics
2022-06-16 19:00:39,943 [INFO] AnalyticsPlugin:233 - Accepted Software Licenses: 
2022-06-16 19:00:39,944 [INFO] AnalyticsPlugin:235 - Accepted CMSIS Pack Licenses: 
2022-06-16 19:00:39,944 [INFO] AnalyticsPlugin:237 - Accepted Firmware Licenses: 
2022-06-16 19:00:39,944 [INFO] PluginManage:342 - Loaded plugin analytics (category:tool,tabindex:-1)
2022-06-16 19:00:39,945 [INFO] PluginManage:292 - Check plugin clock
2022-06-16 19:00:39,969 [INFO] PluginManage:342 - Loaded plugin clock (category:base,tabindex:2)
2022-06-16 19:00:39,969 [INFO] PluginManage:292 - Check plugin ddr
2022-06-16 19:00:39,972 [INFO] PluginManage:342 - Loaded plugin ddr (category:tool,tabindex:6)
2022-06-16 19:00:39,972 [INFO] PluginManage:292 - Check plugin filemanager
2022-06-16 19:00:40,131 [INFO] PluginManage:342 - Loaded plugin filemanager (category:base,tabindex:10)
2022-06-16 19:00:40,132 [INFO] PluginManage:292 - Check plugin ipmanager
2022-06-16 19:00:40,141 [INFO] PluginManage:342 - Loaded plugin ipmanager (category:base,tabindex:5)
2022-06-16 19:00:40,141 [INFO] PluginManage:292 - Check plugin pinoutandconfiguration
2022-06-16 19:00:40,164 [INFO] PluginManage:342 - Loaded plugin pinoutandconfiguration (category:base,tabindex:1)
2022-06-16 19:00:40,164 [INFO] PluginManage:292 - Check plugin pinoutconfig
2022-06-16 19:00:40,205 [INFO] PluginManage:342 - Loaded plugin pinoutconfig (category:base,tabindex:0)
2022-06-16 19:00:40,206 [INFO] PluginManage:292 - Check plugin power
2022-06-16 19:00:40,234 [INFO] PluginManage:342 - Loaded plugin power (category:power,tabindex:4)
2022-06-16 19:00:40,234 [INFO] PluginManage:292 - Check plugin projectmanager
2022-06-16 19:00:40,255 [INFO] PluginManage:342 - Loaded plugin projectmanager (category:projectmanager,tabindex:3)
2022-06-16 19:00:40,255 [INFO] PluginManage:292 - Check plugin thirdparty
2022-06-16 19:00:40,513 [INFO] PluginManage:342 - Loaded plugin thirdparty (category:base,tabindex:-1)
2022-06-16 19:00:40,513 [INFO] PluginManage:292 - Check plugin tools
2022-06-16 19:00:40,513 [WARN] IntegrityCheckThread:59 - waiting for thirdparty lock release [integrity check]
2022-06-16 19:00:40,514 [INFO] IntegrityCheckThread:61 - entering critical section [integrity check]
2022-06-16 19:00:40,514 [INFO] ThirdPartyUpdaterWithRetryManager:56 - Updater plugin not ready yet. [1/15]
2022-06-16 19:00:40,563 [INFO] PluginManage:342 - Loaded plugin tools (category:base,tabindex:7)
2022-06-16 19:00:40,563 [INFO] PluginManage:292 - Check plugin tutovideos
2022-06-16 19:00:40,886 [INFO] PluginManage:342 - Loaded plugin tutovideos (category:base,tabindex:-1)
2022-06-16 19:00:40,886 [INFO] PluginManage:292 - Check plugin updater
2022-06-16 19:00:40,908 [INFO] PluginManage:342 - Loaded plugin updater (category:base,tabindex:12)
2022-06-16 19:00:40,909 [INFO] PluginManage:265 - PluginManage : Loaded plugins [13]
2022-06-16 19:00:41,158 [INFO] PinOutPanel:1435 - setPackage(No Configuration,No Configuration)
2022-06-16 19:00:41,276 [INFO] IPUIPlugin:64 - create IPUIPlugin
2022-06-16 19:00:41,277 [INFO] PluginManager:203 - loadIPPluginJar : add adc
2022-06-16 19:00:41,310 [INFO] IPUIPlugin:64 - create IPUIPlugin
2022-06-16 19:00:41,310 [INFO] PluginManager:203 - loadIPPluginJar : add aes
2022-06-16 19:00:41,351 [INFO] IPUIPlugin:64 - create IPUIPlugin
2022-06-16 19:00:41,351 [INFO] PluginManager:203 - loadIPPluginJar : add can
2022-06-16 19:00:41,377 [INFO] IPUIPlugin:64 - create IPUIPlugin
2022-06-16 19:00:41,378 [INFO] PluginManager:203 - loadIPPluginJar : add comp
2022-06-16 19:00:41,412 [INFO] IPUIPlugin:64 - create IPUIPlugin
2022-06-16 19:00:41,412 [INFO] PluginManager:203 - loadIPPluginJar : add cryp
2022-06-16 19:00:41,446 [INFO] IPUIPlugin:64 - create IPUIPlugin
2022-06-16 19:00:41,446 [INFO] PluginManager:203 - loadIPPluginJar : add dfsdm
2022-06-16 19:00:41,463 [INFO] IPUIPlugin:64 - create IPUIPlugin
2022-06-16 19:00:41,464 [INFO] PluginManager:203 - loadIPPluginJar : add dma
2022-06-16 19:00:41,491 [INFO] IPUIPlugin:64 - create IPUIPlugin
2022-06-16 19:00:41,492 [INFO] PluginManager:203 - loadIPPluginJar : add fatfs
2022-06-16 19:00:41,546 [INFO] IPUIPlugin:64 - create IPUIPlugin
2022-06-16 19:00:41,546 [INFO] PluginManager:203 - loadIPPluginJar : add fmc
2022-06-16 19:00:41,566 [INFO] IPUIPlugin:64 - create IPUIPlugin
2022-06-16 19:00:41,566 [INFO] PluginManager:203 - loadIPPluginJar : add freertos
2022-06-16 19:00:41,593 [INFO] IPUIPlugin:64 - create IPUIPlugin
2022-06-16 19:00:41,593 [INFO] PluginManager:203 - loadIPPluginJar : add genericplugin
2022-06-16 19:00:41,669 [INFO] IPUIPlugin:64 - create IPUIPlugin
2022-06-16 19:00:41,669 [INFO] PluginManager:203 - loadIPPluginJar : add gfxmmu
2022-06-16 19:00:41,793 [INFO] IPUIPlugin:64 - create IPUIPlugin
2022-06-16 19:00:41,793 [INFO] PluginManager:203 - loadIPPluginJar : add gic
2022-06-16 19:00:41,809 [INFO] IPUIPlugin:64 - create IPUIPlugin
2022-06-16 19:00:41,810 [INFO] PluginManager:203 - loadIPPluginJar : add gpio
2022-06-16 19:00:41,876 [INFO] IPUIPlugin:64 - create IPUIPlugin
2022-06-16 19:00:41,876 [INFO] PluginManager:203 - loadIPPluginJar : add gtzc
2022-06-16 19:00:41,907 [INFO] IPUIPlugin:64 - create IPUIPlugin
2022-06-16 19:00:41,907 [INFO] PluginManager:203 - loadIPPluginJar : add hash
2022-06-16 19:00:41,954 [INFO] IPUIPlugin:64 - create IPUIPlugin
2022-06-16 19:00:41,955 [INFO] PluginManager:203 - loadIPPluginJar : add i2c
2022-06-16 19:00:41,993 [INFO] IPUIPlugin:64 - create IPUIPlugin
2022-06-16 19:00:41,994 [INFO] PluginManager:203 - loadIPPluginJar : add i2s
2022-06-16 19:00:42,007 [INFO] IPUIPlugin:64 - create IPUIPlugin
2022-06-16 19:00:42,008 [INFO] PluginManager:203 - loadIPPluginJar : add ipddr
2022-06-16 19:00:42,044 [INFO] IPUIPlugin:64 - create IPUIPlugin
2022-06-16 19:00:42,044 [INFO] PluginManager:203 - loadIPPluginJar : add lorawan
2022-06-16 19:00:42,084 [INFO] IPUIPlugin:64 - create IPUIPlugin
2022-06-16 19:00:42,084 [INFO] PluginManager:203 - loadIPPluginJar : add ltdc
2022-06-16 19:00:42,097 [INFO] IPUIPlugin:64 - create IPUIPlugin
2022-06-16 19:00:42,097 [INFO] PluginManager:203 - loadIPPluginJar : add mdma
2022-06-16 19:00:42,110 [INFO] IPUIPlugin:64 - create IPUIPlugin
2022-06-16 19:00:42,110 [INFO] PluginManager:203 - loadIPPluginJar : add nvic
2022-06-16 19:00:42,146 [INFO] IPUIPlugin:64 - create IPUIPlugin
2022-06-16 19:00:42,147 [INFO] PluginManager:203 - loadIPPluginJar : add opamp
2022-06-16 19:00:42,203 [INFO] IPUIPlugin:64 - create IPUIPlugin
2022-06-16 19:00:42,203 [INFO] PluginManager:203 - loadIPPluginJar : add openamp
2022-06-16 19:00:42,270 [INFO] IPUIPlugin:64 - create IPUIPlugin
2022-06-16 19:00:42,270 [INFO] PluginManager:203 - loadIPPluginJar : add pdm2pcm
2022-06-16 19:00:42,287 [INFO] IPUIPlugin:64 - create IPUIPlugin
2022-06-16 19:00:42,290 [INFO] PluginManager:203 - loadIPPluginJar : add plateformsettings
2022-06-16 19:00:42,316 [INFO] IPUIPlugin:64 - create IPUIPlugin
2022-06-16 19:00:42,316 [INFO] PluginManager:203 - loadIPPluginJar : add quadspi
2022-06-16 19:00:42,329 [INFO] IPUIPlugin:64 - create IPUIPlugin
2022-06-16 19:00:42,330 [INFO] PluginManager:203 - loadIPPluginJar : add resmgrutility
2022-06-16 19:00:42,379 [INFO] IPUIPlugin:64 - create IPUIPlugin
2022-06-16 19:00:42,379 [INFO] PluginManager:203 - loadIPPluginJar : add sai
2022-06-16 19:00:42,416 [INFO] IPUIPlugin:64 - create IPUIPlugin
2022-06-16 19:00:42,416 [INFO] PluginManager:203 - loadIPPluginJar : add spi
2022-06-16 19:00:42,468 [INFO] IPUIPlugin:64 - create IPUIPlugin
2022-06-16 19:00:42,469 [INFO] PluginManager:203 - loadIPPluginJar : add stm32_wpan
2022-06-16 19:00:42,494 [INFO] IPUIPlugin:64 - create IPUIPlugin
2022-06-16 19:00:42,494 [INFO] PluginManager:203 - loadIPPluginJar : add tim
2022-06-16 19:00:42,552 [INFO] IPUIPlugin:64 - create IPUIPlugin
2022-06-16 19:00:42,553 [INFO] PluginManager:203 - loadIPPluginJar : add touchsensing
2022-06-16 19:00:42,579 [INFO] IPUIPlugin:64 - create IPUIPlugin
2022-06-16 19:00:42,579 [INFO] PluginManager:203 - loadIPPluginJar : add tracer_emb
2022-06-16 19:00:42,607 [INFO] IPUIPlugin:64 - create IPUIPlugin
2022-06-16 19:00:42,607 [INFO] PluginManager:203 - loadIPPluginJar : add ts
2022-06-16 19:00:42,633 [INFO] IPUIPlugin:64 - create IPUIPlugin
2022-06-16 19:00:42,633 [INFO] PluginManager:203 - loadIPPluginJar : add tsc
2022-06-16 19:00:42,659 [INFO] IPUIPlugin:64 - create IPUIPlugin
2022-06-16 19:00:42,659 [INFO] PluginManager:203 - loadIPPluginJar : add ucpd
2022-06-16 19:00:42,706 [INFO] IPUIPlugin:64 - create IPUIPlugin
2022-06-16 19:00:42,706 [INFO] PluginManager:203 - loadIPPluginJar : add usart
2022-06-16 19:00:43,059 [FATAL] Updater:284 - Updater called before beeing initialized
2022-06-16 19:00:43,212 [FATAL] Updater:284 - Updater called before beeing initialized
2022-06-16 19:00:43,232 [INFO] DbMcusAds:132 - JSON generation date=Thu Feb 11 07:55:24 MST 2021 (1613055324029)
2022-06-16 19:00:43,233 [FATAL] Updater:284 - Updater called before beeing initialized
2022-06-16 19:00:43,284 [WARN] DetailPanel:315 - Failed to get advertising image, set to default
2022-06-16 19:00:43,491 [FATAL] Updater:284 - Updater called before beeing initialized
2022-06-16 19:00:43,493 [FATAL] Updater:284 - Updater called before beeing initialized
2022-06-16 19:00:43,494 [FATAL] Updater:284 - Updater called before beeing initialized
2022-06-16 19:00:43,494 [WARN] DetailPanel:315 - Failed to get advertising image, set to default
2022-06-16 19:00:43,495 [FATAL] Updater:284 - Updater called before beeing initialized
2022-06-16 19:00:43,523 [INFO] ThirdPartyUpdaterWithRetryManager:56 - Updater plugin not ready yet. [2/15]
2022-06-16 19:00:43,546 [FATAL] Updater:284 - Updater called before beeing initialized
2022-06-16 19:00:43,546 [WARN] ThirdParty:796 - waiting for thirdparty lock release [close project]
2022-06-16 19:00:46,529 [FATAL] Updater:284 - Updater called before beeing initialized
2022-06-16 19:00:46,529 [ERROR] AbstractThirdPartyUpdaterManager:153 - class java.lang.Integer cannot be cast to class java.util.List (java.lang.Integer and java.util.List are in module java.base of loader 'bootstrap')
2022-06-16 19:00:46,531 [INFO] ThirdParty:900 - Integrity check success = false
2022-06-16 19:00:46,531 [INFO] IntegrityCheckThread:75 - exiting critical section [integrity check]
2022-06-16 19:00:46,531 [INFO] IntegrityCheckThread:78 - End integrity checks thread
2022-06-16 19:00:46,531 [INFO] ThirdParty:798 - entering critical section [close project]
2022-06-16 19:00:46,536 [INFO] ThirdParty:809 - exiting critical section [close project]
2022-06-16 19:00:46,539 [INFO] PinOutPanel:1435 - setPackage(No Configuration,No Configuration)
2022-06-16 19:00:46,540 [FATAL] Updater:284 - Updater called before beeing initialized
2022-06-16 19:00:46,558 [INFO] Updater:1002 - Updater Version found : 6.2.0
2022-06-16 19:00:46,583 [INFO] ApplicationProperties:181 - Using Application install path: C:\ST\STM32CubeIDE_1.6.0\STM32CubeIDE\plugins\com.st.stm32cube.common.mx_6.2.0.202102191602
2022-06-16 19:00:47,152 [INFO] MainUpdater:2661 - connection check result : 10
2022-06-16 19:00:47,153 [INFO] MainUpdater:3349 - Updater definition file requires update
2022-06-16 19:00:47,157 [INFO] MainUpdater:255 - Updater Check For Update Now.
2022-06-16 19:00:47,157 [INFO] MicroXplorer:472 - Change Database Version : DB.6.0.20
2022-06-16 19:00:47,198 [INFO] ServerAccessManage:348 - Download File updaters.zip
2022-06-16 19:00:47,463 [INFO] FileExtend:225 - Unzip File : updaters.zip
2022-06-16 19:00:47,463 [INFO] FileExtend:240 - Standard Zip Deflate
2022-06-16 19:00:48,750 [INFO] ServerAccessManage:348 - Download File PacksControlFlags.xml
2022-06-16 19:00:49,510 [INFO] ServerAccessManage:348 - Download File cubemx.pidx
2022-06-16 19:00:49,606 [INFO] LoadServerUpdatesThread:329 - End of LoadServerUpdate Thread
2022-06-16 19:00:49,644 [INFO] CheckServerUpdateThread:102 - End of CheckServer Thread
2022-06-16 19:00:49,693 [INFO] MainUpdater:2661 - connection check result : 10
2022-06-16 19:00:50,189 [INFO] CrossSelectorPresenter:1330 - Cross Selector saved comparison directory: C:\Users\James Chen\.stmcufinder\plugins\mcufinder\mcu\cs_comparisons_mx
2022-06-16 19:00:50,195 [INFO] MultiScanPanel:200 - Auto-refresh data requested => check proxy status ongoing
2022-06-16 19:00:50,199 [INFO] FinderPluginLoader:87 - Searching for filters in installed packs
2022-06-16 19:00:50,201 [INFO] DbMcusXml:100 - Load MCU database from C:\ST\STM32CubeIDE_1.6.0\STM32CubeIDE\plugins\com.st.stm32cube.common.mx_6.2.0.202102191602\\db\/mcu/families.xml
2022-06-16 19:00:50,888 [INFO] DbMcusJson:94 - JSON generation date=Mon Feb 08 06:35:07 MST 2021 (1612791307)
2022-06-16 19:00:51,508 [INFO] DbMcus:175 - Found 1906 MCUs (1866 are supported by CubeMX, 1866 are visible in CubeMX)
2022-06-16 19:00:51,509 [INFO] ApiDb:251 - Load user favorites file C:\Users\James Chen/.stm32cubeide/favorites.mcus.txt: 0 item(s)
2022-06-16 19:00:51,509 [INFO] ApiDb:255 - User favorites MCUs=[]
2022-06-16 19:00:51,509 [INFO] DbMcus:187 - Set 0 / 0 favorites MCUs
2022-06-16 19:00:52,034 [WARN] DetailPanel:315 - Failed to get advertising image, set to default
2022-06-16 19:00:52,425 [INFO] DbBoardsPdsc:90 - Found 24 items
2022-06-16 19:00:52,433 [INFO] DbBoardsPdsc:90 - Found 9 items
2022-06-16 19:00:52,447 [INFO] DbBoardsPdsc:90 - Found 33 items
2022-06-16 19:00:52,454 [INFO] DbBoardsPdsc:90 - Found 1 items
2022-06-16 19:00:52,467 [INFO] DbBoardsPdsc:90 - Found 46 items
2022-06-16 19:00:52,483 [INFO] DbBoardsPdsc:90 - Found 41 items
2022-06-16 19:00:52,492 [INFO] DbBoardsPdsc:90 - Found 2 items
2022-06-16 19:00:52,501 [INFO] DbBoardsPdsc:90 - Found 5 items
2022-06-16 19:00:52,504 [WARN] DbBoardsPdsc:254 - Board NUCLEO-WB15CC: unknown feature type=, name=, username=Three user LEDs, n=1
2022-06-16 19:00:52,504 [WARN] DbBoardsPdsc:254 - Board NUCLEO-WB15CC: unknown feature type=, name=, username=One reset and three user push-buttons, n=1
2022-06-16 19:00:52,504 [WARN] DbBoardsPdsc:254 - Board NUCLEO-WB15CC: unknown feature type=, name=, username=Arduino Uno V3 expansion connector, n=1
2022-06-16 19:00:52,504 [WARN] DbBoardsPdsc:254 - Board NUCLEO-WB15CC: unknown feature type=, name=, username=ST morpho extension pin headers for full access to all STM32WB I/Os, n=1
2022-06-16 19:00:52,505 [WARN] DbBoardsPdsc:254 - Board NUCLEO-WB15CC: unknown feature type=, name=, username=Integrated PCB antenna and SMA connector footprint, n=1
2022-06-16 19:00:52,505 [WARN] DbBoardsPdsc:254 - Board NUCLEO-WB15CC: unknown feature type=, name=, username=Flexible power-supply options: ST-LINK, USB VBUS, or external sources, n=1
2022-06-16 19:00:52,505 [WARN] DbBoardsPdsc:254 - Board NUCLEO-WB15CC: unknown feature type=, name=, username=On-board footprint to mount a CR2032 battery socket, n=1
2022-06-16 19:00:52,505 [WARN] DbBoardsPdsc:254 - Board NUCLEO-WB15CC: unknown feature type=, name=, username=On-board ST-LINK/V2-1 debugger/programmer with USB re-enumeration capability: mass storage, Virtual COM port, and debug port, n=1
2022-06-16 19:00:52,505 [WARN] DbBoardsPdsc:254 - Board NUCLEO-WB15CC: unknown feature type=, name=, username=Comprehensive free software libraries and examples available with the STM32CubeWB MCU Package, n=1
2022-06-16 19:00:52,505 [WARN] DbBoardsPdsc:254 - Board NUCLEO-WB15CC: unknown feature type=, name=, username=Support of a wide choice of Integrated Development Environments (IDEs) including IAR Embedded Workbench, MDK-ARM, STM32CubeIDE, and Mbed Studio, n=1
2022-06-16 19:00:52,507 [WARN] DbBoardsPdsc:254 - Board STM32H7B3I-DK: unknown feature type=Audio, name=, username=Audio stereo codec with Headphone Amp (CS42L51-CNZ), n=1
2022-06-16 19:00:52,528 [WARN] DbBoardsPdsc:254 - Board STM32H735G-DK: unknown feature type=Audio, name=, username=Audio stereo codec with Headphone Amp (WM8994ECS/R), n=1
2022-06-16 19:00:52,528 [WARN] DbBoardsPdsc:254 - Board STM32WB5MM-DK: unknown feature type=, name=, username=Time-of-Flight and gesture-detection sensor, n=1
2022-06-16 19:00:52,528 [WARN] DbBoardsPdsc:254 - Board STM32WB5MM-DK: unknown feature type=, name=, username=3 push-buttons (2 users and 1 reset) and 1 touch key button, n=1
2022-06-16 19:00:52,528 [WARN] DbBoardsPdsc:254 - Board STM32WB5MM-DK: unknown feature type=, name=, username=Flexible power-supply options: ST-LINK/V2-1 USB connector, 5 V delivered by ARDUINO® or external connector, USB charger, or USB power, n=1
2022-06-16 19:00:52,528 [WARN] DbBoardsPdsc:254 - Board STM32WB5MM-DK: unknown feature type=, name=, username=On-board ST-LINK/V2-1 debugger/programmer with USB re-enumeration capability: Virtual COM port and debug port, n=1
2022-06-16 19:00:52,528 [WARN] DbBoardsPdsc:254 - Board STM32WB5MM-DK: unknown feature type=, name=, username=Comprehensive free software libraries and examples available with the STM32CubeWB MCU Package, n=1
2022-06-16 19:00:52,528 [WARN] DbBoardsPdsc:254 - Board STM32WB5MM-DK: unknown feature type=, name=, username=Support of a wide choice of Integrated Development Environments (IDEs) including IAR Embedded Workbench®, MDK-ARM, and STM32CubeIDE, n=1
2022-06-16 19:00:52,529 [WARN] DbBoardsPdsc:254 - Board STM32H7B3I-EVAL: unknown feature type=Audio, name=, username=Multi-Channel Audio Codec (CS42L51-CNZ), n=1
2022-06-16 19:00:52,529 [WARN] DbBoardsPdsc:254 - Board STM32H7B3I-EVAL: unknown feature type=Meter, name=, username=Power-metering and Temperature-monitoring with sigma-delta modulators, n=1
2022-06-16 19:00:52,529 [WARN] DbBoardsPdsc:254 - Board STM32H7B3I-EVAL: unknown feature type=Motor, name=, username=Motor Control, n=1
2022-06-16 19:00:52,554 [INFO] DbBoardsJson:87 - JSON generation date=Thu Feb 04 09:53:45 MST 2021 (1612457625)
2022-06-16 19:00:52,559 [INFO] DbBoards:117 - Found 161 boards (158 are supported by CubeMX)
2022-06-16 19:00:52,582 [INFO] DbBoardsDocs:143 - JSON generation date=Mon Feb 08 06:35:07 MST 2021 (1612791307)
2022-06-16 19:00:52,601 [INFO] DbBoardsDocs:79 - Found 193 boards documents
2022-06-16 19:00:52,601 [WARN] DbBoards:127 - board B-L462E-CELL1 has no document id list !
2022-06-16 19:00:52,601 [WARN] DbBoards:127 - board B-L475E-IOT01A2 has no document id list !
2022-06-16 19:00:52,602 [WARN] DbBoards:127 - board NUCLEO-G0B1RE has no document id list !
2022-06-16 19:00:52,602 [WARN] DbBoards:127 - board NUCLEO-H743ZI2 has no document id list !
2022-06-16 19:00:52,602 [WARN] DbBoards:127 - board NUCLEO-L4A6ZG has no document id list !
2022-06-16 19:00:52,602 [WARN] DbBoards:127 - board NUCLEO-WB15CC has no document id list !
2022-06-16 19:00:52,603 [WARN] DbBoards:127 - board NUCLEO-WB55RG has no document id list !
2022-06-16 19:00:52,603 [WARN] DbBoards:127 - board NUCLEO-WL55JC2 has no document id list !
2022-06-16 19:00:52,603 [WARN] DbBoards:127 - board P-NUCLEO-WB55-Nucleo has no document id list !
2022-06-16 19:00:52,603 [WARN] DbBoards:127 - board P-NUCLEO-WB55-USBDongle has no document id list !
2022-06-16 19:00:52,603 [WARN] DbBoards:127 - board STEVAL-BFA001V1B has no document id list !
2022-06-16 19:00:52,603 [WARN] DbBoards:127 - board STEVAL-BFA001V2B has no document id list !
2022-06-16 19:00:52,603 [WARN] DbBoards:127 - board STEVAL-IDP005V1 has no document id list !
2022-06-16 19:00:52,603 [WARN] DbBoards:127 - board STEVAL-IDP005V2 has no document id list !
2022-06-16 19:00:52,603 [WARN] DbBoards:127 - board STEVAL-MKSBOX1V1 has no document id list !
2022-06-16 19:00:52,603 [WARN] DbBoards:127 - board STEVAL-STWINKT1 has no document id list !
2022-06-16 19:00:52,603 [WARN] DbBoards:127 - board STEVAL-STWINKT1B has no document id list !
2022-06-16 19:00:52,604 [WARN] DbBoards:127 - board STM32F401C-DISCO has no document id list !
2022-06-16 19:00:52,604 [WARN] DbBoards:127 - board STM32F769I-DISC1 has no document id list !
2022-06-16 19:00:52,604 [WARN] DbBoards:127 - board STM32G0C1E-EV has no document id list !
2022-06-16 19:00:52,604 [WARN] DbBoards:127 - board STM32G474E-EVAL1 has no document id list !
2022-06-16 19:00:52,605 [WARN] DbBoards:127 - board STM32H743I-EVAL2 has no document id list !
2022-06-16 19:00:52,605 [WARN] DbBoards:127 - board STM32H747I-DISC1 has no document id list !
2022-06-16 19:00:52,605 [WARN] DbBoards:127 - board STM32H753I-EVAL2 has no document id list !
2022-06-16 19:00:52,605 [WARN] DbBoards:127 - board STM32L-DISCOVERY has no document id list !
2022-06-16 19:00:52,605 [WARN] DbBoards:127 - board STM32MP157A-DK1 has no document id list !
2022-06-16 19:00:52,605 [WARN] DbBoards:127 - board STM32MP157F-DK2 has no document id list !
2022-06-16 19:00:52,606 [WARN] DbBoards:127 - board STM32MP157F-EV1 has no document id list !
2022-06-16 19:00:52,606 [WARN] DbBoards:127 - board STM32WB5MM-DK has no document id list !
2022-06-16 19:00:54,308 [INFO] ApiDb:251 - Load user favorites file C:\Users\James Chen/.stm32cubeide/favorites.boards.txt: 0 item(s)
2022-06-16 19:00:54,308 [INFO] ApiDb:255 - User favorites Boards=[]
2022-06-16 19:00:54,308 [INFO] DbBoards:206 - Set 0 / 0 favorites Boards
2022-06-16 19:01:20,738 [INFO] DbMcusDocs:143 - JSON generation date=Mon Feb 08 06:35:07 MST 2021 (1612791307)
2022-06-16 19:01:21,085 [INFO] DbMcusDocs:79 - Found 617 MCUs documents
2022-06-16 19:01:42,348 [INFO] MainUpdater:2661 - connection check result : 10
2022-06-16 19:01:42,349 [INFO] MainUpdater:2661 - connection check result : 10
2022-06-16 19:01:42,397 [INFO] MicroXplorer:442 - Change Database Path : 
2022-06-16 19:01:42,397 [INFO] MicroXplorer:472 - Change Database Version : DB.6.0.20
2022-06-16 19:01:42,397 [WARN] ThirdParty:796 - waiting for thirdparty lock release [close project]
2022-06-16 19:01:42,397 [INFO] ThirdParty:798 - entering critical section [close project]
2022-06-16 19:01:42,398 [INFO] ThirdParty:809 - exiting critical section [close project]
2022-06-16 19:01:42,402 [INFO] PinOutPanel:1435 - setPackage(No Configuration,No Configuration)
2022-06-16 19:01:42,403 [INFO] UtilMem:74 - Begin LoadConfig() Used Memory: 714158528 Bytes (924844032)
2022-06-16 19:01:42,405 [INFO] MicroXplorer:442 - Change Database Path : 
2022-06-16 19:01:42,405 [INFO] MicroXplorer:472 - Change Database Version : DB.6.0.20
2022-06-16 19:01:42,405 [INFO] OpenFileManager:303 - Change cursor
2022-06-16 19:01:42,417 [WARN] IntegrityCheckThread:59 - waiting for thirdparty lock release [integrity check]
2022-06-16 19:01:42,417 [INFO] IntegrityCheckThread:61 - entering critical section [integrity check]
2022-06-16 19:01:42,525 [WARN] PackLoader:226 - Cannot read IP mode file for wolfSSL.I-CUBE-wolfSSL.5.2.0
2022-06-16 19:01:42,638 [WARN] PackLoader:226 - Cannot read IP mode file for STMicroelectronics.X-CUBE-MEMS1.9.2.0
2022-06-16 19:01:42,849 [WARN] PackLoader:226 - Cannot read IP mode file for STMicroelectronics.X-CUBE-AI.7.1.0
2022-06-16 19:01:42,860 [WARN] PackLoader:226 - Cannot read IP mode file for STMicroelectronics.X-CUBE-TOUCHGFX.4.19.1
2022-06-16 19:01:42,870 [WARN] PackLoader:226 - Cannot read IP mode file for STMicroelectronics.X-CUBE-BLE1.6.2.3
2022-06-16 19:01:42,881 [WARN] PackLoader:226 - Cannot read IP mode file for STMicroelectronics.X-CUBE-NFC4.2.0.4
2022-06-16 19:01:42,892 [WARN] PackLoader:226 - Cannot read IP mode file for STMicroelectronics.X-CUBE-BLE2.3.2.2
2022-06-16 19:01:42,905 [WARN] PackLoader:226 - Cannot read IP mode file for STMicroelectronics.X-CUBE-SFXS2LP1.3.1.0
2022-06-16 19:01:42,954 [WARN] PackLoader:226 - Cannot read IP mode file for STMicroelectronics.X-CUBE-AZRTOS-F4.1.0.0
2022-06-16 19:01:42,966 [WARN] PackLoader:226 - Cannot read IP mode file for STMicroelectronics.X-CUBE-NFC7.1.0.0
2022-06-16 19:01:42,996 [WARN] PackLoader:226 - Cannot read IP mode file for STMicroelectronics.X-CUBE-AZRTOS-G0.1.0.0
2022-06-16 19:01:43,013 [WARN] PackLoader:226 - Cannot read IP mode file for STMicroelectronics.X-CUBE-DISPLAY.2.2.0
2022-06-16 19:01:43,027 [WARN] PackLoader:226 - Cannot read IP mode file for RoweBots.I-CUBE-UNISONRTOS.5.5.0-4
2022-06-16 19:01:43,058 [WARN] PackLoader:226 - Cannot read IP mode file for STMicroelectronics.X-CUBE-AZRTOS-H7.2.1.0
2022-06-16 19:01:43,072 [WARN] PackLoader:226 - Cannot read IP mode file for STMicroelectronics.X-CUBE-ALGOBUILD.1.3.0
2022-06-16 19:01:43,100 [WARN] PackLoader:226 - Cannot read IP mode file for STMicroelectronics.X-CUBE-SUBG2.5.0.0
2022-06-16 19:01:43,145 [WARN] PackLoader:226 - Cannot read IP mode file for SEGGER.I-CUBE-embOS.1.2.0
2022-06-16 19:01:43,182 [WARN] PackLoader:226 - Cannot read IP mode file for STMicroelectronics.X-CUBE-DISPLAY.2.1.0
2022-06-16 19:01:43,208 [WARN] PackLoader:226 - Cannot read IP mode file for STMicroelectronics.X-CUBE-AZRTOS-G4.1.0.0
2022-06-16 19:01:43,238 [WARN] PackLoader:226 - Cannot read IP mode file for STMicroelectronics.X-CUBE-AZRTOS-L4.1.0.0
2022-06-16 19:01:43,261 [WARN] PackLoader:226 - Cannot read IP mode file for emotas.I-CUBE-CANOPEN.1.1.2
2022-06-16 19:01:43,291 [WARN] PackLoader:226 - Cannot read IP mode file for STMicroelectronics.X-CUBE-AZRTOS-F7.1.0.0
2022-06-16 19:01:43,313 [WARN] PackLoader:226 - Cannot read IP mode file for STMicroelectronics.X-CUBE-AZRTOS-WL.1.0.0
2022-06-16 19:01:43,324 [WARN] PackLoader:226 - Cannot read IP mode file for portGmbH.I-Cube-SoM-uGOAL.1.1.0
2022-06-16 19:01:43,334 [WARN] PackLoader:226 - Cannot read IP mode file for STMicroelectronics.X-CUBE-ALS.1.0.1
2022-06-16 19:01:43,360 [WARN] PackLoader:226 - Cannot read IP mode file for STMicroelectronics.X-CUBE-AZRTOS-L5.1.0.0
2022-06-16 19:01:43,371 [WARN] PackLoader:226 - Cannot read IP mode file for STMicroelectronics.X-CUBE-EEPRMA1.3.1.1
2022-06-16 19:01:43,382 [WARN] PackLoader:226 - Cannot read IP mode file for STMicroelectronics.X-CUBE-GNSS1.5.2.0
2022-06-16 19:01:43,405 [WARN] PackLoader:226 - Cannot read IP mode file for STMicroelectronics.X-CUBE-TOF1.3.0.0
2022-06-16 19:01:43,408 [INFO] ThirdParty:900 - Integrity check success = true
2022-06-16 19:01:43,408 [INFO] IntegrityCheckThread:75 - exiting critical section [integrity check]
2022-06-16 19:01:43,408 [INFO] IntegrityCheckThread:78 - End integrity checks thread
2022-06-16 19:01:46,774 [INFO] Context:587 - Trying to add GPIOservice into a context  which must be forbidden
2022-06-16 19:01:47,417 [INFO] ImportTextPane:162 - (OptionalMessage_ERROR) Unable to find key (Mcu.ThirdPartyNb) in loaded IOC file
2022-06-16 19:01:47,417 [INFO] ImportTextPane:162 - (OptionalMessage_ERROR) Unable to find key (Mcu.PinsNb) in loaded IOC file
2022-06-16 19:01:47,417 [INFO] ImportTextPane:162 - (OptionalMessage_ERROR) Unable to find key (Mcu.IPNb) in loaded IOC file
2022-06-16 19:01:47,492 [WARN] ApiManager:294 - Cannot register API 'Board Extension:S2868A1' from pack STMicroelectronics.X-CUBE-SFXS2LP1.3.1.0: no header file found
2022-06-16 19:01:47,492 [WARN] ApiManager:294 - Cannot register API 'Board Extension:S2868A2' from pack STMicroelectronics.X-CUBE-SFXS2LP1.3.1.0: no header file found
2022-06-16 19:01:47,492 [WARN] ApiManager:294 - Cannot register API 'Board Extension:S2915A1' from pack STMicroelectronics.X-CUBE-SFXS2LP1.3.1.0: no header file found
2022-06-16 19:01:47,512 [WARN] ModelIntegratedComponent:51 - No mode defined for component null
2022-06-16 19:01:47,513 [WARN] ModelIntegratedComponent:51 - No mode defined for component null
2022-06-16 19:01:47,513 [WARN] ModelIntegratedComponent:51 - No mode defined for component null
2022-06-16 19:01:47,513 [WARN] ModelIntegratedComponent:51 - No mode defined for component null
2022-06-16 19:01:47,513 [WARN] ModelIntegratedComponent:51 - No mode defined for component null
2022-06-16 19:01:47,513 [WARN] ModelIntegratedComponent:51 - No mode defined for component null
2022-06-16 19:01:47,513 [WARN] ModelIntegratedComponent:51 - No mode defined for component null
2022-06-16 19:01:47,513 [WARN] ModelIntegratedComponent:51 - No mode defined for component null
2022-06-16 19:01:47,513 [WARN] ModelIntegratedComponent:51 - No mode defined for component null
2022-06-16 19:01:47,513 [WARN] ModelIntegratedComponent:51 - No mode defined for component null
2022-06-16 19:01:47,514 [WARN] ModelIntegratedComponent:51 - No mode defined for component null
2022-06-16 19:01:47,514 [WARN] ModelIntegratedComponent:51 - No mode defined for component null
2022-06-16 19:01:47,514 [WARN] ModelIntegratedComponent:51 - No mode defined for component null
2022-06-16 19:01:47,514 [WARN] ModelIntegratedComponent:51 - No mode defined for component null
2022-06-16 19:01:47,514 [WARN] ModelIntegratedComponent:51 - No mode defined for component null
2022-06-16 19:01:47,514 [WARN] ModelIntegratedComponent:51 - No mode defined for component null
2022-06-16 19:01:47,514 [WARN] ModelIntegratedComponent:51 - No mode defined for component null
2022-06-16 19:01:47,514 [WARN] ModelIntegratedComponent:51 - No mode defined for component null
2022-06-16 19:01:47,514 [WARN] ModelIntegratedComponent:51 - No mode defined for component null
2022-06-16 19:01:47,515 [WARN] ModelIntegratedComponent:51 - No mode defined for component null
2022-06-16 19:01:47,515 [WARN] ModelIntegratedComponent:51 - No mode defined for component null
2022-06-16 19:01:47,515 [WARN] ModelIntegratedComponent:51 - No mode defined for component null
2022-06-16 19:01:47,515 [WARN] ModelIntegratedComponent:51 - No mode defined for component null
2022-06-16 19:01:47,515 [WARN] ModelIntegratedComponent:51 - No mode defined for component null
2022-06-16 19:01:47,515 [WARN] ModelIntegratedComponent:51 - No mode defined for component null
2022-06-16 19:01:47,515 [WARN] ModelIntegratedComponent:51 - No mode defined for component null
2022-06-16 19:01:47,515 [WARN] ModelIntegratedComponent:51 - No mode defined for component null
2022-06-16 19:01:47,518 [WARN] ApiManager:294 - Cannot register API 'Board Extension:NFC07A1' from pack STMicroelectronics.X-CUBE-NFC7.1.0.0: no header file found
2022-06-16 19:01:47,713 [WARN] ApiManager:294 - Cannot register API 'Board Extension:IKS01A3' from pack STMicroelectronics.X-CUBE-MEMS1.9.2.0: no header file found
2022-06-16 19:01:47,714 [WARN] ApiManager:294 - Cannot register API 'Board Extension:IKS01A2' from pack STMicroelectronics.X-CUBE-MEMS1.9.2.0: no header file found
2022-06-16 19:01:47,714 [WARN] ApiManager:294 - Cannot register API 'Board Extension:IKS02A1' from pack STMicroelectronics.X-CUBE-MEMS1.9.2.0: no header file found
2022-06-16 19:01:47,725 [WARN] ApiManager:294 - Cannot register API 'Wireless:BlueNRG-MS' from pack STMicroelectronics.X-CUBE-BLE1.6.2.3: no header file found
2022-06-16 19:01:47,728 [INFO] RtosManager:470 - Registered RTOS mode: class=CMSIS, group=RTOS, mode=CMSIS_V1, owner=FREERTOS
2022-06-16 19:01:47,728 [INFO] RtosManager:470 - Registered RTOS mode: class=CMSIS, group=RTOS2, mode=CMSIS_V2, owner=FREERTOS
2022-06-16 19:01:47,728 [INFO] RtosManager:470 - Registered RTOS mode: class=RTOS, group=Core, mode=CMSIS_V1, owner=FREERTOS
2022-06-16 19:01:47,728 [INFO] RtosManager:470 - Registered RTOS mode: class=RTOS, group=Core, mode=CMSIS_V2, owner=FREERTOS
2022-06-16 19:01:47,728 [WARN] ModelIntegratedComponent:182 - Missing modes for component STMicroelectronics:FreeRTOS:0.0.1:STMicroelectronics:RTOS:FreeRTOS:Core:::10.2.0:
2022-06-16 19:01:47,731 [WARN] ApiManager:294 - Cannot register API 'Board Extension:S2868A1' from pack STMicroelectronics.X-CUBE-SUBG2.5.0.0: no header file found
2022-06-16 19:01:47,731 [WARN] ApiManager:294 - Cannot register API 'Board Extension:S2868A2' from pack STMicroelectronics.X-CUBE-SUBG2.5.0.0: no header file found
2022-06-16 19:01:47,731 [WARN] ApiManager:294 - Cannot register API 'Board Extension:S2915A1' from pack STMicroelectronics.X-CUBE-SUBG2.5.0.0: no header file found
2022-06-16 19:01:47,742 [WARN] ApiManager:294 - Cannot register API 'Board Extension:EEPRMA1' from pack STMicroelectronics.X-CUBE-EEPRMA1.3.1.1: no header file found
2022-06-16 19:01:47,743 [WARN] ApiManager:294 - Cannot register API 'Board Extension:EEPRMA2' from pack STMicroelectronics.X-CUBE-EEPRMA1.3.1.1: no header file found
2022-06-16 19:01:47,744 [WARN] ApiManager:294 - Cannot register API 'Board Extension:GNSS1A1' from pack STMicroelectronics.X-CUBE-GNSS1.5.2.0: no header file found
2022-06-16 19:01:47,744 [WARN] ApiManager:294 - Cannot register API 'Board Support:Custom' from pack STMicroelectronics.X-CUBE-GNSS1.5.2.0: no header file found
2022-06-16 19:01:47,744 [WARN] ApiManager:294 - Cannot register API 'Data Exchange:lib_gnss' from pack STMicroelectronics.X-CUBE-GNSS1.5.2.0: no header file found
2022-06-16 19:01:47,745 [WARN] ApiManager:294 - Cannot register API 'Board Extension:NFC04A1' from pack STMicroelectronics.X-CUBE-NFC4.2.0.4: no header file found
2022-06-16 19:01:47,746 [WARN] ApiManager:294 - Cannot register API 'Wireless:BlueNRG-2' from pack STMicroelectronics.X-CUBE-BLE2.3.2.2: no header file found
2022-06-16 19:01:49,405 [INFO] UtilMem:74 - End LoadConfig() Used Memory: 805069632 Bytes (924844032)
2022-06-16 19:01:49,414 [WARN] ThirdParty:762 - waiting for thirdparty lock release [change project]
2022-06-16 19:01:49,415 [INFO] ThirdParty:764 - entering critical section [change project]
2022-06-16 19:01:49,415 [INFO] ThirdParty:952 - CMSIS Pack Vendor :STMicroelectronics X-CUBE-SFXS2LP1 3.1.0
2022-06-16 19:01:49,415 [INFO] ThirdParty:952 - CMSIS Pack Vendor :wolfSSL I-CUBE-wolfSSL 5.2.0
2022-06-16 19:01:49,415 [INFO] ThirdParty:952 - CMSIS Pack Vendor :RoweBots I-CUBE-UNISONRTOS 5.5.0-4
2022-06-16 19:01:49,415 [INFO] ThirdParty:952 - CMSIS Pack Vendor :STMicroelectronics X-CUBE-AZRTOS-F4 1.0.0
2022-06-16 19:01:49,415 [INFO] ThirdParty:952 - CMSIS Pack Vendor :STMicroelectronics X-CUBE-AZRTOS-H7 2.1.0
2022-06-16 19:01:49,415 [INFO] ThirdParty:952 - CMSIS Pack Vendor :STMicroelectronics USB_HOST 2.0.0
2022-06-16 19:01:49,415 [INFO] ThirdParty:952 - CMSIS Pack Vendor :STMicroelectronics X-CUBE-AZRTOS-G4 1.0.0
2022-06-16 19:01:49,415 [INFO] ThirdParty:952 - CMSIS Pack Vendor :STMicroelectronics X-CUBE-AZRTOS-L4 1.0.0
2022-06-16 19:01:49,415 [INFO] ThirdParty:952 - CMSIS Pack Vendor :STMicroelectronics USB_DEVICE 3.0.0
2022-06-16 19:01:49,415 [INFO] ThirdParty:952 - CMSIS Pack Vendor :STMicroelectronics HAL Drivers 0.0.0
2022-06-16 19:01:49,415 [INFO] ThirdParty:952 - CMSIS Pack Vendor :STMicroelectronics MBEDTLS 2.16.2
2022-06-16 19:01:49,416 [INFO] ThirdParty:952 - CMSIS Pack Vendor :emotas I-CUBE-CANOPEN 1.1.2
2022-06-16 19:01:49,416 [INFO] ThirdParty:952 - CMSIS Pack Vendor :STMicroelectronics MBEDTLS 2.14.1
2022-06-16 19:01:49,416 [INFO] ThirdParty:952 - CMSIS Pack Vendor :STMicroelectronics X-CUBE-NFC7 1.0.0
2022-06-16 19:01:49,416 [INFO] ThirdParty:952 - CMSIS Pack Vendor :STMicroelectronics X-CUBE-AZRTOS-F7 1.0.0
2022-06-16 19:01:49,416 [INFO] ThirdParty:952 - CMSIS Pack Vendor :STMicroelectronics X-CUBE-MEMS1 9.2.0
2022-06-16 19:01:49,416 [INFO] ThirdParty:952 - CMSIS Pack Vendor :STMicroelectronics X-CUBE-AZRTOS-WL 1.0.0
2022-06-16 19:01:49,416 [INFO] ThirdParty:952 - CMSIS Pack Vendor :portGmbH I-Cube-SoM-uGOAL 1.1.0
2022-06-16 19:01:49,416 [INFO] ThirdParty:952 - CMSIS Pack Vendor :STMicroelectronics X-CUBE-ALS 1.0.1
2022-06-16 19:01:49,416 [INFO] ThirdParty:952 - CMSIS Pack Vendor :STMicroelectronics USB_DEVICE 2.0.0
2022-06-16 19:01:49,416 [INFO] ThirdParty:952 - CMSIS Pack Vendor :STMicroelectronics X-CUBE-AI 7.1.0
2022-06-16 19:01:49,416 [INFO] ThirdParty:952 - CMSIS Pack Vendor :STMicroelectronics X-CUBE-TOUCHGFX 4.19.1
2022-06-16 19:01:49,416 [INFO] ThirdParty:952 - CMSIS Pack Vendor :STMicroelectronics X-CUBE-BLE1 6.2.3
2022-06-16 19:01:49,416 [INFO] ThirdParty:952 - CMSIS Pack Vendor :STMicroelectronics X-CUBE-ALGOBUILD 1.3.0
2022-06-16 19:01:49,417 [INFO] ThirdParty:952 - CMSIS Pack Vendor :STMicroelectronics X-CUBE-AZRTOS-L5 1.0.0
2022-06-16 19:01:49,417 [INFO] ThirdParty:952 - CMSIS Pack Vendor :STMicroelectronics FreeRTOS 0.0.1
2022-06-16 19:01:49,417 [INFO] ThirdParty:952 - CMSIS Pack Vendor :STMicroelectronics USB_DEVICE 1.0.0
2022-06-16 19:01:49,417 [INFO] ThirdParty:952 - CMSIS Pack Vendor :STMicroelectronics X-CUBE-SUBG2 5.0.0
2022-06-16 19:01:49,417 [INFO] ThirdParty:952 - CMSIS Pack Vendor :SEGGER I-CUBE-embOS 1.2.0
2022-06-16 19:01:49,417 [INFO] ThirdParty:952 - CMSIS Pack Vendor :STMicroelectronics X-CUBE-AZRTOS-G0 1.0.0
2022-06-16 19:01:49,417 [INFO] ThirdParty:952 - CMSIS Pack Vendor :STMicroelectronics X-CUBE-EEPRMA1 3.1.1
2022-06-16 19:01:49,417 [INFO] ThirdParty:952 - CMSIS Pack Vendor :STMicroelectronics X-CUBE-GNSS1 5.2.0
2022-06-16 19:01:49,417 [INFO] ThirdParty:952 - CMSIS Pack Vendor :STMicroelectronics lwIP 2.0.3
2022-06-16 19:01:49,417 [INFO] ThirdParty:952 - CMSIS Pack Vendor :STMicroelectronics lwIP 2.1.2
2022-06-16 19:01:49,417 [INFO] ThirdParty:952 - CMSIS Pack Vendor :STMicroelectronics X-CUBE-NFC4 2.0.4
2022-06-16 19:01:49,417 [INFO] ThirdParty:952 - CMSIS Pack Vendor :STMicroelectronics X-CUBE-BLE2 3.2.2
2022-06-16 19:01:49,417 [INFO] ThirdParty:952 - CMSIS Pack Vendor :STMicroelectronics USB_HOST 1.0.0
2022-06-16 19:01:49,418 [INFO] ThirdParty:952 - CMSIS Pack Vendor :STMicroelectronics X-CUBE-DISPLAY 2.1.0
2022-06-16 19:01:49,418 [INFO] ThirdParty:952 - CMSIS Pack Vendor :STMicroelectronics X-CUBE-DISPLAY 2.2.0
2022-06-16 19:01:49,418 [INFO] ThirdParty:952 - CMSIS Pack Vendor :STMicroelectronics PDM2PCM 3.1.0
2022-06-16 19:01:49,418 [INFO] ThirdParty:952 - CMSIS Pack Vendor :STMicroelectronics PDM2PCM 3.2.0
2022-06-16 19:01:49,418 [INFO] ThirdParty:952 - CMSIS Pack Vendor :STMicroelectronics X-CUBE-TOF1 3.0.0
2022-06-16 19:01:49,418 [INFO] ThirdParty:952 - CMSIS Pack Vendor :STMicroelectronics PDM2PCM 3.3.0
2022-06-16 19:01:49,418 [INFO] ThirdParty:770 - exiting critical section [change project]
2022-06-16 19:01:49,971 [INFO] PinOutPanel:1435 - setPackage(No Configuration,No Configuration)
2022-06-16 19:01:49,973 [INFO] PinOutPanel:1435 - setPackage(STM32L4R5ZITxP,LQFP144)
2022-06-16 19:01:50,575 [INFO] UtilMem:74 - Before build in PCC Used Memory: 742403776 Bytes (924844032)
2022-06-16 19:01:51,142 [INFO] SharedServices:72 - Folder for power plug-in: C:/Users/James Chen/.stm32cubemx/plugins/power
2022-06-16 19:01:51,217 [INFO] SharedServices:72 - Folder for power plug-in: C:/Users/James Chen/.stm32cubemx/plugins/power
2022-06-16 19:01:51,343 [INFO] SharedServices:72 - Folder for power plug-in: C:/Users/James Chen/.stm32cubemx/plugins/power
2022-06-16 19:01:51,355 [INFO] SharedServices:72 - Folder for power plug-in: C:/Users/James Chen/.stm32cubemx/plugins/power
2022-06-16 19:01:51,574 [INFO] UtilMem:74 - After build in PCC Used Memory: 720759008 Bytes (924844032)
2022-06-16 19:01:51,596 [INFO] IPUIPlugin:64 - create IPUIPlugin
2022-06-16 19:01:51,596 [INFO] IPUIPlugin:64 - create IPUIPlugin
2022-06-16 19:01:51,597 [INFO] IPUIPlugin:64 - create IPUIPlugin
2022-06-16 19:01:51,597 [INFO] IPUIPlugin:64 - create IPUIPlugin
2022-06-16 19:01:51,597 [INFO] IPUIPlugin:64 - create IPUIPlugin
2022-06-16 19:01:51,597 [INFO] IPUIPlugin:64 - create IPUIPlugin
2022-06-16 19:01:51,598 [INFO] IPUIPlugin:64 - create IPUIPlugin
2022-06-16 19:01:51,598 [INFO] IPUIPlugin:64 - create IPUIPlugin
2022-06-16 19:01:51,598 [INFO] IPUIPlugin:64 - create IPUIPlugin
2022-06-16 19:01:51,598 [INFO] IPUIPlugin:64 - create IPUIPlugin
2022-06-16 19:01:51,598 [INFO] IPUIPlugin:64 - create IPUIPlugin
2022-06-16 19:01:51,598 [INFO] IPUIPlugin:64 - create IPUIPlugin
2022-06-16 19:01:51,598 [INFO] IPUIPlugin:64 - create IPUIPlugin
2022-06-16 19:01:51,599 [INFO] IPUIPlugin:64 - create IPUIPlugin
2022-06-16 19:01:51,599 [INFO] IPUIPlugin:64 - create IPUIPlugin
2022-06-16 19:01:51,599 [INFO] IPUIPlugin:64 - create IPUIPlugin
2022-06-16 19:01:51,599 [INFO] IPUIPlugin:64 - create IPUIPlugin
2022-06-16 19:01:51,599 [INFO] IPUIPlugin:64 - create IPUIPlugin
2022-06-16 19:01:51,600 [INFO] IPUIPlugin:64 - create IPUIPlugin
2022-06-16 19:01:51,600 [INFO] IPUIPlugin:64 - create IPUIPlugin
2022-06-16 19:01:51,600 [INFO] IPUIPlugin:64 - create IPUIPlugin
2022-06-16 19:01:51,601 [INFO] IPUIPlugin:64 - create IPUIPlugin
2022-06-16 19:01:51,601 [INFO] IPUIPlugin:64 - create IPUIPlugin
2022-06-16 19:01:51,601 [INFO] IPUIPlugin:64 - create IPUIPlugin
2022-06-16 19:01:51,602 [INFO] IPUIPlugin:64 - create IPUIPlugin
2022-06-16 19:01:51,602 [INFO] IPUIPlugin:64 - create IPUIPlugin
2022-06-16 19:01:51,602 [INFO] IPUIPlugin:64 - create IPUIPlugin
2022-06-16 19:01:51,603 [INFO] IPUIPlugin:64 - create IPUIPlugin
2022-06-16 19:01:51,603 [INFO] IPUIPlugin:64 - create IPUIPlugin
2022-06-16 19:01:51,603 [INFO] IPUIPlugin:64 - create IPUIPlugin
2022-06-16 19:01:51,604 [INFO] IPUIPlugin:64 - create IPUIPlugin
2022-06-16 19:01:51,604 [INFO] IPUIPlugin:64 - create IPUIPlugin
2022-06-16 19:01:51,604 [INFO] IPUIPlugin:64 - create IPUIPlugin
2022-06-16 19:01:51,605 [INFO] IPUIPlugin:64 - create IPUIPlugin
2022-06-16 19:01:51,606 [INFO] IPUIPlugin:64 - create IPUIPlugin
2022-06-16 19:01:51,606 [INFO] IPUIPlugin:64 - create IPUIPlugin
2022-06-16 19:01:51,606 [INFO] IPUIPlugin:64 - create IPUIPlugin
2022-06-16 19:01:51,607 [INFO] IPUIPlugin:64 - create IPUIPlugin
2022-06-16 19:01:51,607 [INFO] IPUIPlugin:64 - create IPUIPlugin
2022-06-16 19:01:51,608 [INFO] IPUIPlugin:64 - create IPUIPlugin
2022-06-16 19:01:51,608 [INFO] IPUIPlugin:64 - create IPUIPlugin
2022-06-16 19:01:51,608 [INFO] IPUIPlugin:64 - create IPUIPlugin
2022-06-16 19:01:51,609 [INFO] IPUIPlugin:64 - create IPUIPlugin
2022-06-16 19:01:51,609 [INFO] IPUIPlugin:64 - create IPUIPlugin
2022-06-16 19:01:51,610 [INFO] IPUIPlugin:64 - create IPUIPlugin
2022-06-16 19:01:51,610 [INFO] IPUIPlugin:64 - create IPUIPlugin
2022-06-16 19:01:51,611 [INFO] IPUIPlugin:64 - create IPUIPlugin
2022-06-16 19:01:51,611 [INFO] IPUIPlugin:64 - create IPUIPlugin
2022-06-16 19:01:51,612 [INFO] IPUIPlugin:64 - create IPUIPlugin
2022-06-16 19:01:51,612 [INFO] IPUIPlugin:64 - create IPUIPlugin
2022-06-16 19:01:51,612 [INFO] IPUIPlugin:64 - create IPUIPlugin
2022-06-16 19:01:51,613 [INFO] IPUIPlugin:64 - create IPUIPlugin
2022-06-16 19:01:51,614 [INFO] IPUIPlugin:64 - create IPUIPlugin
2022-06-16 19:01:51,614 [INFO] IPUIPlugin:64 - create IPUIPlugin
2022-06-16 19:01:51,615 [INFO] IPUIPlugin:64 - create IPUIPlugin
2022-06-16 19:01:51,616 [INFO] IPUIPlugin:64 - create IPUIPlugin
2022-06-16 19:01:51,616 [INFO] IPUIPlugin:64 - create IPUIPlugin
2022-06-16 19:01:51,617 [INFO] IPUIPlugin:64 - create IPUIPlugin
2022-06-16 19:01:51,618 [INFO] IPUIPlugin:64 - create IPUIPlugin
2022-06-16 19:01:51,619 [INFO] IPUIPlugin:64 - create IPUIPlugin
2022-06-16 19:01:51,620 [INFO] IPUIPlugin:64 - create IPUIPlugin
2022-06-16 19:01:51,649 [INFO] LogOutputStream:76 - [STDOUT_REDIRECT] toolchainItems.length=====1
2022-06-16 19:01:51,740 [INFO] OpenFileManager:323 - Restore cursor
2022-06-16 19:01:52,152 [INFO] UtilMem:74 - End SaveConfig() Used Memory: 649392768 Bytes (924844032)
2022-06-16 19:01:52,209 [INFO] UtilMem:74 - End SaveConfig() Used Memory: 662344704 Bytes (924844032)
2022-06-16 19:01:52,528 [INFO] BlockDiagram:2735 - set Specific Code input for plugin: SYS
2022-06-16 19:01:52,528 [INFO] BlockDiagram:2735 - set Specific Code input for plugin: RCC
2022-06-16 19:01:52,528 [INFO] BlockDiagram:2735 - set Specific Code input for plugin: NVIC
2022-06-16 19:01:52,530 [INFO] CodeGenerator:641 - code generatio: config db path: C:\ST\STM32CubeIDE_1.6.0\STM32CubeIDE\plugins\com.st.stm32cube.common.mx_6.2.0.202102191602\\db\
2022-06-16 19:01:53,001 [INFO] CodeEngine:229 - oldGeneratedFile, C:\Users\James Chen\Documents\CalgaryToSpace\OBC_PCB_hardware\stm32 pinout\pinout\MXTmpFiles\license.tmp_save
2022-06-16 19:01:53,361 [INFO] CodeEngine:247 - Generated code: C:\Users\James Chen\Documents\CalgaryToSpace\OBC_PCB_hardware\stm32 pinout\pinout\MXTmpFiles\license.tmp
2022-06-16 19:01:53,567 [INFO] CodeEngine:229 - oldGeneratedFile, C:\Users\James Chen\Documents\CalgaryToSpace\OBC_PCB_hardware\stm32 pinout\pinout\Core\Src\stm32l4xx_it.c_save
2022-06-16 19:01:53,698 [INFO] CodeEngine:247 - Generated code: C:\Users\James Chen\Documents\CalgaryToSpace\OBC_PCB_hardware\stm32 pinout\pinout\Core\Src\stm32l4xx_it.c
2022-06-16 19:01:53,708 [INFO] CodeEngine:229 - oldGeneratedFile, C:\Users\James Chen\Documents\CalgaryToSpace\OBC_PCB_hardware\stm32 pinout\pinout\Core\Inc\stm32l4xx_it.h_save
2022-06-16 19:01:53,811 [INFO] CodeEngine:247 - Generated code: C:\Users\James Chen\Documents\CalgaryToSpace\OBC_PCB_hardware\stm32 pinout\pinout\Core\Inc\stm32l4xx_it.h
2022-06-16 19:01:53,859 [INFO] CodeEngine:229 - oldGeneratedFile, C:\Users\James Chen\Documents\CalgaryToSpace\OBC_PCB_hardware\stm32 pinout\pinout\Core\Src\stm32l4xx_hal_msp.c_save
2022-06-16 19:01:53,945 [INFO] CodeEngine:247 - Generated code: C:\Users\James Chen\Documents\CalgaryToSpace\OBC_PCB_hardware\stm32 pinout\pinout\Core\Src\stm32l4xx_hal_msp.c
2022-06-16 19:01:53,955 [INFO] CodeEngine:229 - oldGeneratedFile, C:\Users\James Chen\Documents\CalgaryToSpace\OBC_PCB_hardware\stm32 pinout\pinout\MXTmpFiles\system.tmp_save
2022-06-16 19:01:54,003 [INFO] CodeEngine:247 - Generated code: C:\Users\James Chen\Documents\CalgaryToSpace\OBC_PCB_hardware\stm32 pinout\pinout\MXTmpFiles\system.tmp
2022-06-16 19:01:54,016 [INFO] CodeEngine:229 - oldGeneratedFile, C:\Users\James Chen\Documents\CalgaryToSpace\OBC_PCB_hardware\stm32 pinout\pinout\Core\Inc\stm32l4xx_hal_conf.h_save
2022-06-16 19:01:54,087 [INFO] CodeEngine:247 - Generated code: C:\Users\James Chen\Documents\CalgaryToSpace\OBC_PCB_hardware\stm32 pinout\pinout\Core\Inc\stm32l4xx_hal_conf.h
2022-06-16 19:01:54,202 [INFO] CodeEngine:229 - oldGeneratedFile, C:\Users\James Chen\Documents\CalgaryToSpace\OBC_PCB_hardware\stm32 pinout\pinout\Core\Inc\main.h_save
2022-06-16 19:01:54,281 [INFO] CodeEngine:247 - Generated code: C:\Users\James Chen\Documents\CalgaryToSpace\OBC_PCB_hardware\stm32 pinout\pinout\Core\Inc\main.h
2022-06-16 19:01:54,291 [INFO] CodeEngine:229 - oldGeneratedFile, C:\Users\James Chen\Documents\CalgaryToSpace\OBC_PCB_hardware\stm32 pinout\pinout\Core\Src\main.c_save
2022-06-16 19:01:54,403 [INFO] CodeEngine:247 - Generated code: C:\Users\James Chen\Documents\CalgaryToSpace\OBC_PCB_hardware\stm32 pinout\pinout\Core\Src\main.c
2022-06-16 19:01:55,478 [INFO] ProjectBuilder:2460 - Time for Copy HAL[1] : 355mS.
2022-06-16 19:01:55,486 [INFO] ProjectBuilder:3418 - Project Generator version: 3.13.0-B3
2022-06-16 19:01:55,967 [INFO] ConfigFileManager:1242 - The Die is : DIE470
2022-06-16 19:01:55,992 [INFO] ApiDbMcu:458 - Load IP Config File for FATFS
2022-06-16 19:01:56,031 [INFO] ApiDbMcu:458 - Load IP Config File for FREERTOS
2022-06-16 19:01:56,187 [INFO] ApiDbMcu:458 - Load IP Config File for TOUCHSENSING
2022-06-16 19:01:56,230 [INFO] ApiDbMcu:458 - Load IP Config File for USB_DEVICE
2022-06-16 19:01:56,263 [INFO] ApiDbMcu:458 - Load IP Config File for USB_HOST
2022-06-16 19:02:03,067 [INFO] ProjectBuilder:3584 - Time for Generating toolchain IDE Files: 7581mS.
2022-06-16 19:02:03,068 [INFO] ProjectBuilder:2339 - Time for Copy CMSIS : 1mS.
2022-06-16 19:02:03,071 [INFO] ProjectBuilder:2339 - Time for Copy CMSIS : 1mS.
2022-06-16 19:02:03,602 [INFO] ApiDb:276 - Save user favorites file C:\Users\James Chen/.stm32cubeide/favorites.mcus.txt: 0 item(s)
2022-06-16 19:02:03,602 [INFO] ApiDb:280 - User favorites MCUs=[]
2022-06-16 19:04:04,077 [INFO] UtilMem:74 - End SaveConfig() Used Memory: 836794456 Bytes (1042284544)
2022-06-16 19:04:05,825 [INFO] UtilMem:74 - End SaveConfig() Used Memory: 853488776 Bytes (1042284544)
2022-06-16 19:04:08,762 [INFO] UtilMem:74 - End SaveConfig() Used Memory: 807768104 Bytes (1042284544)
2022-06-16 19:04:09,154 [INFO] BlockDiagram:2735 - set Specific Code input for plugin: SYS
2022-06-16 19:04:09,154 [INFO] BlockDiagram:2735 - set Specific Code input for plugin: RCC
2022-06-16 19:04:09,155 [INFO] BlockDiagram:2735 - set Specific Code input for plugin: NVIC
2022-06-16 19:04:09,155 [INFO] BlockDiagram:2735 - set Specific Code input for plugin: GPIO
2022-06-16 19:04:09,156 [INFO] CodeGenerator:641 - code generatio: config db path: C:\ST\STM32CubeIDE_1.6.0\STM32CubeIDE\plugins\com.st.stm32cube.common.mx_6.2.0.202102191602\\db\
2022-06-16 19:04:09,647 [INFO] CodeEngine:229 - oldGeneratedFile, C:\Users\James Chen\Documents\CalgaryToSpace\OBC_PCB_hardware\stm32 pinout\pinout\MXTmpFiles\license.tmp_save
2022-06-16 19:04:09,758 [INFO] CodeEngine:247 - Generated code: C:\Users\James Chen\Documents\CalgaryToSpace\OBC_PCB_hardware\stm32 pinout\pinout\MXTmpFiles\license.tmp
2022-06-16 19:04:09,778 [INFO] CodeEngine:229 - oldGeneratedFile, C:\Users\James Chen\Documents\CalgaryToSpace\OBC_PCB_hardware\stm32 pinout\pinout\MXTmpFiles\gpio.tmp_save
2022-06-16 19:04:09,867 [INFO] CodeEngine:247 - Generated code: C:\Users\James Chen\Documents\CalgaryToSpace\OBC_PCB_hardware\stm32 pinout\pinout\MXTmpFiles\gpio.tmp
2022-06-16 19:04:09,891 [INFO] CodeEngine:229 - oldGeneratedFile, C:\Users\James Chen\Documents\CalgaryToSpace\OBC_PCB_hardware\stm32 pinout\pinout\Core\Src\stm32l4xx_it.c_save
2022-06-16 19:04:09,992 [INFO] CodeEngine:247 - Generated code: C:\Users\James Chen\Documents\CalgaryToSpace\OBC_PCB_hardware\stm32 pinout\pinout\Core\Src\stm32l4xx_it.c
2022-06-16 19:04:09,998 [INFO] CodeEngine:229 - oldGeneratedFile, C:\Users\James Chen\Documents\CalgaryToSpace\OBC_PCB_hardware\stm32 pinout\pinout\Core\Inc\stm32l4xx_it.h_save
2022-06-16 19:04:10,066 [INFO] CodeEngine:247 - Generated code: C:\Users\James Chen\Documents\CalgaryToSpace\OBC_PCB_hardware\stm32 pinout\pinout\Core\Inc\stm32l4xx_it.h
2022-06-16 19:04:10,083 [INFO] CodeEngine:229 - oldGeneratedFile, C:\Users\James Chen\Documents\CalgaryToSpace\OBC_PCB_hardware\stm32 pinout\pinout\Core\Src\stm32l4xx_hal_msp.c_save
2022-06-16 19:04:10,181 [INFO] CodeEngine:247 - Generated code: C:\Users\James Chen\Documents\CalgaryToSpace\OBC_PCB_hardware\stm32 pinout\pinout\Core\Src\stm32l4xx_hal_msp.c
2022-06-16 19:04:10,186 [INFO] CodeEngine:229 - oldGeneratedFile, C:\Users\James Chen\Documents\CalgaryToSpace\OBC_PCB_hardware\stm32 pinout\pinout\MXTmpFiles\system.tmp_save
2022-06-16 19:04:10,281 [INFO] CodeEngine:247 - Generated code: C:\Users\James Chen\Documents\CalgaryToSpace\OBC_PCB_hardware\stm32 pinout\pinout\MXTmpFiles\system.tmp
2022-06-16 19:04:10,296 [INFO] CodeEngine:229 - oldGeneratedFile, C:\Users\James Chen\Documents\CalgaryToSpace\OBC_PCB_hardware\stm32 pinout\pinout\Core\Inc\stm32l4xx_hal_conf.h_save
2022-06-16 19:04:10,373 [INFO] CodeEngine:247 - Generated code: C:\Users\James Chen\Documents\CalgaryToSpace\OBC_PCB_hardware\stm32 pinout\pinout\Core\Inc\stm32l4xx_hal_conf.h
2022-06-16 19:04:10,416 [INFO] CodeEngine:229 - oldGeneratedFile, C:\Users\James Chen\Documents\CalgaryToSpace\OBC_PCB_hardware\stm32 pinout\pinout\Core\Inc\main.h_save
2022-06-16 19:04:10,515 [INFO] CodeEngine:247 - Generated code: C:\Users\James Chen\Documents\CalgaryToSpace\OBC_PCB_hardware\stm32 pinout\pinout\Core\Inc\main.h
2022-06-16 19:04:10,524 [INFO] CodeEngine:229 - oldGeneratedFile, C:\Users\James Chen\Documents\CalgaryToSpace\OBC_PCB_hardware\stm32 pinout\pinout\Core\Src\main.c_save
2022-06-16 19:04:10,627 [INFO] CodeEngine:247 - Generated code: C:\Users\James Chen\Documents\CalgaryToSpace\OBC_PCB_hardware\stm32 pinout\pinout\Core\Src\main.c
2022-06-16 19:04:11,524 [INFO] ProjectBuilder:2460 - Time for Copy HAL[1] : 185mS.
2022-06-16 19:04:11,527 [INFO] ProjectBuilder:3418 - Project Generator version: 3.13.0-B3
2022-06-16 19:04:12,184 [INFO] ConfigFileManager:1242 - The Die is : DIE470
2022-06-16 19:04:14,499 [INFO] ProjectBuilder:3584 - Time for Generating toolchain IDE Files: 2972mS.
2022-06-16 19:04:14,500 [INFO] ProjectBuilder:2339 - Time for Copy CMSIS : 0mS.
2022-06-16 19:04:14,503 [INFO] ProjectBuilder:2339 - Time for Copy CMSIS : 0mS.
2022-06-16 19:04:34,680 [INFO] Gpio:248 - dependency for GPIO [RCC]
2022-06-16 19:04:35,528 [INFO] Gpio:248 - dependency for GPIO [RCC]
2022-06-16 19:04:35,596 [INFO] DmaTabbedPanel:192 - Cannot restore the selected Tab for DMA
2022-06-16 19:20:31,974 [INFO] I2cTimingTraitement:320 - 0x00606092
2022-06-16 19:20:32,091 [INFO] I2cTimingTraitement:320 - 0x00606092
2022-06-16 19:20:41,764 [INFO] I2cTimingTraitement:320 - 0x00606092
2022-06-16 19:20:41,874 [INFO] I2cTimingTraitement:320 - 0x00606092
2022-06-16 19:20:46,640 [INFO] I2cTimingTraitement:320 - 0x00606092
2022-06-16 19:20:46,752 [INFO] I2cTimingTraitement:320 - 0x00606092
2022-06-16 19:22:22,240 [INFO] UtilMem:74 - End SaveConfig() Used Memory: 769731944 Bytes (1059061760)
2022-06-16 19:22:23,742 [INFO] UtilMem:74 - End SaveConfig() Used Memory: 789106456 Bytes (1059061760)
2022-06-16 19:22:25,153 [INFO] UtilMem:74 - End SaveConfig() Used Memory: 827901920 Bytes (1059061760)
2022-06-16 19:22:25,480 [INFO] BlockDiagram:2735 - set Specific Code input for plugin: SPI
2022-06-16 19:22:25,481 [INFO] BlockDiagram:2735 - set Specific Code input for plugin: SYS
2022-06-16 19:22:25,481 [INFO] BlockDiagram:2735 - set Specific Code input for plugin: RCC
2022-06-16 19:22:25,481 [INFO] BlockDiagram:2735 - set Specific Code input for plugin: I2C
2022-06-16 19:22:25,481 [INFO] BlockDiagram:2735 - set Specific Code input for plugin: I2C
2022-06-16 19:22:25,481 [INFO] BlockDiagram:2735 - set Specific Code input for plugin: I2C
2022-06-16 19:22:25,481 [INFO] BlockDiagram:2735 - set Specific Code input for plugin: NVIC
2022-06-16 19:22:25,481 [INFO] BlockDiagram:2735 - set Specific Code input for plugin: USART
2022-06-16 19:22:25,481 [INFO] BlockDiagram:2735 - set Specific Code input for plugin: USART
2022-06-16 19:22:25,481 [INFO] BlockDiagram:2735 - set Specific Code input for plugin: USART
2022-06-16 19:22:25,481 [INFO] BlockDiagram:2735 - set Specific Code input for plugin: TIM1_8L4
2022-06-16 19:22:25,481 [INFO] BlockDiagram:2735 - set Specific Code input for plugin: UART
2022-06-16 19:22:25,483 [INFO] BlockDiagram:2735 - set Specific Code input for plugin: GPIO
2022-06-16 19:22:25,484 [INFO] CodeGenerator:641 - code generatio: config db path: C:\ST\STM32CubeIDE_1.6.0\STM32CubeIDE\plugins\com.st.stm32cube.common.mx_6.2.0.202102191602\\db\
2022-06-16 19:22:26,983 [INFO] CodeEngine:229 - oldGeneratedFile, C:\Users\James Chen\Documents\CalgaryToSpace\OBC_PCB_hardware\stm32 pinout\pinout\MXTmpFiles\license.tmp_save
2022-06-16 19:22:27,099 [INFO] CodeEngine:247 - Generated code: C:\Users\James Chen\Documents\CalgaryToSpace\OBC_PCB_hardware\stm32 pinout\pinout\MXTmpFiles\license.tmp
2022-06-16 19:22:27,333 [INFO] CodeEngine:229 - oldGeneratedFile, C:\Users\James Chen\Documents\CalgaryToSpace\OBC_PCB_hardware\stm32 pinout\pinout\MXTmpFiles\gpio.tmp_save
2022-06-16 19:22:27,403 [INFO] CodeEngine:247 - Generated code: C:\Users\James Chen\Documents\CalgaryToSpace\OBC_PCB_hardware\stm32 pinout\pinout\MXTmpFiles\gpio.tmp
2022-06-16 19:22:27,447 [ERROR] IPConfigManager:1461 - ERROR: the RefConfig I2CEnableFastModePlus is not available in your config.xml file
2022-06-16 19:22:27,723 [ERROR] IPConfigManager:1461 - ERROR: the RefConfig I2CEnableFastModePlus is not available in your config.xml file
2022-06-16 19:22:27,938 [ERROR] IPConfigManager:1461 - ERROR: the RefConfig I2CEnableFastModePlus is not available in your config.xml file
2022-06-16 19:22:30,085 [INFO] LogOutputStream:76 - [STDOUT_REDIRECT] Command line
2022-06-16 19:22:30,087 [INFO] LogOutputStream:76 - [STDOUT_REDIRECT] Command line
2022-06-16 19:22:30,089 [INFO] LogOutputStream:76 - [STDOUT_REDIRECT] Command line
2022-06-16 19:22:30,091 [INFO] LogOutputStream:76 - [STDOUT_REDIRECT] Command line
2022-06-16 19:22:30,118 [INFO] CodeEngine:229 - oldGeneratedFile, C:\Users\James Chen\Documents\CalgaryToSpace\OBC_PCB_hardware\stm32 pinout\pinout\Core\Src\stm32l4xx_it.c_save
2022-06-16 19:22:30,206 [INFO] CodeEngine:247 - Generated code: C:\Users\James Chen\Documents\CalgaryToSpace\OBC_PCB_hardware\stm32 pinout\pinout\Core\Src\stm32l4xx_it.c
2022-06-16 19:22:30,211 [INFO] CodeEngine:229 - oldGeneratedFile, C:\Users\James Chen\Documents\CalgaryToSpace\OBC_PCB_hardware\stm32 pinout\pinout\Core\Inc\stm32l4xx_it.h_save
2022-06-16 19:22:30,266 [INFO] CodeEngine:247 - Generated code: C:\Users\James Chen\Documents\CalgaryToSpace\OBC_PCB_hardware\stm32 pinout\pinout\Core\Inc\stm32l4xx_it.h
2022-06-16 19:22:30,282 [INFO] CodeEngine:229 - oldGeneratedFile, C:\Users\James Chen\Documents\CalgaryToSpace\OBC_PCB_hardware\stm32 pinout\pinout\Core\Src\stm32l4xx_hal_msp.c_save
2022-06-16 19:22:30,426 [INFO] CodeEngine:247 - Generated code: C:\Users\James Chen\Documents\CalgaryToSpace\OBC_PCB_hardware\stm32 pinout\pinout\Core\Src\stm32l4xx_hal_msp.c
2022-06-16 19:22:30,429 [INFO] CodeEngine:229 - oldGeneratedFile, C:\Users\James Chen\Documents\CalgaryToSpace\OBC_PCB_hardware\stm32 pinout\pinout\MXTmpFiles\system.tmp_save
2022-06-16 19:22:30,474 [INFO] CodeEngine:247 - Generated code: C:\Users\James Chen\Documents\CalgaryToSpace\OBC_PCB_hardware\stm32 pinout\pinout\MXTmpFiles\system.tmp
2022-06-16 19:22:30,488 [INFO] CodeEngine:229 - oldGeneratedFile, C:\Users\James Chen\Documents\CalgaryToSpace\OBC_PCB_hardware\stm32 pinout\pinout\Core\Inc\stm32l4xx_hal_conf.h_save
2022-06-16 19:22:30,562 [INFO] CodeEngine:247 - Generated code: C:\Users\James Chen\Documents\CalgaryToSpace\OBC_PCB_hardware\stm32 pinout\pinout\Core\Inc\stm32l4xx_hal_conf.h
2022-06-16 19:22:30,593 [WARN] IPConfigManager:2976 - IP not found : TIM
2022-06-16 19:22:30,594 [WARN] CodeGenerator:3191 - IP not found : null
2022-06-16 19:22:30,607 [INFO] CodeEngine:229 - oldGeneratedFile, C:\Users\James Chen\Documents\CalgaryToSpace\OBC_PCB_hardware\stm32 pinout\pinout\Core\Inc\main.h_save
2022-06-16 19:22:30,677 [INFO] CodeEngine:247 - Generated code: C:\Users\James Chen\Documents\CalgaryToSpace\OBC_PCB_hardware\stm32 pinout\pinout\Core\Inc\main.h
2022-06-16 19:22:30,687 [INFO] CodeEngine:229 - oldGeneratedFile, C:\Users\James Chen\Documents\CalgaryToSpace\OBC_PCB_hardware\stm32 pinout\pinout\Core\Src\main.c_save
2022-06-16 19:22:30,837 [INFO] CodeEngine:247 - Generated code: C:\Users\James Chen\Documents\CalgaryToSpace\OBC_PCB_hardware\stm32 pinout\pinout\Core\Src\main.c
2022-06-16 19:22:31,692 [INFO] ProjectBuilder:2460 - Time for Copy HAL[1] : 216mS.
2022-06-16 19:22:31,695 [INFO] ProjectBuilder:3418 - Project Generator version: 3.13.0-B3
2022-06-16 19:22:32,180 [INFO] ConfigFileManager:1242 - The Die is : DIE470
2022-06-16 19:22:34,224 [INFO] ProjectBuilder:3584 - Time for Generating toolchain IDE Files: 2529mS.
2022-06-16 19:22:34,225 [INFO] ProjectBuilder:2339 - Time for Copy CMSIS : 0mS.
2022-06-16 19:22:34,229 [INFO] ProjectBuilder:2339 - Time for Copy CMSIS : 0mS.
