Replace Part *1 PC104 Mounting in C:\Users\James Chen\Documents\CalgaryToSpace\OBC_PCB_hardware\OBC Development Board\External Connectors.SchDoc with PC104 Mounting from OBC Development Board.SchLib
Replace Part *2 PC104 Mounting in C:\Users\James Chen\Documents\CalgaryToSpace\OBC_PCB_hardware\OBC Development Board\External Connectors.SchDoc with PC104 Mounting from OBC Development Board.SchLib
Replace Part *3 PC104 Mounting in C:\Users\James Chen\Documents\CalgaryToSpace\OBC_PCB_hardware\OBC Development Board\External Connectors.SchDoc with PC104 Mounting from OBC Development Board.SchLib
Replace Part *4 PC104 Mounting in C:\Users\James Chen\Documents\CalgaryToSpace\OBC_PCB_hardware\OBC Development Board\External Connectors.SchDoc with PC104 Mounting from OBC Development Board.SchLib
Replace Part C11 CT-474-M-20V-OTH-1206 in C:\Users\James Chen\Documents\CalgaryToSpace\OBC_PCB_hardware\OBC Development Board\External Connectors.SchDoc with CT-474-M-20V-OTH-1206 from OBC Development Board.SchLib
Replace Part C29 CC-104-K-25V-X7R-0603 in C:\Users\James Chen\Documents\CalgaryToSpace\OBC_PCB_hardware\OBC Development Board\External Connectors.SchDoc with CC-104-K-25V-X7R-0603 from OBC Development Board.SchLib
Replace Part C30 CC-104-K-25V-X7R-0603 in C:\Users\James Chen\Documents\CalgaryToSpace\OBC_PCB_hardware\OBC Development Board\External Connectors.SchDoc with CC-104-K-25V-X7R-0603 from OBC Development Board.SchLib
Replace Part C31 CC-105-K-25V-X7R-0603 in C:\Users\James Chen\Documents\CalgaryToSpace\OBC_PCB_hardware\OBC Development Board\External Connectors.SchDoc with CC-105-K-25V-X7R-0603 from OBC Development Board.SchLib
Replace Part C32 CC-104-K-25V-X7R-0603 in C:\Users\James Chen\Documents\CalgaryToSpace\OBC_PCB_hardware\OBC Development Board\External Connectors.SchDoc with CC-104-K-25V-X7R-0603 from OBC Development Board.SchLib
Replace Part D3 D-SML-D12U1WT86 in C:\Users\James Chen\Documents\CalgaryToSpace\OBC_PCB_hardware\OBC Development Board\External Connectors.SchDoc with D-SML-D12U1WT86 from OBC Development Board.SchLib
Replace Part D4 D-SML-D12U1WT86 in C:\Users\James Chen\Documents\CalgaryToSpace\OBC_PCB_hardware\OBC Development Board\External Connectors.SchDoc with D-SML-D12U1WT86 from OBC Development Board.SchLib
Replace Part D5 D-SML-D12U1WT86 in C:\Users\James Chen\Documents\CalgaryToSpace\OBC_PCB_hardware\OBC Development Board\External Connectors.SchDoc with D-SML-D12U1WT86 from OBC Development Board.SchLib
Replace Part J3 J-0532610871 in C:\Users\James Chen\Documents\CalgaryToSpace\OBC_PCB_hardware\OBC Development Board\External Connectors.SchDoc with J-0532610871 from OBC Development Board.SchLib
Replace Part J5 J-ESQ-126-14-G-D in C:\Users\James Chen\Documents\CalgaryToSpace\OBC_PCB_hardware\OBC Development Board\External Connectors.SchDoc with J-ESQ-126-14-G-D from OBC Development Board.SchLib
Replace Part J6 J-ESQ-126-14-G-D in C:\Users\James Chen\Documents\CalgaryToSpace\OBC_PCB_hardware\OBC Development Board\External Connectors.SchDoc with J-ESQ-126-14-G-D from OBC Development Board.SchLib
Replace Part J7 J-0532610671 in C:\Users\James Chen\Documents\CalgaryToSpace\OBC_PCB_hardware\OBC Development Board\External Connectors.SchDoc with J-0532610671 from OBC Development Board.SchLib
Replace Part J10 J-LD09S13A4GX00LF in C:\Users\James Chen\Documents\CalgaryToSpace\OBC_PCB_hardware\OBC Development Board\External Connectors.SchDoc with J-LD09S13A4GX00LF from OBC Development Board.SchLib
Replace Part J11 J-T2M-115-01-L-D-RA-WT in C:\Users\James Chen\Documents\CalgaryToSpace\OBC_PCB_hardware\OBC Development Board\External Connectors.SchDoc with J-T2M-115-01-L-D-RA-WT from OBC Development Board.SchLib
Replace Part R4 RT-0R00-F-1/10W-0603 in C:\Users\James Chen\Documents\CalgaryToSpace\OBC_PCB_hardware\OBC Development Board\External Connectors.SchDoc with RT-0R00-F-1/10W-0603 from OBC Development Board.SchLib
Replace Part R5 RT-0R00-F-1/10W-0603 in C:\Users\James Chen\Documents\CalgaryToSpace\OBC_PCB_hardware\OBC Development Board\External Connectors.SchDoc with RT-0R00-F-1/10W-0603 from OBC Development Board.SchLib
Replace Part R6 RT-0R00-F-1/10W-0603 in C:\Users\James Chen\Documents\CalgaryToSpace\OBC_PCB_hardware\OBC Development Board\External Connectors.SchDoc with RT-0R00-F-1/10W-0603 from OBC Development Board.SchLib
Replace Part R7 RT-0R00-F-1/10W-0603 in C:\Users\James Chen\Documents\CalgaryToSpace\OBC_PCB_hardware\OBC Development Board\External Connectors.SchDoc with RT-0R00-F-1/10W-0603 from OBC Development Board.SchLib
Replace Part R8 RT-1K0-F-1/16W-0603 in C:\Users\James Chen\Documents\CalgaryToSpace\OBC_PCB_hardware\OBC Development Board\External Connectors.SchDoc with RT-1K0-F-1/16W-0603 from OBC Development Board.SchLib
Replace Part R11 RT-1K0-F-1/16W-0603 in C:\Users\James Chen\Documents\CalgaryToSpace\OBC_PCB_hardware\OBC Development Board\External Connectors.SchDoc with RT-1K0-F-1/16W-0603 from OBC Development Board.SchLib
Replace Part R33 RT-0R00-F-1/10W-0603 in C:\Users\James Chen\Documents\CalgaryToSpace\OBC_PCB_hardware\OBC Development Board\External Connectors.SchDoc with RT-0R00-F-1/10W-0603 from OBC Development Board.SchLib
Replace Part R34 RT-0R00-F-1/10W-0603 in C:\Users\James Chen\Documents\CalgaryToSpace\OBC_PCB_hardware\OBC Development Board\External Connectors.SchDoc with RT-0R00-F-1/10W-0603 from OBC Development Board.SchLib
Replace Part R35 RT-0R00-F-1/10W-0603 in C:\Users\James Chen\Documents\CalgaryToSpace\OBC_PCB_hardware\OBC Development Board\External Connectors.SchDoc with RT-0R00-F-1/10W-0603 from OBC Development Board.SchLib
Replace Part R36 RT-0R00-F-1/10W-0603 in C:\Users\James Chen\Documents\CalgaryToSpace\OBC_PCB_hardware\OBC Development Board\External Connectors.SchDoc with RT-0R00-F-1/10W-0603 from OBC Development Board.SchLib
Replace Part R37 RT-0R00-F-1/10W-0603 in C:\Users\James Chen\Documents\CalgaryToSpace\OBC_PCB_hardware\OBC Development Board\External Connectors.SchDoc with RT-0R00-F-1/10W-0603 from OBC Development Board.SchLib
Replace Part R38 RT-0R00-F-1/10W-0603 in C:\Users\James Chen\Documents\CalgaryToSpace\OBC_PCB_hardware\OBC Development Board\External Connectors.SchDoc with RT-0R00-F-1/10W-0603 from OBC Development Board.SchLib
Replace Part R39 RT-0R00-F-1/10W-0603 in C:\Users\James Chen\Documents\CalgaryToSpace\OBC_PCB_hardware\OBC Development Board\External Connectors.SchDoc with RT-0R00-F-1/10W-0603 from OBC Development Board.SchLib
Replace Part R41 RT-0R00-F-1/10W-0603 in C:\Users\James Chen\Documents\CalgaryToSpace\OBC_PCB_hardware\OBC Development Board\External Connectors.SchDoc with RT-0R00-F-1/10W-0603 from OBC Development Board.SchLib
Replace Part R42 RT-0R00-F-1/10W-0603 in C:\Users\James Chen\Documents\CalgaryToSpace\OBC_PCB_hardware\OBC Development Board\External Connectors.SchDoc with RT-0R00-F-1/10W-0603 from OBC Development Board.SchLib
Replace Part R44 RT-0R00-F-1/10W-0603 in C:\Users\James Chen\Documents\CalgaryToSpace\OBC_PCB_hardware\OBC Development Board\External Connectors.SchDoc with RT-0R00-F-1/10W-0603 from OBC Development Board.SchLib
Replace Part R45 RT-0R00-F-1/10W-0603 in C:\Users\James Chen\Documents\CalgaryToSpace\OBC_PCB_hardware\OBC Development Board\External Connectors.SchDoc with RT-0R00-F-1/10W-0603 from OBC Development Board.SchLib
Replace Part R47 RT-0R00-F-1/10W-0603 in C:\Users\James Chen\Documents\CalgaryToSpace\OBC_PCB_hardware\OBC Development Board\External Connectors.SchDoc with RT-0R00-F-1/10W-0603 from OBC Development Board.SchLib
Replace Part R49 RT-0R00-F-1/10W-0603 in C:\Users\James Chen\Documents\CalgaryToSpace\OBC_PCB_hardware\OBC Development Board\External Connectors.SchDoc with RT-0R00-F-1/10W-0603 from OBC Development Board.SchLib
Replace Part R51 RT-0R00-F-1/10W-0603 in C:\Users\James Chen\Documents\CalgaryToSpace\OBC_PCB_hardware\OBC Development Board\External Connectors.SchDoc with RT-0R00-F-1/10W-0603 from OBC Development Board.SchLib
Replace Part R52 RT-0R00-F-1/10W-0603 in C:\Users\James Chen\Documents\CalgaryToSpace\OBC_PCB_hardware\OBC Development Board\External Connectors.SchDoc with RT-0R00-F-1/10W-0603 from OBC Development Board.SchLib
Replace Part R53 RT-0R00-F-1/10W-0603 in C:\Users\James Chen\Documents\CalgaryToSpace\OBC_PCB_hardware\OBC Development Board\External Connectors.SchDoc with RT-0R00-F-1/10W-0603 from OBC Development Board.SchLib
Replace Part R54 RT-0R00-F-1/10W-0603 in C:\Users\James Chen\Documents\CalgaryToSpace\OBC_PCB_hardware\OBC Development Board\External Connectors.SchDoc with RT-0R00-F-1/10W-0603 from OBC Development Board.SchLib
Replace Part R55 RT-0R00-F-1/10W-0603 in C:\Users\James Chen\Documents\CalgaryToSpace\OBC_PCB_hardware\OBC Development Board\External Connectors.SchDoc with RT-0R00-F-1/10W-0603 from OBC Development Board.SchLib
Replace Part R56 RT-0R00-F-1/10W-0603 in C:\Users\James Chen\Documents\CalgaryToSpace\OBC_PCB_hardware\OBC Development Board\External Connectors.SchDoc with RT-0R00-F-1/10W-0603 from OBC Development Board.SchLib
Replace Part R57 RT-0R00-F-1/10W-0603 in C:\Users\James Chen\Documents\CalgaryToSpace\OBC_PCB_hardware\OBC Development Board\External Connectors.SchDoc with RT-0R00-F-1/10W-0603 from OBC Development Board.SchLib
Replace Part R130 RT-100R-F-1/16W-0603 in C:\Users\James Chen\Documents\CalgaryToSpace\OBC_PCB_hardware\OBC Development Board\External Connectors.SchDoc with RT-100R-F-1/16W-0603 from OBC Development Board.SchLib
Replace Part R131 RT-100R-F-1/16W-0603 in C:\Users\James Chen\Documents\CalgaryToSpace\OBC_PCB_hardware\OBC Development Board\External Connectors.SchDoc with RT-100R-F-1/16W-0603 from OBC Development Board.SchLib
Replace Part R134 RT-220R-F-1/16W-0402 in C:\Users\James Chen\Documents\CalgaryToSpace\OBC_PCB_hardware\OBC Development Board\External Connectors.SchDoc with RT-220R-F-1/16W-0402 from OBC Development Board.SchLib
Replace Part R135 RT-220R-F-1/16W-0402 in C:\Users\James Chen\Documents\CalgaryToSpace\OBC_PCB_hardware\OBC Development Board\External Connectors.SchDoc with RT-220R-F-1/16W-0402 from OBC Development Board.SchLib
Replace Part R136 RT-10K0-F-1/16W-0603 in C:\Users\James Chen\Documents\CalgaryToSpace\OBC_PCB_hardware\OBC Development Board\External Connectors.SchDoc with RT-10K0-F-1/16W-0603 from OBC Development Board.SchLib
Replace Part U9 U-MAX3378EEUD+T in C:\Users\James Chen\Documents\CalgaryToSpace\OBC_PCB_hardware\OBC Development Board\External Connectors.SchDoc with U-MAX3378EEUD+T from OBC Development Board.SchLib
Replace Part U10 U-MAX3086EESD+T in C:\Users\James Chen\Documents\CalgaryToSpace\OBC_PCB_hardware\OBC Development Board\External Connectors.SchDoc with U-MAX3086EESD+T from OBC Development Board.SchLib
