Replace Part C27 CC-104-K-25V-X7R-0402 in C:\Users\James\Documents\Calgary to Space\OBC_PCB_hardware\OBC Development Board\External Connectors.SchDoc with CC-104-K-25V-X7R-0402 from OBC Development Board.SchLib
Replace Part C28 CC-104-K-25V-X7R-0402 in C:\Users\James\Documents\Calgary to Space\OBC_PCB_hardware\OBC Development Board\External Connectors.SchDoc with CC-104-K-25V-X7R-0402 from OBC Development Board.SchLib
Replace Part C29 CC-105-K-25V-X7R-0603 in C:\Users\James\Documents\Calgary to Space\OBC_PCB_hardware\OBC Development Board\External Connectors.SchDoc with CC-105-K-25V-X7R-0603 from OBC Development Board.SchLib
Replace Part C31 CC-105-K-25V-X7R-0603 in C:\Users\James\Documents\Calgary to Space\OBC_PCB_hardware\OBC Development Board\External Connectors.SchDoc with CC-105-K-25V-X7R-0603 from OBC Development Board.SchLib
Replace Part C32 CC-105-K-25V-X7R-0603 in C:\Users\James\Documents\Calgary to Space\OBC_PCB_hardware\OBC Development Board\External Connectors.SchDoc with CC-105-K-25V-X7R-0603 from OBC Development Board.SchLib
Replace Part C33 CC-105-K-25V-X7R-0603 in C:\Users\James\Documents\Calgary to Space\OBC_PCB_hardware\OBC Development Board\External Connectors.SchDoc with CC-105-K-25V-X7R-0603 from OBC Development Board.SchLib
Replace Part C36 CC-104-K-25V-X7R-0402 in C:\Users\James\Documents\Calgary to Space\OBC_PCB_hardware\OBC Development Board\External Connectors.SchDoc with CC-104-K-25V-X7R-0402 from OBC Development Board.SchLib
Replace Part C37 CC-104-K-25V-X7R-0402 in C:\Users\James\Documents\Calgary to Space\OBC_PCB_hardware\OBC Development Board\External Connectors.SchDoc with CC-104-K-25V-X7R-0402 from OBC Development Board.SchLib
Replace Part C38 CT-225-M-20V-OTH-1206 in C:\Users\James\Documents\Calgary to Space\OBC_PCB_hardware\OBC Development Board\External Connectors.SchDoc with CT-225-M-20V-OTH-1206 from OBC Development Board.SchLib
Replace Part C39 CC-104-K-25V-X7R-0402 in C:\Users\James\Documents\Calgary to Space\OBC_PCB_hardware\OBC Development Board\External Connectors.SchDoc with CC-104-K-25V-X7R-0402 from OBC Development Board.SchLib
Replace Part D5 D-SML-D12U1WT86 in C:\Users\James\Documents\Calgary to Space\OBC_PCB_hardware\OBC Development Board\External Connectors.SchDoc with D-SML-D12U1WT86 from OBC Development Board.SchLib
Replace Part D6 D-SML-D12U1WT86 in C:\Users\James\Documents\Calgary to Space\OBC_PCB_hardware\OBC Development Board\External Connectors.SchDoc with D-SML-D12U1WT86 from OBC Development Board.SchLib
Replace Part D7 D-SML-D12U1WT86 in C:\Users\James\Documents\Calgary to Space\OBC_PCB_hardware\OBC Development Board\External Connectors.SchDoc with D-SML-D12U1WT86 from OBC Development Board.SchLib
Replace Part J3 J-629105150521 in C:\Users\James\Documents\Calgary to Space\OBC_PCB_hardware\OBC Development Board\External Connectors.SchDoc with J-629105150521 from OBC Development Board.SchLib
Replace Part J4 J-TSM-105-01-F-DV in C:\Users\James\Documents\Calgary to Space\OBC_PCB_hardware\OBC Development Board\External Connectors.SchDoc with J-TSM-105-01-F-DV from OBC Development Board.SchLib
Replace Part J5 J-ESQ-126-14-G-D in C:\Users\James\Documents\Calgary to Space\OBC_PCB_hardware\OBC Development Board\External Connectors.SchDoc with J-ESQ-126-14-G-D from OBC Development Board.SchLib
Replace Part J6 J-ESQ-126-14-G-D in C:\Users\James\Documents\Calgary to Space\OBC_PCB_hardware\OBC Development Board\External Connectors.SchDoc with J-ESQ-126-14-G-D from OBC Development Board.SchLib
Replace Part R115 RT-100R-F-1/16W-0402 in C:\Users\James\Documents\Calgary to Space\OBC_PCB_hardware\OBC Development Board\External Connectors.SchDoc with RT-100R-F-1/16W-0402 from OBC Development Board.SchLib
Replace Part R116 RT-220R-F-1/16W-0402 in C:\Users\James\Documents\Calgary to Space\OBC_PCB_hardware\OBC Development Board\External Connectors.SchDoc with RT-220R-F-1/16W-0402 from OBC Development Board.SchLib
Replace Part R117 RT-220R-F-1/16W-0402 in C:\Users\James\Documents\Calgary to Space\OBC_PCB_hardware\OBC Development Board\External Connectors.SchDoc with RT-220R-F-1/16W-0402 from OBC Development Board.SchLib
Replace Part R131 RT-100R-F-1/16W-0402 in C:\Users\James\Documents\Calgary to Space\OBC_PCB_hardware\OBC Development Board\External Connectors.SchDoc with RT-100R-F-1/16W-0402 from OBC Development Board.SchLib
Replace Part R132 RT-10K0-F-1/16W-0402 in C:\Users\James\Documents\Calgary to Space\OBC_PCB_hardware\OBC Development Board\External Connectors.SchDoc with RT-10K0-F-1/16W-0402 from OBC Development Board.SchLib
Replace Part R133 RT-10K0-F-1/16W-0402 in C:\Users\James\Documents\Calgary to Space\OBC_PCB_hardware\OBC Development Board\External Connectors.SchDoc with RT-10K0-F-1/16W-0402 from OBC Development Board.SchLib
Replace Part R134 RT-10K0-F-1/16W-0402 in C:\Users\James\Documents\Calgary to Space\OBC_PCB_hardware\OBC Development Board\External Connectors.SchDoc with RT-10K0-F-1/16W-0402 from OBC Development Board.SchLib
Replace Part R135 RT-10K0-F-1/16W-0402 in C:\Users\James\Documents\Calgary to Space\OBC_PCB_hardware\OBC Development Board\External Connectors.SchDoc with RT-10K0-F-1/16W-0402 from OBC Development Board.SchLib
Replace Part R149 RT-0R00-F-1/10W-0402 in C:\Users\James\Documents\Calgary to Space\OBC_PCB_hardware\OBC Development Board\External Connectors.SchDoc with RT-0R00-F-1/10W-0402 from OBC Development Board.SchLib
Replace Part R150 RT-0R00-F-1/10W-0402 in C:\Users\James\Documents\Calgary to Space\OBC_PCB_hardware\OBC Development Board\External Connectors.SchDoc with RT-0R00-F-1/10W-0402 from OBC Development Board.SchLib
Replace Part R151 RT-0R00-F-1/10W-0402 in C:\Users\James\Documents\Calgary to Space\OBC_PCB_hardware\OBC Development Board\External Connectors.SchDoc with RT-0R00-F-1/10W-0402 from OBC Development Board.SchLib
Replace Part R152 RT-0R00-F-1/10W-0402 in C:\Users\James\Documents\Calgary to Space\OBC_PCB_hardware\OBC Development Board\External Connectors.SchDoc with RT-0R00-F-1/10W-0402 from OBC Development Board.SchLib
Replace Part R153 RT-0R00-F-1/10W-0402 in C:\Users\James\Documents\Calgary to Space\OBC_PCB_hardware\OBC Development Board\External Connectors.SchDoc with RT-0R00-F-1/10W-0402 from OBC Development Board.SchLib
Replace Part R154 RT-0R00-F-1/10W-0402 in C:\Users\James\Documents\Calgary to Space\OBC_PCB_hardware\OBC Development Board\External Connectors.SchDoc with RT-0R00-F-1/10W-0402 from OBC Development Board.SchLib
Replace Part R155 RT-0R00-F-1/10W-0402 in C:\Users\James\Documents\Calgary to Space\OBC_PCB_hardware\OBC Development Board\External Connectors.SchDoc with RT-0R00-F-1/10W-0402 from OBC Development Board.SchLib
Replace Part R156 RT-0R00-F-1/10W-0402 in C:\Users\James\Documents\Calgary to Space\OBC_PCB_hardware\OBC Development Board\External Connectors.SchDoc with RT-0R00-F-1/10W-0402 from OBC Development Board.SchLib
Replace Part R157 RT-0R00-F-1/10W-0402 in C:\Users\James\Documents\Calgary to Space\OBC_PCB_hardware\OBC Development Board\External Connectors.SchDoc with RT-0R00-F-1/10W-0402 from OBC Development Board.SchLib
Replace Part R158 RT-0R00-F-1/10W-0402 in C:\Users\James\Documents\Calgary to Space\OBC_PCB_hardware\OBC Development Board\External Connectors.SchDoc with RT-0R00-F-1/10W-0402 from OBC Development Board.SchLib
Replace Part R159 RT-0R00-F-1/10W-0402 in C:\Users\James\Documents\Calgary to Space\OBC_PCB_hardware\OBC Development Board\External Connectors.SchDoc with RT-0R00-F-1/10W-0402 from OBC Development Board.SchLib
Replace Part R160 RT-0R00-F-1/10W-0402 in C:\Users\James\Documents\Calgary to Space\OBC_PCB_hardware\OBC Development Board\External Connectors.SchDoc with RT-0R00-F-1/10W-0402 from OBC Development Board.SchLib
Replace Part R161 RT-0R00-F-1/10W-0402 in C:\Users\James\Documents\Calgary to Space\OBC_PCB_hardware\OBC Development Board\External Connectors.SchDoc with RT-0R00-F-1/10W-0402 from OBC Development Board.SchLib
Replace Part R162 RT-0R00-F-1/10W-0402 in C:\Users\James\Documents\Calgary to Space\OBC_PCB_hardware\OBC Development Board\External Connectors.SchDoc with RT-0R00-F-1/10W-0402 from OBC Development Board.SchLib
Replace Part R163 RT-0R00-F-1/10W-0402 in C:\Users\James\Documents\Calgary to Space\OBC_PCB_hardware\OBC Development Board\External Connectors.SchDoc with RT-0R00-F-1/10W-0402 from OBC Development Board.SchLib
Replace Part R164 RT-0R00-F-1/10W-0402 in C:\Users\James\Documents\Calgary to Space\OBC_PCB_hardware\OBC Development Board\External Connectors.SchDoc with RT-0R00-F-1/10W-0402 from OBC Development Board.SchLib
Replace Part R165 RT-0R00-F-1/10W-0402 in C:\Users\James\Documents\Calgary to Space\OBC_PCB_hardware\OBC Development Board\External Connectors.SchDoc with RT-0R00-F-1/10W-0402 from OBC Development Board.SchLib
Replace Part R166 RT-0R00-F-1/10W-0402 in C:\Users\James\Documents\Calgary to Space\OBC_PCB_hardware\OBC Development Board\External Connectors.SchDoc with RT-0R00-F-1/10W-0402 from OBC Development Board.SchLib
Replace Part R167 RT-0R00-F-1/10W-0402 in C:\Users\James\Documents\Calgary to Space\OBC_PCB_hardware\OBC Development Board\External Connectors.SchDoc with RT-0R00-F-1/10W-0402 from OBC Development Board.SchLib
Replace Part R168 RT-0R00-F-1/10W-0402 in C:\Users\James\Documents\Calgary to Space\OBC_PCB_hardware\OBC Development Board\External Connectors.SchDoc with RT-0R00-F-1/10W-0402 from OBC Development Board.SchLib
Replace Part R169 RT-0R00-F-1/10W-0402 in C:\Users\James\Documents\Calgary to Space\OBC_PCB_hardware\OBC Development Board\External Connectors.SchDoc with RT-0R00-F-1/10W-0402 from OBC Development Board.SchLib
Replace Part R170 RT-0R00-F-1/10W-0402 in C:\Users\James\Documents\Calgary to Space\OBC_PCB_hardware\OBC Development Board\External Connectors.SchDoc with RT-0R00-F-1/10W-0402 from OBC Development Board.SchLib
Replace Part R171 RT-0R00-F-1/10W-0402 in C:\Users\James\Documents\Calgary to Space\OBC_PCB_hardware\OBC Development Board\External Connectors.SchDoc with RT-0R00-F-1/10W-0402 from OBC Development Board.SchLib
Replace Part R172 RT-0R00-F-1/10W-0402 in C:\Users\James\Documents\Calgary to Space\OBC_PCB_hardware\OBC Development Board\External Connectors.SchDoc with RT-0R00-F-1/10W-0402 from OBC Development Board.SchLib
Replace Part R173 RT-0R00-F-1/10W-0402 in C:\Users\James\Documents\Calgary to Space\OBC_PCB_hardware\OBC Development Board\External Connectors.SchDoc with RT-0R00-F-1/10W-0402 from OBC Development Board.SchLib
Replace Part R174 RT-0R00-F-1/10W-0402 in C:\Users\James\Documents\Calgary to Space\OBC_PCB_hardware\OBC Development Board\External Connectors.SchDoc with RT-0R00-F-1/10W-0402 from OBC Development Board.SchLib
Replace Part R175 RT-0R00-F-1/10W-0402 in C:\Users\James\Documents\Calgary to Space\OBC_PCB_hardware\OBC Development Board\External Connectors.SchDoc with RT-0R00-F-1/10W-0402 from OBC Development Board.SchLib
Replace Part R176 RT-0R00-F-1/10W-0402 in C:\Users\James\Documents\Calgary to Space\OBC_PCB_hardware\OBC Development Board\External Connectors.SchDoc with RT-0R00-F-1/10W-0402 from OBC Development Board.SchLib
Replace Part R177 RT-0R00-F-1/10W-0402 in C:\Users\James\Documents\Calgary to Space\OBC_PCB_hardware\OBC Development Board\External Connectors.SchDoc with RT-0R00-F-1/10W-0402 from OBC Development Board.SchLib
Replace Part R178 RT-0R00-F-1/10W-0402 in C:\Users\James\Documents\Calgary to Space\OBC_PCB_hardware\OBC Development Board\External Connectors.SchDoc with RT-0R00-F-1/10W-0402 from OBC Development Board.SchLib
Replace Part R179 RT-0R00-F-1/10W-0402 in C:\Users\James\Documents\Calgary to Space\OBC_PCB_hardware\OBC Development Board\External Connectors.SchDoc with RT-0R00-F-1/10W-0402 from OBC Development Board.SchLib
Replace Part R180 RT-0R00-F-1/10W-0402 in C:\Users\James\Documents\Calgary to Space\OBC_PCB_hardware\OBC Development Board\External Connectors.SchDoc with RT-0R00-F-1/10W-0402 from OBC Development Board.SchLib
Replace Part R181 RT-0R00-F-1/10W-0402 in C:\Users\James\Documents\Calgary to Space\OBC_PCB_hardware\OBC Development Board\External Connectors.SchDoc with RT-0R00-F-1/10W-0402 from OBC Development Board.SchLib
Replace Part R182 RT-0R00-F-1/10W-0402 in C:\Users\James\Documents\Calgary to Space\OBC_PCB_hardware\OBC Development Board\External Connectors.SchDoc with RT-0R00-F-1/10W-0402 from OBC Development Board.SchLib
Replace Part R183 RT-0R00-F-1/10W-0402 in C:\Users\James\Documents\Calgary to Space\OBC_PCB_hardware\OBC Development Board\External Connectors.SchDoc with RT-0R00-F-1/10W-0402 from OBC Development Board.SchLib
Replace Part R184 RT-0R00-F-1/10W-0402 in C:\Users\James\Documents\Calgary to Space\OBC_PCB_hardware\OBC Development Board\External Connectors.SchDoc with RT-0R00-F-1/10W-0402 from OBC Development Board.SchLib
Replace Part R185 RT-0R00-F-1/10W-0402 in C:\Users\James\Documents\Calgary to Space\OBC_PCB_hardware\OBC Development Board\External Connectors.SchDoc with RT-0R00-F-1/10W-0402 from OBC Development Board.SchLib
Replace Part R186 RT-0R00-F-1/10W-0402 in C:\Users\James\Documents\Calgary to Space\OBC_PCB_hardware\OBC Development Board\External Connectors.SchDoc with RT-0R00-F-1/10W-0402 from OBC Development Board.SchLib
Replace Part R187 RT-0R00-F-1/10W-0402 in C:\Users\James\Documents\Calgary to Space\OBC_PCB_hardware\OBC Development Board\External Connectors.SchDoc with RT-0R00-F-1/10W-0402 from OBC Development Board.SchLib
Replace Part R188 RT-0R00-F-1/10W-0402 in C:\Users\James\Documents\Calgary to Space\OBC_PCB_hardware\OBC Development Board\External Connectors.SchDoc with RT-0R00-F-1/10W-0402 from OBC Development Board.SchLib
Replace Part R189 RT-0R00-F-1/10W-0402 in C:\Users\James\Documents\Calgary to Space\OBC_PCB_hardware\OBC Development Board\External Connectors.SchDoc with RT-0R00-F-1/10W-0402 from OBC Development Board.SchLib
Replace Part R190 RT-0R00-F-1/10W-0402 in C:\Users\James\Documents\Calgary to Space\OBC_PCB_hardware\OBC Development Board\External Connectors.SchDoc with RT-0R00-F-1/10W-0402 from OBC Development Board.SchLib
Replace Part R191 RT-0R00-F-1/10W-0402 in C:\Users\James\Documents\Calgary to Space\OBC_PCB_hardware\OBC Development Board\External Connectors.SchDoc with RT-0R00-F-1/10W-0402 from OBC Development Board.SchLib
Replace Part R192 RT-0R00-F-1/10W-0402 in C:\Users\James\Documents\Calgary to Space\OBC_PCB_hardware\OBC Development Board\External Connectors.SchDoc with RT-0R00-F-1/10W-0402 from OBC Development Board.SchLib
Replace Part R193 RT-0R00-F-1/10W-0402 in C:\Users\James\Documents\Calgary to Space\OBC_PCB_hardware\OBC Development Board\External Connectors.SchDoc with RT-0R00-F-1/10W-0402 from OBC Development Board.SchLib
Replace Part R194 RT-0R00-F-1/10W-0402 in C:\Users\James\Documents\Calgary to Space\OBC_PCB_hardware\OBC Development Board\External Connectors.SchDoc with RT-0R00-F-1/10W-0402 from OBC Development Board.SchLib
Replace Part R195 RT-0R00-F-1/10W-0402 in C:\Users\James\Documents\Calgary to Space\OBC_PCB_hardware\OBC Development Board\External Connectors.SchDoc with RT-0R00-F-1/10W-0402 from OBC Development Board.SchLib
Replace Part R196 RT-0R00-F-1/10W-0402 in C:\Users\James\Documents\Calgary to Space\OBC_PCB_hardware\OBC Development Board\External Connectors.SchDoc with RT-0R00-F-1/10W-0402 from OBC Development Board.SchLib
Replace Part R197 RT-0R00-F-1/10W-0402 in C:\Users\James\Documents\Calgary to Space\OBC_PCB_hardware\OBC Development Board\External Connectors.SchDoc with RT-0R00-F-1/10W-0402 from OBC Development Board.SchLib
Replace Part R198 RT-0R00-F-1/10W-0402 in C:\Users\James\Documents\Calgary to Space\OBC_PCB_hardware\OBC Development Board\External Connectors.SchDoc with RT-0R00-F-1/10W-0402 from OBC Development Board.SchLib
Replace Part R199 RT-0R00-F-1/10W-0402 in C:\Users\James\Documents\Calgary to Space\OBC_PCB_hardware\OBC Development Board\External Connectors.SchDoc with RT-0R00-F-1/10W-0402 from OBC Development Board.SchLib
Replace Part R200 RT-0R00-F-1/10W-0402 in C:\Users\James\Documents\Calgary to Space\OBC_PCB_hardware\OBC Development Board\External Connectors.SchDoc with RT-0R00-F-1/10W-0402 from OBC Development Board.SchLib
Replace Part R201 RT-0R00-F-1/10W-0402 in C:\Users\James\Documents\Calgary to Space\OBC_PCB_hardware\OBC Development Board\External Connectors.SchDoc with RT-0R00-F-1/10W-0402 from OBC Development Board.SchLib
Replace Part R202 RT-0R00-F-1/10W-0402 in C:\Users\James\Documents\Calgary to Space\OBC_PCB_hardware\OBC Development Board\External Connectors.SchDoc with RT-0R00-F-1/10W-0402 from OBC Development Board.SchLib
Replace Part R203 RT-0R00-F-1/10W-0402 in C:\Users\James\Documents\Calgary to Space\OBC_PCB_hardware\OBC Development Board\External Connectors.SchDoc with RT-0R00-F-1/10W-0402 from OBC Development Board.SchLib
Replace Part R204 RT-0R00-F-1/10W-0402 in C:\Users\James\Documents\Calgary to Space\OBC_PCB_hardware\OBC Development Board\External Connectors.SchDoc with RT-0R00-F-1/10W-0402 from OBC Development Board.SchLib
Replace Part R205 RT-0R00-F-1/10W-0402 in C:\Users\James\Documents\Calgary to Space\OBC_PCB_hardware\OBC Development Board\External Connectors.SchDoc with RT-0R00-F-1/10W-0402 from OBC Development Board.SchLib
Replace Part R206 RT-0R00-F-1/10W-0402 in C:\Users\James\Documents\Calgary to Space\OBC_PCB_hardware\OBC Development Board\External Connectors.SchDoc with RT-0R00-F-1/10W-0402 from OBC Development Board.SchLib
Replace Part R207 RT-0R00-F-1/10W-0402 in C:\Users\James\Documents\Calgary to Space\OBC_PCB_hardware\OBC Development Board\External Connectors.SchDoc with RT-0R00-F-1/10W-0402 from OBC Development Board.SchLib
Replace Part R208 RT-0R00-F-1/10W-0402 in C:\Users\James\Documents\Calgary to Space\OBC_PCB_hardware\OBC Development Board\External Connectors.SchDoc with RT-0R00-F-1/10W-0402 from OBC Development Board.SchLib
Replace Part R209 RT-0R00-F-1/10W-0402 in C:\Users\James\Documents\Calgary to Space\OBC_PCB_hardware\OBC Development Board\External Connectors.SchDoc with RT-0R00-F-1/10W-0402 from OBC Development Board.SchLib
Replace Part R210 RT-0R00-F-1/10W-0402 in C:\Users\James\Documents\Calgary to Space\OBC_PCB_hardware\OBC Development Board\External Connectors.SchDoc with RT-0R00-F-1/10W-0402 from OBC Development Board.SchLib
Replace Part R211 RT-0R00-F-1/10W-0402 in C:\Users\James\Documents\Calgary to Space\OBC_PCB_hardware\OBC Development Board\External Connectors.SchDoc with RT-0R00-F-1/10W-0402 from OBC Development Board.SchLib
Replace Part R212 RT-0R00-F-1/10W-0402 in C:\Users\James\Documents\Calgary to Space\OBC_PCB_hardware\OBC Development Board\External Connectors.SchDoc with RT-0R00-F-1/10W-0402 from OBC Development Board.SchLib
Replace Part R213 RT-0R00-F-1/10W-0402 in C:\Users\James\Documents\Calgary to Space\OBC_PCB_hardware\OBC Development Board\External Connectors.SchDoc with RT-0R00-F-1/10W-0402 from OBC Development Board.SchLib
Replace Part R214 RT-0R00-F-1/10W-0402 in C:\Users\James\Documents\Calgary to Space\OBC_PCB_hardware\OBC Development Board\External Connectors.SchDoc with RT-0R00-F-1/10W-0402 from OBC Development Board.SchLib
Replace Part R215 RT-0R00-F-1/10W-0402 in C:\Users\James\Documents\Calgary to Space\OBC_PCB_hardware\OBC Development Board\External Connectors.SchDoc with RT-0R00-F-1/10W-0402 from OBC Development Board.SchLib
Replace Part R216 RT-0R00-F-1/10W-0402 in C:\Users\James\Documents\Calgary to Space\OBC_PCB_hardware\OBC Development Board\External Connectors.SchDoc with RT-0R00-F-1/10W-0402 from OBC Development Board.SchLib
Replace Part R217 RT-0R00-F-1/10W-0402 in C:\Users\James\Documents\Calgary to Space\OBC_PCB_hardware\OBC Development Board\External Connectors.SchDoc with RT-0R00-F-1/10W-0402 from OBC Development Board.SchLib
Replace Part R218 RT-0R00-F-1/10W-0402 in C:\Users\James\Documents\Calgary to Space\OBC_PCB_hardware\OBC Development Board\External Connectors.SchDoc with RT-0R00-F-1/10W-0402 from OBC Development Board.SchLib
Replace Part R219 RT-0R00-F-1/10W-0402 in C:\Users\James\Documents\Calgary to Space\OBC_PCB_hardware\OBC Development Board\External Connectors.SchDoc with RT-0R00-F-1/10W-0402 from OBC Development Board.SchLib
Replace Part R220 RT-0R00-F-1/10W-0402 in C:\Users\James\Documents\Calgary to Space\OBC_PCB_hardware\OBC Development Board\External Connectors.SchDoc with RT-0R00-F-1/10W-0402 from OBC Development Board.SchLib
Replace Part R221 RT-0R00-F-1/10W-0402 in C:\Users\James\Documents\Calgary to Space\OBC_PCB_hardware\OBC Development Board\External Connectors.SchDoc with RT-0R00-F-1/10W-0402 from OBC Development Board.SchLib
Replace Part R222 RT-0R00-F-1/10W-0402 in C:\Users\James\Documents\Calgary to Space\OBC_PCB_hardware\OBC Development Board\External Connectors.SchDoc with RT-0R00-F-1/10W-0402 from OBC Development Board.SchLib
Replace Part R223 RT-0R00-F-1/10W-0402 in C:\Users\James\Documents\Calgary to Space\OBC_PCB_hardware\OBC Development Board\External Connectors.SchDoc with RT-0R00-F-1/10W-0402 from OBC Development Board.SchLib
Replace Part R224 RT-0R00-F-1/10W-0402 in C:\Users\James\Documents\Calgary to Space\OBC_PCB_hardware\OBC Development Board\External Connectors.SchDoc with RT-0R00-F-1/10W-0402 from OBC Development Board.SchLib
Replace Part U9 U-MAX3378EEUD+T in C:\Users\James\Documents\Calgary to Space\OBC_PCB_hardware\OBC Development Board\External Connectors.SchDoc with U-MAX3378EEUD+T from OBC Development Board.SchLib
Replace Part U10 U-MAX3086EESD+T in C:\Users\James\Documents\Calgary to Space\OBC_PCB_hardware\OBC Development Board\External Connectors.SchDoc with U-MAX3086EESD+T from OBC Development Board.SchLib
Replace Part U11 J-LD09S13A4GX00LF in C:\Users\James\Documents\Calgary to Space\OBC_PCB_hardware\OBC Development Board\External Connectors.SchDoc with J-LD09S13A4GX00LF from OBC Development Board.SchLib
Replace Part U12 U-TLV7111812DSER in C:\Users\James\Documents\Calgary to Space\OBC_PCB_hardware\OBC Development Board\External Connectors.SchDoc with U-TLV7111812DSER from OBC Development Board.SchLib
Replace Part U13 U-TPS2055AD in C:\Users\James\Documents\Calgary to Space\OBC_PCB_hardware\OBC Development Board\External Connectors.SchDoc with U-TPS2055AD from OBC Development Board.SchLib
