Replace Part C22 CC-104-K-25V-X7R-0402 in C:\Users\James\Documents\Calgary to Space\OBC_PCB_hardware\OBC Development Board\Memory.SchDoc with CC-104-K-25V-X7R-0402 from OBC Development Board.SchLib
Replace Part C23 CC-104-K-25V-X7R-0402 in C:\Users\James\Documents\Calgary to Space\OBC_PCB_hardware\OBC Development Board\Memory.SchDoc with CC-104-K-25V-X7R-0402 from OBC Development Board.SchLib
Replace Part C24 CC-104-K-25V-X7R-0402 in C:\Users\James\Documents\Calgary to Space\OBC_PCB_hardware\OBC Development Board\Memory.SchDoc with CC-104-K-25V-X7R-0402 from OBC Development Board.SchLib
Replace Part C25 CC-104-K-25V-X7R-0402 in C:\Users\James\Documents\Calgary to Space\OBC_PCB_hardware\OBC Development Board\Memory.SchDoc with CC-104-K-25V-X7R-0402 from OBC Development Board.SchLib
Replace Part C26 CC-104-K-25V-X7R-0402 in C:\Users\James\Documents\Calgary to Space\OBC_PCB_hardware\OBC Development Board\Memory.SchDoc with CC-104-K-25V-X7R-0402 from OBC Development Board.SchLib
Replace Part C27 CC-104-K-25V-X7R-0402 in C:\Users\James\Documents\Calgary to Space\OBC_PCB_hardware\OBC Development Board\Memory.SchDoc with CC-104-K-25V-X7R-0402 from OBC Development Board.SchLib
Replace Part C28 CC-104-K-25V-X7R-0402 in C:\Users\James\Documents\Calgary to Space\OBC_PCB_hardware\OBC Development Board\Memory.SchDoc with CC-104-K-25V-X7R-0402 from OBC Development Board.SchLib
Replace Part R117 RT-10K0-F-1/16W-0402 in C:\Users\James\Documents\Calgary to Space\OBC_PCB_hardware\OBC Development Board\Memory.SchDoc with RT-10K0-F-1/16W-0402 from OBC Development Board.SchLib
Replace Part R118 RT-10K0-F-1/16W-0402 in C:\Users\James\Documents\Calgary to Space\OBC_PCB_hardware\OBC Development Board\Memory.SchDoc with RT-10K0-F-1/16W-0402 from OBC Development Board.SchLib
Replace Part R119 RT-10K0-F-1/16W-0402 in C:\Users\James\Documents\Calgary to Space\OBC_PCB_hardware\OBC Development Board\Memory.SchDoc with RT-10K0-F-1/16W-0402 from OBC Development Board.SchLib
Replace Part R120 RT-10K0-F-1/16W-0402 in C:\Users\James\Documents\Calgary to Space\OBC_PCB_hardware\OBC Development Board\Memory.SchDoc with RT-10K0-F-1/16W-0402 from OBC Development Board.SchLib
Replace Part R121 RT-10K0-F-1/16W-0402 in C:\Users\James\Documents\Calgary to Space\OBC_PCB_hardware\OBC Development Board\Memory.SchDoc with RT-10K0-F-1/16W-0402 from OBC Development Board.SchLib
Replace Part R122 RT-10K0-F-1/16W-0402 in C:\Users\James\Documents\Calgary to Space\OBC_PCB_hardware\OBC Development Board\Memory.SchDoc with RT-10K0-F-1/16W-0402 from OBC Development Board.SchLib
Replace Part R123 RT-10K0-F-1/16W-0402 in C:\Users\James\Documents\Calgary to Space\OBC_PCB_hardware\OBC Development Board\Memory.SchDoc with RT-10K0-F-1/16W-0402 from OBC Development Board.SchLib
Replace Part R124 RT-10K0-F-1/16W-0402 in C:\Users\James\Documents\Calgary to Space\OBC_PCB_hardware\OBC Development Board\Memory.SchDoc with RT-10K0-F-1/16W-0402 from OBC Development Board.SchLib
Replace Part R125 RT-10K0-F-1/16W-0402 in C:\Users\James\Documents\Calgary to Space\OBC_PCB_hardware\OBC Development Board\Memory.SchDoc with RT-10K0-F-1/16W-0402 from OBC Development Board.SchLib
Replace Part R126 RT-10K0-F-1/16W-0402 in C:\Users\James\Documents\Calgary to Space\OBC_PCB_hardware\OBC Development Board\Memory.SchDoc with RT-10K0-F-1/16W-0402 from OBC Development Board.SchLib
Replace Part R127 RT-10K0-F-1/16W-0402 in C:\Users\James\Documents\Calgary to Space\OBC_PCB_hardware\OBC Development Board\Memory.SchDoc with RT-10K0-F-1/16W-0402 from OBC Development Board.SchLib
Replace Part R128 RT-10K0-F-1/16W-0402 in C:\Users\James\Documents\Calgary to Space\OBC_PCB_hardware\OBC Development Board\Memory.SchDoc with RT-10K0-F-1/16W-0402 from OBC Development Board.SchLib
Replace Part R129 RT-10K0-F-1/16W-0402 in C:\Users\James\Documents\Calgary to Space\OBC_PCB_hardware\OBC Development Board\Memory.SchDoc with RT-10K0-F-1/16W-0402 from OBC Development Board.SchLib
Replace Part U2 U-S70FL01GSAGMFI011 in C:\Users\James\Documents\Calgary to Space\OBC_PCB_hardware\OBC Development Board\Memory.SchDoc with U-S70FL01GSAGMFI011 from OBC Development Board.SchLib
Replace Part U3 U-S70FL01GSAGMFI011 in C:\Users\James\Documents\Calgary to Space\OBC_PCB_hardware\OBC Development Board\Memory.SchDoc with U-S70FL01GSAGMFI011 from OBC Development Board.SchLib
Replace Part U4 U-74LCX138MTC in C:\Users\James\Documents\Calgary to Space\OBC_PCB_hardware\OBC Development Board\Memory.SchDoc with U-74LCX138MTC from OBC Development Board.SchLib
Replace Part U5 U-S70FL01GSAGMFI011 in C:\Users\James\Documents\Calgary to Space\OBC_PCB_hardware\OBC Development Board\Memory.SchDoc with U-S70FL01GSAGMFI011 from OBC Development Board.SchLib
Replace Part U6 U-S70FL01GSAGMFI011 in C:\Users\James\Documents\Calgary to Space\OBC_PCB_hardware\OBC Development Board\Memory.SchDoc with U-S70FL01GSAGMFI011 from OBC Development Board.SchLib
Replace Part U7 U-CY15B108QN-40SXI in C:\Users\James\Documents\Calgary to Space\OBC_PCB_hardware\OBC Development Board\Memory.SchDoc with U-CY15B108QN-40SXI from OBC Development Board.SchLib
Replace Part U8 U-CY15B108QN-40SXI in C:\Users\James\Documents\Calgary to Space\OBC_PCB_hardware\OBC Development Board\Memory.SchDoc with U-CY15B108QN-40SXI from OBC Development Board.SchLib
