Replace Part C12 CC-104-K-25V-X7R-0402 in C:\Users\James\Documents\Calgary to Space\OBC_PCB_hardware\OBC Development Board\Motor Control.SchDoc with CC-104-K-25V-X7R-0402 from OBC Development Board.SchLib
Replace Part C33 CC-104-K-25V-X7R-0402 in C:\Users\James\Documents\Calgary to Space\OBC_PCB_hardware\OBC Development Board\Motor Control.SchDoc with CC-104-K-25V-X7R-0402 from OBC Development Board.SchLib
Replace Part C34 CC-105-K-25V-X7R-0603 in C:\Users\James\Documents\Calgary to Space\OBC_PCB_hardware\OBC Development Board\Motor Control.SchDoc with CC-105-K-25V-X7R-0603 from OBC Development Board.SchLib
Replace Part C39 CC-105-K-25V-X7R-0603 in C:\Users\James\Documents\Calgary to Space\OBC_PCB_hardware\OBC Development Board\Motor Control.SchDoc with CC-105-K-25V-X7R-0603 from OBC Development Board.SchLib
Replace Part C40 CC-105-K-25V-X7R-0603 in C:\Users\James\Documents\Calgary to Space\OBC_PCB_hardware\OBC Development Board\Motor Control.SchDoc with CC-105-K-25V-X7R-0603 from OBC Development Board.SchLib
Replace Part C41 CC-104-K-25V-X7R-0402 in C:\Users\James\Documents\Calgary to Space\OBC_PCB_hardware\OBC Development Board\Motor Control.SchDoc with CC-104-K-25V-X7R-0402 from OBC Development Board.SchLib
Replace Part C42 CC-228-J-50V-C0G-0402 in C:\Users\James\Documents\Calgary to Space\OBC_PCB_hardware\OBC Development Board\Motor Control.SchDoc with CC-228-J-50V-C0G-0402 from OBC Development Board.SchLib
Replace Part C43 CC-104-K-25V-X7R-0402 in C:\Users\James\Documents\Calgary to Space\OBC_PCB_hardware\OBC Development Board\Motor Control.SchDoc with CC-104-K-25V-X7R-0402 from OBC Development Board.SchLib
Replace Part C44 CC-104-K-25V-X7R-0402 in C:\Users\James\Documents\Calgary to Space\OBC_PCB_hardware\OBC Development Board\Motor Control.SchDoc with CC-104-K-25V-X7R-0402 from OBC Development Board.SchLib
Replace Part C45 CC-105-K-25V-X7R-0603 in C:\Users\James\Documents\Calgary to Space\OBC_PCB_hardware\OBC Development Board\Motor Control.SchDoc with CC-105-K-25V-X7R-0603 from OBC Development Board.SchLib
Replace Part C46 CC-104-K-25V-X7R-0402 in C:\Users\James\Documents\Calgary to Space\OBC_PCB_hardware\OBC Development Board\Motor Control.SchDoc with CC-104-K-25V-X7R-0402 from OBC Development Board.SchLib
Replace Part J7 J-TSM-105-01-F-DV in C:\Users\James\Documents\Calgary to Space\OBC_PCB_hardware\OBC Development Board\Motor Control.SchDoc with J-TSM-105-01-F-DV from OBC Development Board.SchLib
Replace Part J8 J-TSM-105-01-F-DV in C:\Users\James\Documents\Calgary to Space\OBC_PCB_hardware\OBC Development Board\Motor Control.SchDoc with J-TSM-105-01-F-DV from OBC Development Board.SchLib
Replace Part R13 RT-1K0-F-1/16W-0402 in C:\Users\James\Documents\Calgary to Space\OBC_PCB_hardware\OBC Development Board\Motor Control.SchDoc with RT-1K0-F-1/16W-0402 from OBC Development Board.SchLib
Replace Part R14 RT-100R-F-1/16W-0402 in C:\Users\James\Documents\Calgary to Space\OBC_PCB_hardware\OBC Development Board\Motor Control.SchDoc with RT-100R-F-1/16W-0402 from OBC Development Board.SchLib
Replace Part R15 RT-1K0-F-1/16W-0402 in C:\Users\James\Documents\Calgary to Space\OBC_PCB_hardware\OBC Development Board\Motor Control.SchDoc with RT-1K0-F-1/16W-0402 from OBC Development Board.SchLib
Replace Part R16 RT-1K0-F-1/16W-0402 in C:\Users\James\Documents\Calgary to Space\OBC_PCB_hardware\OBC Development Board\Motor Control.SchDoc with RT-1K0-F-1/16W-0402 from OBC Development Board.SchLib
Replace Part R17 RT-100R-F-1/16W-0402 in C:\Users\James\Documents\Calgary to Space\OBC_PCB_hardware\OBC Development Board\Motor Control.SchDoc with RT-100R-F-1/16W-0402 from OBC Development Board.SchLib
Replace Part R18 RT-1K0-F-1/16W-0402 in C:\Users\James\Documents\Calgary to Space\OBC_PCB_hardware\OBC Development Board\Motor Control.SchDoc with RT-1K0-F-1/16W-0402 from OBC Development Board.SchLib
Replace Part R21 RT-1K0-F-1/16W-0402 in C:\Users\James\Documents\Calgary to Space\OBC_PCB_hardware\OBC Development Board\Motor Control.SchDoc with RT-1K0-F-1/16W-0402 from OBC Development Board.SchLib
Replace Part R23 RT-1K0-F-1/16W-0402 in C:\Users\James\Documents\Calgary to Space\OBC_PCB_hardware\OBC Development Board\Motor Control.SchDoc with RT-1K0-F-1/16W-0402 from OBC Development Board.SchLib
Replace Part R138 RT-0R00-F-1/10W-0402 in C:\Users\James\Documents\Calgary to Space\OBC_PCB_hardware\OBC Development Board\Motor Control.SchDoc with RT-0R00-F-1/10W-0402 from OBC Development Board.SchLib
Replace Part R139 RT-0R00-F-1/10W-0402 in C:\Users\James\Documents\Calgary to Space\OBC_PCB_hardware\OBC Development Board\Motor Control.SchDoc with RT-0R00-F-1/10W-0402 from OBC Development Board.SchLib
Replace Part R140 RT-10K0-F-1/16W-0402 in C:\Users\James\Documents\Calgary to Space\OBC_PCB_hardware\OBC Development Board\Motor Control.SchDoc with RT-10K0-F-1/16W-0402 from OBC Development Board.SchLib
Replace Part R141 RT-10K0-F-1/16W-0402 in C:\Users\James\Documents\Calgary to Space\OBC_PCB_hardware\OBC Development Board\Motor Control.SchDoc with RT-10K0-F-1/16W-0402 from OBC Development Board.SchLib
Replace Part R142 RT-0R1-3W-2512 in C:\Users\James\Documents\Calgary to Space\OBC_PCB_hardware\OBC Development Board\Motor Control.SchDoc with RT-0R1-3W-2512 from OBC Development Board.SchLib
Replace Part R145 RT-0R00-F-1/10W-0402 in C:\Users\James\Documents\Calgary to Space\OBC_PCB_hardware\OBC Development Board\Motor Control.SchDoc with RT-0R00-F-1/10W-0402 from OBC Development Board.SchLib
Replace Part R146 RT-100R-F-1/16W-0402 in C:\Users\James\Documents\Calgary to Space\OBC_PCB_hardware\OBC Development Board\Motor Control.SchDoc with RT-100R-F-1/16W-0402 from OBC Development Board.SchLib
Replace Part R147 RT-0R00-F-1/10W-0402 in C:\Users\James\Documents\Calgary to Space\OBC_PCB_hardware\OBC Development Board\Motor Control.SchDoc with RT-0R00-F-1/10W-0402 from OBC Development Board.SchLib
Replace Part R148 RT-0R00-F-1/10W-0402 in C:\Users\James\Documents\Calgary to Space\OBC_PCB_hardware\OBC Development Board\Motor Control.SchDoc with RT-0R00-F-1/10W-0402 from OBC Development Board.SchLib
Replace Part R149 RT-0R00-F-1/10W-0402 in C:\Users\James\Documents\Calgary to Space\OBC_PCB_hardware\OBC Development Board\Motor Control.SchDoc with RT-0R00-F-1/10W-0402 from OBC Development Board.SchLib
Replace Part R150 RT-0R00-F-1/10W-0402 in C:\Users\James\Documents\Calgary to Space\OBC_PCB_hardware\OBC Development Board\Motor Control.SchDoc with RT-0R00-F-1/10W-0402 from OBC Development Board.SchLib
Replace Part U12 U-MAX3378EEUD+T in C:\Users\James\Documents\Calgary to Space\OBC_PCB_hardware\OBC Development Board\Motor Control.SchDoc with U-MAX3378EEUD+T from OBC Development Board.SchLib
Replace Part U14 U-MAX14871EUE+T in C:\Users\James\Documents\Calgary to Space\OBC_PCB_hardware\OBC Development Board\Motor Control.SchDoc with U-MAX14871EUE+T from OBC Development Board.SchLib
Replace Part U15 U-MAX3378EEUD+T in C:\Users\James\Documents\Calgary to Space\OBC_PCB_hardware\OBC Development Board\Motor Control.SchDoc with U-MAX3378EEUD+T from OBC Development Board.SchLib
Replace Part U16 U-MAX3095CSE+T in C:\Users\James\Documents\Calgary to Space\OBC_PCB_hardware\OBC Development Board\Motor Control.SchDoc with U-MAX3095CSE+T from OBC Development Board.SchLib
