Change Component Footprint: Designator=J1 Old Footprint=J-TSM-106-01-F-SV New Footprint=J-TSW-106-05-T-S
Change Component Footprint: Designator=J2 Old Footprint=J-TSM-106-01-F-SV New Footprint=J-TSW-106-05-T-S
Change Component Comment : Designator=J1 Old Comment=J-TSM-106-01-F-SV New Comment=J-TSW-106-05-T-S
Change Component Comment : Designator=J2 Old Comment=J-TSM-106-01-F-SV New Comment=J-TSW-106-05-T-S
Change component parameters: Designator = "J1" ("J1"); Footprint = "J-TSM-106-01-F-SV"; UniqueID = "\IZOFKLRU" ("\IZOFKLRU")
Change component parameters (AddParameter): Name = "Distrbutor"; Value = "None"; VariantName = "[No Variations]"
Change component parameters (AddParameter): Name = "Distrbutor part #"; Value = "SAM12323-ND"; VariantName = "[No Variations]"
Change component parameters (AddParameter): Name = "Manufacturer"; Value = "Samtec"; VariantName = "[No Variations]"
Change component parameters (AddParameter): Name = "Manufacturer Part #"; Value = "TSW-106-05-T-S"; VariantName = "[No Variations]"
Change component parameters (AddParameter): Name = "Price"; Value = "None"; VariantName = "[No Variations]"
Change component parameters: Designator = "J2" ("J2"); Footprint = "J-TSM-106-01-F-SV"; UniqueID = "\TWSLVGXL" ("\TWSLVGXL")
Change component parameters (AddParameter): Name = "Distrbutor"; Value = "None"; VariantName = "[No Variations]"
Change component parameters (AddParameter): Name = "Distrbutor part #"; Value = "SAM12323-ND"; VariantName = "[No Variations]"
Change component parameters (AddParameter): Name = "Manufacturer"; Value = "Samtec"; VariantName = "[No Variations]"
Change component parameters (AddParameter): Name = "Manufacturer Part #"; Value = "TSW-106-05-T-S"; VariantName = "[No Variations]"
Change component parameters (AddParameter): Name = "Price"; Value = "None"; VariantName = "[No Variations]"
Added Component: Designator=R49(0603)
Add component (AddParameter): Name = "ComponentLink1description"; Value = "Datasheet"; VariantName = "[No Variations]"
Add component (AddParameter): Name = "ComponentLink1URL"; Value = "https://www.vishay.com/docs/20035/dcrcwe3.pdf"; VariantName = "[No Variations]"
Add component (AddParameter): Name = "ComponentLink2description"; Value = "Manufacturer Website"; VariantName = "[No Variations]"
Add component (AddParameter): Name = "ComponentLink2URL"; Value = "https://www.vishay.com/"; VariantName = "[No Variations]"
Add component (AddParameter): Name = "Distributor"; Value = "Digikey"; VariantName = "[No Variations]"
Add component (AddParameter): Name = "Distributor Part #"; Value = "CR0603-FX-4701ELFCT-ND"; VariantName = "[No Variations]"
Add component (AddParameter): Name = "Manufacturer"; Value = "Bourns Inc."; VariantName = "[No Variations]"
Add component (AddParameter): Name = "Manufacturer Part #"; Value = "CR0603-FX-4701ELF"; VariantName = "[No Variations]"
Add component (AddParameter): Name = "Part Description"; Value = "RES SMD 4.7K OHM 1% 1/10W 0603"; VariantName = "[No Variations]"
Add component (AddParameter): Name = "Value"; Value = "4K7"; VariantName = "[No Variations]"
Added Component: Designator=R54(0603)
Add component (AddParameter): Name = "ComponentLink1description"; Value = "Datasheet"; VariantName = "[No Variations]"
Add component (AddParameter): Name = "ComponentLink1URL"; Value = "https://www.vishay.com/docs/20035/dcrcwe3.pdf"; VariantName = "[No Variations]"
Add component (AddParameter): Name = "ComponentLink2description"; Value = "Manufacturer Website"; VariantName = "[No Variations]"
Add component (AddParameter): Name = "ComponentLink2URL"; Value = "https://www.vishay.com/"; VariantName = "[No Variations]"
Add component (AddParameter): Name = "Distributor"; Value = "Digikey"; VariantName = "[No Variations]"
Add component (AddParameter): Name = "Distributor Part #"; Value = "CR0603-FX-4701ELFCT-ND"; VariantName = "[No Variations]"
Add component (AddParameter): Name = "Manufacturer"; Value = "Bourns Inc."; VariantName = "[No Variations]"
Add component (AddParameter): Name = "Manufacturer Part #"; Value = "CR0603-FX-4701ELF"; VariantName = "[No Variations]"
Add component (AddParameter): Name = "Part Description"; Value = "RES SMD 4.7K OHM 1% 1/10W 0603"; VariantName = "[No Variations]"
Add component (AddParameter): Name = "Value"; Value = "4K7"; VariantName = "[No Variations]"
Added Pin To Net: NetName=3V3 Pin=R49-1
Added Pin To Net: NetName=I2C3_SDA Pin=R49-2
Added Pin To Net: NetName=3V3 Pin=R54-1
Added Pin To Net: NetName=I2C3_SCL Pin=R54-2
Added Member To Class: ClassName=External Connectors Member=Component J12 J-0532617014
Added Member To Class: ClassName=STM32 Member=Component R49 4K7
Added Member To Class: ClassName=STM32 Member=Component R54 4K7
Added Room: Name=Antenna Deployment
Added Room: Name=External Connectors
Added Room: Name=Memory
Added Room: Name=Motor Control
Added Room: Name=STM32
