Removed Pin From Net: NetName=USART3_RX Pin=J3-3
Removed Pin From Net: NetName=USART3_TX Pin=J3-4
Removed Pin From Net: NetName=UART4_RX Pin=J7-3
Removed Pin From Net: NetName=UART4_TX Pin=J7-4
Removed Pin From Net: NetName=MPI_RX_P Pin=J10-8
Removed Pin From Net: NetName=MPI_RX_N Pin=J10-9
Removed Pin From Net: NetName=USART1_RX Pin=U9-2
Removed Pin From Net: NetName=USART1_TX Pin=U9-5
Added Pin To Net: NetName=USART3_TX Pin=J3-3
Added Pin To Net: NetName=USART3_RX Pin=J3-4
Added Pin To Net: NetName=UART4_TX Pin=J7-3
Added Pin To Net: NetName=UART4_RX Pin=J7-4
Added Pin To Net: NetName=MPI_RX_P Pin=J10-6
Added Pin To Net: NetName=MPI_RX_N Pin=J10-7
Added Pin To Net: NetName=USART1_TX Pin=U9-2
Added Pin To Net: NetName=USART1_RX Pin=U9-5
Change Net Name : Old Net Name=MPI_RX_N New Net Name=MPI_TX_N
Change Net Name : Old Net Name=MPI_RX_P New Net Name=MPI_TX_P
Added Pin To Net: NetName=MPI_RX_N Pin=J10-9
Added Pin To Net: NetName=MPI_RX_N Pin=U10-10
Added Net: Name=MPI_RX_N
Added Pin To Net: NetName=MPI_RX_P Pin=J10-8
Added Pin To Net: NetName=MPI_RX_P Pin=U10-9
Added Net: Name=MPI_RX_P
Added Room: Name=Antenna Deployment
Added Room: Name=External Connectors
Added Room: Name=Memory
Added Room: Name=Motor Control
Added Room: Name=STM32
