Removed Pin From Net: NetName=3V3 Pin=C36-1
Removed Pin From Net: NetName=GND Pin=C36-2
Removed Pin From Net: NetName=GPS_3V3 Pin=C37-1
Removed Pin From Net: NetName=GND Pin=C37-2
Removed Pin From Net: NetName=GPS_3V3 Pin=C38-1
Removed Pin From Net: NetName=GND Pin=C38-2
Removed Pin From Net: NetName=USART3_RX Pin=J4-03
Removed Pin From Net: NetName=USART3_TX Pin=J4-04
Removed Pin From Net: NetName=GPS_PPS Pin=J4-07
Removed Pin From Net: NetName=MOTOR_1 Pin=J7-01
Removed Pin From Net: NetName=MOTOR_1 Pin=J7-02
Removed Pin From Net: NetName=MOTOR_1 Pin=J7-03
Removed Pin From Net: NetName=MOTOR_1 Pin=J7-04
Removed Pin From Net: NetName=GND Pin=J7-05
Removed Pin From Net: NetName=GND Pin=J7-06
Removed Pin From Net: NetName=MOTOR_2 Pin=J7-07
Removed Pin From Net: NetName=MOTOR_2 Pin=J7-08
Removed Pin From Net: NetName=MOTOR_2 Pin=J7-09
Removed Pin From Net: NetName=MOTOR_2 Pin=J7-10
Removed Pin From Net: NetName=ENCODER_DATA Pin=J8-01
Removed Pin From Net: NetName=5V Pin=J8-02
Removed Pin From Net: NetName=GND Pin=J8-03
Removed Pin From Net: NetName=ENCODER_CLK Pin=J8-04
Removed Pin From Net: NetName=ENCODER_A_N Pin=J8-05
Removed Pin From Net: NetName=ENCODER_A_P Pin=J8-06
Removed Pin From Net: NetName=ENCODER_B_N Pin=J8-07
Removed Pin From Net: NetName=ENCODER_B_P Pin=J8-08
Removed Pin From Net: NetName=ENCODER_I_N Pin=J8-09
Removed Pin From Net: NetName=ENCODER_I_P Pin=J8-10
Removed Pin From Net: NetName=3V3 Pin=R137-1
Removed Pin From Net: NetName=GPS_PPS Pin=U1-37
Removed Pin From Net: NetName=GND Pin=U13-1
Removed Pin From Net: NetName=3V3 Pin=U13-2
Removed Pin From Net: NetName=3V3 Pin=U13-3
Removed Pin From Net: NetName=GPS_3V3 Pin=U13-6
Removed Pin From Net: NetName=GPS_3V3 Pin=U13-7
Removed Pin From Net: NetName=GPS_3V3 Pin=U13-8
Removed Member From Class: ClassName=Motor Control Member=J7
Change Component Footprint: Designator=J7 Old Footprint=J-TSM-105-01-F-DV New Footprint=J-0532610671
Change Component Footprint: Designator=J4 Old Footprint=J-TSM-105-01-F-DV New Footprint=J-532610871
Change Component Footprint: Designator=J8 Old Footprint=J-TSM-105-01-F-DV New Footprint=T2M-115-01-X-D-SM-WT
Change Component Comment : Designator=J7 Old Comment=TSM-105-01-F-DV New Comment=J-0532610671
Change Component Comment : Designator=J4 Old Comment=TSM-105-01-F-DV New Comment=J-0532610871
Change Component Comment : Designator=J8 Old Comment=TSM-105-01-F-DV New Comment=T2M-115-01-X-D-SM-WT
Change component parameters: Designator = "J8" ("J8"); Footprint = "J-TSM-105-01-F-DV"; UniqueID = "\VGISPHKF" ("\VGISPHKF")
Change component parameters (AddParameter): Name = "Distributor"; Value = "Mouser"; VariantName = "[No Variations]"
Change component parameters (AddParameter): Name = "Distributor Part #"; Value = "200-T2M11501LDSMWT"; VariantName = "[No Variations]"
Change component parameters (AddParameter): Name = "Manufactuer"; Value = "Samtec"; VariantName = "[No Variations]"
Change component parameters (AddParameter): Name = "Manufacturer Part #"; Value = "T2M-115-01-X-D-SM-WT"; VariantName = "[No Variations]"
Change component parameters: Designator = "J4" ("J4"); Footprint = "J-TSM-105-01-F-DV"; UniqueID = "\YKGMWCTR" ("\YKGMWCTR")
Change component parameters (AddParameter): Name = "Distributor"; Value = "Digi-Key"; VariantName = "[No Variations]"
Change component parameters (AddParameter): Name = "Distributor Part #"; Value = "WM7626CT-ND"; VariantName = "[No Variations]"
Change component parameters (AddParameter): Name = "Manfacturer"; Value = "Molex"; VariantName = "[No Variations]"
Change component parameters (AddParameter): Name = "Manfacturer Part #"; Value = "0532610871"; VariantName = "[No Variations]"
Change component parameters: Designator = "J7" ("J7"); Footprint = "J-TSM-105-01-F-DV"; UniqueID = "\GTQBKUFR" ("\GTQBKUFR")
Change component parameters (AddParameter): Name = "Distributor"; Value = "Digi-Key"; VariantName = "[No Variations]"
Change component parameters (AddParameter): Name = "Distributor Part #"; Value = "WM7624CT-ND"; VariantName = "[No Variations]"
Change component parameters (AddParameter): Name = "Manfacturer"; Value = "Molex"; VariantName = "[No Variations]"
Change component parameters (AddParameter): Name = "Manfacturer Part #"; Value = "0532610671"; VariantName = "[No Variations]"
Added Component: Designator=R25(0402)
Add component (AddParameter): Name = "Alternate Distributor Part #"; Value = "311-22.0LRCT-ND"; VariantName = "[No Variations]"
Add component (AddParameter): Name = "Alternate Manufacturer"; Value = "Yageo"; VariantName = "[No Variations]"
Add component (AddParameter): Name = "Alternate Manufacturer Part #"; Value = "RC0402FR-0722RL"; VariantName = "[No Variations]"
Add component (AddParameter): Name = "ComponentLink1description"; Value = "Datasheet"; VariantName = "[No Variations]"
Add component (AddParameter): Name = "ComponentLink1URL"; Value = "https://www.vishay.com/docs/20035/dcrcwe3.pdf"; VariantName = "[No Variations]"
Add component (AddParameter): Name = "ComponentLink2description"; Value = "Manufacturer Website"; VariantName = "[No Variations]"
Add component (AddParameter): Name = "ComponentLink2URL"; Value = "https://www.vishay.com/"; VariantName = "[No Variations]"
Add component (AddParameter): Name = "Distributor"; Value = "Digikey"; VariantName = "[No Variations]"
Add component (AddParameter): Name = "Distributor Part #"; Value = "541-22.0LCT-ND"; VariantName = "[No Variations]"
Add component (AddParameter): Name = "Manufacturer"; Value = "Vishay Dale"; VariantName = "[No Variations]"
Add component (AddParameter): Name = "Manufacturer Part #"; Value = "CRCW040222R0FKED"; VariantName = "[No Variations]"
Add component (AddParameter): Name = "Part Description"; Value = "RES SMD 22 OHM 1% 1/16W 0402"; VariantName = "[No Variations]"
Add component (AddParameter): Name = "Value"; Value = "22R"; VariantName = "[No Variations]"
Added Component: Designator=R29(0402)
Add component (AddParameter): Name = "Alternate Distributor Part #"; Value = "311-22.0LRCT-ND"; VariantName = "[No Variations]"
Add component (AddParameter): Name = "Alternate Manufacturer"; Value = "Yageo"; VariantName = "[No Variations]"
Add component (AddParameter): Name = "Alternate Manufacturer Part #"; Value = "RC0402FR-0722RL"; VariantName = "[No Variations]"
Add component (AddParameter): Name = "ComponentLink1description"; Value = "Datasheet"; VariantName = "[No Variations]"
Add component (AddParameter): Name = "ComponentLink1URL"; Value = "https://www.vishay.com/docs/20035/dcrcwe3.pdf"; VariantName = "[No Variations]"
Add component (AddParameter): Name = "ComponentLink2description"; Value = "Manufacturer Website"; VariantName = "[No Variations]"
Add component (AddParameter): Name = "ComponentLink2URL"; Value = "https://www.vishay.com/"; VariantName = "[No Variations]"
Add component (AddParameter): Name = "Distributor"; Value = "Digikey"; VariantName = "[No Variations]"
Add component (AddParameter): Name = "Distributor Part #"; Value = "541-22.0LCT-ND"; VariantName = "[No Variations]"
Add component (AddParameter): Name = "Manufacturer"; Value = "Vishay Dale"; VariantName = "[No Variations]"
Add component (AddParameter): Name = "Manufacturer Part #"; Value = "CRCW040222R0FKED"; VariantName = "[No Variations]"
Add component (AddParameter): Name = "Part Description"; Value = "RES SMD 22 OHM 1% 1/16W 0402"; VariantName = "[No Variations]"
Add component (AddParameter): Name = "Value"; Value = "22R"; VariantName = "[No Variations]"
Added Component: Designator=R30(0402)
Add component (AddParameter): Name = "Alternate Distributor Part #"; Value = "311-0.0JRCT-ND"; VariantName = "[No Variations]"
Add component (AddParameter): Name = "Alternate Manufacturer"; Value = "Yageo"; VariantName = "[No Variations]"
Add component (AddParameter): Name = "Alternate Manufacturer Part #"; Value = "RC0402JR-070RL"; VariantName = "[No Variations]"
Add component (AddParameter): Name = "ComponentLink1description"; Value = "Datasheet"; VariantName = "[No Variations]"
Add component (AddParameter): Name = "ComponentLink1URL"; Value = "https://industrial.panasonic.com/ww/products/resistors/chip-resistors/general-purpose-chip-resistors/models/ERJ2GE0R00X"; VariantName = "[No Variations]"
Add component (AddParameter): Name = "ComponentLink2description"; Value = "Manufacturer Website"; VariantName = "[No Variations]"
Add component (AddParameter): Name = "ComponentLink2URL"; Value = "https://industrial.panasonic.com/ww/products/resistors/chip-resistors/general-purpose-chip-resistors/models/ERJ2GE0R00X"; VariantName = "[No Variations]"
Add component (AddParameter): Name = "Distributor"; Value = "Digikey"; VariantName = "[No Variations]"
Add component (AddParameter): Name = "Distributor Part #"; Value = "P0.0JCT-ND"; VariantName = "[No Variations]"
Add component (AddParameter): Name = "Manufacturer"; Value = "Panasonic Electronic Components"; VariantName = "[No Variations]"
Add component (AddParameter): Name = "Manufacturer Part #"; Value = "ERJ-2GE0R00X"; VariantName = "[No Variations]"
Add component (AddParameter): Name = "Part Description"; Value = "RES SMD 0 OHM JUMPER 1/10W 0402"; VariantName = "[No Variations]"
Add component (AddParameter): Name = "Value"; Value = "0R"; VariantName = "[No Variations]"
Added Component: Designator=R31(0402)
Add component (AddParameter): Name = "Alternate Distributor Part #"; Value = "311-0.0JRCT-ND"; VariantName = "[No Variations]"
Add component (AddParameter): Name = "Alternate Manufacturer"; Value = "Yageo"; VariantName = "[No Variations]"
Add component (AddParameter): Name = "Alternate Manufacturer Part #"; Value = "RC0402JR-070RL"; VariantName = "[No Variations]"
Add component (AddParameter): Name = "ComponentLink1description"; Value = "Datasheet"; VariantName = "[No Variations]"
Add component (AddParameter): Name = "ComponentLink1URL"; Value = "https://industrial.panasonic.com/ww/products/resistors/chip-resistors/general-purpose-chip-resistors/models/ERJ2GE0R00X"; VariantName = "[No Variations]"
Add component (AddParameter): Name = "ComponentLink2description"; Value = "Manufacturer Website"; VariantName = "[No Variations]"
Add component (AddParameter): Name = "ComponentLink2URL"; Value = "https://industrial.panasonic.com/ww/products/resistors/chip-resistors/general-purpose-chip-resistors/models/ERJ2GE0R00X"; VariantName = "[No Variations]"
Add component (AddParameter): Name = "Distributor"; Value = "Digikey"; VariantName = "[No Variations]"
Add component (AddParameter): Name = "Distributor Part #"; Value = "P0.0JCT-ND"; VariantName = "[No Variations]"
Add component (AddParameter): Name = "Manufacturer"; Value = "Panasonic Electronic Components"; VariantName = "[No Variations]"
Add component (AddParameter): Name = "Manufacturer Part #"; Value = "ERJ-2GE0R00X"; VariantName = "[No Variations]"
Add component (AddParameter): Name = "Part Description"; Value = "RES SMD 0 OHM JUMPER 1/10W 0402"; VariantName = "[No Variations]"
Add component (AddParameter): Name = "Value"; Value = "0R"; VariantName = "[No Variations]"
Added Component: Designator=R32(0402)
Add component (AddParameter): Name = "Alternate Distributor Part #"; Value = "311-0.0JRCT-ND"; VariantName = "[No Variations]"
Add component (AddParameter): Name = "Alternate Manufacturer"; Value = "Yageo"; VariantName = "[No Variations]"
Add component (AddParameter): Name = "Alternate Manufacturer Part #"; Value = "RC0402JR-070RL"; VariantName = "[No Variations]"
Add component (AddParameter): Name = "ComponentLink1description"; Value = "Datasheet"; VariantName = "[No Variations]"
Add component (AddParameter): Name = "ComponentLink1URL"; Value = "https://industrial.panasonic.com/ww/products/resistors/chip-resistors/general-purpose-chip-resistors/models/ERJ2GE0R00X"; VariantName = "[No Variations]"
Add component (AddParameter): Name = "ComponentLink2description"; Value = "Manufacturer Website"; VariantName = "[No Variations]"
Add component (AddParameter): Name = "ComponentLink2URL"; Value = "https://industrial.panasonic.com/ww/products/resistors/chip-resistors/general-purpose-chip-resistors/models/ERJ2GE0R00X"; VariantName = "[No Variations]"
Add component (AddParameter): Name = "Distributor"; Value = "Digikey"; VariantName = "[No Variations]"
Add component (AddParameter): Name = "Distributor Part #"; Value = "P0.0JCT-ND"; VariantName = "[No Variations]"
Add component (AddParameter): Name = "Manufacturer"; Value = "Panasonic Electronic Components"; VariantName = "[No Variations]"
Add component (AddParameter): Name = "Manufacturer Part #"; Value = "ERJ-2GE0R00X"; VariantName = "[No Variations]"
Add component (AddParameter): Name = "Part Description"; Value = "RES SMD 0 OHM JUMPER 1/10W 0402"; VariantName = "[No Variations]"
Add component (AddParameter): Name = "Value"; Value = "0R"; VariantName = "[No Variations]"
Added Pin To Net: NetName=USART3_RX Pin=J4-3
Added Pin To Net: NetName=USART3_TX Pin=J4-4
Added Pin To Net: NetName=GPS_PPS Pin=J4-7
Added Pin To Net: NetName=GND Pin=J4-S1
Added Pin To Net: NetName=GND Pin=J4-S2
Added Pin To Net: NetName=3V3 Pin=J7-1
Added Pin To Net: NetName=GND Pin=J7-6
Added Pin To Net: NetName=GND Pin=J7-S1
Added Pin To Net: NetName=GND Pin=J7-S2
Added Pin To Net: NetName=MOTOR_1 Pin=J8-01
Added Pin To Net: NetName=MOTOR_1 Pin=J8-02
Added Pin To Net: NetName=MOTOR_1 Pin=J8-03
Added Pin To Net: NetName=MOTOR_1 Pin=J8-04
Added Pin To Net: NetName=GND Pin=J8-05
Added Pin To Net: NetName=GND Pin=J8-06
Added Pin To Net: NetName=GND Pin=J8-07
Added Pin To Net: NetName=GND Pin=J8-08
Added Pin To Net: NetName=MOTOR_2 Pin=J8-09
Added Pin To Net: NetName=MOTOR_2 Pin=J8-10
Added Pin To Net: NetName=MOTOR_2 Pin=J8-11
Added Pin To Net: NetName=MOTOR_2 Pin=J8-12
Added Pin To Net: NetName=GND Pin=J8-13
Added Pin To Net: NetName=GND Pin=J8-14
Added Pin To Net: NetName=ENCODER_DATA Pin=J8-15
Added Pin To Net: NetName=5V Pin=J8-16
Added Pin To Net: NetName=GND Pin=J8-17
Added Pin To Net: NetName=ENCODER_CLK Pin=J8-18
Added Pin To Net: NetName=GND Pin=J8-19
Added Pin To Net: NetName=GND Pin=J8-20
Added Pin To Net: NetName=ENCODER_A_N Pin=J8-21
Added Pin To Net: NetName=ENCODER_A_P Pin=J8-22
Added Pin To Net: NetName=ENCODER_B_N Pin=J8-23
Added Pin To Net: NetName=ENCODER_B_P Pin=J8-24
Added Pin To Net: NetName=GND Pin=J8-25
Added Pin To Net: NetName=GND Pin=J8-26
Added Pin To Net: NetName=ENCODER_I_P Pin=J8-28
Added Pin To Net: NetName=ENCODER_I_N Pin=J8-30
Added Pin To Net: NetName=GPS_PPS Pin=R30-2
Added Pin To Net: NetName=CAM_EN Pin=J7-2
Added Pin To Net: NetName=CAM_EN Pin=R31-1
Added Net: Name=CAM_EN
Added Pin To Net: NetName=CAM_FLASH Pin=J7-5
Added Pin To Net: NetName=CAM_FLASH Pin=R32-2
Added Net: Name=CAM_FLASH
Added Pin To Net: NetName=NetR25_2 Pin=R25-2
Added Pin To Net: NetName=NetR25_2 Pin=U1-34
Added Net: Name=NetR25_2
Added Pin To Net: NetName=NetR29_2 Pin=R29-2
Added Pin To Net: NetName=NetR29_2 Pin=U1-35
Added Net: Name=NetR29_2
Added Pin To Net: NetName=NetR30_1 Pin=R30-1
Added Pin To Net: NetName=NetR30_1 Pin=U1-42
Added Net: Name=NetR30_1
Added Pin To Net: NetName=NetR31_2 Pin=R31-2
Added Pin To Net: NetName=NetR31_2 Pin=U1-36
Added Net: Name=NetR31_2
Added Pin To Net: NetName=NetR32_1 Pin=R32-1
Added Pin To Net: NetName=NetR32_1 Pin=U1-37
Added Net: Name=NetR32_1
Added Pin To Net: NetName=UART4_RX Pin=J7-3
Added Pin To Net: NetName=UART4_RX Pin=R29-1
Added Net: Name=UART4_RX
Added Pin To Net: NetName=UART4_TX Pin=J7-4
Added Pin To Net: NetName=UART4_TX Pin=R25-1
Added Net: Name=UART4_TX
Added Member To Class: ClassName=External Connectors Member=Component J7 J-0532610671
Added Member To Class: ClassName=STM32 Member=Component R25 22R
Added Member To Class: ClassName=STM32 Member=Component R29 22R
Added Member To Class: ClassName=STM32 Member=Component R30 0R
Added Member To Class: ClassName=STM32 Member=Component R31 0R
Added Member To Class: ClassName=STM32 Member=Component R32 0R
Added Room: Name=External Connectors
Added Room: Name=Memory
Added Room: Name=Motor Control
Added Room: Name=STM32
