Change Physical Footprint: Designator=*1 Old Footprint=PC104 Mounting Points New Footprint=PC104 Mounting Points
Change Physical Footprint: Designator=*2 Old Footprint=PC104 Mounting Points New Footprint=PC104 Mounting Points
Change Physical Footprint: Designator=*3 Old Footprint=PC104 Mounting Points New Footprint=PC104 Mounting Points
Change Physical Footprint: Designator=*4 Old Footprint=PC104 Mounting Points New Footprint=PC104 Mounting Points
Change Physical Footprint: Designator=C1 Old Footprint=0402 New Footprint=0402
Change Physical Footprint: Designator=C2 Old Footprint=0603 New Footprint=0603
Change Physical Footprint: Designator=C3 Old Footprint=0402 New Footprint=0402
Change Physical Footprint: Designator=C4 Old Footprint=0402 New Footprint=0402
Change Physical Footprint: Designator=C5 Old Footprint=0402 New Footprint=0402
Change Physical Footprint: Designator=C6 Old Footprint=0402 New Footprint=0402
Change Physical Footprint: Designator=C7 Old Footprint=0402 New Footprint=0402
Change Physical Footprint: Designator=C8 Old Footprint=0402 New Footprint=0402
Change Physical Footprint: Designator=C9 Old Footprint=0402 New Footprint=0402
Change Physical Footprint: Designator=C10 Old Footprint=0402 New Footprint=0402
Change Physical Footprint: Designator=C11 Old Footprint=CAP TANT 1206 (A) TCJ New Footprint=CAP TANT 1206 (A) TCJ
Change Physical Footprint: Designator=C12 Old Footprint=0402 New Footprint=0402
Change Physical Footprint: Designator=C13 Old Footprint=CAP TANT 1206 (A) TCJ New Footprint=CAP TANT 1206 (A) TCJ
Change Physical Footprint: Designator=C14 Old Footprint=0402 New Footprint=0402
Change Physical Footprint: Designator=C15 Old Footprint=0402 New Footprint=0402
Change Physical Footprint: Designator=C16 Old Footprint=0402 New Footprint=0402
Change Physical Footprint: Designator=C17 Old Footprint=0402 New Footprint=0402
Change Physical Footprint: Designator=C18 Old Footprint=0402 New Footprint=0402
Change Physical Footprint: Designator=C19 Old Footprint=0402 New Footprint=0402
Change Physical Footprint: Designator=C20 Old Footprint=0402 New Footprint=0402
Change Physical Footprint: Designator=C21 Old Footprint=0402 New Footprint=0402
Change Physical Footprint: Designator=C22 Old Footprint=0402 New Footprint=0402
Change Physical Footprint: Designator=C23 Old Footprint=0402 New Footprint=0402
Change Physical Footprint: Designator=C24 Old Footprint=0402 New Footprint=0402
Change Physical Footprint: Designator=C25 Old Footprint=0402 New Footprint=0402
Change Physical Footprint: Designator=C26 Old Footprint=0402 New Footprint=0402
Change Physical Footprint: Designator=C27 Old Footprint=0402 New Footprint=0402
Change Physical Footprint: Designator=C28 Old Footprint=0402 New Footprint=0402
Change Physical Footprint: Designator=C29 Old Footprint=0402 New Footprint=0402
Change Physical Footprint: Designator=C30 Old Footprint=0402 New Footprint=0402
Change Physical Footprint: Designator=C31 Old Footprint=0603 New Footprint=0603
Change Physical Footprint: Designator=C32 Old Footprint=0402 New Footprint=0402
Change Physical Footprint: Designator=C33 Old Footprint=0402 New Footprint=0402
Change Physical Footprint: Designator=C34 Old Footprint=0603 New Footprint=0603
Change Physical Footprint: Designator=C39 Old Footprint=0603 New Footprint=0603
Change Physical Footprint: Designator=C40 Old Footprint=0603 New Footprint=0603
Change Physical Footprint: Designator=C41 Old Footprint=0402 New Footprint=0402
Change Physical Footprint: Designator=C42 Old Footprint=0402 New Footprint=0402
Change Physical Footprint: Designator=C43 Old Footprint=0402 New Footprint=0402
Change Physical Footprint: Designator=C44 Old Footprint=0402 New Footprint=0402
Change Physical Footprint: Designator=C45 Old Footprint=0603 New Footprint=0603
Change Physical Footprint: Designator=C46 Old Footprint=0402 New Footprint=0402
Change Physical Footprint: Designator=D1 Old Footprint=D-SML-D12U1WT86 New Footprint=D-SML-D12U1WT86
Change Physical Footprint: Designator=D3 Old Footprint=D-SML-D12U1WT86 New Footprint=D-SML-D12U1WT86
Change Physical Footprint: Designator=D4 Old Footprint=D-SML-D12U1WT86 New Footprint=D-SML-D12U1WT86
Change Physical Footprint: Designator=D5 Old Footprint=D-SML-D12U1WT86 New Footprint=D-SML-D12U1WT86
Change Physical Footprint: Designator=J1 Old Footprint=J-TSM-105-01-F-DV New Footprint=J-TSM-105-01-F-DV
Change Physical Footprint: Designator=J2 Old Footprint=J-TSM-105-01-F-DV New Footprint=J-TSM-105-01-F-DV
Change Physical Footprint: Designator=J3 Old Footprint=J-629105150521 New Footprint=J-629105150521
Change Physical Footprint: Designator=J4 Old Footprint=J-532610871 New Footprint=J-532610871
Change Physical Footprint: Designator=J5 Old Footprint=J-ESQ-126-14-G-D New Footprint=J-ESQ-126-14-G-D
Change Physical Footprint: Designator=J6 Old Footprint=J-ESQ-126-14-G-D New Footprint=J-ESQ-126-14-G-D
Change Physical Footprint: Designator=J7 Old Footprint=J-0532610671 New Footprint=J-0532610671
Change Physical Footprint: Designator=J8 Old Footprint=T2M-115-01-X-D-SM-WT New Footprint=T2M-115-01-X-D-SM-WT
Change Physical Footprint: Designator=J10 Old Footprint=J-LD09S13A4GX00LF New Footprint=J-LD09S13A4GX00LF
Change Physical Footprint: Designator=R1 Old Footprint=0402 New Footprint=0402
Change Physical Footprint: Designator=R2 Old Footprint=0402 New Footprint=0402
Change Physical Footprint: Designator=R3 Old Footprint=0402 New Footprint=0402
Change Physical Footprint: Designator=R4 Old Footprint=0402 New Footprint=0402
Change Physical Footprint: Designator=R5 Old Footprint=0402 New Footprint=0402
Change Physical Footprint: Designator=R6 Old Footprint=0402 New Footprint=0402
Change Physical Footprint: Designator=R7 Old Footprint=0402 New Footprint=0402
Change Physical Footprint: Designator=R8 Old Footprint=0402 New Footprint=0402
Change Physical Footprint: Designator=R9 Old Footprint=0402 New Footprint=0402
Change Physical Footprint: Designator=R10 Old Footprint=0402 New Footprint=0402
Change Physical Footprint: Designator=R11 Old Footprint=0402 New Footprint=0402
Change Physical Footprint: Designator=R12 Old Footprint=0402 New Footprint=0402
Change Physical Footprint: Designator=R13 Old Footprint=0402 New Footprint=0402
Change Physical Footprint: Designator=R14 Old Footprint=0402 New Footprint=0402
Change Physical Footprint: Designator=R15 Old Footprint=0402 New Footprint=0402
Change Physical Footprint: Designator=R16 Old Footprint=0402 New Footprint=0402
Change Physical Footprint: Designator=R17 Old Footprint=0402 New Footprint=0402
Change Physical Footprint: Designator=R18 Old Footprint=0402 New Footprint=0402
Change Physical Footprint: Designator=R19 Old Footprint=0402 New Footprint=0402
Change Physical Footprint: Designator=R20 Old Footprint=0402 New Footprint=0402
Change Physical Footprint: Designator=R21 Old Footprint=0402 New Footprint=0402
Change Physical Footprint: Designator=R22 Old Footprint=0402 New Footprint=0402
Change Physical Footprint: Designator=R23 Old Footprint=0402 New Footprint=0402
Change Physical Footprint: Designator=R24 Old Footprint=0402 New Footprint=0402
Change Physical Footprint: Designator=R25 Old Footprint=0402 New Footprint=0402
Change Physical Footprint: Designator=R26 Old Footprint=0402 New Footprint=0402
Change Physical Footprint: Designator=R27 Old Footprint=0402 New Footprint=0402
Change Physical Footprint: Designator=R28 Old Footprint=0402 New Footprint=0402
Change Physical Footprint: Designator=R29 Old Footprint=0402 New Footprint=0402
Change Physical Footprint: Designator=R30 Old Footprint=0402 New Footprint=0402
Change Physical Footprint: Designator=R31 Old Footprint=0402 New Footprint=0402
Change Physical Footprint: Designator=R32 Old Footprint=0402 New Footprint=0402
Change Physical Footprint: Designator=R40 Old Footprint=0402 New Footprint=0402
Change Physical Footprint: Designator=R43 Old Footprint=0402 New Footprint=0402
Change Physical Footprint: Designator=R46 Old Footprint=0402 New Footprint=0402
Change Physical Footprint: Designator=R48 Old Footprint=0402 New Footprint=0402
Change Physical Footprint: Designator=R50 Old Footprint=0402 New Footprint=0402
Change Physical Footprint: Designator=R78 Old Footprint=0402 New Footprint=0402
Change Physical Footprint: Designator=R90 Old Footprint=0402 New Footprint=0402
Change Physical Footprint: Designator=R91 Old Footprint=0402 New Footprint=0402
Change Physical Footprint: Designator=R92 Old Footprint=0402 New Footprint=0402
Change Physical Footprint: Designator=R93 Old Footprint=0402 New Footprint=0402
Change Physical Footprint: Designator=R94 Old Footprint=0402 New Footprint=0402
Change Physical Footprint: Designator=R96 Old Footprint=0402 New Footprint=0402
Change Physical Footprint: Designator=R97 Old Footprint=0402 New Footprint=0402
Change Physical Footprint: Designator=R107 Old Footprint=0402 New Footprint=0402
Change Physical Footprint: Designator=R109 Old Footprint=0402 New Footprint=0402
Change Physical Footprint: Designator=R116 Old Footprint=0402 New Footprint=0402
Change Physical Footprint: Designator=R117 Old Footprint=0402 New Footprint=0402
Change Physical Footprint: Designator=R118 Old Footprint=0402 New Footprint=0402
Change Physical Footprint: Designator=R119 Old Footprint=0402 New Footprint=0402
Change Physical Footprint: Designator=R120 Old Footprint=0402 New Footprint=0402
Change Physical Footprint: Designator=R121 Old Footprint=0402 New Footprint=0402
Change Physical Footprint: Designator=R122 Old Footprint=0402 New Footprint=0402
Change Physical Footprint: Designator=R123 Old Footprint=0402 New Footprint=0402
Change Physical Footprint: Designator=R124 Old Footprint=0402 New Footprint=0402
Change Physical Footprint: Designator=R125 Old Footprint=0402 New Footprint=0402
Change Physical Footprint: Designator=R126 Old Footprint=0402 New Footprint=0402
Change Physical Footprint: Designator=R127 Old Footprint=0402 New Footprint=0402
Change Physical Footprint: Designator=R128 Old Footprint=0402 New Footprint=0402
Change Physical Footprint: Designator=R129 Old Footprint=0402 New Footprint=0402
Change Physical Footprint: Designator=R130 Old Footprint=0402 New Footprint=0402
Change Physical Footprint: Designator=R131 Old Footprint=0402 New Footprint=0402
Change Physical Footprint: Designator=R134 Old Footprint=0402 New Footprint=0402
Change Physical Footprint: Designator=R135 Old Footprint=0402 New Footprint=0402
Change Physical Footprint: Designator=R136 Old Footprint=0402 New Footprint=0402
Change Physical Footprint: Designator=R138 Old Footprint=0402 New Footprint=0402
Change Physical Footprint: Designator=R139 Old Footprint=0402 New Footprint=0402
Change Physical Footprint: Designator=R140 Old Footprint=0402 New Footprint=0402
Change Physical Footprint: Designator=R141 Old Footprint=0402 New Footprint=0402
Change Physical Footprint: Designator=R142 Old Footprint=2512 New Footprint=2512
Change Physical Footprint: Designator=R145 Old Footprint=0402 New Footprint=0402
Change Physical Footprint: Designator=R146 Old Footprint=0402 New Footprint=0402
Change Physical Footprint: Designator=R147 Old Footprint=0402 New Footprint=0402
Change Physical Footprint: Designator=R148 Old Footprint=0402 New Footprint=0402
Change Physical Footprint: Designator=R149 Old Footprint=0402 New Footprint=0402
Change Physical Footprint: Designator=R150 Old Footprint=0402 New Footprint=0402
Change Physical Footprint: Designator=U1 Old Footprint=U-STM32L4R5ZIT6 New Footprint=U-STM32L4R5ZIT6
Change Physical Footprint: Designator=U2 Old Footprint=U-S70FL01GSAGMFI011 New Footprint=U-S70FL01GSAGMFI011
Change Physical Footprint: Designator=U3 Old Footprint=U-S70FL01GSAGMFI011 New Footprint=U-S70FL01GSAGMFI011
Change Physical Footprint: Designator=U4 Old Footprint=U-74LCX138MTC New Footprint=U-74LCX138MTC
Change Physical Footprint: Designator=U5 Old Footprint=U-S70FL01GSAGMFI011 New Footprint=U-S70FL01GSAGMFI011
Change Physical Footprint: Designator=U6 Old Footprint=U-S70FL01GSAGMFI011 New Footprint=U-S70FL01GSAGMFI011
Change Physical Footprint: Designator=U7 Old Footprint=U-CY15B108QN-40SXI New Footprint=U-CY15B108QN-40SXI
Change Physical Footprint: Designator=U8 Old Footprint=U-CY15B108QN-40SXI New Footprint=U-CY15B108QN-40SXI
Change Physical Footprint: Designator=U10 Old Footprint=U-MAX3086EESD+T New Footprint=U-MAX3086EESD+T
Change Physical Footprint: Designator=U14 Old Footprint=U-MAX14871EUE+T New Footprint=U-MAX14871EUE+T
Change Physical Footprint: Designator=U16 Old Footprint=U-MAX3095CSE+T New Footprint=U-MAX3095CSE+T
Change Physical Footprint: Designator=Y1 Old Footprint=Y-ASFL125000MHZLT New Footprint=Y-ASFL125000MHZLT
