Removed Pin From Net: NetName=3V3 Pin=C24-1
Removed Pin From Net: NetName=GND Pin=C24-2
Removed Pin From Net: NetName=5V Pin=C39-1
Removed Pin From Net: NetName=GND Pin=C39-2
Removed Pin From Net: NetName=5V Pin=C40-1
Removed Pin From Net: NetName=GND Pin=C40-2
Removed Pin From Net: NetName=GND Pin=C41-2
Removed Pin From Net: NetName=GND Pin=C42-1
Removed Pin From Net: NetName=5V Pin=C43-1
Removed Pin From Net: NetName=3V3 Pin=C44-1
Removed Pin From Net: NetName=GND Pin=C44-2
Removed Pin From Net: NetName=GND Pin=C45-1
Removed Pin From Net: NetName=5V Pin=C45-2
Removed Pin From Net: NetName=5V Pin=C46-1
Removed Pin From Net: NetName=GND Pin=C46-2
Removed Pin From Net: NetName=3V3 Pin=J7-1
Removed Pin From Net: NetName=5V Pin=J8-6
Removed Pin From Net: NetName=GND Pin=J8-9
Removed Pin From Net: NetName=GND Pin=J8-12
Removed Pin From Net: NetName=5V Pin=R13-2
Removed Pin From Net: NetName=GND Pin=R15-1
Removed Pin From Net: NetName=5V Pin=R16-2
Removed Pin From Net: NetName=GND Pin=R18-1
Removed Pin From Net: NetName=5V Pin=R21-2
Removed Pin From Net: NetName=GND Pin=R23-1
Removed Pin From Net: NetName=USART3_RX Pin=R37-1
Removed Pin From Net: NetName=I2C2_SCL Pin=R38-2
Removed Pin From Net: NetName=USART3_TX Pin=R39-1
Removed Pin From Net: NetName=I2C2_SDA Pin=R41-2
Removed Pin From Net: NetName=UART4_RX Pin=R42-1
Removed Pin From Net: NetName=UART4_TX Pin=R44-1
Removed Pin From Net: NetName=3V3 Pin=R120-1
Removed Pin From Net: NetName=SPI_NCS_FLASH_2 Pin=R120-2
Removed Pin From Net: NetName=3V3 Pin=R121-1
Removed Pin From Net: NetName=3V3 Pin=R122-1
Removed Pin From Net: NetName=3V3 Pin=R123-1
Removed Pin From Net: NetName=3V3 Pin=R125-1
Removed Pin From Net: NetName=SPI_NCS_FLASH_6 Pin=R125-2
Removed Pin From Net: NetName=3V3 Pin=R127-1
Removed Pin From Net: NetName=SPI_NCS_FLASH_4 Pin=R127-2
Removed Pin From Net: NetName=GND Pin=R138-2
Removed Pin From Net: NetName=3V3 Pin=R139-2
Removed Pin From Net: NetName=3V3 Pin=R140-1
Removed Pin From Net: NetName=3V3 Pin=R141-1
Removed Pin From Net: NetName=GND Pin=R142-1
Removed Pin From Net: NetName=5V Pin=R149-2
Removed Pin From Net: NetName=GND Pin=U4-4
Removed Pin From Net: NetName=GND Pin=U4-5
Removed Pin From Net: NetName=3V3 Pin=U4-6
Removed Pin From Net: NetName=SPI_NCS_FLASH_7 Pin=U4-7
Removed Pin From Net: NetName=GND Pin=U4-8
Removed Pin From Net: NetName=SPI_NCS_FLASH_6 Pin=U4-9
Removed Pin From Net: NetName=SPI_NCS_FLASH_5 Pin=U4-10
Removed Pin From Net: NetName=SPI_NCS_FLASH_3 Pin=U4-11
Removed Pin From Net: NetName=SPI_NCS_FLASH_4 Pin=U4-12
Removed Pin From Net: NetName=SPI_NCS_FLASH_2 Pin=U4-13
Removed Pin From Net: NetName=SPI_NCS_FLASH_1 Pin=U4-14
Removed Pin From Net: NetName=SPI_NCS_FLASH_0 Pin=U4-15
Removed Pin From Net: NetName=3V3 Pin=U4-16
Removed Pin From Net: NetName=5V Pin=U14-4
Removed Pin From Net: NetName=GND Pin=U14-8
Removed Pin From Net: NetName=NetC42_2 Pin=U14-9
Removed Pin From Net: NetName=5V Pin=U14-13
Removed Pin From Net: NetName=GND Pin=U14-EPAD
Removed Pin From Net: NetName=3V3 Pin=U15-1
Removed Pin From Net: NetName=GND Pin=U15-7
Removed Pin From Net: NetName=3V3 Pin=U15-8
Removed Pin From Net: NetName=5V Pin=U15-14
Removed Pin From Net: NetName=GND Pin=U16-8
Removed Pin From Net: NetName=5V Pin=U16-16
Removed Pin From Net: NetName=3V3 Pin=Y1-1
Removed Member From Class: ClassName=Memory Member=C24
Removed Member From Class: ClassName=Motor Control Member=J8
Removed Member From Class: ClassName=Motor Control Member=R13
Removed Member From Class: ClassName=Motor Control Member=R14
Removed Member From Class: ClassName=Motor Control Member=R15
Removed Member From Class: ClassName=Motor Control Member=R16
Removed Member From Class: ClassName=Motor Control Member=R17
Removed Member From Class: ClassName=Motor Control Member=R18
Removed Member From Class: ClassName=Motor Control Member=R21
Removed Member From Class: ClassName=Motor Control Member=R23
Removed Member From Class: ClassName=External Connectors Member=R37
Removed Member From Class: ClassName=External Connectors Member=R39
Removed Member From Class: ClassName=Memory Member=R121
Removed Member From Class: ClassName=Memory Member=R122
Removed Member From Class: ClassName=Memory Member=R123
Removed Member From Class: ClassName=Motor Control Member=R138
Removed Member From Class: ClassName=Motor Control Member=R139
Removed Member From Class: ClassName=Motor Control Member=R140
Removed Member From Class: ClassName=Motor Control Member=R141
Removed Member From Class: ClassName=Motor Control Member=R142
Removed Member From Class: ClassName=Motor Control Member=R146
Removed Member From Class: ClassName=Motor Control Member=R149
Removed Member From Class: ClassName=Memory Member=U4
Removed Member From Class: ClassName=Motor Control Member=U14
Removed Member From Class: ClassName=Motor Control Member=U15
Removed Member From Class: ClassName=Motor Control Member=U16
Change Component Footprint: Designator=J8 Old Footprint=J-532617014 New Footprint=J-532610871
Change Component Footprint: Designator=Y1 Old Footprint=Y-ASFL125000MHZLT New Footprint=Y-TG2520SMN 20.0000M-MCGNNM3
Change Component Comment : Designator=C41 Old Comment=0.1uF New Comment=0.7 pF
Change Component Comment : Designator=C44 Old Comment=0.1uF New Comment=4.7 µF
Change Component Comment : Designator=C43 Old Comment=0.1uF New Comment=33 pF
Change Component Comment : Designator=C46 Old Comment=0.1uF New Comment=33 pF
Change Component Comment : Designator=R39 Old Comment=0R New Comment=22R
Change Component Comment : Designator=R13 Old Comment=1K New Comment=0R
Change Component Comment : Designator=R15 Old Comment=1K New Comment=0R
Change Component Comment : Designator=R16 Old Comment=1K New Comment=0R
Change Component Comment : Designator=R18 Old Comment=1K New Comment=22R
Change Component Comment : Designator=R21 Old Comment=1K New Comment=22R
Change Component Comment : Designator=R23 Old Comment=1K New Comment=22R
Change Component Comment : Designator=C40 Old Comment=1uF New Comment=0.7 pF
Change Component Comment : Designator=C39 Old Comment=1uF New Comment=4.7 µF
Change Component Comment : Designator=C45 Old Comment=1uF New Comment=100pF
Change Component Comment : Designator=U4 Old Comment=74LCX138MTC New Comment=ADP2303ARDZ
Change Component Comment : Designator=R14 Old Comment=100R New Comment=0R
Change Component Comment : Designator=R17 Old Comment=100R New Comment=0R
Change Component Comment : Designator=C42 Old Comment=220 pF New Comment=100pF
Change Component Comment : Designator=Y1 Old Comment=ASFL1-25.000MHZ-L-T New Comment=TG2520SMN 20.0000M-MCGNNM3
Change Component Comment : Designator=J8 Old Comment=J-0532617014 New Comment=J-0532610871
Change component parameters: Designator = "U4" ("U4"); Footprint = "U-74LCX138MTC"; UniqueID = "\DREOAQNQ" ("\DREOAQNQ")
Change component parameters (AddParameter): Name = "Distributor"; Value = "Digikey"; VariantName = "[No Variations]"
Change component parameters (AddParameter): Name = "Distributor Part #"; Value = "505-ADP2303ARDZ-ND"; VariantName = "[No Variations]"
Change component parameters (AddParameter): Name = "Manufacturer"; Value = "Analog Devices Inc."; VariantName = "[No Variations]"
Change component parameters (AddParameter): Name = "Manufacturer Part #"; Value = "ADP2303ARDZ"; VariantName = "[No Variations]"
Change component parameters: Designator = "Y1" ("Y1"); Footprint = "Y-ASFL125000MHZLT"; UniqueID = "\ZSIMJCKZ" ("\ZSIMJCKZ")
Change component parameters (AddParameter): Name = "Distributor"; Value = "Digikey"; VariantName = "[No Variations]"
Change component parameters (AddParameter): Name = "Distributor Part #"; Value = "114-TG2520SMN20.0000M-MCGNNM3CT-ND"; VariantName = "[No Variations]"
Change component parameters (AddParameter): Name = "Manufacturer"; Value = "EPSON"; VariantName = "[No Variations]"
Change component parameters (AddParameter): Name = "Manufacturer Part #"; Value = "TG2520SMN 20.0000M-MCGNNM3"; VariantName = "[No Variations]"
Change component parameters: Designator = "C41" ("C41"); Footprint = "0603"; UniqueID = "\JGPUSKTT" ("\JGPUSKTT")
Change component parameters (AddParameter): Name = "ComponentLink1description"; Value = "Datasheet"; VariantName = "[No Variations]"
Change component parameters (AddParameter): Name = "ComponentLink1URL"; Value = "https://ds.yuden.co.jp/TYCOMPAS/ut/detail?pn=TMK105BJ104KV-F%20%20&u=M"; VariantName = "[No Variations]"
Change component parameters (AddParameter): Name = "ComponentLink2description"; Value = "Manufacturer Website"; VariantName = "[No Variations]"
Change component parameters (AddParameter): Name = "ComponentLink2URL"; Value = "https://www.yuden.co.jp/or/"; VariantName = "[No Variations]"
Change component parameters (AddParameter): Name = "Distributor"; Value = "Digikey"; VariantName = "[No Variations]"
Change component parameters (AddParameter): Name = "Distributor Part #"; Value = "399-CBR06C708B5GACCT-ND"; VariantName = "[No Variations]"
Change component parameters (AddParameter): Name = "Manufacturer"; Value = "KEMET"; VariantName = "[No Variations]"
Change component parameters (AddParameter): Name = "Manufacturer Part #"; Value = "CBR06C708B5GAC"; VariantName = "[No Variations]"
Change component parameters (AddParameter): Name = "Value"; Value = "0.7 pF"; VariantName = "[No Variations]"
Change component parameters: Designator = "C43" ("C43"); Footprint = "0603"; UniqueID = "\CXDGKGBG" ("\CXDGKGBG")
Change component parameters (AddParameter): Name = "ComponentLink1description"; Value = "Datasheet"; VariantName = "[No Variations]"
Change component parameters (AddParameter): Name = "ComponentLink1URL"; Value = "https://ds.yuden.co.jp/TYCOMPAS/ut/detail?pn=TMK105BJ104KV-F%20%20&u=M"; VariantName = "[No Variations]"
Change component parameters (AddParameter): Name = "ComponentLink2description"; Value = "Manufacturer Website"; VariantName = "[No Variations]"
Change component parameters (AddParameter): Name = "ComponentLink2URL"; Value = "https://www.yuden.co.jp/or/"; VariantName = "[No Variations]"
Change component parameters (AddParameter): Name = "Distributor"; Value = "Digikey"; VariantName = "[No Variations]"
Change component parameters (AddParameter): Name = "Distributor Part #"; Value = "399-C0603C330K5RAC7867CT-ND"; VariantName = "[No Variations]"
Change component parameters (AddParameter): Name = "Manufacturer"; Value = "KEMET"; VariantName = "[No Variations]"
Change component parameters (AddParameter): Name = "Manufacturer Part #"; Value = "C0603C330K5RAC7867"; VariantName = "[No Variations]"
Change component parameters (AddParameter): Name = "Part Description"; Value = "CAP CER 33PF 50V X7R 0603"; VariantName = "[No Variations]"
Change component parameters (AddParameter): Name = "Value"; Value = "33 pF"; VariantName = "[No Variations]"
Change component parameters: Designator = "C46" ("C46"); Footprint = "0603"; UniqueID = "\NLQAGGYV" ("\NLQAGGYV")
Change component parameters (AddParameter): Name = "ComponentLink1description"; Value = "Datasheet"; VariantName = "[No Variations]"
Change component parameters (AddParameter): Name = "ComponentLink1URL"; Value = "https://ds.yuden.co.jp/TYCOMPAS/ut/detail?pn=TMK105BJ104KV-F%20%20&u=M"; VariantName = "[No Variations]"
Change component parameters (AddParameter): Name = "ComponentLink2description"; Value = "Manufacturer Website"; VariantName = "[No Variations]"
Change component parameters (AddParameter): Name = "ComponentLink2URL"; Value = "https://www.yuden.co.jp/or/"; VariantName = "[No Variations]"
Change component parameters (AddParameter): Name = "Distributor"; Value = "Digikey"; VariantName = "[No Variations]"
Change component parameters (AddParameter): Name = "Distributor Part #"; Value = "399-C0603C330K5RAC7867CT-ND"; VariantName = "[No Variations]"
Change component parameters (AddParameter): Name = "Manufacturer"; Value = "KEMET"; VariantName = "[No Variations]"
Change component parameters (AddParameter): Name = "Manufacturer Part #"; Value = "C0603C330K5RAC7867"; VariantName = "[No Variations]"
Change component parameters (AddParameter): Name = "Part Description"; Value = "CAP CER 33PF 50V X7R 0603"; VariantName = "[No Variations]"
Change component parameters (AddParameter): Name = "Value"; Value = "33 pF"; VariantName = "[No Variations]"
Change component parameters: Designator = "R18" ("R18"); Footprint = "0603"; UniqueID = "\MRERKVBV" ("\MRERKVBV")
Change component parameters (AddParameter): Name = "ComponentLink1description"; Value = "Datasheet"; VariantName = "[No Variations]"
Change component parameters (AddParameter): Name = "ComponentLink1URL"; Value = "https://www.vishay.com/docs/20035/dcrcwe3.pdf"; VariantName = "[No Variations]"
Change component parameters (AddParameter): Name = "ComponentLink2description"; Value = "Manufacturer Website"; VariantName = "[No Variations]"
Change component parameters (AddParameter): Name = "ComponentLink2URL"; Value = "https://www.vishay.com/"; VariantName = "[No Variations]"
Change component parameters (AddParameter): Name = "Distributor"; Value = "Digikey"; VariantName = "[No Variations]"
Change component parameters (AddParameter): Name = "Distributor Part #"; Value = "RR08Q22DCT-ND"; VariantName = "[No Variations]"
Change component parameters (AddParameter): Name = "Manufacturer"; Value = "Susumu"; VariantName = "[No Variations]"
Change component parameters (AddParameter): Name = "Manufacturer Part #"; Value = "RR0816Q-220-D"; VariantName = "[No Variations]"
Change component parameters (AddParameter): Name = "Part Description"; Value = "22 Ohms ±0.5% 0.063W, 1/16W Chip Resistor 0603 (1608 Metric) - Thin Film"; VariantName = "[No Variations]"
Change component parameters (AddParameter): Name = "Value"; Value = "22R"; VariantName = "[No Variations]"
Change component parameters: Designator = "R21" ("R21"); Footprint = "0603"; UniqueID = "\FNVILYZF" ("\FNVILYZF")
Change component parameters (AddParameter): Name = "ComponentLink1description"; Value = "Datasheet"; VariantName = "[No Variations]"
Change component parameters (AddParameter): Name = "ComponentLink1URL"; Value = "https://www.vishay.com/docs/20035/dcrcwe3.pdf"; VariantName = "[No Variations]"
Change component parameters (AddParameter): Name = "ComponentLink2description"; Value = "Manufacturer Website"; VariantName = "[No Variations]"
Change component parameters (AddParameter): Name = "ComponentLink2URL"; Value = "https://www.vishay.com/"; VariantName = "[No Variations]"
Change component parameters (AddParameter): Name = "Distributor"; Value = "Digikey"; VariantName = "[No Variations]"
Change component parameters (AddParameter): Name = "Distributor Part #"; Value = "RR08Q22DCT-ND"; VariantName = "[No Variations]"
Change component parameters (AddParameter): Name = "Manufacturer"; Value = "Susumu"; VariantName = "[No Variations]"
Change component parameters (AddParameter): Name = "Manufacturer Part #"; Value = "RR0816Q-220-D"; VariantName = "[No Variations]"
Change component parameters (AddParameter): Name = "Part Description"; Value = "22 Ohms ±0.5% 0.063W, 1/16W Chip Resistor 0603 (1608 Metric) - Thin Film"; VariantName = "[No Variations]"
Change component parameters (AddParameter): Name = "Value"; Value = "22R"; VariantName = "[No Variations]"
Change component parameters: Designator = "R23" ("R23"); Footprint = "0603"; UniqueID = "\FMCRHGIQ" ("\FMCRHGIQ")
Change component parameters (AddParameter): Name = "ComponentLink1description"; Value = "Datasheet"; VariantName = "[No Variations]"
Change component parameters (AddParameter): Name = "ComponentLink1URL"; Value = "https://www.vishay.com/docs/20035/dcrcwe3.pdf"; VariantName = "[No Variations]"
Change component parameters (AddParameter): Name = "ComponentLink2description"; Value = "Manufacturer Website"; VariantName = "[No Variations]"
Change component parameters (AddParameter): Name = "ComponentLink2URL"; Value = "https://www.vishay.com/"; VariantName = "[No Variations]"
Change component parameters (AddParameter): Name = "Distributor"; Value = "Digikey"; VariantName = "[No Variations]"
Change component parameters (AddParameter): Name = "Distributor Part #"; Value = "RR08Q22DCT-ND"; VariantName = "[No Variations]"
Change component parameters (AddParameter): Name = "Manufacturer"; Value = "Susumu"; VariantName = "[No Variations]"
Change component parameters (AddParameter): Name = "Manufacturer Part #"; Value = "RR0816Q-220-D"; VariantName = "[No Variations]"
Change component parameters (AddParameter): Name = "Part Description"; Value = "22 Ohms ±0.5% 0.063W, 1/16W Chip Resistor 0603 (1608 Metric) - Thin Film"; VariantName = "[No Variations]"
Change component parameters (AddParameter): Name = "Value"; Value = "22R"; VariantName = "[No Variations]"
Change component parameters: Designator = "R13" ("R13"); Footprint = "0603"; UniqueID = "\HQZCIBMN" ("\HQZCIBMN")
Change component parameters (AddParameter): Name = "ComponentLink1description"; Value = "Datasheet"; VariantName = "[No Variations]"
Change component parameters (AddParameter): Name = "ComponentLink1URL"; Value = "https://industrial.panasonic.com/ww/products/resistors/chip-resistors/general-purpose-chip-resistors/models/ERJ2GE0R00X"; VariantName = "[No Variations]"
Change component parameters (AddParameter): Name = "ComponentLink2description"; Value = "Manufacturer Website"; VariantName = "[No Variations]"
Change component parameters (AddParameter): Name = "ComponentLink2URL"; Value = "https://industrial.panasonic.com/ww/products/resistors/chip-resistors/general-purpose-chip-resistors/models/ERJ2GE0R00X"; VariantName = "[No Variations]"
Change component parameters (AddParameter): Name = "Distributor"; Value = "Digikey"; VariantName = "[No Variations]"
Change component parameters (AddParameter): Name = "Distributor Part #"; Value = "RMCF0603ZT0R00CT-ND"; VariantName = "[No Variations]"
Change component parameters (AddParameter): Name = "Manufacturer"; Value = "Stackpole Electronics Inc"; VariantName = "[No Variations]"
Change component parameters (AddParameter): Name = "Manufacturer Part #"; Value = "RMCF0603ZT0R00"; VariantName = "[No Variations]"
Change component parameters (AddParameter): Name = "Part Description"; Value = "0 Ohms Jumper 0.1W, 1/10W Chip Resistor 0603 (1608 Metric) Automotive AEC-Q200 Thick Film"; VariantName = "[No Variations]"
Change component parameters (AddParameter): Name = "Value"; Value = "0R"; VariantName = "[No Variations]"
Change component parameters: Designator = "R15" ("R15"); Footprint = "0603"; UniqueID = "\LTVJUKCX" ("\LTVJUKCX")
Change component parameters (AddParameter): Name = "ComponentLink1description"; Value = "Datasheet"; VariantName = "[No Variations]"
Change component parameters (AddParameter): Name = "ComponentLink1URL"; Value = "https://industrial.panasonic.com/ww/products/resistors/chip-resistors/general-purpose-chip-resistors/models/ERJ2GE0R00X"; VariantName = "[No Variations]"
Change component parameters (AddParameter): Name = "ComponentLink2description"; Value = "Manufacturer Website"; VariantName = "[No Variations]"
Change component parameters (AddParameter): Name = "ComponentLink2URL"; Value = "https://industrial.panasonic.com/ww/products/resistors/chip-resistors/general-purpose-chip-resistors/models/ERJ2GE0R00X"; VariantName = "[No Variations]"
Change component parameters (AddParameter): Name = "Distributor"; Value = "Digikey"; VariantName = "[No Variations]"
Change component parameters (AddParameter): Name = "Distributor Part #"; Value = "RMCF0603ZT0R00CT-ND"; VariantName = "[No Variations]"
Change component parameters (AddParameter): Name = "Manufacturer"; Value = "Stackpole Electronics Inc"; VariantName = "[No Variations]"
Change component parameters (AddParameter): Name = "Manufacturer Part #"; Value = "RMCF0603ZT0R00"; VariantName = "[No Variations]"
Change component parameters (AddParameter): Name = "Part Description"; Value = "0 Ohms Jumper 0.1W, 1/10W Chip Resistor 0603 (1608 Metric) Automotive AEC-Q200 Thick Film"; VariantName = "[No Variations]"
Change component parameters (AddParameter): Name = "Value"; Value = "0R"; VariantName = "[No Variations]"
Change component parameters: Designator = "R16" ("R16"); Footprint = "0603"; UniqueID = "\OOICPZWN" ("\OOICPZWN")
Change component parameters (AddParameter): Name = "ComponentLink1description"; Value = "Datasheet"; VariantName = "[No Variations]"
Change component parameters (AddParameter): Name = "ComponentLink1URL"; Value = "https://industrial.panasonic.com/ww/products/resistors/chip-resistors/general-purpose-chip-resistors/models/ERJ2GE0R00X"; VariantName = "[No Variations]"
Change component parameters (AddParameter): Name = "ComponentLink2description"; Value = "Manufacturer Website"; VariantName = "[No Variations]"
Change component parameters (AddParameter): Name = "ComponentLink2URL"; Value = "https://industrial.panasonic.com/ww/products/resistors/chip-resistors/general-purpose-chip-resistors/models/ERJ2GE0R00X"; VariantName = "[No Variations]"
Change component parameters (AddParameter): Name = "Distributor"; Value = "Digikey"; VariantName = "[No Variations]"
Change component parameters (AddParameter): Name = "Distributor Part #"; Value = "RMCF0603ZT0R00CT-ND"; VariantName = "[No Variations]"
Change component parameters (AddParameter): Name = "Manufacturer"; Value = "Stackpole Electronics Inc"; VariantName = "[No Variations]"
Change component parameters (AddParameter): Name = "Manufacturer Part #"; Value = "RMCF0603ZT0R00"; VariantName = "[No Variations]"
Change component parameters (AddParameter): Name = "Part Description"; Value = "0 Ohms Jumper 0.1W, 1/10W Chip Resistor 0603 (1608 Metric) Automotive AEC-Q200 Thick Film"; VariantName = "[No Variations]"
Change component parameters (AddParameter): Name = "Value"; Value = "0R"; VariantName = "[No Variations]"
Change component parameters: Designator = "R39" ("R39"); Footprint = "0603"; UniqueID = "\ETUKJOZN" ("\ETUKJOZN")
Change component parameters (AddParameter): Name = "ComponentLink1description"; Value = "Datasheet"; VariantName = "[No Variations]"
Change component parameters (AddParameter): Name = "ComponentLink1URL"; Value = "https://www.vishay.com/docs/20035/dcrcwe3.pdf"; VariantName = "[No Variations]"
Change component parameters (AddParameter): Name = "ComponentLink2description"; Value = "Manufacturer Website"; VariantName = "[No Variations]"
Change component parameters (AddParameter): Name = "ComponentLink2URL"; Value = "https://www.vishay.com/"; VariantName = "[No Variations]"
Change component parameters (AddParameter): Name = "Distributor"; Value = "Digikey"; VariantName = "[No Variations]"
Change component parameters (AddParameter): Name = "Distributor Part #"; Value = "RR08Q22DCT-ND"; VariantName = "[No Variations]"
Change component parameters (AddParameter): Name = "Manufacturer"; Value = "Susumu"; VariantName = "[No Variations]"
Change component parameters (AddParameter): Name = "Manufacturer Part #"; Value = "RR0816Q-220-D"; VariantName = "[No Variations]"
Change component parameters (AddParameter): Name = "Part Description"; Value = "22 Ohms ±0.5% 0.063W, 1/16W Chip Resistor 0603 (1608 Metric) - Thin Film"; VariantName = "[No Variations]"
Change component parameters (AddParameter): Name = "Value"; Value = "22R"; VariantName = "[No Variations]"
Change component parameters: Designator = "C42" ("C42"); Footprint = "0603"; UniqueID = "\JDYZCDNM" ("\JDYZCDNM")
Change component parameters (AddParameter): Name = "ComponentLink1description"; Value = "Datasheet"; VariantName = "[No Variations]"
Change component parameters (AddParameter): Name = "ComponentLink1URL"; Value = "https://ds.yuden.co.jp/TYCOMPAS/ut/detail?pn=TMK105BJ104KV-F%20%20&u=M"; VariantName = "[No Variations]"
Change component parameters (AddParameter): Name = "ComponentLink2description"; Value = "Manufacturer Website"; VariantName = "[No Variations]"
Change component parameters (AddParameter): Name = "ComponentLink2URL"; Value = "https://www.yuden.co.jp/or/"; VariantName = "[No Variations]"
Change component parameters (AddParameter): Name = "Distributor"; Value = "Digikey"; VariantName = "[No Variations]"
Change component parameters (AddParameter): Name = "Distributor Part #"; Value = "311-3601-1-ND"; VariantName = "[No Variations]"
Change component parameters (AddParameter): Name = "Manufacturer"; Value = "YAGEO"; VariantName = "[No Variations]"
Change component parameters (AddParameter): Name = "Manufacturer Part #"; Value = "CC0603KRX7R9BB101"; VariantName = "[No Variations]"
Change component parameters (AddParameter): Name = "Part Description"; Value = "CAP CER 100PF 50V X7R 0603"; VariantName = "[No Variations]"
Change component parameters (AddParameter): Name = "Value"; Value = "100pF"; VariantName = "[No Variations]"
Change component parameters: Designator = "J8" ("J8"); Footprint = "J-532617014"; UniqueID = "\HHAZHYNZ" ("\HHAZHYNZ")
Change component parameters (AddParameter): Name = "Distributor"; Value = "Digi-Key"; VariantName = "[No Variations]"
Change component parameters (AddParameter): Name = "Distributor Part #"; Value = "WM7626CT-ND"; VariantName = "[No Variations]"
Change component parameters (AddParameter): Name = "Manfacturer"; Value = "Molex"; VariantName = "[No Variations]"
Change component parameters (AddParameter): Name = "Manfacturer Part #"; Value = "0532610871"; VariantName = "[No Variations]"
Change component parameters: Designator = "C44" ("C44"); Footprint = "0603"; UniqueID = "\HTSIJYTF" ("\HTSIJYTF")
Change component parameters (AddParameter): Name = "Distributor"; Value = "Digikey"; VariantName = "[No Variations]"
Change component parameters (AddParameter): Name = "Distributor Part #"; Value = "490-GRM188Z71C475KE21JCT-ND"; VariantName = "[No Variations]"
Change component parameters (AddParameter): Name = "Manufacturer"; Value = "Murata Electronics"; VariantName = "[No Variations]"
Change component parameters (AddParameter): Name = "Manufacturer Part #"; Value = "GRM188Z71C475KE21J"; VariantName = "[No Variations]"
Change component parameters (AddParameter): Name = "Value"; Value = "4.7 µF"; VariantName = "[No Variations]"
Change component parameters: Designator = "R14" ("R14"); Footprint = "0603"; UniqueID = "\DHLGVYOP" ("\DHLGVYOP")
Change component parameters (AddParameter): Name = "ComponentLink1description"; Value = "Datasheet"; VariantName = "[No Variations]"
Change component parameters (AddParameter): Name = "ComponentLink1URL"; Value = "https://industrial.panasonic.com/ww/products/resistors/chip-resistors/general-purpose-chip-resistors/models/ERJ2GE0R00X"; VariantName = "[No Variations]"
Change component parameters (AddParameter): Name = "ComponentLink2description"; Value = "Manufacturer Website"; VariantName = "[No Variations]"
Change component parameters (AddParameter): Name = "ComponentLink2URL"; Value = "https://industrial.panasonic.com/ww/products/resistors/chip-resistors/general-purpose-chip-resistors/models/ERJ2GE0R00X"; VariantName = "[No Variations]"
Change component parameters (AddParameter): Name = "Distributor"; Value = "Digikey"; VariantName = "[No Variations]"
Change component parameters (AddParameter): Name = "Distributor Part #"; Value = "RMCF0603ZT0R00CT-ND"; VariantName = "[No Variations]"
Change component parameters (AddParameter): Name = "Manufacturer"; Value = "Stackpole Electronics Inc"; VariantName = "[No Variations]"
Change component parameters (AddParameter): Name = "Manufacturer Part #"; Value = "RMCF0603ZT0R00"; VariantName = "[No Variations]"
Change component parameters (AddParameter): Name = "Part Description"; Value = "0 Ohms Jumper 0.1W, 1/10W Chip Resistor 0603 (1608 Metric) Automotive AEC-Q200 Thick Film"; VariantName = "[No Variations]"
Change component parameters (AddParameter): Name = "Value"; Value = "0R"; VariantName = "[No Variations]"
Change component parameters: Designator = "R17" ("R17"); Footprint = "0603"; UniqueID = "\RRFSUEIH" ("\RRFSUEIH")
Change component parameters (AddParameter): Name = "ComponentLink1description"; Value = "Datasheet"; VariantName = "[No Variations]"
Change component parameters (AddParameter): Name = "ComponentLink1URL"; Value = "https://industrial.panasonic.com/ww/products/resistors/chip-resistors/general-purpose-chip-resistors/models/ERJ2GE0R00X"; VariantName = "[No Variations]"
Change component parameters (AddParameter): Name = "ComponentLink2description"; Value = "Manufacturer Website"; VariantName = "[No Variations]"
Change component parameters (AddParameter): Name = "ComponentLink2URL"; Value = "https://industrial.panasonic.com/ww/products/resistors/chip-resistors/general-purpose-chip-resistors/models/ERJ2GE0R00X"; VariantName = "[No Variations]"
Change component parameters (AddParameter): Name = "Distributor"; Value = "Digikey"; VariantName = "[No Variations]"
Change component parameters (AddParameter): Name = "Distributor Part #"; Value = "RMCF0603ZT0R00CT-ND"; VariantName = "[No Variations]"
Change component parameters (AddParameter): Name = "Manufacturer"; Value = "Stackpole Electronics Inc"; VariantName = "[No Variations]"
Change component parameters (AddParameter): Name = "Manufacturer Part #"; Value = "RMCF0603ZT0R00"; VariantName = "[No Variations]"
Change component parameters (AddParameter): Name = "Part Description"; Value = "0 Ohms Jumper 0.1W, 1/10W Chip Resistor 0603 (1608 Metric) Automotive AEC-Q200 Thick Film"; VariantName = "[No Variations]"
Change component parameters (AddParameter): Name = "Value"; Value = "0R"; VariantName = "[No Variations]"
Change component parameters: Designator = "C40" ("C40"); Footprint = "0603"; UniqueID = "\YVHPUXLN" ("\YVHPUXLN")
Change component parameters (AddParameter): Name = "ComponentLink1description"; Value = "Datasheet"; VariantName = "[No Variations]"
Change component parameters (AddParameter): Name = "ComponentLink1URL"; Value = "https://ds.yuden.co.jp/TYCOMPAS/ut/detail?pn=TMK105BJ104KV-F%20%20&u=M"; VariantName = "[No Variations]"
Change component parameters (AddParameter): Name = "ComponentLink2description"; Value = "Manufacturer Website"; VariantName = "[No Variations]"
Change component parameters (AddParameter): Name = "ComponentLink2URL"; Value = "https://www.yuden.co.jp/or/"; VariantName = "[No Variations]"
Change component parameters (AddParameter): Name = "Distributor"; Value = "Digikey"; VariantName = "[No Variations]"
Change component parameters (AddParameter): Name = "Distributor Part #"; Value = "399-CBR06C708B5GACCT-ND"; VariantName = "[No Variations]"
Change component parameters (AddParameter): Name = "Manufacturer"; Value = "KEMET"; VariantName = "[No Variations]"
Change component parameters (AddParameter): Name = "Manufacturer Part #"; Value = "CBR06C708B5GAC"; VariantName = "[No Variations]"
Change component parameters (AddParameter): Name = "Value"; Value = "0.7 pF"; VariantName = "[No Variations]"
Change component parameters: Designator = "C45" ("C45"); Footprint = "0603"; UniqueID = "\KWBCFODM" ("\KWBCFODM")
Change component parameters (AddParameter): Name = "ComponentLink1description"; Value = "Datasheet"; VariantName = "[No Variations]"
Change component parameters (AddParameter): Name = "ComponentLink1URL"; Value = "https://ds.yuden.co.jp/TYCOMPAS/ut/detail?pn=TMK105BJ104KV-F%20%20&u=M"; VariantName = "[No Variations]"
Change component parameters (AddParameter): Name = "ComponentLink2description"; Value = "Manufacturer Website"; VariantName = "[No Variations]"
Change component parameters (AddParameter): Name = "ComponentLink2URL"; Value = "https://www.yuden.co.jp/or/"; VariantName = "[No Variations]"
Change component parameters (AddParameter): Name = "Distributor"; Value = "Digikey"; VariantName = "[No Variations]"
Change component parameters (AddParameter): Name = "Distributor Part #"; Value = "311-3601-1-ND"; VariantName = "[No Variations]"
Change component parameters (AddParameter): Name = "Manufacturer"; Value = "YAGEO"; VariantName = "[No Variations]"
Change component parameters (AddParameter): Name = "Manufacturer Part #"; Value = "CC0603KRX7R9BB101"; VariantName = "[No Variations]"
Change component parameters (AddParameter): Name = "Part Description"; Value = "CAP CER 100PF 50V X7R 0603"; VariantName = "[No Variations]"
Change component parameters (AddParameter): Name = "Value"; Value = "100pF"; VariantName = "[No Variations]"
Change component parameters: Designator = "C39" ("C39"); Footprint = "0603"; UniqueID = "\JQYNUREO" ("\JQYNUREO")
Change component parameters (AddParameter): Name = "Distributor"; Value = "Digikey"; VariantName = "[No Variations]"
Change component parameters (AddParameter): Name = "Distributor Part #"; Value = "490-GRM188Z71C475KE21JCT-ND"; VariantName = "[No Variations]"
Change component parameters (AddParameter): Name = "Manufacturer"; Value = "Murata Electronics"; VariantName = "[No Variations]"
Change component parameters (AddParameter): Name = "Manufacturer Part #"; Value = "GRM188Z71C475KE21J"; VariantName = "[No Variations]"
Change component parameters (AddParameter): Name = "Value"; Value = "4.7 µF"; VariantName = "[No Variations]"
Added Component: Designator=C12(0402)
Add component (AddParameter): Name = "ComponentLink1description"; Value = "Datasheet"; VariantName = "[No Variations]"
Add component (AddParameter): Name = "ComponentLink1URL"; Value = "https://ds.yuden.co.jp/TYCOMPAS/ut/detail?pn=TMK105BJ104KV-F%20%20&u=M"; VariantName = "[No Variations]"
Add component (AddParameter): Name = "ComponentLink2description"; Value = "Manufacturer Website"; VariantName = "[No Variations]"
Add component (AddParameter): Name = "ComponentLink2URL"; Value = "https://www.yuden.co.jp/or/"; VariantName = "[No Variations]"
Add component (AddParameter): Name = "Distributor"; Value = "Digikey"; VariantName = "[No Variations]"
Add component (AddParameter): Name = "Distributor Part #"; Value = "13-CC0402KPX7R8BB104CT-ND"; VariantName = "[No Variations]"
Add component (AddParameter): Name = "Manufacturer"; Value = "YAGEO"; VariantName = "[No Variations]"
Add component (AddParameter): Name = "Manufacturer Part #"; Value = "CC0402KPX7R8BB104"; VariantName = "[No Variations]"
Add component (AddParameter): Name = "Part Description"; Value = "CAP CER 0.1UF 25V X7R 0402"; VariantName = "[No Variations]"
Add component (AddParameter): Name = "Value"; Value = "0.1uF"; VariantName = "[No Variations]"
Added Component: Designator=C33(CAP TANT 1206 (A) TCJ)
Add component (AddParameter): Name = "ComponentLink1Description"; Value = "Datasheet"; VariantName = "[No Variations]"
Add component (AddParameter): Name = "ComponentLink1URL"; Value = ""; VariantName = "[No Variations]"
Add component (AddParameter): Name = "ComponentLink2Description"; Value = "Manufacturer Website"; VariantName = "[No Variations]"
Add component (AddParameter): Name = "ComponentLink2URL"; Value = ""; VariantName = "[No Variations]"
Add component (AddParameter): Name = "Distributor"; Value = "Digikey"; VariantName = "[No Variations]"
Add component (AddParameter): Name = "Distributor Part #"; Value = "478-11193-1-ND"; VariantName = "[No Variations]"
Add component (AddParameter): Name = "Manufacturer"; Value = "KYOCERA AVX"; VariantName = "[No Variations]"
Add component (AddParameter): Name = "Manufacturer Part #"; Value = "TPSA226K010T0900"; VariantName = "[No Variations]"
Add component (AddParameter): Name = "Part Description"; Value = "CAP TANT 22UF 10% 10V 1206"; VariantName = "[No Variations]"
Add component (AddParameter): Name = "Value"; Value = "22uF"; VariantName = "[No Variations]"
Added Component: Designator=C34(CC-25SVPF47M)
Add component (AddParameter): Name = "ComponentLink1Description"; Value = "Datasheet"; VariantName = "[No Variations]"
Add component (AddParameter): Name = "ComponentLink1URL"; Value = ""; VariantName = "[No Variations]"
Add component (AddParameter): Name = "ComponentLink2Description"; Value = "Manufacture Website"; VariantName = "[No Variations]"
Add component (AddParameter): Name = "ComponentLink2URL"; Value = ""; VariantName = "[No Variations]"
Add component (AddParameter): Name = "Distributor"; Value = "Digikey"; VariantName = "[No Variations]"
Add component (AddParameter): Name = "Distributor Part #"; Value = "P16513CT-ND"; VariantName = "[No Variations]"
Add component (AddParameter): Name = "Manufacturer"; Value = "Panasonic Electronic Components"; VariantName = "[No Variations]"
Add component (AddParameter): Name = "Manufacturer Part #"; Value = "25SVPF47M"; VariantName = "[No Variations]"
Add component (AddParameter): Name = "Part Description"; Value = "CAP ALUM POLY 47UF 20% 25V SMD"; VariantName = "[No Variations]"
Add component (AddParameter): Name = "Value"; Value = "47 uF"; VariantName = "[No Variations]"
Added Component: Designator=C35(CC-25SVPF47M)
Add component (AddParameter): Name = "ComponentLink1Description"; Value = "Datasheet"; VariantName = "[No Variations]"
Add component (AddParameter): Name = "ComponentLink1URL"; Value = ""; VariantName = "[No Variations]"
Add component (AddParameter): Name = "ComponentLink2Description"; Value = "Manufacture Website"; VariantName = "[No Variations]"
Add component (AddParameter): Name = "ComponentLink2URL"; Value = ""; VariantName = "[No Variations]"
Add component (AddParameter): Name = "Distributor"; Value = "Digikey"; VariantName = "[No Variations]"
Add component (AddParameter): Name = "Distributor Part #"; Value = "P16513CT-ND"; VariantName = "[No Variations]"
Add component (AddParameter): Name = "Manufacturer"; Value = "Panasonic Electronic Components"; VariantName = "[No Variations]"
Add component (AddParameter): Name = "Manufacturer Part #"; Value = "25SVPF47M"; VariantName = "[No Variations]"
Add component (AddParameter): Name = "Part Description"; Value = "CAP ALUM POLY 47UF 20% 25V SMD"; VariantName = "[No Variations]"
Add component (AddParameter): Name = "Value"; Value = "47 uF"; VariantName = "[No Variations]"
Added Component: Designator=C36(CC-25SVPF47M)
Add component (AddParameter): Name = "ComponentLink1Description"; Value = "Datasheet"; VariantName = "[No Variations]"
Add component (AddParameter): Name = "ComponentLink1URL"; Value = ""; VariantName = "[No Variations]"
Add component (AddParameter): Name = "ComponentLink2Description"; Value = "Manufacture Website"; VariantName = "[No Variations]"
Add component (AddParameter): Name = "ComponentLink2URL"; Value = ""; VariantName = "[No Variations]"
Add component (AddParameter): Name = "Distributor"; Value = "Digikey"; VariantName = "[No Variations]"
Add component (AddParameter): Name = "Distributor Part #"; Value = "P16513CT-ND"; VariantName = "[No Variations]"
Add component (AddParameter): Name = "Manufacturer"; Value = "Panasonic Electronic Components"; VariantName = "[No Variations]"
Add component (AddParameter): Name = "Manufacturer Part #"; Value = "25SVPF47M"; VariantName = "[No Variations]"
Add component (AddParameter): Name = "Part Description"; Value = "CAP ALUM POLY 47UF 20% 25V SMD"; VariantName = "[No Variations]"
Add component (AddParameter): Name = "Value"; Value = "47 uF"; VariantName = "[No Variations]"
Added Component: Designator=C37(0603)
Add component (AddParameter): Name = "ComponentLink1description"; Value = "Datasheet"; VariantName = "[No Variations]"
Add component (AddParameter): Name = "ComponentLink1URL"; Value = "https://ds.yuden.co.jp/TYCOMPAS/ut/detail?pn=TMK105BJ104KV-F%20%20&u=M"; VariantName = "[No Variations]"
Add component (AddParameter): Name = "ComponentLink2description"; Value = "Manufacturer Website"; VariantName = "[No Variations]"
Add component (AddParameter): Name = "ComponentLink2URL"; Value = "https://www.yuden.co.jp/or/"; VariantName = "[No Variations]"
Add component (AddParameter): Name = "Distributor"; Value = "Digikey"; VariantName = "[No Variations]"
Add component (AddParameter): Name = "Distributor Part #"; Value = "399-CBR06C708B5GACCT-ND"; VariantName = "[No Variations]"
Add component (AddParameter): Name = "Manufacturer"; Value = "KEMET"; VariantName = "[No Variations]"
Add component (AddParameter): Name = "Manufacturer Part #"; Value = "CBR06C708B5GAC"; VariantName = "[No Variations]"
Add component (AddParameter): Name = "Value"; Value = "0.7 pF"; VariantName = "[No Variations]"
Added Component: Designator=C38(0603)
Add component (AddParameter): Name = "ComponentLink1description"; Value = "Datasheet"; VariantName = "[No Variations]"
Add component (AddParameter): Name = "ComponentLink1URL"; Value = "https://ds.yuden.co.jp/TYCOMPAS/ut/detail?pn=TMK105BJ104KV-F%20%20&u=M"; VariantName = "[No Variations]"
Add component (AddParameter): Name = "ComponentLink2description"; Value = "Manufacturer Website"; VariantName = "[No Variations]"
Add component (AddParameter): Name = "ComponentLink2URL"; Value = "https://www.yuden.co.jp/or/"; VariantName = "[No Variations]"
Add component (AddParameter): Name = "Distributor"; Value = "Digikey"; VariantName = "[No Variations]"
Add component (AddParameter): Name = "Distributor Part #"; Value = "399-CBR06C708B5GACCT-ND"; VariantName = "[No Variations]"
Add component (AddParameter): Name = "Manufacturer"; Value = "KEMET"; VariantName = "[No Variations]"
Add component (AddParameter): Name = "Manufacturer Part #"; Value = "CBR06C708B5GAC"; VariantName = "[No Variations]"
Add component (AddParameter): Name = "Value"; Value = "0.7 pF"; VariantName = "[No Variations]"
Added Component: Designator=C47(0603)
Add component (AddParameter): Name = "ComponentLink1description"; Value = "Datasheet"; VariantName = "[No Variations]"
Add component (AddParameter): Name = "ComponentLink1URL"; Value = "https://ds.yuden.co.jp/TYCOMPAS/ut/detail?pn=TMK105BJ104KV-F%20%20&u=M"; VariantName = "[No Variations]"
Add component (AddParameter): Name = "ComponentLink2description"; Value = "Manufacturer Website"; VariantName = "[No Variations]"
Add component (AddParameter): Name = "ComponentLink2URL"; Value = "https://www.yuden.co.jp/or/"; VariantName = "[No Variations]"
Add component (AddParameter): Name = "Distributor"; Value = "Digikey"; VariantName = "[No Variations]"
Add component (AddParameter): Name = "Distributor Part #"; Value = "311-3601-1-ND"; VariantName = "[No Variations]"
Add component (AddParameter): Name = "Manufacturer"; Value = "YAGEO"; VariantName = "[No Variations]"
Add component (AddParameter): Name = "Manufacturer Part #"; Value = "CC0603KRX7R9BB101"; VariantName = "[No Variations]"
Add component (AddParameter): Name = "Part Description"; Value = "CAP CER 100PF 50V X7R 0603"; VariantName = "[No Variations]"
Add component (AddParameter): Name = "Value"; Value = "100pF"; VariantName = "[No Variations]"
Added Component: Designator=C48(CAP TANT 1206 (A) TCJ)
Add component (AddParameter): Name = "ComponentLink1Description"; Value = "Datasheet"; VariantName = "[No Variations]"
Add component (AddParameter): Name = "ComponentLink1URL"; Value = ""; VariantName = "[No Variations]"
Add component (AddParameter): Name = "ComponentLink2Description"; Value = "Manufacturer Website"; VariantName = "[No Variations]"
Add component (AddParameter): Name = "ComponentLink2URL"; Value = ""; VariantName = "[No Variations]"
Add component (AddParameter): Name = "Distributor"; Value = "Digikey"; VariantName = "[No Variations]"
Add component (AddParameter): Name = "Distributor Part #"; Value = "478-1668-1-ND"; VariantName = "[No Variations]"
Add component (AddParameter): Name = "Manufacturer"; Value = "AVX Corporation"; VariantName = "[No Variations]"
Add component (AddParameter): Name = "Manufacturer Part #"; Value = "TAJA475K020RNJ"; VariantName = "[No Variations]"
Add component (AddParameter): Name = "Part Description"; Value = "4.7 µF Molded Tantalum Capacitors 20 V 1206 (3216 Metric) 4Ohm"; VariantName = "[No Variations]"
Add component (AddParameter): Name = "Value"; Value = "4.7uF"; VariantName = "[No Variations]"
Added Component: Designator=C49(CAP TANT 1206 (A) TCJ)
Add component (AddParameter): Name = "ComponentLink1Description"; Value = "Datasheet"; VariantName = "[No Variations]"
Add component (AddParameter): Name = "ComponentLink1URL"; Value = ""; VariantName = "[No Variations]"
Add component (AddParameter): Name = "ComponentLink2Description"; Value = "Manufacturer Website"; VariantName = "[No Variations]"
Add component (AddParameter): Name = "ComponentLink2URL"; Value = ""; VariantName = "[No Variations]"
Add component (AddParameter): Name = "Distributor"; Value = "Digikey"; VariantName = "[No Variations]"
Add component (AddParameter): Name = "Distributor Part #"; Value = "478-1668-1-ND"; VariantName = "[No Variations]"
Add component (AddParameter): Name = "Manufacturer"; Value = "AVX Corporation"; VariantName = "[No Variations]"
Add component (AddParameter): Name = "Manufacturer Part #"; Value = "TAJA475K020RNJ"; VariantName = "[No Variations]"
Add component (AddParameter): Name = "Part Description"; Value = "4.7 µF Molded Tantalum Capacitors 20 V 1206 (3216 Metric) 4Ohm"; VariantName = "[No Variations]"
Add component (AddParameter): Name = "Value"; Value = "4.7uF"; VariantName = "[No Variations]"
Added Component: Designator=C50(CAP TANT 1206 (A) TCJ)
Add component (AddParameter): Name = "ComponentLink1Description"; Value = "Datasheet"; VariantName = "[No Variations]"
Add component (AddParameter): Name = "ComponentLink1URL"; Value = ""; VariantName = "[No Variations]"
Add component (AddParameter): Name = "ComponentLink2Description"; Value = "Manufacturer Website"; VariantName = "[No Variations]"
Add component (AddParameter): Name = "ComponentLink2URL"; Value = ""; VariantName = "[No Variations]"
Add component (AddParameter): Name = "Distributor"; Value = "Digikey"; VariantName = "[No Variations]"
Add component (AddParameter): Name = "Distributor Part #"; Value = "478-1668-1-ND"; VariantName = "[No Variations]"
Add component (AddParameter): Name = "Manufacturer"; Value = "AVX Corporation"; VariantName = "[No Variations]"
Add component (AddParameter): Name = "Manufacturer Part #"; Value = "TAJA475K020RNJ"; VariantName = "[No Variations]"
Add component (AddParameter): Name = "Part Description"; Value = "4.7 µF Molded Tantalum Capacitors 20 V 1206 (3216 Metric) 4Ohm"; VariantName = "[No Variations]"
Add component (AddParameter): Name = "Value"; Value = "4.7uF"; VariantName = "[No Variations]"
Added Component: Designator=D7(D-B540C-13-F)
Add component (AddParameter): Name = "Distributor"; Value = "Digikey"; VariantName = "[No Variations]"
Add component (AddParameter): Name = "Distributor Part #"; Value = "B540C-FDICT-ND"; VariantName = "[No Variations]"
Add component (AddParameter): Name = "Manufacturer"; Value = "Diodes Incorporated"; VariantName = "[No Variations]"
Add component (AddParameter): Name = "Manufacturer Part #"; Value = "B540C-13-F"; VariantName = "[No Variations]"
Added Component: Designator=J4(J-53261-0471)
Add component (AddParameter): Name = "Distributor"; Value = "Digi-Key"; VariantName = "[No Variations]"
Add component (AddParameter): Name = "Distributor Part #"; Value = "WM7622CT-ND"; VariantName = "[No Variations]"
Add component (AddParameter): Name = "Manfacturer"; Value = "Molex"; VariantName = "[No Variations]"
Add component (AddParameter): Name = "Manfacturer Part #"; Value = "0532610471"; VariantName = "[No Variations]"
Added Component: Designator=J9(J-0532610671)
Add component (AddParameter): Name = "Distributor"; Value = "Digi-Key"; VariantName = "[No Variations]"
Add component (AddParameter): Name = "Distributor Part #"; Value = "WM7624CT-ND"; VariantName = "[No Variations]"
Add component (AddParameter): Name = "Manfacturer"; Value = "Molex"; VariantName = "[No Variations]"
Add component (AddParameter): Name = "Manfacturer Part #"; Value = "0532610671"; VariantName = "[No Variations]"
Added Component: Designator=J14(J-252129)
Add component (AddParameter): Name = "Distributor"; Value = "Digikey"; VariantName = "[No Variations]"
Add component (AddParameter): Name = "Distributor Part #"; Value = "ACX1494-ND"; VariantName = "[No Variations]"
Add component (AddParameter): Name = "Manufacturer"; Value = "Amphenol RF"; VariantName = "[No Variations]"
Add component (AddParameter): Name = "Manufacturer Part #"; Value = "252129"; VariantName = "[No Variations]"
Added Component: Designator=J15(J-TSW-106-05-T-S)
Add component (AddParameter): Name = "Distrbutor"; Value = "None"; VariantName = "[No Variations]"
Add component (AddParameter): Name = "Distrbutor part #"; Value = "SAM12323-ND"; VariantName = "[No Variations]"
Add component (AddParameter): Name = "Manufacturer"; Value = "Samtec"; VariantName = "[No Variations]"
Add component (AddParameter): Name = "Manufacturer Part #"; Value = "TSW-106-05-T-S"; VariantName = "[No Variations]"
Add component (AddParameter): Name = "Price"; Value = "None"; VariantName = "[No Variations]"
Added Component: Designator=J16(J-252129)
Add component (AddParameter): Name = "Distributor"; Value = "Digikey"; VariantName = "[No Variations]"
Add component (AddParameter): Name = "Distributor Part #"; Value = "ACX1494-ND"; VariantName = "[No Variations]"
Add component (AddParameter): Name = "Manufacturer"; Value = "Amphenol RF"; VariantName = "[No Variations]"
Add component (AddParameter): Name = "Manufacturer Part #"; Value = "252129"; VariantName = "[No Variations]"
Added Component: Designator=J17(J-252129)
Add component (AddParameter): Name = "Distributor"; Value = "Digikey"; VariantName = "[No Variations]"
Add component (AddParameter): Name = "Distributor Part #"; Value = "ACX1494-ND"; VariantName = "[No Variations]"
Add component (AddParameter): Name = "Manufacturer"; Value = "Amphenol RF"; VariantName = "[No Variations]"
Add component (AddParameter): Name = "Manufacturer Part #"; Value = "252129"; VariantName = "[No Variations]"
Added Component: Designator=J18(J-252129)
Add component (AddParameter): Name = "Distributor"; Value = "Digikey"; VariantName = "[No Variations]"
Add component (AddParameter): Name = "Distributor Part #"; Value = "ACX1494-ND"; VariantName = "[No Variations]"
Add component (AddParameter): Name = "Manufacturer"; Value = "Amphenol RF"; VariantName = "[No Variations]"
Add component (AddParameter): Name = "Manufacturer Part #"; Value = "252129"; VariantName = "[No Variations]"
Added Component: Designator=J19(J-TSW-106-05-T-S)
Add component (AddParameter): Name = "Distrbutor"; Value = "None"; VariantName = "[No Variations]"
Add component (AddParameter): Name = "Distrbutor part #"; Value = "SAM12323-ND"; VariantName = "[No Variations]"
Add component (AddParameter): Name = "Manufacturer"; Value = "Samtec"; VariantName = "[No Variations]"
Add component (AddParameter): Name = "Manufacturer Part #"; Value = "TSW-106-05-T-S"; VariantName = "[No Variations]"
Add component (AddParameter): Name = "Price"; Value = "None"; VariantName = "[No Variations]"
Added Component: Designator=J20(J-252129)
Add component (AddParameter): Name = "Distributor"; Value = "Digikey"; VariantName = "[No Variations]"
Add component (AddParameter): Name = "Distributor Part #"; Value = "ACX1494-ND"; VariantName = "[No Variations]"
Add component (AddParameter): Name = "Manufacturer"; Value = "Amphenol RF"; VariantName = "[No Variations]"
Add component (AddParameter): Name = "Manufacturer Part #"; Value = "252129"; VariantName = "[No Variations]"
Added Component: Designator=R40(0603)
Add component (AddParameter): Name = "ComponentLink1description"; Value = "Datasheet"; VariantName = "[No Variations]"
Add component (AddParameter): Name = "ComponentLink1URL"; Value = "https://www.vishay.com/docs/20035/dcrcwe3.pdf"; VariantName = "[No Variations]"
Add component (AddParameter): Name = "ComponentLink2description"; Value = "Manufacturer Website"; VariantName = "[No Variations]"
Add component (AddParameter): Name = "ComponentLink2URL"; Value = "https://www.vishay.com/"; VariantName = "[No Variations]"
Add component (AddParameter): Name = "Distributor"; Value = "Digikey"; VariantName = "[No Variations]"
Add component (AddParameter): Name = "Distributor Part #"; Value = "RR08Q22DCT-ND"; VariantName = "[No Variations]"
Add component (AddParameter): Name = "Manufacturer"; Value = "Susumu"; VariantName = "[No Variations]"
Add component (AddParameter): Name = "Manufacturer Part #"; Value = "RR0816Q-220-D"; VariantName = "[No Variations]"
Add component (AddParameter): Name = "Part Description"; Value = "22 Ohms ±0.5% 0.063W, 1/16W Chip Resistor 0603 (1608 Metric) - Thin Film"; VariantName = "[No Variations]"
Add component (AddParameter): Name = "Value"; Value = "22R"; VariantName = "[No Variations]"
Added Component: Designator=R56(0603)
Add component (AddParameter): Name = "ComponentLink1description"; Value = "Datasheet"; VariantName = "[No Variations]"
Add component (AddParameter): Name = "ComponentLink1URL"; Value = "https://www.vishay.com/docs/20035/dcrcwe3.pdf"; VariantName = "[No Variations]"
Add component (AddParameter): Name = "ComponentLink2description"; Value = "Manufacturer Website"; VariantName = "[No Variations]"
Add component (AddParameter): Name = "ComponentLink2URL"; Value = "https://www.vishay.com/"; VariantName = "[No Variations]"
Add component (AddParameter): Name = "Distributor"; Value = "Digikey"; VariantName = "[No Variations]"
Add component (AddParameter): Name = "Distributor Part #"; Value = "RR08Q22DCT-ND"; VariantName = "[No Variations]"
Add component (AddParameter): Name = "Manufacturer"; Value = "Susumu"; VariantName = "[No Variations]"
Add component (AddParameter): Name = "Manufacturer Part #"; Value = "RR0816Q-220-D"; VariantName = "[No Variations]"
Add component (AddParameter): Name = "Part Description"; Value = "22 Ohms ±0.5% 0.063W, 1/16W Chip Resistor 0603 (1608 Metric) - Thin Film"; VariantName = "[No Variations]"
Add component (AddParameter): Name = "Value"; Value = "22R"; VariantName = "[No Variations]"
Added Component: Designator=R57(0603)
Add component (AddParameter): Name = "ComponentLink1description"; Value = "Datasheet"; VariantName = "[No Variations]"
Add component (AddParameter): Name = "ComponentLink1URL"; Value = "https://www.vishay.com/docs/20035/dcrcwe3.pdf"; VariantName = "[No Variations]"
Add component (AddParameter): Name = "ComponentLink2description"; Value = "Manufacturer Website"; VariantName = "[No Variations]"
Add component (AddParameter): Name = "ComponentLink2URL"; Value = "https://www.vishay.com/"; VariantName = "[No Variations]"
Add component (AddParameter): Name = "Distributor"; Value = "Digikey"; VariantName = "[No Variations]"
Add component (AddParameter): Name = "Distributor Part #"; Value = "RR08Q22DCT-ND"; VariantName = "[No Variations]"
Add component (AddParameter): Name = "Manufacturer"; Value = "Susumu"; VariantName = "[No Variations]"
Add component (AddParameter): Name = "Manufacturer Part #"; Value = "RR0816Q-220-D"; VariantName = "[No Variations]"
Add component (AddParameter): Name = "Part Description"; Value = "22 Ohms ±0.5% 0.063W, 1/16W Chip Resistor 0603 (1608 Metric) - Thin Film"; VariantName = "[No Variations]"
Add component (AddParameter): Name = "Value"; Value = "22R"; VariantName = "[No Variations]"
Added Component: Designator=R58(0603)
Add component (AddParameter): Name = "ComponentLink1description"; Value = "Datasheet"; VariantName = "[No Variations]"
Add component (AddParameter): Name = "ComponentLink1URL"; Value = "https://www.vishay.com/docs/20035/dcrcwe3.pdf"; VariantName = "[No Variations]"
Add component (AddParameter): Name = "ComponentLink2description"; Value = "Manufacturer Website"; VariantName = "[No Variations]"
Add component (AddParameter): Name = "ComponentLink2URL"; Value = "https://www.vishay.com/"; VariantName = "[No Variations]"
Add component (AddParameter): Name = "Distributor"; Value = "Digikey"; VariantName = "[No Variations]"
Add component (AddParameter): Name = "Distributor Part #"; Value = "RR08Q22DCT-ND"; VariantName = "[No Variations]"
Add component (AddParameter): Name = "Manufacturer"; Value = "Susumu"; VariantName = "[No Variations]"
Add component (AddParameter): Name = "Manufacturer Part #"; Value = "RR0816Q-220-D"; VariantName = "[No Variations]"
Add component (AddParameter): Name = "Part Description"; Value = "22 Ohms ±0.5% 0.063W, 1/16W Chip Resistor 0603 (1608 Metric) - Thin Film"; VariantName = "[No Variations]"
Add component (AddParameter): Name = "Value"; Value = "22R"; VariantName = "[No Variations]"
Added Component: Designator=R59(0603)
Add component (AddParameter): Name = "ComponentLink1description"; Value = "Datasheet"; VariantName = "[No Variations]"
Add component (AddParameter): Name = "ComponentLink1URL"; Value = "https://www.vishay.com/docs/20035/dcrcwe3.pdf"; VariantName = "[No Variations]"
Add component (AddParameter): Name = "ComponentLink2description"; Value = "Manufacturer Website"; VariantName = "[No Variations]"
Add component (AddParameter): Name = "ComponentLink2URL"; Value = "https://www.vishay.com/"; VariantName = "[No Variations]"
Add component (AddParameter): Name = "Distributor"; Value = "Digikey"; VariantName = "[No Variations]"
Add component (AddParameter): Name = "Distributor Part #"; Value = "RR08Q22DCT-ND"; VariantName = "[No Variations]"
Add component (AddParameter): Name = "Manufacturer"; Value = "Susumu"; VariantName = "[No Variations]"
Add component (AddParameter): Name = "Manufacturer Part #"; Value = "RR0816Q-220-D"; VariantName = "[No Variations]"
Add component (AddParameter): Name = "Part Description"; Value = "22 Ohms ±0.5% 0.063W, 1/16W Chip Resistor 0603 (1608 Metric) - Thin Film"; VariantName = "[No Variations]"
Add component (AddParameter): Name = "Value"; Value = "22R"; VariantName = "[No Variations]"
Added Component: Designator=R60(0603)
Add component (AddParameter): Name = "ComponentLink1description"; Value = "Datasheet"; VariantName = "[No Variations]"
Add component (AddParameter): Name = "ComponentLink1URL"; Value = "https://www.vishay.com/docs/20035/dcrcwe3.pdf"; VariantName = "[No Variations]"
Add component (AddParameter): Name = "ComponentLink2description"; Value = "Manufacturer Website"; VariantName = "[No Variations]"
Add component (AddParameter): Name = "ComponentLink2URL"; Value = "https://www.vishay.com/"; VariantName = "[No Variations]"
Add component (AddParameter): Name = "Distributor"; Value = "Digikey"; VariantName = "[No Variations]"
Add component (AddParameter): Name = "Distributor Part #"; Value = "RNCP0603FTD10K0CT-ND"; VariantName = "[No Variations]"
Add component (AddParameter): Name = "Manufacturer"; Value = "Stackpole Electronics Inc"; VariantName = "[No Variations]"
Add component (AddParameter): Name = "Manufacturer Part #"; Value = "RNCP0603FTD10K0"; VariantName = "[No Variations]"
Add component (AddParameter): Name = "Part Description"; Value = "RES 10K OHM 1% 1/8W 0603"; VariantName = "[No Variations]"
Add component (AddParameter): Name = "Value"; Value = "10K"; VariantName = "[No Variations]"
Added Component: Designator=R61(0603)
Add component (AddParameter): Name = "ComponentLink1description"; Value = "Datasheet"; VariantName = "[No Variations]"
Add component (AddParameter): Name = "ComponentLink1URL"; Value = "https://www.vishay.com/docs/20035/dcrcwe3.pdf"; VariantName = "[No Variations]"
Add component (AddParameter): Name = "ComponentLink2description"; Value = "Manufacturer Website"; VariantName = "[No Variations]"
Add component (AddParameter): Name = "ComponentLink2URL"; Value = "https://www.vishay.com/"; VariantName = "[No Variations]"
Add component (AddParameter): Name = "Distributor"; Value = "Digikey"; VariantName = "[No Variations]"
Add component (AddParameter): Name = "Distributor Part #"; Value = "RNCP0603FTD10K0CT-ND"; VariantName = "[No Variations]"
Add component (AddParameter): Name = "Manufacturer"; Value = "Stackpole Electronics Inc"; VariantName = "[No Variations]"
Add component (AddParameter): Name = "Manufacturer Part #"; Value = "RNCP0603FTD10K0"; VariantName = "[No Variations]"
Add component (AddParameter): Name = "Part Description"; Value = "RES 10K OHM 1% 1/8W 0603"; VariantName = "[No Variations]"
Add component (AddParameter): Name = "Value"; Value = "10K"; VariantName = "[No Variations]"
Added Component: Designator=R63(0603)
Add component (AddParameter): Name = "ComponentLink1description"; Value = "Datasheet"; VariantName = "[No Variations]"
Add component (AddParameter): Name = "ComponentLink1URL"; Value = "https://industrial.panasonic.com/ww/products/resistors/chip-resistors/general-purpose-chip-resistors/models/ERJ2GE0R00X"; VariantName = "[No Variations]"
Add component (AddParameter): Name = "ComponentLink2description"; Value = "Manufacturer Website"; VariantName = "[No Variations]"
Add component (AddParameter): Name = "ComponentLink2URL"; Value = "https://industrial.panasonic.com/ww/products/resistors/chip-resistors/general-purpose-chip-resistors/models/ERJ2GE0R00X"; VariantName = "[No Variations]"
Add component (AddParameter): Name = "Distributor"; Value = "Digikey"; VariantName = "[No Variations]"
Add component (AddParameter): Name = "Distributor Part #"; Value = "RMCF0603ZT0R00CT-ND"; VariantName = "[No Variations]"
Add component (AddParameter): Name = "Manufacturer"; Value = "Stackpole Electronics Inc"; VariantName = "[No Variations]"
Add component (AddParameter): Name = "Manufacturer Part #"; Value = "RMCF0603ZT0R00"; VariantName = "[No Variations]"
Add component (AddParameter): Name = "Part Description"; Value = "0 Ohms Jumper 0.1W, 1/10W Chip Resistor 0603 (1608 Metric) Automotive AEC-Q200 Thick Film"; VariantName = "[No Variations]"
Add component (AddParameter): Name = "Value"; Value = "0R"; VariantName = "[No Variations]"
Added Component: Designator=R64(0603)
Add component (AddParameter): Name = "ComponentLink1description"; Value = "Datasheet"; VariantName = "[No Variations]"
Add component (AddParameter): Name = "ComponentLink1URL"; Value = "https://industrial.panasonic.com/ww/products/resistors/chip-resistors/general-purpose-chip-resistors/models/ERJ2GE0R00X"; VariantName = "[No Variations]"
Add component (AddParameter): Name = "ComponentLink2description"; Value = "Manufacturer Website"; VariantName = "[No Variations]"
Add component (AddParameter): Name = "ComponentLink2URL"; Value = "https://industrial.panasonic.com/ww/products/resistors/chip-resistors/general-purpose-chip-resistors/models/ERJ2GE0R00X"; VariantName = "[No Variations]"
Add component (AddParameter): Name = "Distributor"; Value = "Digikey"; VariantName = "[No Variations]"
Add component (AddParameter): Name = "Distributor Part #"; Value = "RMCF0603ZT0R00CT-ND"; VariantName = "[No Variations]"
Add component (AddParameter): Name = "Manufacturer"; Value = "Stackpole Electronics Inc"; VariantName = "[No Variations]"
Add component (AddParameter): Name = "Manufacturer Part #"; Value = "RMCF0603ZT0R00"; VariantName = "[No Variations]"
Add component (AddParameter): Name = "Part Description"; Value = "0 Ohms Jumper 0.1W, 1/10W Chip Resistor 0603 (1608 Metric) Automotive AEC-Q200 Thick Film"; VariantName = "[No Variations]"
Add component (AddParameter): Name = "Value"; Value = "0R"; VariantName = "[No Variations]"
Added Component: Designator=R65(0603)
Add component (AddParameter): Name = "ComponentLink1description"; Value = "Datasheet"; VariantName = "[No Variations]"
Add component (AddParameter): Name = "ComponentLink1URL"; Value = "https://www.vishay.com/docs/20035/dcrcwe3.pdf"; VariantName = "[No Variations]"
Add component (AddParameter): Name = "ComponentLink2description"; Value = "Manufacturer Website"; VariantName = "[No Variations]"
Add component (AddParameter): Name = "ComponentLink2URL"; Value = "https://www.vishay.com/"; VariantName = "[No Variations]"
Add component (AddParameter): Name = "Distributor"; Value = "Digikey"; VariantName = "[No Variations]"
Add component (AddParameter): Name = "Distributor Part #"; Value = "A119886CT-ND"; VariantName = "[No Variations]"
Add component (AddParameter): Name = "Manufacturer"; Value = "TE Connectivity Passive Product"; VariantName = "[No Variations]"
Add component (AddParameter): Name = "Manufacturer Part #"; Value = "CPF0603B10KE"; VariantName = "[No Variations]"
Add component (AddParameter): Name = "Part Description"; Value = "10 kOhms ±0.1% 0.063W, 1/16W Chip Resistor 0603 (1608 Metric) - Thin Film"; VariantName = "[No Variations]"
Add component (AddParameter): Name = "Value"; Value = "10K"; VariantName = "[No Variations]"
Added Component: Designator=R66(0603)
Add component (AddParameter): Name = "ComponentLink1description"; Value = "Datasheet"; VariantName = "[No Variations]"
Add component (AddParameter): Name = "ComponentLink1URL"; Value = "https://www.vishay.com/docs/20035/dcrcwe3.pdf"; VariantName = "[No Variations]"
Add component (AddParameter): Name = "ComponentLink2description"; Value = "Manufacturer Website"; VariantName = "[No Variations]"
Add component (AddParameter): Name = "ComponentLink2URL"; Value = "https://www.vishay.com/"; VariantName = "[No Variations]"
Add component (AddParameter): Name = "Distributor"; Value = "Digikey"; VariantName = "[No Variations]"
Add component (AddParameter): Name = "Distributor Part #"; Value = "A119886CT-ND"; VariantName = "[No Variations]"
Add component (AddParameter): Name = "Manufacturer"; Value = "TE Connectivity Passive Product"; VariantName = "[No Variations]"
Add component (AddParameter): Name = "Manufacturer Part #"; Value = "CPF0603B10KE"; VariantName = "[No Variations]"
Add component (AddParameter): Name = "Part Description"; Value = "10 kOhms ±0.1% 0.063W, 1/16W Chip Resistor 0603 (1608 Metric) - Thin Film"; VariantName = "[No Variations]"
Add component (AddParameter): Name = "Value"; Value = "10K"; VariantName = "[No Variations]"
Added Component: Designator=TP1(TP)
Add component (AddParameter): Name = "ComponentLink1description"; Value = "Datasheet"; VariantName = "[No Variations]"
Add component (AddParameter): Name = "ComponentLink1URL"; Value = "https://industrial.panasonic.com/ww/products/resistors/chip-resistors/general-purpose-chip-resistors/models/ERJ2GE0R00X"; VariantName = "[No Variations]"
Add component (AddParameter): Name = "ComponentLink2description"; Value = "Manufacturer Website"; VariantName = "[No Variations]"
Add component (AddParameter): Name = "ComponentLink2URL"; Value = "https://industrial.panasonic.com/ww/products/resistors/chip-resistors/general-purpose-chip-resistors/models/ERJ2GE0R00X"; VariantName = "[No Variations]"
Added Component: Designator=TP2(TP)
Add component (AddParameter): Name = "ComponentLink1description"; Value = "Datasheet"; VariantName = "[No Variations]"
Add component (AddParameter): Name = "ComponentLink1URL"; Value = "https://industrial.panasonic.com/ww/products/resistors/chip-resistors/general-purpose-chip-resistors/models/ERJ2GE0R00X"; VariantName = "[No Variations]"
Add component (AddParameter): Name = "ComponentLink2description"; Value = "Manufacturer Website"; VariantName = "[No Variations]"
Add component (AddParameter): Name = "ComponentLink2URL"; Value = "https://industrial.panasonic.com/ww/products/resistors/chip-resistors/general-purpose-chip-resistors/models/ERJ2GE0R00X"; VariantName = "[No Variations]"
Added Component: Designator=U11(U-LORA-E5)
Add component (AddParameter): Name = "Distributor"; Value = "Digikey"; VariantName = "[No Variations]"
Add component (AddParameter): Name = "Distributor Part #"; Value = "1597-317990829CT-ND"; VariantName = "[No Variations]"
Add component (AddParameter): Name = "Manufacturer"; Value = "Seeed Technology Co., Ltd"; VariantName = "[No Variations]"
Add component (AddParameter): Name = "Manufacturer Part #"; Value = "317990829"; VariantName = "[No Variations]"
Added Component: Designator=U12(U-LORA-E5)
Add component (AddParameter): Name = "Distributor"; Value = "Digikey"; VariantName = "[No Variations]"
Add component (AddParameter): Name = "Distributor Part #"; Value = "1597-317990829CT-ND"; VariantName = "[No Variations]"
Add component (AddParameter): Name = "Manufacturer"; Value = "Seeed Technology Co., Ltd"; VariantName = "[No Variations]"
Add component (AddParameter): Name = "Manufacturer Part #"; Value = "317990829"; VariantName = "[No Variations]"
Added Component: Designator=U13(U-SKY13323-378LF)
Add component (AddParameter): Name = "Distrbutor Part #"; Value = "683-1334-1-ND"; VariantName = "[No Variations]"
Add component (AddParameter): Name = "Distributor"; Value = "Digikey"; VariantName = "[No Variations]"
Add component (AddParameter): Name = "Manufacturer"; Value = "Skyworks Solutions Inc."; VariantName = "[No Variations]"
Add component (AddParameter): Name = "Manufacturer Part #"; Value = "SKY13323-378LF"; VariantName = "[No Variations]"
Added Component: Designator=Y2(Y-TG-3541CE 32.7680KXB3)
Add component (AddParameter): Name = "Distributor"; Value = "Digikey"; VariantName = "[No Variations]"
Add component (AddParameter): Name = "Distributor Part #"; Value = "SER4422CT-ND"; VariantName = "[No Variations]"
Add component (AddParameter): Name = "Manufacturer"; Value = "EPSON"; VariantName = "[No Variations]"
Add component (AddParameter): Name = "Manufacturer Part #"; Value = "TG-3541CE 32.7680KXB3"; VariantName = "[No Variations]"
Added Pin To Net: NetName=GND Pin=C12-1
Added Pin To Net: NetName=3V3 Pin=C12-2
Added Pin To Net: NetName=GND Pin=C33-2
Added Pin To Net: NetName=GND Pin=C34-2
Added Pin To Net: NetName=GND Pin=C35-2
Added Pin To Net: NetName=GND Pin=C36-2
Added Pin To Net: NetName=GND Pin=C37-1
Added Pin To Net: NetName=GND Pin=C38-1
Added Pin To Net: NetName=GND Pin=C39-1
Added Pin To Net: NetName=GND Pin=C40-1
Added Pin To Net: NetName=GND Pin=C41-1
Added Pin To Net: NetName=GND Pin=C44-1
Added Pin To Net: NetName=GND Pin=C46-1
Added Pin To Net: NetName=GND Pin=C48-2
Added Pin To Net: NetName=GND Pin=C49-2
Added Pin To Net: NetName=GND Pin=C50-2
Added Pin To Net: NetName=GND Pin=D7-C
Added Pin To Net: NetName=GND Pin=J4-3
Added Pin To Net: NetName=GND Pin=J4-4
Added Pin To Net: NetName=GND Pin=J8-3
Added Pin To Net: NetName=GND Pin=J8-4
Added Pin To Net: NetName=GND Pin=J8-7
Added Pin To Net: NetName=GND Pin=J9-S1
Added Pin To Net: NetName=GND Pin=J9-S2
Added Pin To Net: NetName=GND Pin=J12-3
Added Pin To Net: NetName=GND Pin=J12-4
Added Pin To Net: NetName=GND Pin=J14-0
Added Pin To Net: NetName=GND Pin=J14-0
Added Pin To Net: NetName=GND Pin=J14-0
Added Pin To Net: NetName=GND Pin=J14-0
Added Pin To Net: NetName=3V3 Pin=J15-01
Added Pin To Net: NetName=GND Pin=J15-03
Added Pin To Net: NetName=GND Pin=J16-0
Added Pin To Net: NetName=GND Pin=J16-0
Added Pin To Net: NetName=GND Pin=J16-0
Added Pin To Net: NetName=GND Pin=J16-0
Added Pin To Net: NetName=GND Pin=J17-0
Added Pin To Net: NetName=GND Pin=J17-0
Added Pin To Net: NetName=GND Pin=J17-0
Added Pin To Net: NetName=GND Pin=J17-0
Added Pin To Net: NetName=GND Pin=J18-0
Added Pin To Net: NetName=GND Pin=J18-0
Added Pin To Net: NetName=GND Pin=J18-0
Added Pin To Net: NetName=GND Pin=J18-0
Added Pin To Net: NetName=3V3 Pin=J19-01
Added Pin To Net: NetName=GND Pin=J19-03
Added Pin To Net: NetName=GND Pin=J20-0
Added Pin To Net: NetName=GND Pin=J20-0
Added Pin To Net: NetName=GND Pin=J20-0
Added Pin To Net: NetName=GND Pin=J20-0
Added Pin To Net: NetName=SPI_NCS_FLASH_7 Pin=R13-2
Added Pin To Net: NetName=SPI_NCS_FLASH_6 Pin=R14-2
Added Pin To Net: NetName=SPI_NCS_FLASH_5 Pin=R15-2
Added Pin To Net: NetName=SPI_NCS_FLASH_4 Pin=R16-2
Added Pin To Net: NetName=SPI_NCS_FLASH_3 Pin=R17-2
Added Pin To Net: NetName=SPI_NCS_FLASH_0 Pin=R26-2
Added Pin To Net: NetName=SPI_NCS_FLASH_1 Pin=R27-2
Added Pin To Net: NetName=SPI_NCS_FLASH_2 Pin=R28-2
Added Pin To Net: NetName=3V3 Pin=R38-2
Added Pin To Net: NetName=5V Pin=R41-2
Added Pin To Net: NetName=GND Pin=R65-2
Added Pin To Net: NetName=GND Pin=R66-1
Added Pin To Net: NetName=SPI_NCS_FLASH_2 Pin=R120-1
Added Pin To Net: NetName=3V3 Pin=R120-2
Added Pin To Net: NetName=SPI_NCS_FLASH_6 Pin=R125-1
Added Pin To Net: NetName=3V3 Pin=R125-2
Added Pin To Net: NetName=SPI_NCS_FLASH_4 Pin=R127-1
Added Pin To Net: NetName=3V3 Pin=R127-2
Added Pin To Net: NetName=GND Pin=U4-6
Added Pin To Net: NetName=GND Pin=U4-7
Added Pin To Net: NetName=GND Pin=U4-9
Added Pin To Net: NetName=GND Pin=U11-2
Added Pin To Net: NetName=GND Pin=U11-14
Added Pin To Net: NetName=GND Pin=U11-16
Added Pin To Net: NetName=GND Pin=U11-22
Added Pin To Net: NetName=GND Pin=U12-2
Added Pin To Net: NetName=GND Pin=U12-14
Added Pin To Net: NetName=GND Pin=U12-16
Added Pin To Net: NetName=GND Pin=U12-22
Added Pin To Net: NetName=NetC42_2 Pin=U13-1
Added Pin To Net: NetName=GND Pin=U13-2
Added Pin To Net: NetName=3V3 Pin=Y2-1
Added Pin To Net: NetName=3V3 Pin=Y2-2
Added Pin To Net: NetName=3V3 Pin=Y2-3
Added Pin To Net: NetName=GND Pin=Y2-5
Added Pin To Net: NetName=GND Pin=Y2-7
Added Pin To Net: NetName=GND Pin=Y2-8
Added Pin To Net: NetName=GND Pin=Y2-9
Added Pin To Net: NetName=+12_BOOM Pin=C33-1
Added Pin To Net: NetName=+12_BOOM Pin=J8-1
Added Pin To Net: NetName=+12_BOOM Pin=J8-2
Added Pin To Net: NetName=+12_BOOM Pin=R60-2
Added Pin To Net: NetName=+12_BOOM Pin=U4-2
Added Net: Name=+12_BOOM
Added Pin To Net: NetName=3V3_ANT_DEPLOY Pin=C49-1
Added Pin To Net: NetName=3V3_ANT_DEPLOY Pin=J6-50
Added Pin To Net: NetName=3V3_ANT_DEPLOY Pin=J13-1
Added Pin To Net: NetName=3V3_ANT_DEPLOY Pin=J13-6
Added Net: Name=3V3_ANT_DEPLOY
Added Pin To Net: NetName=3V3_CAM Pin=C48-1
Added Pin To Net: NetName=3V3_CAM Pin=J6-48
Added Pin To Net: NetName=3V3_CAM Pin=J7-1
Added Net: Name=3V3_CAM
Added Pin To Net: NetName=3V3_LORA Pin=C39-2
Added Pin To Net: NetName=3V3_LORA Pin=C44-2
Added Pin To Net: NetName=3V3_LORA Pin=C50-1
Added Pin To Net: NetName=3V3_LORA Pin=J6-52
Added Pin To Net: NetName=3V3_LORA Pin=U11-1
Added Pin To Net: NetName=3V3_LORA Pin=U12-1
Added Net: Name=3V3_LORA
Added Pin To Net: NetName=12V_MPI Pin=J4-1
Added Pin To Net: NetName=12V_MPI Pin=J4-2
Added Pin To Net: NetName=12V_MPI Pin=J10-1
Added Net: Name=12V_MPI
Added Pin To Net: NetName=BOOM_DEPOY_EN Pin=R37-2
Added Pin To Net: NetName=BOOM_DEPOY_EN Pin=U4-3
Added Net: Name=BOOM_DEPOY_EN
Added Pin To Net: NetName=BOOM_PGOOD Pin=R39-1
Added Pin To Net: NetName=BOOM_PGOOD Pin=U4-4
Added Net: Name=BOOM_PGOOD
Added Pin To Net: NetName=BURN_NEG Pin=J9-4
Added Pin To Net: NetName=BURN_NEG Pin=J9-5
Added Pin To Net: NetName=BURN_NEG Pin=J9-6
Added Pin To Net: NetName=BURN_NEG Pin=R61-2
Added Pin To Net: NetName=BURN_NEG Pin=TP2-1
Added Net: Name=BURN_NEG
Added Pin To Net: NetName=BURN_POS Pin=C34-1
Added Pin To Net: NetName=BURN_POS Pin=C35-1
Added Pin To Net: NetName=BURN_POS Pin=C36-1
Added Pin To Net: NetName=BURN_POS Pin=J9-1
Added Pin To Net: NetName=BURN_POS Pin=J9-2
Added Pin To Net: NetName=BURN_POS Pin=J9-3
Added Pin To Net: NetName=BURN_POS Pin=TP1-1
Added Net: Name=BURN_POS
Added Pin To Net: NetName=LPUART1_RX Pin=R21-1
Added Pin To Net: NetName=LPUART1_RX Pin=R44-1
Added Net: Name=LPUART1_RX
Added Pin To Net: NetName=LPUART1_TX Pin=R18-1
Added Pin To Net: NetName=LPUART1_TX Pin=R42-1
Added Net: Name=LPUART1_TX
Added Pin To Net: NetName=NetC24_1 Pin=C24-1
Added Pin To Net: NetName=NetC24_1 Pin=D7-A
Added Pin To Net: NetName=NetC24_1 Pin=U4-8
Added Net: Name=NetC24_1
Added Pin To Net: NetName=NetC24_2 Pin=C24-2
Added Pin To Net: NetName=NetC24_2 Pin=U4-1
Added Net: Name=NetC24_2
Added Pin To Net: NetName=NetC37_2 Pin=C37-2
Added Pin To Net: NetName=NetC37_2 Pin=R63-1
Added Pin To Net: NetName=NetC37_2 Pin=U11-15
Added Net: Name=NetC37_2
Added Pin To Net: NetName=NetC38_2 Pin=C38-2
Added Pin To Net: NetName=NetC38_2 Pin=J14-1
Added Pin To Net: NetName=NetC38_2 Pin=R63-2
Added Net: Name=NetC38_2
Added Pin To Net: NetName=NetC40_2 Pin=C40-2
Added Pin To Net: NetName=NetC40_2 Pin=R64-1
Added Pin To Net: NetName=NetC40_2 Pin=U12-15
Added Net: Name=NetC40_2
Added Pin To Net: NetName=NetC41_2 Pin=C41-2
Added Pin To Net: NetName=NetC41_2 Pin=J16-1
Added Pin To Net: NetName=NetC41_2 Pin=R64-2
Added Net: Name=NetC41_2
Added Pin To Net: NetName=NetC42_1 Pin=C42-1
Added Pin To Net: NetName=NetC42_1 Pin=J17-1
Added Net: Name=NetC42_1
Added Pin To Net: NetName=NetC43_1 Pin=C43-1
Added Pin To Net: NetName=NetC43_1 Pin=R65-1
Added Pin To Net: NetName=NetC43_1 Pin=U13-6
Added Net: Name=NetC43_1
Added Pin To Net: NetName=NetC45_1 Pin=C45-1
Added Pin To Net: NetName=NetC45_1 Pin=U13-5
Added Net: Name=NetC45_1
Added Pin To Net: NetName=NetC45_2 Pin=C45-2
Added Pin To Net: NetName=NetC45_2 Pin=J18-1
Added Net: Name=NetC45_2
Added Pin To Net: NetName=NetC46_2 Pin=C46-2
Added Pin To Net: NetName=NetC46_2 Pin=R66-2
Added Pin To Net: NetName=NetC46_2 Pin=U13-4
Added Net: Name=NetC46_2
Added Pin To Net: NetName=NetC47_1 Pin=C47-1
Added Pin To Net: NetName=NetC47_1 Pin=J20-1
Added Net: Name=NetC47_1
Added Pin To Net: NetName=NetC47_2 Pin=C47-2
Added Pin To Net: NetName=NetC47_2 Pin=U13-3
Added Net: Name=NetC47_2
Added Pin To Net: NetName=NetR13_1 Pin=R13-1
Added Pin To Net: NetName=NetR13_1 Pin=U1-49
Added Net: Name=NetR13_1
Added Pin To Net: NetName=NetR14_1 Pin=R14-1
Added Pin To Net: NetName=NetR14_1 Pin=U1-50
Added Net: Name=NetR14_1
Added Pin To Net: NetName=NetR15_1 Pin=R15-1
Added Pin To Net: NetName=NetR15_1 Pin=U1-53
Added Net: Name=NetR15_1
Added Pin To Net: NetName=NetR16_1 Pin=R16-1
Added Pin To Net: NetName=NetR16_1 Pin=U1-54
Added Net: Name=NetR16_1
Added Pin To Net: NetName=NetR17_1 Pin=R17-1
Added Pin To Net: NetName=NetR17_1 Pin=U1-55
Added Net: Name=NetR17_1
Added Pin To Net: NetName=NetR18_2 Pin=R18-2
Added Pin To Net: NetName=NetR18_2 Pin=U1-26
Added Net: Name=NetR18_2
Added Pin To Net: NetName=NetR21_2 Pin=R21-2
Added Pin To Net: NetName=NetR21_2 Pin=U1-27
Added Net: Name=NetR21_2
Added Pin To Net: NetName=NetR23_1 Pin=R23-1
Added Pin To Net: NetName=NetR23_1 Pin=U1-112
Added Net: Name=NetR23_1
Added Pin To Net: NetName=NetR37_1 Pin=R37-1
Added Pin To Net: NetName=NetR37_1 Pin=U1-37
Added Net: Name=NetR37_1
Added Pin To Net: NetName=NetR39_2 Pin=R39-2
Added Pin To Net: NetName=NetR39_2 Pin=U1-40
Added Net: Name=NetR39_2
Added Pin To Net: NetName=NetR40_1 Pin=R40-1
Added Pin To Net: NetName=NetR40_1 Pin=U1-113
Added Net: Name=NetR40_1
Added Pin To Net: NetName=NetR56_1 Pin=R56-1
Added Pin To Net: NetName=NetR56_1 Pin=U1-116
Added Net: Name=NetR56_1
Added Pin To Net: NetName=NetR57_1 Pin=R57-1
Added Pin To Net: NetName=NetR57_1 Pin=U1-118
Added Net: Name=NetR57_1
Added Pin To Net: NetName=NetR58_1 Pin=R58-1
Added Pin To Net: NetName=NetR58_1 Pin=U1-119
Added Net: Name=NetR58_1
Added Pin To Net: NetName=NetR59_1 Pin=R59-1
Added Pin To Net: NetName=NetR59_1 Pin=U1-122
Added Net: Name=NetR59_1
Added Pin To Net: NetName=NetR61_1 Pin=R61-1
Added Pin To Net: NetName=NetR61_1 Pin=U4-5
Added Net: Name=NetR61_1
Added Pin To Net: NetName=NetU1_8 Pin=U1-8
Added Pin To Net: NetName=NetU1_8 Pin=Y2-4
Added Net: Name=NetU1_8
Added Pin To Net: NetName=NRST_LORA_EU Pin=J15-05
Added Pin To Net: NetName=NRST_LORA_EU Pin=R23-2
Added Pin To Net: NetName=NRST_LORA_EU Pin=U11-17
Added Net: Name=NRST_LORA_EU
Added Pin To Net: NetName=NRST_LORA_US Pin=J19-05
Added Pin To Net: NetName=NRST_LORA_US Pin=R57-2
Added Pin To Net: NetName=NRST_LORA_US Pin=U12-17
Added Net: Name=NRST_LORA_US
Added Pin To Net: NetName=PS_OUT1 Pin=J6-47
Added Net: Name=PS_OUT1
Added Pin To Net: NetName=SWCLK _LORA_EU Pin=J15-02
Added Pin To Net: NetName=SWCLK _LORA_EU Pin=U11-4
Added Net: Name=SWCLK _LORA_EU
Added Pin To Net: NetName=SWCLK _LORA_US Pin=J19-02
Added Pin To Net: NetName=SWCLK _LORA_US Pin=U12-4
Added Net: Name=SWCLK _LORA_US
Added Pin To Net: NetName=SWDIO_LORA_EU Pin=J15-04
Added Pin To Net: NetName=SWDIO_LORA_EU Pin=U11-3
Added Net: Name=SWDIO_LORA_EU
Added Pin To Net: NetName=SWDIO_LORA_US Pin=J19-04
Added Pin To Net: NetName=SWDIO_LORA_US Pin=U12-3
Added Net: Name=SWDIO_LORA_US
Added Pin To Net: NetName=SWO_LORA_EU Pin=J15-06
Added Pin To Net: NetName=SWO_LORA_EU Pin=U11-8
Added Net: Name=SWO_LORA_EU
Added Pin To Net: NetName=SWO_LORA_US Pin=J19-06
Added Pin To Net: NetName=SWO_LORA_US Pin=U12-8
Added Net: Name=SWO_LORA_US
Added Pin To Net: NetName=UART2_RX Pin=R59-2
Added Pin To Net: NetName=UART2_RX Pin=U11-10
Added Net: Name=UART2_RX
Added Pin To Net: NetName=UART2_TX Pin=R58-2
Added Pin To Net: NetName=UART2_TX Pin=U11-9
Added Net: Name=UART2_TX
Added Pin To Net: NetName=UART5_RX Pin=R56-2
Added Pin To Net: NetName=UART5_RX Pin=U12-10
Added Net: Name=UART5_RX
Added Pin To Net: NetName=UART5_TX Pin=R40-2
Added Pin To Net: NetName=UART5_TX Pin=U12-9
Added Net: Name=UART5_TX
Change Class Name : Old Net Name=Motor Control New Net Name=Antenna and LoRa
Added Class: Name=Boom Deployment
Added Member To Class: ClassName=STM32 Member=Component C12 0.1uF
Added Member To Class: ClassName=Antenna and LoRa Member=Component C37 0.7 pF
Added Member To Class: ClassName=Antenna and LoRa Member=Component C38 0.7 pF
Added Member To Class: ClassName=Antenna and LoRa Member=Component C47 100pF
Added Member To Class: ClassName=External Connectors Member=Component C48 4.7uF
Added Member To Class: ClassName=External Connectors Member=Component C49 4.7uF
Added Member To Class: ClassName=External Connectors Member=Component C50 4.7uF
Added Member To Class: ClassName=External Connectors Member=Component J4 J-0532610471
Added Member To Class: ClassName=Antenna and LoRa Member=Component J13 J-0530471010
Added Member To Class: ClassName=Antenna and LoRa Member=Component J14 252129
Added Member To Class: ClassName=Antenna and LoRa Member=Component J15 J-TSW-106-05-T-S
Added Member To Class: ClassName=Antenna and LoRa Member=Component J16 252129
Added Member To Class: ClassName=Antenna and LoRa Member=Component J17 252129
Added Member To Class: ClassName=Antenna and LoRa Member=Component J18 252129
Added Member To Class: ClassName=Antenna and LoRa Member=Component J19 J-TSW-106-05-T-S
Added Member To Class: ClassName=Antenna and LoRa Member=Component J20 252129
Added Member To Class: ClassName=STM32 Member=Component R13 0R
Added Member To Class: ClassName=STM32 Member=Component R14 0R
Added Member To Class: ClassName=STM32 Member=Component R15 0R
Added Member To Class: ClassName=STM32 Member=Component R16 0R
Added Member To Class: ClassName=STM32 Member=Component R17 0R
Added Member To Class: ClassName=STM32 Member=Component R18 22R
Added Member To Class: ClassName=STM32 Member=Component R21 22R
Added Member To Class: ClassName=STM32 Member=Component R23 22R
Added Member To Class: ClassName=STM32 Member=Component R37 0R
Added Member To Class: ClassName=STM32 Member=Component R39 22R
Added Member To Class: ClassName=STM32 Member=Component R40 22R
Added Member To Class: ClassName=STM32 Member=Component R56 22R
Added Member To Class: ClassName=STM32 Member=Component R57 22R
Added Member To Class: ClassName=STM32 Member=Component R58 22R
Added Member To Class: ClassName=STM32 Member=Component R59 22R
Added Member To Class: ClassName=Antenna and LoRa Member=Component R63 0R
Added Member To Class: ClassName=Antenna and LoRa Member=Component R64 0R
Added Member To Class: ClassName=Antenna and LoRa Member=Component R65 10K
Added Member To Class: ClassName=Antenna and LoRa Member=Component R66 10K
Added Member To Class: ClassName=Antenna and LoRa Member=Component U11 317990829
Added Member To Class: ClassName=Antenna and LoRa Member=Component U12 317990829
Added Member To Class: ClassName=Antenna and LoRa Member=Component U13 SKY13323-378LF
Added Member To Class: ClassName=STM32 Member=Component Y2 TG-3541CE 32.7680KXB3
Added Room: Name=Antenna and LoRa
Added Room: Name=Boom Deployment
Added Room: Name=External Connectors
Added Room: Name=Memory
Added Room: Name=STM32
