Added Component: Designator=C?(CAP TANT 1206 (A) TCJ)
Add component (AddParameter): Name = "Alternate Distributor Part #"; Value = ""; VariantName = "[No Variations]"
Add component (AddParameter): Name = "Alternate Manufacturer"; Value = ""; VariantName = "[No Variations]"
Add component (AddParameter): Name = "Alternate Manufacturer Part #"; Value = ""; VariantName = "[No Variations]"
Add component (AddParameter): Name = "Checked By"; Value = ""; VariantName = "[No Variations]"
Add component (AddParameter): Name = "ComponentLink1Description"; Value = "Datasheet"; VariantName = "[No Variations]"
Add component (AddParameter): Name = "ComponentLink1URL"; Value = ""; VariantName = "[No Variations]"
Add component (AddParameter): Name = "ComponentLink2Description"; Value = "Manufacturer Website"; VariantName = "[No Variations]"
Add component (AddParameter): Name = "ComponentLink2URL"; Value = ""; VariantName = "[No Variations]"
Add component (AddParameter): Name = "Created By"; Value = ""; VariantName = "[No Variations]"
Add component (AddParameter): Name = "Distributor"; Value = "Digikey"; VariantName = "[No Variations]"
Add component (AddParameter): Name = "Distributor Part #"; Value = "478-1668-1-ND"; VariantName = "[No Variations]"
Add component (AddParameter): Name = "History"; Value = ""; VariantName = "[No Variations]"
Add component (AddParameter): Name = "Manufacturer"; Value = "AVX Corporation"; VariantName = "[No Variations]"
Add component (AddParameter): Name = "Manufacturer Part #"; Value = "TAJA475K020RNJ"; VariantName = "[No Variations]"
Add component (AddParameter): Name = "Notes"; Value = ""; VariantName = "[No Variations]"
Add component (AddParameter): Name = "Part Description"; Value = "4.7 µF Molded Tantalum Capacitors 20 V 1206 (3216 Metric) 4Ohm"; VariantName = "[No Variations]"
Add component (AddParameter): Name = "Population"; Value = ""; VariantName = "[No Variations]"
Add component (AddParameter): Name = "ROHS"; Value = ""; VariantName = "[No Variations]"
Add component (AddParameter): Name = "SignalCraft Part #"; Value = ""; VariantName = "[No Variations]"
Add component (AddParameter): Name = "Value"; Value = "4.7uF"; VariantName = "[No Variations]"
Added Pin To Net: NetName=5V Pin=C?-1
Added Pin To Net: NetName=GND Pin=C?-2
Added Member To Class: ClassName=External Connectors Member=Component C? 4.7uF
Added Room: Name=Camera
Added Room: Name=External Connectors
Added Room: Name=Memory
Added Room: Name=Motor Control
Added Room: Name=STM32
