Removed Pin From Net: NetName=ENCODER_DATA Pin=R145-1
Removed Pin From Net: NetName=ENCODER_DATA Pin=R147-2
Removed Pin From Net: NetName=ENCODER_CLK Pin=R148-1
Removed Pin From Net: NetName=ENCODER_CLK Pin=R150-2
Added Component: Designator=C12(0402)
Add component (AddParameter): Name = "Alternate Distributor Part #"; Value = ""; VariantName = "[No Variations]"
Add component (AddParameter): Name = "Alternate Manufacturer"; Value = ""; VariantName = "[No Variations]"
Add component (AddParameter): Name = "Alternate Manufacturer Part #"; Value = ""; VariantName = "[No Variations]"
Add component (AddParameter): Name = "Checked By"; Value = ""; VariantName = "[No Variations]"
Add component (AddParameter): Name = "ComponentLink1description"; Value = "Datasheet"; VariantName = "[No Variations]"
Add component (AddParameter): Name = "ComponentLink1URL"; Value = "https://ds.yuden.co.jp/TYCOMPAS/ut/detail?pn=TMK105BJ104KV-F%20%20&u=M"; VariantName = "[No Variations]"
Add component (AddParameter): Name = "ComponentLink2description"; Value = "Manufacturer Website"; VariantName = "[No Variations]"
Add component (AddParameter): Name = "ComponentLink2URL"; Value = "https://www.yuden.co.jp/or/"; VariantName = "[No Variations]"
Add component (AddParameter): Name = "Created By"; Value = ""; VariantName = "[No Variations]"
Add component (AddParameter): Name = "Distributor"; Value = "Digikey"; VariantName = "[No Variations]"
Add component (AddParameter): Name = "Distributor Part #"; Value = "13-CC0402KPX7R8BB104CT-ND"; VariantName = "[No Variations]"
Add component (AddParameter): Name = "History"; Value = ""; VariantName = "[No Variations]"
Add component (AddParameter): Name = "Manufacturer"; Value = "YAGEO"; VariantName = "[No Variations]"
Add component (AddParameter): Name = "Manufacturer Part #"; Value = "CC0402KPX7R8BB104"; VariantName = "[No Variations]"
Add component (AddParameter): Name = "Notes"; Value = ""; VariantName = "[No Variations]"
Add component (AddParameter): Name = "Part Description"; Value = "CAP CER 0.1UF 25V X7R 0402"; VariantName = "[No Variations]"
Add component (AddParameter): Name = "Population"; Value = ""; VariantName = "[No Variations]"
Add component (AddParameter): Name = "ROHS"; Value = "Yes"; VariantName = "[No Variations]"
Add component (AddParameter): Name = "Value"; Value = "0.1uF"; VariantName = "[No Variations]"
Added Component: Designator=C33(0402)
Add component (AddParameter): Name = "Alternate Distributor Part #"; Value = ""; VariantName = "[No Variations]"
Add component (AddParameter): Name = "Alternate Manufacturer"; Value = ""; VariantName = "[No Variations]"
Add component (AddParameter): Name = "Alternate Manufacturer Part #"; Value = ""; VariantName = "[No Variations]"
Add component (AddParameter): Name = "Checked By"; Value = ""; VariantName = "[No Variations]"
Add component (AddParameter): Name = "ComponentLink1description"; Value = "Datasheet"; VariantName = "[No Variations]"
Add component (AddParameter): Name = "ComponentLink1URL"; Value = "https://ds.yuden.co.jp/TYCOMPAS/ut/detail?pn=TMK105BJ104KV-F%20%20&u=M"; VariantName = "[No Variations]"
Add component (AddParameter): Name = "ComponentLink2description"; Value = "Manufacturer Website"; VariantName = "[No Variations]"
Add component (AddParameter): Name = "ComponentLink2URL"; Value = "https://www.yuden.co.jp/or/"; VariantName = "[No Variations]"
Add component (AddParameter): Name = "Created By"; Value = ""; VariantName = "[No Variations]"
Add component (AddParameter): Name = "Distributor"; Value = "Digikey"; VariantName = "[No Variations]"
Add component (AddParameter): Name = "Distributor Part #"; Value = "13-CC0402KPX7R8BB104CT-ND"; VariantName = "[No Variations]"
Add component (AddParameter): Name = "History"; Value = ""; VariantName = "[No Variations]"
Add component (AddParameter): Name = "Manufacturer"; Value = "YAGEO"; VariantName = "[No Variations]"
Add component (AddParameter): Name = "Manufacturer Part #"; Value = "CC0402KPX7R8BB104"; VariantName = "[No Variations]"
Add component (AddParameter): Name = "Notes"; Value = ""; VariantName = "[No Variations]"
Add component (AddParameter): Name = "Part Description"; Value = "CAP CER 0.1UF 25V X7R 0402"; VariantName = "[No Variations]"
Add component (AddParameter): Name = "Population"; Value = ""; VariantName = "[No Variations]"
Add component (AddParameter): Name = "ROHS"; Value = "Yes"; VariantName = "[No Variations]"
Add component (AddParameter): Name = "Value"; Value = "0.1uF"; VariantName = "[No Variations]"
Added Component: Designator=C34(0603)
Add component (AddParameter): Name = "Alternate Distributor Part #"; Value = ""; VariantName = "[No Variations]"
Add component (AddParameter): Name = "Alternate Manufacturer"; Value = ""; VariantName = "[No Variations]"
Add component (AddParameter): Name = "Alternate Manufacturer Part #"; Value = ""; VariantName = "[No Variations]"
Add component (AddParameter): Name = "Checked By"; Value = ""; VariantName = "[No Variations]"
Add component (AddParameter): Name = "ComponentLink1Description"; Value = "Datasheet"; VariantName = "[No Variations]"
Add component (AddParameter): Name = "ComponentLink1URL"; Value = "https://www.yageo.com/upload/media/product/productsearch/datasheet/mlcc/UPY-GPHC_X7R_6.3V-to-50V_18.pdf"; VariantName = "[No Variations]"
Add component (AddParameter): Name = "ComponentLink2Description"; Value = "Manufacture Website"; VariantName = "[No Variations]"
Add component (AddParameter): Name = "ComponentLink2URL"; Value = "https://www.yageo.com/en/Home"; VariantName = "[No Variations]"
Add component (AddParameter): Name = "Created By"; Value = ""; VariantName = "[No Variations]"
Add component (AddParameter): Name = "Distributor"; Value = "Digikey"; VariantName = "[No Variations]"
Add component (AddParameter): Name = "Distributor Part #"; Value = "311-1802-1-ND"; VariantName = "[No Variations]"
Add component (AddParameter): Name = "History"; Value = ""; VariantName = "[No Variations]"
Add component (AddParameter): Name = "Manufacturer"; Value = "Yageo"; VariantName = "[No Variations]"
Add component (AddParameter): Name = "Manufacturer Part #"; Value = "CC0603KRX7R8BB105"; VariantName = "[No Variations]"
Add component (AddParameter): Name = "Notes"; Value = ""; VariantName = "[No Variations]"
Add component (AddParameter): Name = "Part Description"; Value = "CAP CER 1UF 25V X7R 0603"; VariantName = "[No Variations]"
Add component (AddParameter): Name = "Population"; Value = ""; VariantName = "[No Variations]"
Add component (AddParameter): Name = "ROHS"; Value = "Yes"; VariantName = "[No Variations]"
Add component (AddParameter): Name = "RS2D ID"; Value = ""; VariantName = "[No Variations]"
Add component (AddParameter): Name = "SignalCraft Part #"; Value = "CC-105-K-25V-X7R-0603"; VariantName = "[No Variations]"
Add component (AddParameter): Name = "Value"; Value = "1uF"; VariantName = "[No Variations]"
Added Component: Designator=U12(U-MAX3378EEUD+T)
Add component (AddParameter): Name = "Distributor"; Value = "Digikey"; VariantName = "[No Variations]"
Add component (AddParameter): Name = "Distributor Part #"; Value = "MAX3378EEUD+TCT-ND"; VariantName = "[No Variations]"
Add component (AddParameter): Name = "Manufacturer"; Value = "Maxim Integrated"; VariantName = "[No Variations]"
Add component (AddParameter): Name = "Manufacturer Part #"; Value = "MAX3378EEUD+T"; VariantName = "[No Variations]"
Added Pin To Net: NetName=5V Pin=C12-1
Added Pin To Net: NetName=GND Pin=C12-2
Added Pin To Net: NetName=3V3 Pin=C33-1
Added Pin To Net: NetName=GND Pin=C33-2
Added Pin To Net: NetName=GND Pin=C34-1
Added Pin To Net: NetName=5V Pin=C34-2
Added Pin To Net: NetName=3V3 Pin=U12-1
Added Pin To Net: NetName=GND Pin=U12-7
Added Pin To Net: NetName=3V3 Pin=U12-8
Added Pin To Net: NetName=ENCODER_CLK Pin=U12-12
Added Pin To Net: NetName=ENCODER_DATA Pin=U12-13
Added Pin To Net: NetName=5V Pin=U12-14
Added Pin To Net: NetName=NetR145_1 Pin=R145-1
Added Pin To Net: NetName=NetR145_1 Pin=R147-2
Added Pin To Net: NetName=NetR145_1 Pin=U12-2
Added Net: Name=NetR145_1
Added Pin To Net: NetName=NetR148_1 Pin=R148-1
Added Pin To Net: NetName=NetR148_1 Pin=R150-2
Added Pin To Net: NetName=NetR148_1 Pin=U12-3
Added Net: Name=NetR148_1
Added Member To Class: ClassName=Motor Control Member=Component C12 0.1uF
Added Member To Class: ClassName=Motor Control Member=Component C33 0.1uF
Added Member To Class: ClassName=Motor Control Member=Component C34 1uF
Added Member To Class: ClassName=Motor Control Member=Component U12 U-MAX3378EEUD+T
Added Room: Name=Camera
Added Room: Name=External Connectors
Added Room: Name=Memory
Added Room: Name=Motor Control
Added Room: Name=STM32
