Change Component Footprint: Designator=J6 Old Footprint=J-ESQ-126-14-G-D New Footprint=J-ESQT-126-02-F-D-309
Change Component Comment : Designator=J6 Old Comment=J-ESQ-126-14-G-D New Comment=ESQT-126-02-F-D-309
Change component parameters: Designator = "J6" ("J6"); Footprint = "J-ESQ-126-14-G-D"; UniqueID = "\AOCVBHFT" ("\AOCVBHFT")
Change component parameters (AddParameter): Name = "Availability"; Value = "Unavailable"; VariantName = "[No Variations]"
Change component parameters (AddParameter): Name = "MF"; Value = "Samtec"; VariantName = "[No Variations]"
Change component parameters (AddParameter): Name = "MP"; Value = "ESQT-126-02-F-D-309"; VariantName = "[No Variations]"
Change component parameters (AddParameter): Name = "Package"; Value = "None"; VariantName = "[No Variations]"
Change component parameters (AddParameter): Name = "Price"; Value = "None"; VariantName = "[No Variations]"
Change component parameters (AddParameter): Name = "Value"; Value = ""; VariantName = "[No Variations]"
Added Component: Designator=J?(J-ESQT-126-02-F-D-309)
Add component (AddParameter): Name = "Availability"; Value = "Unavailable"; VariantName = "[No Variations]"
Add component (AddParameter): Name = "MF"; Value = "Samtec"; VariantName = "[No Variations]"
Add component (AddParameter): Name = "MP"; Value = "ESQT-126-02-F-D-309"; VariantName = "[No Variations]"
Add component (AddParameter): Name = "Package"; Value = "None"; VariantName = "[No Variations]"
Add component (AddParameter): Name = "Price"; Value = "None"; VariantName = "[No Variations]"
Add component (AddParameter): Name = "Value"; Value = ""; VariantName = "[No Variations]"
Added Pin To Net: NetName=GND Pin=C1-1
Added Pin To Net: NetName=3V3 Pin=C1-2
Added Pin To Net: NetName=GND Pin=C2-1
Added Pin To Net: NetName=3V3 Pin=C2-2
Added Pin To Net: NetName=GND Pin=C3-1
Added Pin To Net: NetName=3V3 Pin=C3-2
Added Pin To Net: NetName=GND Pin=C4-1
Added Pin To Net: NetName=3V3 Pin=C4-2
Added Pin To Net: NetName=GND Pin=C5-1
Added Pin To Net: NetName=3V3 Pin=C5-2
Added Pin To Net: NetName=GND Pin=C6-1
Added Pin To Net: NetName=3V3 Pin=C6-2
Added Pin To Net: NetName=GND Pin=C7-1
Added Pin To Net: NetName=3V3 Pin=C7-2
Added Pin To Net: NetName=GND Pin=C8-1
Added Pin To Net: NetName=3V3 Pin=C8-2
Added Pin To Net: NetName=GND Pin=C9-1
Added Pin To Net: NetName=3V3 Pin=C9-2
Added Pin To Net: NetName=GND Pin=C10-1
Added Pin To Net: NetName=3V3 Pin=C10-2
Added Pin To Net: NetName=GND Pin=C11-1
Added Pin To Net: NetName=VREF+ Pin=C11-2
Added Pin To Net: NetName=GND Pin=C12-1
Added Pin To Net: NetName=VREF+ Pin=C12-2
Added Pin To Net: NetName=3V3 Pin=C13-1
Added Pin To Net: NetName=GND Pin=C13-2
Added Pin To Net: NetName=GND Pin=C14-1
Added Pin To Net: NetName=3V3 Pin=C14-2
Added Pin To Net: NetName=GND Pin=C15-1
Added Pin To Net: NetName=3V3 Pin=C15-2
Added Pin To Net: NetName=GND Pin=C16-1
Added Pin To Net: NetName=3V3 Pin=C16-2
Added Pin To Net: NetName=GND Pin=C17-1
Added Pin To Net: NetName=3V3 Pin=C17-2
Added Pin To Net: NetName=GND Pin=C18-1
Added Pin To Net: NetName=3V3 Pin=C18-2
Added Pin To Net: NetName=GND Pin=C19-1
Added Pin To Net: NetName=NRST Pin=C19-2
Added Pin To Net: NetName=GND Pin=C20-1
Added Pin To Net: NetName=3V3 Pin=C20-2
Added Pin To Net: NetName=GND Pin=C21-1
Added Pin To Net: NetName=OSC_IN Pin=C21-2
Added Pin To Net: NetName=3V3 Pin=C22-1
Added Pin To Net: NetName=GND Pin=C22-2
Added Pin To Net: NetName=3V3 Pin=C23-1
Added Pin To Net: NetName=GND Pin=C23-2
Added Pin To Net: NetName=3V3 Pin=C24-1
Added Pin To Net: NetName=GND Pin=C24-2
Added Pin To Net: NetName=3V3 Pin=C25-1
Added Pin To Net: NetName=GND Pin=C25-2
Added Pin To Net: NetName=3V3 Pin=C26-1
Added Pin To Net: NetName=GND Pin=C26-2
Added Pin To Net: NetName=3V3 Pin=C27-1
Added Pin To Net: NetName=GND Pin=C27-2
Added Pin To Net: NetName=3V3 Pin=C28-1
Added Pin To Net: NetName=GND Pin=C28-2
Added Pin To Net: NetName=5V Pin=C29-1
Added Pin To Net: NetName=GND Pin=C29-2
Added Pin To Net: NetName=3V3 Pin=C30-1
Added Pin To Net: NetName=GND Pin=C30-2
Added Pin To Net: NetName=GND Pin=C31-1
Added Pin To Net: NetName=5V Pin=C31-2
Added Pin To Net: NetName=5V Pin=C32-1
Added Pin To Net: NetName=GND Pin=C32-2
Added Pin To Net: NetName=3V3 Pin=C33-1
Added Pin To Net: NetName=GND Pin=C33-2
Added Pin To Net: NetName=GND Pin=C34-1
Added Pin To Net: NetName=1V8 Pin=C34-2
Added Pin To Net: NetName=GND Pin=C35-1
Added Pin To Net: NetName=1V2 Pin=C35-2
Added Pin To Net: NetName=3V3 Pin=C36-1
Added Pin To Net: NetName=GND Pin=C36-2
Added Pin To Net: NetName=GPS_3V3 Pin=C37-1
Added Pin To Net: NetName=GND Pin=C37-2
Added Pin To Net: NetName=GPS_3V3 Pin=C38-1
Added Pin To Net: NetName=GND Pin=C38-2
Added Pin To Net: NetName=5V Pin=C39-1
Added Pin To Net: NetName=GND Pin=C39-2
Added Pin To Net: NetName=5V Pin=C40-1
Added Pin To Net: NetName=GND Pin=C40-2
Added Pin To Net: NetName=NetC41_1 Pin=C41-1
Added Pin To Net: NetName=GND Pin=C41-2
Added Pin To Net: NetName=GND Pin=C42-1
Added Pin To Net: NetName=NetC42_2 Pin=C42-2
Added Pin To Net: NetName=5V Pin=C43-1
Added Pin To Net: NetName=GND Pin=C43-2
Added Pin To Net: NetName=3V3 Pin=C44-1
Added Pin To Net: NetName=GND Pin=C44-2
Added Pin To Net: NetName=GND Pin=C45-1
Added Pin To Net: NetName=5V Pin=C45-2
Added Pin To Net: NetName=5V Pin=C46-1
Added Pin To Net: NetName=GND Pin=C46-2
Added Pin To Net: NetName=NetD1_A Pin=D1-A
Added Pin To Net: NetName=GND Pin=D1-C
Added Pin To Net: NetName=NetD2_A Pin=D2-A
Added Pin To Net: NetName=GND Pin=D2-C
Added Pin To Net: NetName=NetD3_A Pin=D3-A
Added Pin To Net: NetName=GND Pin=D3-C
Added Pin To Net: NetName=NetD4_A Pin=D4-A
Added Pin To Net: NetName=GND Pin=D4-C
Added Pin To Net: NetName=NetD5_A Pin=D5-A
Added Pin To Net: NetName=GND Pin=D5-C
Added Pin To Net: NetName=BOOT0 Pin=J1-01
Added Pin To Net: NetName=GND Pin=J1-02
Added Pin To Net: NetName=NRST Pin=J1-03
Added Pin To Net: NetName=GND Pin=J1-04
Added Pin To Net: NetName=3V3 Pin=J2-01
Added Pin To Net: NetName=SWDIO Pin=J2-02
Added Pin To Net: NetName=GND Pin=J2-03
Added Pin To Net: NetName=SWCLK Pin=J2-04
Added Pin To Net: NetName=GND Pin=J2-05
Added Pin To Net: NetName=SWO Pin=J2-06
Added Pin To Net: NetName=GND Pin=J2-09
Added Pin To Net: NetName=NRST Pin=J2-10
Added Pin To Net: NetName=5V Pin=J3-1
Added Pin To Net: NetName=USB_N Pin=J3-2
Added Pin To Net: NetName=USB_P Pin=J3-3
Added Pin To Net: NetName=GND Pin=J3-5
Added Pin To Net: NetName=NetJ3_SHELL Pin=J3-SHELL1
Added Pin To Net: NetName=NetJ3_SHELL Pin=J3-SHELL2
Added Pin To Net: NetName=NetJ3_SHELL Pin=J3-SHELL3
Added Pin To Net: NetName=NetJ3_SHELL Pin=J3-SHELL
Added Pin To Net: NetName=USART1_RX Pin=J4-03
Added Pin To Net: NetName=USART1_TX Pin=J4-04
Added Pin To Net: NetName=GPS_PPS Pin=J4-07
Added Pin To Net: NetName=I2C1_SDA Pin=J6-41
Added Pin To Net: NetName=I2C1_SCL Pin=J6-43
Added Pin To Net: NetName=GPS_3V3 Pin=J6-47
Added Pin To Net: NetName=GPS_3V3 Pin=J6-48
Added Pin To Net: NetName=PS_OUT2 Pin=J6-49
Added Pin To Net: NetName=PS_OUT5 Pin=J6-50
Added Pin To Net: NetName=PS_OUT3 Pin=J6-51
Added Pin To Net: NetName=PS_OUT6 Pin=J6-52
Added Pin To Net: NetName=MOTOR_1 Pin=J7-01
Added Pin To Net: NetName=MOTOR_1 Pin=J7-02
Added Pin To Net: NetName=MOTOR_1 Pin=J7-03
Added Pin To Net: NetName=MOTOR_1 Pin=J7-04
Added Pin To Net: NetName=GND Pin=J7-05
Added Pin To Net: NetName=GND Pin=J7-06
Added Pin To Net: NetName=MOTOR_2 Pin=J7-07
Added Pin To Net: NetName=MOTOR_2 Pin=J7-08
Added Pin To Net: NetName=MOTOR_2 Pin=J7-09
Added Pin To Net: NetName=MOTOR_2 Pin=J7-10
Added Pin To Net: NetName=ENCODER_DATA Pin=J8-01
Added Pin To Net: NetName=5V Pin=J8-02
Added Pin To Net: NetName=GND Pin=J8-03
Added Pin To Net: NetName=ENCODER_CLK Pin=J8-04
Added Pin To Net: NetName=ENCODER_A_N Pin=J8-05
Added Pin To Net: NetName=ENCODER_A_P Pin=J8-06
Added Pin To Net: NetName=ENCODER_B_N Pin=J8-07
Added Pin To Net: NetName=ENCODER_B_P Pin=J8-08
Added Pin To Net: NetName=ENCODER_I_N Pin=J8-09
Added Pin To Net: NetName=ENCODER_I_P Pin=J8-10
Added Pin To Net: NetName=DCMI_D0 Pin=J9-01
Added Pin To Net: NetName=DCMI_D1 Pin=J9-02
Added Pin To Net: NetName=DCMI_D2 Pin=J9-03
Added Pin To Net: NetName=DCMI_D3 Pin=J9-04
Added Pin To Net: NetName=DCMI_D4 Pin=J9-05
Added Pin To Net: NetName=DCMI_D5 Pin=J9-06
Added Pin To Net: NetName=DCMI_D6 Pin=J9-07
Added Pin To Net: NetName=DCMI_D7 Pin=J9-08
Added Pin To Net: NetName=DCMI_D8 Pin=J9-09
Added Pin To Net: NetName=DCMI_D9 Pin=J9-10
Added Pin To Net: NetName=DCMI_D10 Pin=J9-11
Added Pin To Net: NetName=DCMI_D11 Pin=J9-12
Added Pin To Net: NetName=GND Pin=J9-13
Added Pin To Net: NetName=GND Pin=J9-14
Added Pin To Net: NetName=I2C3_SCL Pin=J9-15
Added Pin To Net: NetName=CAMERA_NRST Pin=J9-16
Added Pin To Net: NetName=GND Pin=J9-17
Added Pin To Net: NetName=CAMERA_NSTANDBY Pin=J9-18
Added Pin To Net: NetName=I2C3_SDA Pin=J9-19
Added Pin To Net: NetName=CAMERA_STROBE Pin=J9-20
Added Pin To Net: NetName=GND Pin=J9-21
Added Pin To Net: NetName=DCMI_PIXCLK Pin=J9-22
Added Pin To Net: NetName=CAMERA_TRIG Pin=J9-23
Added Pin To Net: NetName=DCMI_VSYNC Pin=J9-24
Added Pin To Net: NetName=CAMERA_OE Pin=J9-25
Added Pin To Net: NetName=DCMI_HSYNC Pin=J9-26
Added Pin To Net: NetName=GND Pin=J9-27
Added Pin To Net: NetName=GND Pin=J9-28
Added Pin To Net: NetName=3V3 Pin=J9-29
Added Pin To Net: NetName=3V3 Pin=J9-30
Added Pin To Net: NetName=5V Pin=J?-25
Added Pin To Net: NetName=5V Pin=J?-26
Added Pin To Net: NetName=3V3 Pin=J?-27
Added Pin To Net: NetName=3V3 Pin=J?-28
Added Pin To Net: NetName=GND Pin=J?-29
Added Pin To Net: NetName=GND Pin=J?-30
Added Pin To Net: NetName=GND Pin=J?-31
Added Pin To Net: NetName=GND Pin=J?-32
Added Pin To Net: NetName=V_BAT Pin=J?-45
Added Pin To Net: NetName=V_BAT Pin=J?-46
Added Pin To Net: NetName=NetR1_1 Pin=R1-1
Added Pin To Net: NetName=NetD1_A Pin=R1-2
Added Pin To Net: NetName=NetR1_1 Pin=R2-1
Added Pin To Net: NetName=NetR2_2 Pin=R2-2
Added Pin To Net: NetName=NetR1_1 Pin=R3-1
Added Pin To Net: NetName=NetR3_2 Pin=R3-2
Added Pin To Net: NetName=DCMI_D4 Pin=R4-1
Added Pin To Net: NetName=NetR4_2 Pin=R4-2
Added Pin To Net: NetName=NetR5_1 Pin=R5-1
Added Pin To Net: NetName=DCMI_D6 Pin=R6-1
Added Pin To Net: NetName=NetR6_2 Pin=R6-2
Added Pin To Net: NetName=NetR7_1 Pin=R7-1
Added Pin To Net: NetName=DCMI_D7 Pin=R8-1
Added Pin To Net: NetName=NetR8_2 Pin=R8-2
Added Pin To Net: NetName=SPI1_MOSI Pin=R9-1
Added Pin To Net: NetName=NetR9_2 Pin=R9-2
Added Pin To Net: NetName=SPI1_MISO Pin=R10-1
Added Pin To Net: NetName=NetR10_2 Pin=R10-2
Added Pin To Net: NetName=NetR11_2 Pin=R11-2
Added Pin To Net: NetName=SPI1_SCLK Pin=R12-1
Added Pin To Net: NetName=NetR12_2 Pin=R12-2
Added Pin To Net: NetName=NetR13_2 Pin=R13-2
Added Pin To Net: NetName=NetR14_1 Pin=R14-1
Added Pin To Net: NetName=NetR15_2 Pin=R15-2
Added Pin To Net: NetName=NetR16_1 Pin=R16-1
Added Pin To Net: NetName=NetR17_1 Pin=R17-1
Added Pin To Net: NetName=NetR18_2 Pin=R18-2
Added Pin To Net: NetName=3V3 Pin=R19-1
Added Pin To Net: NetName=I2C2_SCL Pin=R19-2
Added Pin To Net: NetName=I2C2_SDA Pin=R20-1
Added Pin To Net: NetName=3V3 Pin=R20-2
Added Pin To Net: NetName=NetR21_2 Pin=R21-2
Added Pin To Net: NetName=NetR22_1 Pin=R22-1
Added Pin To Net: NetName=SPI_NCS_FRAM_0 Pin=R22-2
Added Pin To Net: NetName=NetR23_2 Pin=R23-2
Added Pin To Net: NetName=NetR24_1 Pin=R24-1
Added Pin To Net: NetName=SPI_NCS_FRAM_1 Pin=R24-2
Added Pin To Net: NetName=NetR25_2 Pin=R25-2
Added Pin To Net: NetName=NetR26_1 Pin=R26-1
Added Pin To Net: NetName=SPI_CS_A0 Pin=R26-2
Added Pin To Net: NetName=NetR27_1 Pin=R27-1
Added Pin To Net: NetName=SPI_CS_A1 Pin=R27-2
Added Pin To Net: NetName=NetR28_1 Pin=R28-1
Added Pin To Net: NetName=SPI_CS_A2 Pin=R28-2
Added Pin To Net: NetName=NetR29_2 Pin=R29-2
Added Pin To Net: NetName=NetR30_1 Pin=R30-1
Added Pin To Net: NetName=NetR31_2 Pin=R31-2
Added Pin To Net: NetName=NetR32_1 Pin=R32-1
Added Pin To Net: NetName=NetR33_2 Pin=R33-2
Added Pin To Net: NetName=NetR34_1 Pin=R34-1
Added Pin To Net: NetName=NetR35_2 Pin=R35-2
Added Pin To Net: NetName=DCMI_D11 Pin=R36-1
Added Pin To Net: NetName=NetR36_2 Pin=R36-2
Added Pin To Net: NetName=NetR37_1 Pin=R37-1
Added Pin To Net: NetName=NetR38_2 Pin=R38-2
Added Pin To Net: NetName=NetR39_1 Pin=R39-1
Added Pin To Net: NetName=NRST Pin=R40-1
Added Pin To Net: NetName=NetR40_2 Pin=R40-2
Added Pin To Net: NetName=NetR41_1 Pin=R41-1
Added Pin To Net: NetName=NetR42_1 Pin=R42-1
Added Pin To Net: NetName=NetR42_2 Pin=R42-2
Added Pin To Net: NetName=NetR43_1 Pin=R43-1
Added Pin To Net: NetName=MPI_TX_EN Pin=R43-2
Added Pin To Net: NetName=NetR42_1 Pin=R44-1
Added Pin To Net: NetName=NetD2_A Pin=R44-2
Added Pin To Net: NetName=NetR42_1 Pin=R45-1
Added Pin To Net: NetName=NetR45_2 Pin=R45-2
Added Pin To Net: NetName=NetR46_1 Pin=R46-1
Added Pin To Net: NetName=MPI_RX_NEN Pin=R46-2
Added Pin To Net: NetName=NetR47_2 Pin=R47-2
Added Pin To Net: NetName=USART3_RX Pin=R48-1
Added Pin To Net: NetName=NetR48_2 Pin=R48-2
Added Pin To Net: NetName=NetR49_2 Pin=R49-2
Added Pin To Net: NetName=USART3_TX Pin=R50-1
Added Pin To Net: NetName=NetR50_2 Pin=R50-2
Added Pin To Net: NetName=NetR51_1 Pin=R51-1
Added Pin To Net: NetName=NetR52_1 Pin=R52-1
Added Pin To Net: NetName=DCMI_PIXCLK Pin=R52-2
Added Pin To Net: NetName=NetR53_1 Pin=R53-1
Added Pin To Net: NetName=NetR54_1 Pin=R54-1
Added Pin To Net: NetName=DCMI_HSYNC Pin=R54-2
Added Pin To Net: NetName=NetR55_2 Pin=R55-2
Added Pin To Net: NetName=NetR56_2 Pin=R56-2
Added Pin To Net: NetName=NetR57_2 Pin=R57-2
Added Pin To Net: NetName=NetR58_1 Pin=R58-1
Added Pin To Net: NetName=MOTOR_NFAULT Pin=R59-1
Added Pin To Net: NetName=NetR59_2 Pin=R59-2
Added Pin To Net: NetName=MOTOR_NEN Pin=R60-1
Added Pin To Net: NetName=NetR60_2 Pin=R60-2
Added Pin To Net: NetName=MOTOR_PWM Pin=R61-1
Added Pin To Net: NetName=NetR61_2 Pin=R61-2
Added Pin To Net: NetName=NetR62_1 Pin=R62-1
Added Pin To Net: NetName=ENCODER_A Pin=R62-2
Added Pin To Net: NetName=MOTOR_DIR Pin=R63-1
Added Pin To Net: NetName=NetR63_2 Pin=R63-2
Added Pin To Net: NetName=NetR64_1 Pin=R64-1
Added Pin To Net: NetName=ENCODER_B Pin=R64-2
Added Pin To Net: NetName=NetR65_2 Pin=R65-2
Added Pin To Net: NetName=NetR66_1 Pin=R66-1
Added Pin To Net: NetName=ENCODER_I Pin=R66-2
Added Pin To Net: NetName=CAMERA_NRST Pin=R67-1
Added Pin To Net: NetName=NetR67_2 Pin=R67-2
Added Pin To Net: NetName=NetR68_1 Pin=R68-1
Added Pin To Net: NetName=ENCODER_RS422_EN Pin=R68-2
Added Pin To Net: NetName=CAMERA_NSTANDBY Pin=R69-1
Added Pin To Net: NetName=NetR69_2 Pin=R69-2
Added Pin To Net: NetName=NetR70_1 Pin=R70-1
Added Pin To Net: NetName=BOOT0 Pin=R70-2
Added Pin To Net: NetName=CAMERA_STROBE Pin=R71-1
Added Pin To Net: NetName=NetR71_2 Pin=R71-2
Added Pin To Net: NetName=NetR72_1 Pin=R72-1
Added Pin To Net: NetName=DCMI_VSYNC Pin=R72-2
Added Pin To Net: NetName=CAMERA_OE Pin=R73-1
Added Pin To Net: NetName=NetR73_2 Pin=R73-2
Added Pin To Net: NetName=NetR74_1 Pin=R74-1
Added Pin To Net: NetName=CAMERA_TRIG Pin=R75-1
Added Pin To Net: NetName=NetR75_2 Pin=R75-2
Added Pin To Net: NetName=NetR76_1 Pin=R76-1
Added Pin To Net: NetName=NetR77_1 Pin=R77-1
Added Pin To Net: NetName=NetR78_1 Pin=R78-1
Added Pin To Net: NetName=SWO Pin=R78-2
Added Pin To Net: NetName=NetR79_2 Pin=R79-2
Added Pin To Net: NetName=NetR80_1 Pin=R80-1
Added Pin To Net: NetName=NetR81_2 Pin=R81-2
Added Pin To Net: NetName=GPS_PWR_NEN Pin=R82-1
Added Pin To Net: NetName=NetR82_2 Pin=R82-2
Added Pin To Net: NetName=GPS_PWR_NOC Pin=R83-1
Added Pin To Net: NetName=NetR83_2 Pin=R83-2
Added Pin To Net: NetName=NetR84_1 Pin=R84-1
Added Pin To Net: NetName=I2C1_SCL Pin=R84-2
Added Pin To Net: NetName=LDO_1V8_EN Pin=R85-1
Added Pin To Net: NetName=NetR85_2 Pin=R85-2
Added Pin To Net: NetName=NetR86_1 Pin=R86-1
Added Pin To Net: NetName=I2C1_SDA Pin=R86-2
Added Pin To Net: NetName=LDO_1V2_EN Pin=R87-1
Added Pin To Net: NetName=NetR87_2 Pin=R87-2
Added Pin To Net: NetName=NetR88_1 Pin=R88-1
Added Pin To Net: NetName=NetR89_2 Pin=R89-2
Added Pin To Net: NetName=SPI3_MOSI Pin=R90-1
Added Pin To Net: NetName=NetR90_2 Pin=R90-2
Added Pin To Net: NetName=I2C1_SCL Pin=R91-1
Added Pin To Net: NetName=3V3 Pin=R91-2
Added Pin To Net: NetName=3V3 Pin=R92-1
Added Pin To Net: NetName=I2C1_SDA Pin=R92-2
Added Pin To Net: NetName=SPI3_MISO Pin=R93-1
Added Pin To Net: NetName=NetR93_2 Pin=R93-2
Added Pin To Net: NetName=SPI3_SCLK Pin=R94-1
Added Pin To Net: NetName=NetR94_2 Pin=R94-2
Added Pin To Net: NetName=NetR95_1 Pin=R95-1
Added Pin To Net: NetName=I2C3_SCL Pin=R96-1
Added Pin To Net: NetName=3V3 Pin=R96-2
Added Pin To Net: NetName=3V3 Pin=R97-1
Added Pin To Net: NetName=I2C3_SDA Pin=R97-2
Added Pin To Net: NetName=NetR98_1 Pin=R98-1
Added Pin To Net: NetName=DCMI_D10 Pin=R98-2
Added Pin To Net: NetName=DCMI_D0 Pin=R99-1
Added Pin To Net: NetName=NetR99_2 Pin=R99-2
Added Pin To Net: NetName=DCMI_D1 Pin=R100-1
Added Pin To Net: NetName=NetR100_2 Pin=R100-2
Added Pin To Net: NetName=DCMI_D2 Pin=R101-1
Added Pin To Net: NetName=NetR101_2 Pin=R101-2
Added Pin To Net: NetName=NetR102_1 Pin=R102-1
Added Pin To Net: NetName=DCMI_D3 Pin=R103-1
Added Pin To Net: NetName=NetR103_2 Pin=R103-2
Added Pin To Net: NetName=NetR104_1 Pin=R104-1
Added Pin To Net: NetName=GPS_PPS Pin=R105-1
Added Pin To Net: NetName=NetR105_2 Pin=R105-2
Added Pin To Net: NetName=NetR106_1 Pin=R106-1
Added Pin To Net: NetName=DCMI_D5 Pin=R106-2
Added Pin To Net: NetName=NetR107_1 Pin=R107-1
Added Pin To Net: NetName=USART1_TX Pin=R107-2
Added Pin To Net: NetName=NetR108_1 Pin=R108-1
Added Pin To Net: NetName=NetR109_1 Pin=R109-1
Added Pin To Net: NetName=USART1_RX Pin=R109-2
Added Pin To Net: NetName=NetR110_1 Pin=R110-1
Added Pin To Net: NetName=NetR111_1 Pin=R111-1
Added Pin To Net: NetName=NetR112_1 Pin=R112-1
Added Pin To Net: NetName=DCMI_D9 Pin=R112-2
Added Pin To Net: NetName=NetR113_1 Pin=R113-1
Added Pin To Net: NetName=NetR114_1 Pin=R114-1
Added Pin To Net: NetName=DCMI_D8 Pin=R114-2
Added Pin To Net: NetName=NetR115_1 Pin=R115-1
Added Pin To Net: NetName=NetR116_1 Pin=R116-1
Added Pin To Net: NetName=SWCLK Pin=R116-2
Added Pin To Net: NetName=3V3 Pin=R117-1
Added Pin To Net: NetName=SPI_NCS_FLASH_0 Pin=R117-2
Added Pin To Net: NetName=3V3 Pin=R118-1
Added Pin To Net: NetName=SPI_NCS_FLASH_3 Pin=R118-2
Added Pin To Net: NetName=3V3 Pin=R119-1
Added Pin To Net: NetName=SPI_NCS_FLASH_1 Pin=R119-2
Added Pin To Net: NetName=3V3 Pin=R120-1
Added Pin To Net: NetName=SPI_NCS_FLASH_2 Pin=R120-2
Added Pin To Net: NetName=3V3 Pin=R121-1
Added Pin To Net: NetName=SPI_CS_A2 Pin=R121-2
Added Pin To Net: NetName=3V3 Pin=R122-1
Added Pin To Net: NetName=SPI_CS_A1 Pin=R122-2
Added Pin To Net: NetName=3V3 Pin=R123-1
Added Pin To Net: NetName=SPI_CS_A0 Pin=R123-2
Added Pin To Net: NetName=3V3 Pin=R124-1
Added Pin To Net: NetName=SPI_NCS_FLASH_7 Pin=R124-2
Added Pin To Net: NetName=3V3 Pin=R125-1
Added Pin To Net: NetName=SPI_NCS_FLASH_6 Pin=R125-2
Added Pin To Net: NetName=3V3 Pin=R126-1
Added Pin To Net: NetName=SPI_NCS_FLASH_5 Pin=R126-2
Added Pin To Net: NetName=3V3 Pin=R127-1
Added Pin To Net: NetName=SPI_NCS_FLASH_4 Pin=R127-2
Added Pin To Net: NetName=3V3 Pin=R128-1
Added Pin To Net: NetName=SPI_NCS_FRAM_1 Pin=R128-2
Added Pin To Net: NetName=3V3 Pin=R129-1
Added Pin To Net: NetName=SPI_NCS_FRAM_0 Pin=R129-2
Added Pin To Net: NetName=MPI_RX_N Pin=R130-1
Added Pin To Net: NetName=MPI_RX_P Pin=R130-2
Added Pin To Net: NetName=GND Pin=R131-1
Added Pin To Net: NetName=NetR131_2 Pin=R131-2
Added Pin To Net: NetName=LDO_1V8_EN Pin=R132-1
Added Pin To Net: NetName=GND Pin=R132-2
Added Pin To Net: NetName=GND Pin=R133-1
Added Pin To Net: NetName=LDO_1V2_EN Pin=R133-2
Added Pin To Net: NetName=3V3 Pin=R134-1
Added Pin To Net: NetName=NetD3_A Pin=R134-2
Added Pin To Net: NetName=5V Pin=R135-1
Added Pin To Net: NetName=NetD4_A Pin=R135-2
Added Pin To Net: NetName=NetD5_A Pin=R136-1
Added Pin To Net: NetName=12V Pin=R136-2
Added Pin To Net: NetName=3V3 Pin=R137-1
Added Pin To Net: NetName=GPS_PWR_NOC Pin=R137-2
Added Pin To Net: NetName=NetC41_1 Pin=R138-1
Added Pin To Net: NetName=GND Pin=R138-2
Added Pin To Net: NetName=NetC41_1 Pin=R139-1
Added Pin To Net: NetName=3V3 Pin=R139-2
Added Pin To Net: NetName=3V3 Pin=R140-1
Added Pin To Net: NetName=MOTOR_NEN Pin=R140-2
Added Pin To Net: NetName=3V3 Pin=R141-1
Added Pin To Net: NetName=MOTOR_NFAULT Pin=R141-2
Added Pin To Net: NetName=GND Pin=R142-1
Added Pin To Net: NetName=NetR142_2 Pin=R142-2
Added Pin To Net: NetName=ENCODER_A_N Pin=R143-1
Added Pin To Net: NetName=ENCODER_A_P Pin=R143-2
Added Pin To Net: NetName=ENCODER_B_N Pin=R144-1
Added Pin To Net: NetName=ENCODER_B_P Pin=R144-2
Added Pin To Net: NetName=ENCODER_DATA Pin=R145-1
Added Pin To Net: NetName=I2C2_SDA Pin=R145-2
Added Pin To Net: NetName=ENCODER_I_N Pin=R146-1
Added Pin To Net: NetName=ENCODER_I_P Pin=R146-2
Added Pin To Net: NetName=SPI3_MISO Pin=R147-1
Added Pin To Net: NetName=ENCODER_DATA Pin=R147-2
Added Pin To Net: NetName=ENCODER_CLK Pin=R148-1
Added Pin To Net: NetName=I2C2_SCL Pin=R148-2
Added Pin To Net: NetName=NetR149_1 Pin=R149-1
Added Pin To Net: NetName=5V Pin=R149-2
Added Pin To Net: NetName=SPI3_SCLK Pin=R150-1
Added Pin To Net: NetName=ENCODER_CLK Pin=R150-2
Added Pin To Net: NetName=NetR2_2 Pin=U1-1
Added Pin To Net: NetName=NetR3_2 Pin=U1-2
Added Pin To Net: NetName=NetR4_2 Pin=U1-3
Added Pin To Net: NetName=NetR6_2 Pin=U1-4
Added Pin To Net: NetName=NetR8_2 Pin=U1-5
Added Pin To Net: NetName=3V3 Pin=U1-6
Added Pin To Net: NetName=NetR11_2 Pin=U1-7
Added Pin To Net: NetName=NetR13_2 Pin=U1-8
Added Pin To Net: NetName=NetR15_2 Pin=U1-9
Added Pin To Net: NetName=I2C2_SDA Pin=U1-10
Added Pin To Net: NetName=I2C2_SCL Pin=U1-11
Added Pin To Net: NetName=NetR18_2 Pin=U1-12
Added Pin To Net: NetName=NetR21_2 Pin=U1-13
Added Pin To Net: NetName=NetR23_2 Pin=U1-14
Added Pin To Net: NetName=NetR25_2 Pin=U1-15
Added Pin To Net: NetName=3V3 Pin=U1-16
Added Pin To Net: NetName=GND Pin=U1-17
Added Pin To Net: NetName=NetR29_2 Pin=U1-18
Added Pin To Net: NetName=NetR31_2 Pin=U1-19
Added Pin To Net: NetName=NetR33_2 Pin=U1-20
Added Pin To Net: NetName=NetR35_2 Pin=U1-21
Added Pin To Net: NetName=NetR36_2 Pin=U1-22
Added Pin To Net: NetName=OSC_IN Pin=U1-23
Added Pin To Net: NetName=NetR38_2 Pin=U1-24
Added Pin To Net: NetName=NetR40_2 Pin=U1-25
Added Pin To Net: NetName=NetR42_2 Pin=U1-26
Added Pin To Net: NetName=NetR45_2 Pin=U1-27
Added Pin To Net: NetName=NetR47_2 Pin=U1-28
Added Pin To Net: NetName=NetR49_2 Pin=U1-29
Added Pin To Net: NetName=GND Pin=U1-30
Added Pin To Net: NetName=GND Pin=U1-31
Added Pin To Net: NetName=3V3 Pin=U1-32
Added Pin To Net: NetName=3V3 Pin=U1-33
Added Pin To Net: NetName=NetR55_2 Pin=U1-34
Added Pin To Net: NetName=NetR56_2 Pin=U1-35
Added Pin To Net: NetName=NetR57_2 Pin=U1-36
Added Pin To Net: NetName=NetR58_1 Pin=U1-37
Added Pin To Net: NetName=GND Pin=U1-38
Added Pin To Net: NetName=3V3 Pin=U1-39
Added Pin To Net: NetName=NetR54_1 Pin=U1-40
Added Pin To Net: NetName=NetR53_1 Pin=U1-41
Added Pin To Net: NetName=NetR52_1 Pin=U1-42
Added Pin To Net: NetName=NetR51_1 Pin=U1-43
Added Pin To Net: NetName=NetR50_2 Pin=U1-44
Added Pin To Net: NetName=NetR48_2 Pin=U1-45
Added Pin To Net: NetName=NetR46_1 Pin=U1-46
Added Pin To Net: NetName=NetR43_1 Pin=U1-47
Added Pin To Net: NetName=NetR41_1 Pin=U1-48
Added Pin To Net: NetName=NetR39_1 Pin=U1-49
Added Pin To Net: NetName=NetR37_1 Pin=U1-50
Added Pin To Net: NetName=GND Pin=U1-51
Added Pin To Net: NetName=3V3 Pin=U1-52
Added Pin To Net: NetName=NetR34_1 Pin=U1-53
Added Pin To Net: NetName=NetR32_1 Pin=U1-54
Added Pin To Net: NetName=NetR30_1 Pin=U1-55
Added Pin To Net: NetName=NetR28_1 Pin=U1-56
Added Pin To Net: NetName=NetR27_1 Pin=U1-57
Added Pin To Net: NetName=NetR26_1 Pin=U1-58
Added Pin To Net: NetName=NetR24_1 Pin=U1-59
Added Pin To Net: NetName=NetR22_1 Pin=U1-60
Added Pin To Net: NetName=GND Pin=U1-61
Added Pin To Net: NetName=3V3 Pin=U1-62
Added Pin To Net: NetName=NetR17_1 Pin=U1-63
Added Pin To Net: NetName=NetR16_1 Pin=U1-64
Added Pin To Net: NetName=NetR14_1 Pin=U1-65
Added Pin To Net: NetName=NetR12_2 Pin=U1-66
Added Pin To Net: NetName=NetR10_2 Pin=U1-67
Added Pin To Net: NetName=NetR9_2 Pin=U1-68
Added Pin To Net: NetName=NetR7_1 Pin=U1-69
Added Pin To Net: NetName=NetR5_1 Pin=U1-70
Added Pin To Net: NetName=GND Pin=U1-71
Added Pin To Net: NetName=3V3 Pin=U1-72
Added Pin To Net: NetName=NetR59_2 Pin=U1-73
Added Pin To Net: NetName=NetR60_2 Pin=U1-74
Added Pin To Net: NetName=NetR61_2 Pin=U1-75
Added Pin To Net: NetName=NetR63_2 Pin=U1-76
Added Pin To Net: NetName=NetR65_2 Pin=U1-77
Added Pin To Net: NetName=NetR67_2 Pin=U1-78
Added Pin To Net: NetName=NetR69_2 Pin=U1-79
Added Pin To Net: NetName=NetR71_2 Pin=U1-80
Added Pin To Net: NetName=NetR73_2 Pin=U1-81
Added Pin To Net: NetName=NetR75_2 Pin=U1-82
Added Pin To Net: NetName=GND Pin=U1-83
Added Pin To Net: NetName=3V3 Pin=U1-84
Added Pin To Net: NetName=NetR79_2 Pin=U1-85
Added Pin To Net: NetName=NetR81_2 Pin=U1-86
Added Pin To Net: NetName=NetR82_2 Pin=U1-87
Added Pin To Net: NetName=NetR83_2 Pin=U1-88
Added Pin To Net: NetName=NetR85_2 Pin=U1-89
Added Pin To Net: NetName=NetR87_2 Pin=U1-90
Added Pin To Net: NetName=NetR89_2 Pin=U1-91
Added Pin To Net: NetName=I2C3_SCL Pin=U1-92
Added Pin To Net: NetName=I2C3_SDA Pin=U1-93
Added Pin To Net: NetName=GND Pin=U1-94
Added Pin To Net: NetName=3V3 Pin=U1-95
Added Pin To Net: NetName=NetR99_2 Pin=U1-96
Added Pin To Net: NetName=NetR100_2 Pin=U1-97
Added Pin To Net: NetName=NetR101_2 Pin=U1-98
Added Pin To Net: NetName=NetR103_2 Pin=U1-99
Added Pin To Net: NetName=NetR105_2 Pin=U1-100
Added Pin To Net: NetName=NetR107_1 Pin=U1-101
Added Pin To Net: NetName=NetR109_1 Pin=U1-102
Added Pin To Net: NetName=USB_N Pin=U1-103
Added Pin To Net: NetName=USB_P Pin=U1-104
Added Pin To Net: NetName=SWDIO Pin=U1-105
Added Pin To Net: NetName=3V3 Pin=U1-106
Added Pin To Net: NetName=GND Pin=U1-107
Added Pin To Net: NetName=3V3 Pin=U1-108
Added Pin To Net: NetName=NetR116_1 Pin=U1-109
Added Pin To Net: NetName=NetR115_1 Pin=U1-110
Added Pin To Net: NetName=NetR114_1 Pin=U1-111
Added Pin To Net: NetName=NetR113_1 Pin=U1-112
Added Pin To Net: NetName=NetR112_1 Pin=U1-113
Added Pin To Net: NetName=NetR111_1 Pin=U1-114
Added Pin To Net: NetName=NetR110_1 Pin=U1-115
Added Pin To Net: NetName=NetR108_1 Pin=U1-116
Added Pin To Net: NetName=NetR106_1 Pin=U1-117
Added Pin To Net: NetName=NetR104_1 Pin=U1-118
Added Pin To Net: NetName=NetR102_1 Pin=U1-119
Added Pin To Net: NetName=GND Pin=U1-120
Added Pin To Net: NetName=3V3 Pin=U1-121
Added Pin To Net: NetName=NetR98_1 Pin=U1-122
Added Pin To Net: NetName=NetR95_1 Pin=U1-123
Added Pin To Net: NetName=NetR94_2 Pin=U1-124
Added Pin To Net: NetName=NetR93_2 Pin=U1-125
Added Pin To Net: NetName=NetR90_2 Pin=U1-126
Added Pin To Net: NetName=NetR88_1 Pin=U1-127
Added Pin To Net: NetName=NetR86_1 Pin=U1-128
Added Pin To Net: NetName=NetR84_1 Pin=U1-129
Added Pin To Net: NetName=GND Pin=U1-130
Added Pin To Net: NetName=3V3 Pin=U1-131
Added Pin To Net: NetName=NetR80_1 Pin=U1-132
Added Pin To Net: NetName=NetR78_1 Pin=U1-133
Added Pin To Net: NetName=NetR77_1 Pin=U1-134
Added Pin To Net: NetName=NetR76_1 Pin=U1-135
Added Pin To Net: NetName=NetR74_1 Pin=U1-136
Added Pin To Net: NetName=NetR72_1 Pin=U1-137
Added Pin To Net: NetName=NetR70_1 Pin=U1-138
Added Pin To Net: NetName=NetR68_1 Pin=U1-139
Added Pin To Net: NetName=NetR66_1 Pin=U1-140
Added Pin To Net: NetName=NetR64_1 Pin=U1-141
Added Pin To Net: NetName=NetR62_1 Pin=U1-142
Added Pin To Net: NetName=GND Pin=U1-143
Added Pin To Net: NetName=3V3 Pin=U1-144
Added Pin To Net: NetName=3V3 Pin=U2-2
Added Pin To Net: NetName=SPI_NCS_FLASH_1 Pin=U2-6
Added Pin To Net: NetName=SPI_NCS_FLASH_0 Pin=U2-7
Added Pin To Net: NetName=SPI1_MISO Pin=U2-8
Added Pin To Net: NetName=GND Pin=U2-10
Added Pin To Net: NetName=SPI1_MOSI Pin=U2-15
Added Pin To Net: NetName=SPI1_SCLK Pin=U2-16
Added Pin To Net: NetName=3V3 Pin=U3-2
Added Pin To Net: NetName=SPI_NCS_FLASH_2 Pin=U3-6
Added Pin To Net: NetName=SPI_NCS_FLASH_3 Pin=U3-7
Added Pin To Net: NetName=SPI1_MISO Pin=U3-8
Added Pin To Net: NetName=GND Pin=U3-10
Added Pin To Net: NetName=SPI1_MOSI Pin=U3-15
Added Pin To Net: NetName=SPI1_SCLK Pin=U3-16
Added Pin To Net: NetName=SPI_CS_A0 Pin=U4-1
Added Pin To Net: NetName=SPI_CS_A1 Pin=U4-2
Added Pin To Net: NetName=SPI_CS_A2 Pin=U4-3
Added Pin To Net: NetName=GND Pin=U4-4
Added Pin To Net: NetName=GND Pin=U4-5
Added Pin To Net: NetName=3V3 Pin=U4-6
Added Pin To Net: NetName=SPI_NCS_FLASH_7 Pin=U4-7
Added Pin To Net: NetName=GND Pin=U4-8
Added Pin To Net: NetName=SPI_NCS_FLASH_6 Pin=U4-9
Added Pin To Net: NetName=SPI_NCS_FLASH_5 Pin=U4-10
Added Pin To Net: NetName=SPI_NCS_FLASH_3 Pin=U4-11
Added Pin To Net: NetName=SPI_NCS_FLASH_4 Pin=U4-12
Added Pin To Net: NetName=SPI_NCS_FLASH_2 Pin=U4-13
Added Pin To Net: NetName=SPI_NCS_FLASH_1 Pin=U4-14
Added Pin To Net: NetName=SPI_NCS_FLASH_0 Pin=U4-15
Added Pin To Net: NetName=3V3 Pin=U4-16
Added Pin To Net: NetName=3V3 Pin=U5-2
Added Pin To Net: NetName=SPI_NCS_FLASH_6 Pin=U5-6
Added Pin To Net: NetName=SPI_NCS_FLASH_7 Pin=U5-7
Added Pin To Net: NetName=SPI1_MISO Pin=U5-8
Added Pin To Net: NetName=GND Pin=U5-10
Added Pin To Net: NetName=SPI1_MOSI Pin=U5-15
Added Pin To Net: NetName=SPI1_SCLK Pin=U5-16
Added Pin To Net: NetName=3V3 Pin=U6-2
Added Pin To Net: NetName=SPI_NCS_FLASH_4 Pin=U6-6
Added Pin To Net: NetName=SPI_NCS_FLASH_5 Pin=U6-7
Added Pin To Net: NetName=SPI1_MISO Pin=U6-8
Added Pin To Net: NetName=GND Pin=U6-10
Added Pin To Net: NetName=SPI1_MOSI Pin=U6-15
Added Pin To Net: NetName=SPI1_SCLK Pin=U6-16
Added Pin To Net: NetName=SPI_NCS_FRAM_1 Pin=U7-1
Added Pin To Net: NetName=SPI1_MISO Pin=U7-2
Added Pin To Net: NetName=GND Pin=U7-4
Added Pin To Net: NetName=SPI1_MOSI Pin=U7-5
Added Pin To Net: NetName=SPI1_SCLK Pin=U7-6
Added Pin To Net: NetName=3V3 Pin=U7-8
Added Pin To Net: NetName=SPI_NCS_FRAM_0 Pin=U8-1
Added Pin To Net: NetName=SPI1_MISO Pin=U8-2
Added Pin To Net: NetName=GND Pin=U8-4
Added Pin To Net: NetName=SPI1_MOSI Pin=U8-5
Added Pin To Net: NetName=SPI1_SCLK Pin=U8-6
Added Pin To Net: NetName=3V3 Pin=U8-8
Added Pin To Net: NetName=3V3 Pin=U9-1
Added Pin To Net: NetName=USART3_RX Pin=U9-2
Added Pin To Net: NetName=MPI_RX_NEN Pin=U9-3
Added Pin To Net: NetName=MPI_TX_EN Pin=U9-4
Added Pin To Net: NetName=USART3_TX Pin=U9-5
Added Pin To Net: NetName=GND Pin=U9-7
Added Pin To Net: NetName=3V3 Pin=U9-8
Added Pin To Net: NetName=NetU9_10 Pin=U9-10
Added Pin To Net: NetName=NetU9_11 Pin=U9-11
Added Pin To Net: NetName=NetU9_12 Pin=U9-12
Added Pin To Net: NetName=NetU9_13 Pin=U9-13
Added Pin To Net: NetName=5V Pin=U9-14
Added Pin To Net: NetName=NetU9_13 Pin=U10-2
Added Pin To Net: NetName=NetU9_12 Pin=U10-3
Added Pin To Net: NetName=NetU9_11 Pin=U10-4
Added Pin To Net: NetName=NetU9_10 Pin=U10-5
Added Pin To Net: NetName=NetR131_2 Pin=U10-6
Added Pin To Net: NetName=NetR131_2 Pin=U10-7
Added Pin To Net: NetName=MPI_TX_P Pin=U10-9
Added Pin To Net: NetName=MPI_TX_N Pin=U10-10
Added Pin To Net: NetName=MPI_RX_N Pin=U10-11
Added Pin To Net: NetName=MPI_RX_P Pin=U10-12
Added Pin To Net: NetName=5V Pin=U10-14
Added Pin To Net: NetName=12V Pin=U11-1
Added Pin To Net: NetName=GND Pin=U11-3
Added Pin To Net: NetName=5V Pin=U11-4
Added Pin To Net: NetName=GND Pin=U11-5
Added Pin To Net: NetName=MPI_TX_P Pin=U11-6
Added Pin To Net: NetName=MPI_TX_N Pin=U11-7
Added Pin To Net: NetName=MPI_RX_P Pin=U11-8
Added Pin To Net: NetName=MPI_RX_N Pin=U11-9
Added Pin To Net: NetName=LDO_1V8_EN Pin=U12-1
Added Pin To Net: NetName=3V3 Pin=U12-2
Added Pin To Net: NetName=LDO_1V2_EN Pin=U12-3
Added Pin To Net: NetName=GND Pin=U12-4
Added Pin To Net: NetName=1V2 Pin=U12-5
Added Pin To Net: NetName=1V8 Pin=U12-6
Added Pin To Net: NetName=GND Pin=U13-1
Added Pin To Net: NetName=3V3 Pin=U13-2
Added Pin To Net: NetName=3V3 Pin=U13-3
Added Pin To Net: NetName=GPS_PWR_NEN Pin=U13-4
Added Pin To Net: NetName=GPS_PWR_NOC Pin=U13-5
Added Pin To Net: NetName=GPS_3V3 Pin=U13-6
Added Pin To Net: NetName=GPS_3V3 Pin=U13-7
Added Pin To Net: NetName=GPS_3V3 Pin=U13-8
Added Pin To Net: NetName=NetR142_2 Pin=U14-1
Added Pin To Net: NetName=MOTOR_1 Pin=U14-2
Added Pin To Net: NetName=MOTOR_1 Pin=U14-3
Added Pin To Net: NetName=5V Pin=U14-4
Added Pin To Net: NetName=NetR142_2 Pin=U14-5
Added Pin To Net: NetName=MOTOR_PWM Pin=U14-6
Added Pin To Net: NetName=MOTOR_DIR Pin=U14-7
Added Pin To Net: NetName=GND Pin=U14-8
Added Pin To Net: NetName=NetC42_2 Pin=U14-9
Added Pin To Net: NetName=MOTOR_NFAULT Pin=U14-10
Added Pin To Net: NetName=MOTOR_NEN Pin=U14-11
Added Pin To Net: NetName=NetC41_1 Pin=U14-12
Added Pin To Net: NetName=5V Pin=U14-13
Added Pin To Net: NetName=MOTOR_2 Pin=U14-14
Added Pin To Net: NetName=MOTOR_2 Pin=U14-15
Added Pin To Net: NetName=NetR142_2 Pin=U14-16
Added Pin To Net: NetName=GND Pin=U14-EPAD
Added Pin To Net: NetName=3V3 Pin=U15-1
Added Pin To Net: NetName=ENCODER_A Pin=U15-2
Added Pin To Net: NetName=ENCODER_B Pin=U15-3
Added Pin To Net: NetName=ENCODER_I Pin=U15-4
Added Pin To Net: NetName=ENCODER_RS422_EN Pin=U15-5
Added Pin To Net: NetName=GND Pin=U15-7
Added Pin To Net: NetName=3V3 Pin=U15-8
Added Pin To Net: NetName=NetU15_10 Pin=U15-10
Added Pin To Net: NetName=NetU15_11 Pin=U15-11
Added Pin To Net: NetName=NetU15_12 Pin=U15-12
Added Pin To Net: NetName=NetU15_13 Pin=U15-13
Added Pin To Net: NetName=5V Pin=U15-14
Added Pin To Net: NetName=ENCODER_A_N Pin=U16-1
Added Pin To Net: NetName=ENCODER_A_P Pin=U16-2
Added Pin To Net: NetName=NetU15_13 Pin=U16-3
Added Pin To Net: NetName=NetU15_10 Pin=U16-4
Added Pin To Net: NetName=NetU15_12 Pin=U16-5
Added Pin To Net: NetName=ENCODER_B_P Pin=U16-6
Added Pin To Net: NetName=ENCODER_B_N Pin=U16-7
Added Pin To Net: NetName=GND Pin=U16-8
Added Pin To Net: NetName=ENCODER_I_N Pin=U16-9
Added Pin To Net: NetName=ENCODER_I_P Pin=U16-10
Added Pin To Net: NetName=NetU15_11 Pin=U16-11
Added Pin To Net: NetName=NetR149_1 Pin=U16-12
Added Pin To Net: NetName=5V Pin=U16-16
Added Pin To Net: NetName=3V3 Pin=Y1-1
Added Pin To Net: NetName=GND Pin=Y1-2
Added Pin To Net: NetName=OSC_IN Pin=Y1-3
Added Pin To Net: NetName=3V3 Pin=Y1-4
Added Member To Class: ClassName=STM32 Member=Component C1 0.1uF
Added Member To Class: ClassName=STM32 Member=Component C2 1uF
Added Member To Class: ClassName=STM32 Member=Component C3 0.1uF
Added Member To Class: ClassName=STM32 Member=Component C4 0.1uF
Added Member To Class: ClassName=STM32 Member=Component C5 0.1uF
Added Member To Class: ClassName=STM32 Member=Component C6 0.1uF
Added Member To Class: ClassName=STM32 Member=Component C7 0.1uF
Added Member To Class: ClassName=STM32 Member=Component C8 0.1uF
Added Member To Class: ClassName=STM32 Member=Component C9 0.1uF
Added Member To Class: ClassName=STM32 Member=Component C10 0.1uF
Added Member To Class: ClassName=STM32 Member=Component C11 0.1uF
Added Member To Class: ClassName=STM32 Member=Component C12 1uF
Added Member To Class: ClassName=STM32 Member=Component C13 4.7uF
Added Member To Class: ClassName=STM32 Member=Component C14 0.1uF
Added Member To Class: ClassName=STM32 Member=Component C15 0.1uF
Added Member To Class: ClassName=STM32 Member=Component C16 0.1uF
Added Member To Class: ClassName=STM32 Member=Component C17 0.1uF
Added Member To Class: ClassName=STM32 Member=Component C18 0.1uF
Added Member To Class: ClassName=STM32 Member=Component C19 0.1uF
Added Member To Class: ClassName=STM32 Member=Component C20 0.1uF
Added Member To Class: ClassName=STM32 Member=Component C21 15 pF
Added Member To Class: ClassName=Memory Member=Component C22 0.1uF
Added Member To Class: ClassName=Memory Member=Component C23 0.1uF
Added Member To Class: ClassName=Memory Member=Component C24 0.1uF
Added Member To Class: ClassName=Memory Member=Component C25 0.1uF
Added Member To Class: ClassName=Memory Member=Component C26 0.1uF
Added Member To Class: ClassName=Memory Member=Component C27 0.1uF
Added Member To Class: ClassName=Memory Member=Component C28 0.1uF
Added Member To Class: ClassName=External Connectors Member=Component C29 0.1uF
Added Member To Class: ClassName=External Connectors Member=Component C30 0.1uF
Added Member To Class: ClassName=External Connectors Member=Component C31 1uF
Added Member To Class: ClassName=External Connectors Member=Component C32 0.1uF
Added Member To Class: ClassName=External Connectors Member=Component C33 1uF
Added Member To Class: ClassName=External Connectors Member=Component C34 1uF
Added Member To Class: ClassName=External Connectors Member=Component C35 1uF
Added Member To Class: ClassName=External Connectors Member=Component C36 0.1uF
Added Member To Class: ClassName=External Connectors Member=Component C37 22uF
Added Member To Class: ClassName=External Connectors Member=Component C38 0.1uF
Added Member To Class: ClassName=Motor Control Member=Component C39 1uF
Added Member To Class: ClassName=Motor Control Member=Component C40 1uF
Added Member To Class: ClassName=Motor Control Member=Component C41 0.1uF
Added Member To Class: ClassName=Motor Control Member=Component C42 220 pF
Added Member To Class: ClassName=Motor Control Member=Component C43 0.1uF
Added Member To Class: ClassName=Motor Control Member=Component C44 0.1uF
Added Member To Class: ClassName=Motor Control Member=Component C45 1uF
Added Member To Class: ClassName=Motor Control Member=Component C46 0.1uF
Added Member To Class: ClassName=STM32 Member=Component D1 D-SML-D12U1WT86
Added Member To Class: ClassName=STM32 Member=Component D2 D-SML-D12U1WT86
Added Member To Class: ClassName=External Connectors Member=Component D3 D-SML-D12U1WT86
Added Member To Class: ClassName=External Connectors Member=Component D4 D-SML-D12U1WT86
Added Member To Class: ClassName=External Connectors Member=Component D5 D-SML-D12U1WT86
Added Member To Class: ClassName=STM32 Member=Component J1 TSM-105-01-F-DV
Added Member To Class: ClassName=STM32 Member=Component J2 TSM-105-01-F-DV
Added Member To Class: ClassName=External Connectors Member=Component J3 J-629105150521
Added Member To Class: ClassName=External Connectors Member=Component J4 TSM-105-01-F-DV
Added Member To Class: ClassName=External Connectors Member=Component J6 ESQT-126-02-F-D-309
Added Member To Class: ClassName=Motor Control Member=Component J7 TSM-105-01-F-DV
Added Member To Class: ClassName=Motor Control Member=Component J8 TSM-105-01-F-DV
Added Member To Class: ClassName=Camera Member=Component J9 T2M-115-01-X-D-SM-WT
Added Member To Class: ClassName=External Connectors Member=Component J? ESQT-126-02-F-D-309
Added Member To Class: ClassName=STM32 Member=Component R1 100R
Added Member To Class: ClassName=STM32 Member=Component R2 0R
Added Member To Class: ClassName=STM32 Member=Component R3 0R
Added Member To Class: ClassName=STM32 Member=Component R4 0R
Added Member To Class: ClassName=STM32 Member=Component R5 0R
Added Member To Class: ClassName=STM32 Member=Component R6 0R
Added Member To Class: ClassName=STM32 Member=Component R7 0R
Added Member To Class: ClassName=STM32 Member=Component R8 0R
Added Member To Class: ClassName=STM32 Member=Component R9 22R
Added Member To Class: ClassName=STM32 Member=Component R10 22R
Added Member To Class: ClassName=STM32 Member=Component R11 0R
Added Member To Class: ClassName=STM32 Member=Component R12 22R
Added Member To Class: ClassName=STM32 Member=Component R13 0R
Added Member To Class: ClassName=STM32 Member=Component R14 0R
Added Member To Class: ClassName=STM32 Member=Component R15 0R
Added Member To Class: ClassName=STM32 Member=Component R16 0R
Added Member To Class: ClassName=STM32 Member=Component R17 0R
Added Member To Class: ClassName=STM32 Member=Component R18 0R
Added Member To Class: ClassName=STM32 Member=Component R19 4.7k
Added Member To Class: ClassName=STM32 Member=Component R20 4.7k
Added Member To Class: ClassName=STM32 Member=Component R21 0R
Added Member To Class: ClassName=STM32 Member=Component R22 0R
Added Member To Class: ClassName=STM32 Member=Component R23 0R
Added Member To Class: ClassName=STM32 Member=Component R24 0R
Added Member To Class: ClassName=STM32 Member=Component R25 0R
Added Member To Class: ClassName=STM32 Member=Component R26 0R
Added Member To Class: ClassName=STM32 Member=Component R27 0R
Added Member To Class: ClassName=STM32 Member=Component R28 0R
Added Member To Class: ClassName=STM32 Member=Component R29 0R
Added Member To Class: ClassName=STM32 Member=Component R30 0R
Added Member To Class: ClassName=STM32 Member=Component R31 0R
Added Member To Class: ClassName=STM32 Member=Component R32 0R
Added Member To Class: ClassName=STM32 Member=Component R33 0R
Added Member To Class: ClassName=STM32 Member=Component R34 0R
Added Member To Class: ClassName=STM32 Member=Component R35 0R
Added Member To Class: ClassName=STM32 Member=Component R36 0R
Added Member To Class: ClassName=STM32 Member=Component R37 0R
Added Member To Class: ClassName=STM32 Member=Component R38 0R
Added Member To Class: ClassName=STM32 Member=Component R39 0R
Added Member To Class: ClassName=STM32 Member=Component R40 0R
Added Member To Class: ClassName=STM32 Member=Component R41 0R
Added Member To Class: ClassName=STM32 Member=Component R42 0R
Added Member To Class: ClassName=STM32 Member=Component R43 0R
Added Member To Class: ClassName=STM32 Member=Component R44 100R
Added Member To Class: ClassName=STM32 Member=Component R45 0R
Added Member To Class: ClassName=STM32 Member=Component R46 0R
Added Member To Class: ClassName=STM32 Member=Component R47 0R
Added Member To Class: ClassName=STM32 Member=Component R48 22R
Added Member To Class: ClassName=STM32 Member=Component R49 0R
Added Member To Class: ClassName=STM32 Member=Component R50 22R
Added Member To Class: ClassName=STM32 Member=Component R51 0R
Added Member To Class: ClassName=STM32 Member=Component R52 0R
Added Member To Class: ClassName=STM32 Member=Component R53 0R
Added Member To Class: ClassName=STM32 Member=Component R54 0R
Added Member To Class: ClassName=STM32 Member=Component R55 0R
Added Member To Class: ClassName=STM32 Member=Component R56 0R
Added Member To Class: ClassName=STM32 Member=Component R57 0R
Added Member To Class: ClassName=STM32 Member=Component R58 0R
Added Member To Class: ClassName=STM32 Member=Component R59 0R
Added Member To Class: ClassName=STM32 Member=Component R60 0R
Added Member To Class: ClassName=STM32 Member=Component R61 0R
Added Member To Class: ClassName=STM32 Member=Component R62 0R
Added Member To Class: ClassName=STM32 Member=Component R63 0R
Added Member To Class: ClassName=STM32 Member=Component R64 0R
Added Member To Class: ClassName=STM32 Member=Component R65 0R
Added Member To Class: ClassName=STM32 Member=Component R66 0R
Added Member To Class: ClassName=STM32 Member=Component R67 0R
Added Member To Class: ClassName=STM32 Member=Component R68 0R
Added Member To Class: ClassName=STM32 Member=Component R69 0R
Added Member To Class: ClassName=STM32 Member=Component R70 0R
Added Member To Class: ClassName=STM32 Member=Component R71 0R
Added Member To Class: ClassName=STM32 Member=Component R72 0R
Added Member To Class: ClassName=STM32 Member=Component R73 0R
Added Member To Class: ClassName=STM32 Member=Component R74 0R
Added Member To Class: ClassName=STM32 Member=Component R75 0R
Added Member To Class: ClassName=STM32 Member=Component R76 0R
Added Member To Class: ClassName=STM32 Member=Component R77 0R
Added Member To Class: ClassName=STM32 Member=Component R78 0R
Added Member To Class: ClassName=STM32 Member=Component R79 0R
Added Member To Class: ClassName=STM32 Member=Component R80 0R
Added Member To Class: ClassName=STM32 Member=Component R81 0R
Added Member To Class: ClassName=STM32 Member=Component R82 0R
Added Member To Class: ClassName=STM32 Member=Component R83 0R
Added Member To Class: ClassName=STM32 Member=Component R84 0R
Added Member To Class: ClassName=STM32 Member=Component R85 0R
Added Member To Class: ClassName=STM32 Member=Component R86 0R
Added Member To Class: ClassName=STM32 Member=Component R87 0R
Added Member To Class: ClassName=STM32 Member=Component R88 0R
Added Member To Class: ClassName=STM32 Member=Component R89 0R
Added Member To Class: ClassName=STM32 Member=Component R90 22R
Added Member To Class: ClassName=STM32 Member=Component R91 4.7k
Added Member To Class: ClassName=STM32 Member=Component R92 4.7k
Added Member To Class: ClassName=STM32 Member=Component R93 22R
Added Member To Class: ClassName=STM32 Member=Component R94 22R
Added Member To Class: ClassName=STM32 Member=Component R95 0R
Added Member To Class: ClassName=STM32 Member=Component R96 4.7k
Added Member To Class: ClassName=STM32 Member=Component R97 4.7k
Added Member To Class: ClassName=STM32 Member=Component R98 0R
Added Member To Class: ClassName=STM32 Member=Component R99 0R
Added Member To Class: ClassName=STM32 Member=Component R100 0R
Added Member To Class: ClassName=STM32 Member=Component R101 0R
Added Member To Class: ClassName=STM32 Member=Component R102 0R
Added Member To Class: ClassName=STM32 Member=Component R103 0R
Added Member To Class: ClassName=STM32 Member=Component R104 0R
Added Member To Class: ClassName=STM32 Member=Component R105 0R
Added Member To Class: ClassName=STM32 Member=Component R106 0R
Added Member To Class: ClassName=STM32 Member=Component R107 22R
Added Member To Class: ClassName=STM32 Member=Component R108 0R
Added Member To Class: ClassName=STM32 Member=Component R109 22R
Added Member To Class: ClassName=STM32 Member=Component R110 0R
Added Member To Class: ClassName=STM32 Member=Component R111 0R
Added Member To Class: ClassName=STM32 Member=Component R112 0R
Added Member To Class: ClassName=STM32 Member=Component R113 0R
Added Member To Class: ClassName=STM32 Member=Component R114 0R
Added Member To Class: ClassName=STM32 Member=Component R115 0R
Added Member To Class: ClassName=STM32 Member=Component R116 0R
Added Member To Class: ClassName=Memory Member=Component R117 10K
Added Member To Class: ClassName=Memory Member=Component R118 10K
Added Member To Class: ClassName=Memory Member=Component R119 10K
Added Member To Class: ClassName=Memory Member=Component R120 10K
Added Member To Class: ClassName=Memory Member=Component R121 10K
Added Member To Class: ClassName=Memory Member=Component R122 10K
Added Member To Class: ClassName=Memory Member=Component R123 10K
Added Member To Class: ClassName=Memory Member=Component R124 10K
Added Member To Class: ClassName=Memory Member=Component R125 10K
Added Member To Class: ClassName=Memory Member=Component R126 10K
Added Member To Class: ClassName=Memory Member=Component R127 10K
Added Member To Class: ClassName=Memory Member=Component R128 10K
Added Member To Class: ClassName=Memory Member=Component R129 10K
Added Member To Class: ClassName=External Connectors Member=Component R130 100R
Added Member To Class: ClassName=External Connectors Member=Component R131 100R
Added Member To Class: ClassName=External Connectors Member=Component R132 10K
Added Member To Class: ClassName=External Connectors Member=Component R133 10K
Added Member To Class: ClassName=External Connectors Member=Component R134 100R
Added Member To Class: ClassName=External Connectors Member=Component R135 100R
Added Member To Class: ClassName=External Connectors Member=Component R136 10K
Added Member To Class: ClassName=External Connectors Member=Component R137 10K
Added Member To Class: ClassName=Motor Control Member=Component R138 0R
Added Member To Class: ClassName=Motor Control Member=Component R139 0R
Added Member To Class: ClassName=Motor Control Member=Component R140 10K
Added Member To Class: ClassName=Motor Control Member=Component R141 10K
Added Member To Class: ClassName=Motor Control Member=Component R142 0.1R
Added Member To Class: ClassName=Motor Control Member=Component R143 100R
Added Member To Class: ClassName=Motor Control Member=Component R144 100R
Added Member To Class: ClassName=Motor Control Member=Component R145 0R
Added Member To Class: ClassName=Motor Control Member=Component R146 100R
Added Member To Class: ClassName=Motor Control Member=Component R147 0R
Added Member To Class: ClassName=Motor Control Member=Component R148 0R
Added Member To Class: ClassName=Motor Control Member=Component R149 0R
Added Member To Class: ClassName=Motor Control Member=Component R150 0R
Added Member To Class: ClassName=STM32 Member=Component U1 U-STM32L4R5ZIT6
Added Member To Class: ClassName=Memory Member=Component U2 S70FL01GSAGMFI011
Added Member To Class: ClassName=Memory Member=Component U3 S70FL01GSAGMFI011
Added Member To Class: ClassName=Memory Member=Component U4 74LCX138MTC
Added Member To Class: ClassName=Memory Member=Component U5 S70FL01GSAGMFI011
Added Member To Class: ClassName=Memory Member=Component U6 S70FL01GSAGMFI011
Added Member To Class: ClassName=Memory Member=Component U7 CY15B108QN-40SXI
Added Member To Class: ClassName=Memory Member=Component U8 CY15B108QN-40SXI
Added Member To Class: ClassName=External Connectors Member=Component U9 U-MAX3378EEUD+T
Added Member To Class: ClassName=External Connectors Member=Component U10 MAX3086EESD+T
Added Member To Class: ClassName=External Connectors Member=Component U11 LD09S13A4GX00LF
Added Member To Class: ClassName=External Connectors Member=Component U12 TLV7111812DSER
Added Member To Class: ClassName=External Connectors Member=Component U13 TPS2055AD
Added Member To Class: ClassName=Motor Control Member=Component U14 MAX14871EUE+T
Added Member To Class: ClassName=Motor Control Member=Component U15 U-MAX3378EEUD+T
Added Member To Class: ClassName=Motor Control Member=Component U16 MAX3095CSE+T
Added Member To Class: ClassName=STM32 Member=Component Y1 ASFL1-25.000MHZ-L-T
Added Member To Class: ClassName=DCMI_D[0..11] Member=Element[0]: DCMI_D
Added Member To Class: ClassName=DCMI_D[0..11] Member=Element[1]: DCMI_D
Added Member To Class: ClassName=DCMI_D[0..11] Member=Element[2]: DCMI_D
Added Member To Class: ClassName=DCMI_D[0..11] Member=Element[3]: DCMI_D
Added Member To Class: ClassName=DCMI_D[0..11] Member=Element[4]: DCMI_D
Added Member To Class: ClassName=DCMI_D[0..11] Member=Element[5]: DCMI_D
Added Member To Class: ClassName=DCMI_D[0..11] Member=Element[6]: DCMI_D
Added Member To Class: ClassName=DCMI_D[0..11] Member=Element[7]: DCMI_D
Added Member To Class: ClassName=DCMI_D[0..11] Member=Element[8]: DCMI_D
Added Member To Class: ClassName=DCMI_D[0..11] Member=Element[9]: DCMI_D
Added Member To Class: ClassName=DCMI_D[0..11] Member=Element[10]: DCMI_D
Added Member To Class: ClassName=DCMI_D[0..11] Member=Element[11]: DCMI_D
