Removed Pin From Net: NetName=DCMI_D4 Pin=R4-1
Removed Pin From Net: NetName=DCMI_D6 Pin=R6-1
Removed Pin From Net: NetName=DCMI_D7 Pin=R8-1
Removed Pin From Net: NetName=DCMI_D11 Pin=R36-1
Removed Pin From Net: NetName=DCMI_PIXCLK Pin=R52-2
Removed Pin From Net: NetName=DCMI_HSYNC Pin=R54-2
Removed Pin From Net: NetName=MOTOR_NFAULT Pin=R59-1
Removed Pin From Net: NetName=MOTOR_NEN Pin=R60-1
Removed Pin From Net: NetName=MOTOR_PWM Pin=R61-1
Removed Pin From Net: NetName=ENCODER_A Pin=R62-2
Removed Pin From Net: NetName=MOTOR_DIR Pin=R63-1
Removed Pin From Net: NetName=ENCODER_B Pin=R64-2
Removed Pin From Net: NetName=ENCODER_I Pin=R66-2
Removed Pin From Net: NetName=CAMERA_NRST Pin=R67-1
Removed Pin From Net: NetName=ENCODER_RS422_EN Pin=R68-2
Removed Pin From Net: NetName=CAMERA_NSTANDBY Pin=R69-1
Removed Pin From Net: NetName=BOOT0 Pin=R70-2
Removed Pin From Net: NetName=CAMERA_STROBE Pin=R71-1
Removed Pin From Net: NetName=DCMI_VSYNC Pin=R72-2
Removed Pin From Net: NetName=CAMERA_OE Pin=R73-1
Removed Pin From Net: NetName=CAMERA_TRIG Pin=R75-1
Removed Pin From Net: NetName=GPS_PWR_NEN Pin=R82-1
Removed Pin From Net: NetName=GPS_PWR_NOC Pin=R83-1
Removed Pin From Net: NetName=I2C1_SCL Pin=R84-2
Removed Pin From Net: NetName=LDO_1V8_EN Pin=R85-1
Removed Pin From Net: NetName=I2C1_SDA Pin=R86-2
Removed Pin From Net: NetName=LDO_1V2_EN Pin=R87-1
Removed Pin From Net: NetName=DCMI_D10 Pin=R98-2
Removed Pin From Net: NetName=DCMI_D0 Pin=R99-1
Removed Pin From Net: NetName=DCMI_D1 Pin=R100-1
Removed Pin From Net: NetName=DCMI_D2 Pin=R101-1
Removed Pin From Net: NetName=DCMI_D3 Pin=R103-1
Removed Pin From Net: NetName=GPS_PPS Pin=R105-1
Removed Pin From Net: NetName=DCMI_D5 Pin=R106-2
Removed Pin From Net: NetName=DCMI_D9 Pin=R112-2
Removed Pin From Net: NetName=DCMI_D8 Pin=R114-2
Removed Member From Class: ClassName=STM32 Member=R4
Removed Member From Class: ClassName=STM32 Member=R5
Removed Member From Class: ClassName=STM32 Member=R6
Removed Member From Class: ClassName=STM32 Member=R7
Removed Member From Class: ClassName=STM32 Member=R8
Removed Member From Class: ClassName=STM32 Member=R11
Removed Member From Class: ClassName=STM32 Member=R13
Removed Member From Class: ClassName=STM32 Member=R14
Removed Member From Class: ClassName=STM32 Member=R15
Removed Member From Class: ClassName=STM32 Member=R16
Removed Member From Class: ClassName=STM32 Member=R17
Removed Member From Class: ClassName=STM32 Member=R18
Removed Member From Class: ClassName=STM32 Member=R21
Removed Member From Class: ClassName=STM32 Member=R23
Removed Member From Class: ClassName=STM32 Member=R25
Removed Member From Class: ClassName=STM32 Member=R29
Removed Member From Class: ClassName=STM32 Member=R30
Removed Member From Class: ClassName=STM32 Member=R31
Removed Member From Class: ClassName=STM32 Member=R32
Removed Member From Class: ClassName=STM32 Member=R33
Removed Member From Class: ClassName=STM32 Member=R34
Removed Member From Class: ClassName=STM32 Member=R35
Removed Member From Class: ClassName=STM32 Member=R36
Removed Member From Class: ClassName=STM32 Member=R37
Removed Member From Class: ClassName=STM32 Member=R38
Removed Member From Class: ClassName=STM32 Member=R39
Removed Member From Class: ClassName=STM32 Member=R41
Removed Member From Class: ClassName=STM32 Member=R47
Removed Member From Class: ClassName=STM32 Member=R49
Removed Member From Class: ClassName=STM32 Member=R51
Removed Member From Class: ClassName=STM32 Member=R52
Removed Member From Class: ClassName=STM32 Member=R53
Removed Member From Class: ClassName=STM32 Member=R54
Removed Member From Class: ClassName=STM32 Member=R55
Removed Member From Class: ClassName=STM32 Member=R56
Removed Member From Class: ClassName=STM32 Member=R57
Removed Member From Class: ClassName=STM32 Member=R58
Removed Member From Class: ClassName=STM32 Member=R59
Removed Member From Class: ClassName=STM32 Member=R60
Removed Member From Class: ClassName=STM32 Member=R61
Removed Member From Class: ClassName=STM32 Member=R62
Removed Member From Class: ClassName=STM32 Member=R63
Removed Member From Class: ClassName=STM32 Member=R64
Removed Member From Class: ClassName=STM32 Member=R65
Removed Member From Class: ClassName=STM32 Member=R66
Removed Member From Class: ClassName=STM32 Member=R67
Removed Member From Class: ClassName=STM32 Member=R68
Removed Member From Class: ClassName=STM32 Member=R69
Removed Member From Class: ClassName=STM32 Member=R70
Removed Member From Class: ClassName=STM32 Member=R71
Removed Member From Class: ClassName=STM32 Member=R72
Removed Member From Class: ClassName=STM32 Member=R73
Removed Member From Class: ClassName=STM32 Member=R74
Removed Member From Class: ClassName=STM32 Member=R75
Removed Member From Class: ClassName=STM32 Member=R76
Removed Member From Class: ClassName=STM32 Member=R77
Removed Member From Class: ClassName=STM32 Member=R79
Removed Member From Class: ClassName=STM32 Member=R80
Removed Member From Class: ClassName=STM32 Member=R81
Removed Member From Class: ClassName=STM32 Member=R82
Removed Member From Class: ClassName=STM32 Member=R83
Removed Member From Class: ClassName=STM32 Member=R84
Removed Member From Class: ClassName=STM32 Member=R85
Removed Member From Class: ClassName=STM32 Member=R86
Removed Member From Class: ClassName=STM32 Member=R87
Removed Member From Class: ClassName=STM32 Member=R88
Removed Member From Class: ClassName=STM32 Member=R89
Removed Member From Class: ClassName=STM32 Member=R95
Removed Member From Class: ClassName=STM32 Member=R98
Removed Member From Class: ClassName=STM32 Member=R99
Removed Member From Class: ClassName=STM32 Member=R100
Removed Member From Class: ClassName=STM32 Member=R101
Removed Member From Class: ClassName=STM32 Member=R102
Removed Member From Class: ClassName=STM32 Member=R103
Removed Member From Class: ClassName=STM32 Member=R104
Removed Member From Class: ClassName=STM32 Member=R105
Removed Member From Class: ClassName=STM32 Member=R106
Removed Member From Class: ClassName=STM32 Member=R108
Removed Member From Class: ClassName=STM32 Member=R110
Removed Member From Class: ClassName=STM32 Member=R111
Removed Member From Class: ClassName=STM32 Member=R112
Removed Member From Class: ClassName=STM32 Member=R113
Removed Member From Class: ClassName=STM32 Member=R114
Removed Member From Class: ClassName=STM32 Member=R115
Added Pin To Net: NetName=DCMI_D4 Pin=U1-3
Added Pin To Net: NetName=DCMI_D6 Pin=U1-4
Added Pin To Net: NetName=DCMI_D7 Pin=U1-5
Added Pin To Net: NetName=DCMI_D11 Pin=U1-22
Added Pin To Net: NetName=DCMI_HSYNC Pin=U1-40
Added Pin To Net: NetName=DCMI_PIXCLK Pin=U1-42
Added Pin To Net: NetName=MOTOR_NFAULT Pin=U1-73
Added Pin To Net: NetName=MOTOR_NEN Pin=U1-74
Added Pin To Net: NetName=MOTOR_PWM Pin=U1-75
Added Pin To Net: NetName=MOTOR_DIR Pin=U1-76
Added Pin To Net: NetName=CAMERA_NRST Pin=U1-78
Added Pin To Net: NetName=CAMERA_NSTANDBY Pin=U1-79
Added Pin To Net: NetName=CAMERA_STROBE Pin=U1-80
Added Pin To Net: NetName=CAMERA_OE Pin=U1-81
Added Pin To Net: NetName=CAMERA_TRIG Pin=U1-82
Added Pin To Net: NetName=GPS_PWR_NEN Pin=U1-87
Added Pin To Net: NetName=GPS_PWR_NOC Pin=U1-88
Added Pin To Net: NetName=LDO_1V8_EN Pin=U1-89
Added Pin To Net: NetName=LDO_1V2_EN Pin=U1-90
Added Pin To Net: NetName=DCMI_D0 Pin=U1-96
Added Pin To Net: NetName=DCMI_D1 Pin=U1-97
Added Pin To Net: NetName=DCMI_D2 Pin=U1-98
Added Pin To Net: NetName=DCMI_D3 Pin=U1-99
Added Pin To Net: NetName=GPS_PPS Pin=U1-100
Added Pin To Net: NetName=DCMI_D8 Pin=U1-111
Added Pin To Net: NetName=DCMI_D9 Pin=U1-113
Added Pin To Net: NetName=DCMI_D5 Pin=U1-117
Added Pin To Net: NetName=DCMI_D10 Pin=U1-122
Added Pin To Net: NetName=I2C1_SDA Pin=U1-128
Added Pin To Net: NetName=I2C1_SCL Pin=U1-129
Added Pin To Net: NetName=DCMI_VSYNC Pin=U1-137
Added Pin To Net: NetName=BOOT0 Pin=U1-138
Added Pin To Net: NetName=ENCODER_RS422_EN Pin=U1-139
Added Pin To Net: NetName=ENCODER_I Pin=U1-140
Added Pin To Net: NetName=ENCODER_B Pin=U1-141
Added Pin To Net: NetName=ENCODER_A Pin=U1-142
Added Member To Class: ClassName=External Connectors Member=Component J5 J-ESQ-126-14-G-D
Added Room: Name=Camera
Added Room: Name=External Connectors
Added Room: Name=Memory
Added Room: Name=Motor Control
Added Room: Name=STM32
