Removed Pin From Net: NetName=GND Pin=C11-1
Removed Pin From Net: NetName=GND Pin=C12-1
Removed Member From Class: ClassName=STM32 Member=C11
Removed Member From Class: ClassName=STM32 Member=C12
Change component parameters: Designator = "J9" ("J9"); Footprint = "T2M-115-01-X-D-SM-WT"; UniqueID = "\GDCFLZSQ" ("\GDCFLZSQ")
Change component parameters (AddParameter): Name = "Distributor"; Value = "Mouser"; VariantName = "[No Variations]"
Change component parameters (AddParameter): Name = "Distributor Part #"; Value = "200-T2M11501LDSMWT"; VariantName = "[No Variations]"
Change component parameters (AddParameter): Name = "Manufactuer"; Value = "Samtec"; VariantName = "[No Variations]"
Change component parameters (AddParameter): Name = "Manufacturer Part #"; Value = "T2M-115-01-X-D-SM-WT"; VariantName = "[No Variations]"
Change component parameters: Designator = "U2" ("U2"); Footprint = "U-S70FL01GSAGMFI011"; UniqueID = "\EGWVQBYV" ("\EGWVQBYV")
Change component parameters (AddParameter): Name = "Distributor"; Value = "Digikey"; VariantName = "[No Variations]"
Change component parameters (AddParameter): Name = "Distributor Part #"; Value = "1274-1092-ND"; VariantName = "[No Variations]"
Change component parameters (AddParameter): Name = "Manufacturer"; Value = "Cypress Semiconductor"; VariantName = "[No Variations]"
Change component parameters (AddParameter): Name = "Manufacturer Part #"; Value = "S70FL01GSAGMFI011"; VariantName = "[No Variations]"
Change component parameters: Designator = "U3" ("U3"); Footprint = "U-S70FL01GSAGMFI011"; UniqueID = "\OAPSYXBZ" ("\OAPSYXBZ")
Change component parameters (AddParameter): Name = "Distributor"; Value = "Digikey"; VariantName = "[No Variations]"
Change component parameters (AddParameter): Name = "Distributor Part #"; Value = "1274-1092-ND"; VariantName = "[No Variations]"
Change component parameters (AddParameter): Name = "Manufacturer"; Value = "Cypress Semiconductor"; VariantName = "[No Variations]"
Change component parameters (AddParameter): Name = "Manufacturer Part #"; Value = "S70FL01GSAGMFI011"; VariantName = "[No Variations]"
Change component parameters: Designator = "U5" ("U5"); Footprint = "U-S70FL01GSAGMFI011"; UniqueID = "\UUWBBIFS" ("\UUWBBIFS")
Change component parameters (AddParameter): Name = "Distributor"; Value = "Digikey"; VariantName = "[No Variations]"
Change component parameters (AddParameter): Name = "Distributor Part #"; Value = "1274-1092-ND"; VariantName = "[No Variations]"
Change component parameters (AddParameter): Name = "Manufacturer"; Value = "Cypress Semiconductor"; VariantName = "[No Variations]"
Change component parameters (AddParameter): Name = "Manufacturer Part #"; Value = "S70FL01GSAGMFI011"; VariantName = "[No Variations]"
Change component parameters: Designator = "U6" ("U6"); Footprint = "U-S70FL01GSAGMFI011"; UniqueID = "\FYZFGZAK" ("\FYZFGZAK")
Change component parameters (AddParameter): Name = "Distributor"; Value = "Digikey"; VariantName = "[No Variations]"
Change component parameters (AddParameter): Name = "Distributor Part #"; Value = "1274-1092-ND"; VariantName = "[No Variations]"
Change component parameters (AddParameter): Name = "Manufacturer"; Value = "Cypress Semiconductor"; VariantName = "[No Variations]"
Change component parameters (AddParameter): Name = "Manufacturer Part #"; Value = "S70FL01GSAGMFI011"; VariantName = "[No Variations]"
Change component parameters: Designator = "U13" ("U13"); Footprint = "U-TPS2055AD"; UniqueID = "\QQCOKLPU" ("\QQCOKLPU")
Change component parameters (AddParameter): Name = "Distributor"; Value = "Digikey"; VariantName = "[No Variations]"
Change component parameters (AddParameter): Name = "Distributor Part #"; Value = "296-3418-5-ND"; VariantName = "[No Variations]"
Change component parameters (AddParameter): Name = "Manufacturer"; Value = "Texas Instruments"; VariantName = "[No Variations]"
Change component parameters (AddParameter): Name = "Manufacturer Part #"; Value = "TPS2055AD"; VariantName = "[No Variations]"
Change component parameters (AddParameter): Name = "RefDes"; Value = "RefDes"; VariantName = "[No Variations]"
Change component parameters (AddParameter): Name = "Type"; Value = "DEV"; VariantName = "[No Variations]"
Change component parameters: Designator = "U4" ("U4"); Footprint = "U-74LCX138MTC"; UniqueID = "\SCOYYAYH" ("\SCOYYAYH")
Change component parameters (AddParameter): Name = "Distributor"; Value = "Digikey"; VariantName = "[No Variations]"
Change component parameters (AddParameter): Name = "Distributor Part #"; Value = "74LCX138MTC-ND"; VariantName = "[No Variations]"
Change component parameters (AddParameter): Name = "Manufacturer"; Value = "onsemi"; VariantName = "[No Variations]"
Change component parameters (AddParameter): Name = "Manufacturer Part #"; Value = "74LCX138MTC"; VariantName = "[No Variations]"
Change component parameters: Designator = "U16" ("U16"); Footprint = "U-MAX3095CSE+T"; UniqueID = "\YSCAQSMA" ("\YSCAQSMA")
Change component parameters (AddParameter): Name = "Distributor"; Value = "Digikey"; VariantName = "[No Variations]"
Change component parameters (AddParameter): Name = "Distributor Part #"; Value = "MAX3095CSE+TCT-ND"; VariantName = "[No Variations]"
Change component parameters (AddParameter): Name = "Manufacturer"; Value = "Maxim Integrated"; VariantName = "[No Variations]"
Change component parameters (AddParameter): Name = "Manufacturer Part #"; Value = "MAX3095CSE+T"; VariantName = "[No Variations]"
Added Room: Name=Camera
Added Room: Name=External Connectors
Added Room: Name=Memory
Added Room: Name=Motor Control
Added Room: Name=STM32
