Replace Part C1 CC-104-K-25V-X7R-0402 in C:\Users\James\Documents\Calgary to Space\OBC_PCB_hardware\OBC Development Board\STM32.SchDoc with CC-104-K-25V-X7R-0402 from OBC Development Board.SchLib
Replace Part C2 CC-105-K-25V-X7R-0603 in C:\Users\James\Documents\Calgary to Space\OBC_PCB_hardware\OBC Development Board\STM32.SchDoc with CC-105-K-25V-X7R-0603 from OBC Development Board.SchLib
Replace Part C3 CC-104-K-25V-X7R-0402 in C:\Users\James\Documents\Calgary to Space\OBC_PCB_hardware\OBC Development Board\STM32.SchDoc with CC-104-K-25V-X7R-0402 from OBC Development Board.SchLib
Replace Part C4 CC-104-K-25V-X7R-0402 in C:\Users\James\Documents\Calgary to Space\OBC_PCB_hardware\OBC Development Board\STM32.SchDoc with CC-104-K-25V-X7R-0402 from OBC Development Board.SchLib
Replace Part C5 CC-104-K-25V-X7R-0402 in C:\Users\James\Documents\Calgary to Space\OBC_PCB_hardware\OBC Development Board\STM32.SchDoc with CC-104-K-25V-X7R-0402 from OBC Development Board.SchLib
Replace Part C6 CC-104-K-25V-X7R-0402 in C:\Users\James\Documents\Calgary to Space\OBC_PCB_hardware\OBC Development Board\STM32.SchDoc with CC-104-K-25V-X7R-0402 from OBC Development Board.SchLib
Replace Part C7 CC-104-K-25V-X7R-0402 in C:\Users\James\Documents\Calgary to Space\OBC_PCB_hardware\OBC Development Board\STM32.SchDoc with CC-104-K-25V-X7R-0402 from OBC Development Board.SchLib
Replace Part C8 CC-104-K-25V-X7R-0402 in C:\Users\James\Documents\Calgary to Space\OBC_PCB_hardware\OBC Development Board\STM32.SchDoc with CC-104-K-25V-X7R-0402 from OBC Development Board.SchLib
Replace Part C9 CC-104-K-25V-X7R-0402 in C:\Users\James\Documents\Calgary to Space\OBC_PCB_hardware\OBC Development Board\STM32.SchDoc with CC-104-K-25V-X7R-0402 from OBC Development Board.SchLib
Replace Part C10 CC-104-K-25V-X7R-0402 in C:\Users\James\Documents\Calgary to Space\OBC_PCB_hardware\OBC Development Board\STM32.SchDoc with CC-104-K-25V-X7R-0402 from OBC Development Board.SchLib
Replace Part C13 CT-474-M-20V-OTH-1206 in C:\Users\James\Documents\Calgary to Space\OBC_PCB_hardware\OBC Development Board\STM32.SchDoc with CT-474-M-20V-OTH-1206 from OBC Development Board.SchLib
Replace Part C14 CC-104-K-25V-X7R-0402 in C:\Users\James\Documents\Calgary to Space\OBC_PCB_hardware\OBC Development Board\STM32.SchDoc with CC-104-K-25V-X7R-0402 from OBC Development Board.SchLib
Replace Part C15 CC-104-K-25V-X7R-0402 in C:\Users\James\Documents\Calgary to Space\OBC_PCB_hardware\OBC Development Board\STM32.SchDoc with CC-104-K-25V-X7R-0402 from OBC Development Board.SchLib
Replace Part C16 CC-104-K-25V-X7R-0402 in C:\Users\James\Documents\Calgary to Space\OBC_PCB_hardware\OBC Development Board\STM32.SchDoc with CC-104-K-25V-X7R-0402 from OBC Development Board.SchLib
Replace Part C17 CC-104-K-25V-X7R-0402 in C:\Users\James\Documents\Calgary to Space\OBC_PCB_hardware\OBC Development Board\STM32.SchDoc with CC-104-K-25V-X7R-0402 from OBC Development Board.SchLib
Replace Part C18 CC-104-K-25V-X7R-0402 in C:\Users\James\Documents\Calgary to Space\OBC_PCB_hardware\OBC Development Board\STM32.SchDoc with CC-104-K-25V-X7R-0402 from OBC Development Board.SchLib
Replace Part C19 CC-104-K-25V-X7R-0402 in C:\Users\James\Documents\Calgary to Space\OBC_PCB_hardware\OBC Development Board\STM32.SchDoc with CC-104-K-25V-X7R-0402 from OBC Development Board.SchLib
Replace Part C20 CC-104-K-25V-X7R-0402 in C:\Users\James\Documents\Calgary to Space\OBC_PCB_hardware\OBC Development Board\STM32.SchDoc with CC-104-K-25V-X7R-0402 from OBC Development Board.SchLib
Replace Part C21 CC-159-J-50V-C0G-0402 in C:\Users\James\Documents\Calgary to Space\OBC_PCB_hardware\OBC Development Board\STM32.SchDoc with CC-159-J-50V-C0G-0402 from OBC Development Board.SchLib
Replace Part D1 D-SML-D12U1WT86 in C:\Users\James\Documents\Calgary to Space\OBC_PCB_hardware\OBC Development Board\STM32.SchDoc with D-SML-D12U1WT86 from OBC Development Board.SchLib
Replace Part J1 J-TSM-105-01-F-DV in C:\Users\James\Documents\Calgary to Space\OBC_PCB_hardware\OBC Development Board\STM32.SchDoc with J-TSM-105-01-F-DV from OBC Development Board.SchLib
Replace Part J2 J-TSM-105-01-F-DV in C:\Users\James\Documents\Calgary to Space\OBC_PCB_hardware\OBC Development Board\STM32.SchDoc with J-TSM-105-01-F-DV from OBC Development Board.SchLib
Replace Part R1 RT-220R-F-1/16W-0402 in C:\Users\James\Documents\Calgary to Space\OBC_PCB_hardware\OBC Development Board\STM32.SchDoc with RT-220R-F-1/16W-0402 from OBC Development Board.SchLib
Replace Part R2 RT-0R00-F-1/10W-0402 in C:\Users\James\Documents\Calgary to Space\OBC_PCB_hardware\OBC Development Board\STM32.SchDoc with RT-0R00-F-1/10W-0402 from OBC Development Board.SchLib
Replace Part R3 RT-0R00-F-1/10W-0402 in C:\Users\James\Documents\Calgary to Space\OBC_PCB_hardware\OBC Development Board\STM32.SchDoc with RT-0R00-F-1/10W-0402 from OBC Development Board.SchLib
Replace Part R9 RT-22R0-F-1/16W-0402 in C:\Users\James\Documents\Calgary to Space\OBC_PCB_hardware\OBC Development Board\STM32.SchDoc with RT-22R0-F-1/16W-0402 from OBC Development Board.SchLib
Replace Part R10 RT-22R0-F-1/16W-0402 in C:\Users\James\Documents\Calgary to Space\OBC_PCB_hardware\OBC Development Board\STM32.SchDoc with RT-22R0-F-1/16W-0402 from OBC Development Board.SchLib
Replace Part R12 RT-22R0-F-1/16W-0402 in C:\Users\James\Documents\Calgary to Space\OBC_PCB_hardware\OBC Development Board\STM32.SchDoc with RT-22R0-F-1/16W-0402 from OBC Development Board.SchLib
Replace Part R22 RT-0R00-F-1/10W-0402 in C:\Users\James\Documents\Calgary to Space\OBC_PCB_hardware\OBC Development Board\STM32.SchDoc with RT-0R00-F-1/10W-0402 from OBC Development Board.SchLib
Replace Part R24 RT-0R00-F-1/10W-0402 in C:\Users\James\Documents\Calgary to Space\OBC_PCB_hardware\OBC Development Board\STM32.SchDoc with RT-0R00-F-1/10W-0402 from OBC Development Board.SchLib
Replace Part R26 RT-0R00-F-1/10W-0402 in C:\Users\James\Documents\Calgary to Space\OBC_PCB_hardware\OBC Development Board\STM32.SchDoc with RT-0R00-F-1/10W-0402 from OBC Development Board.SchLib
Replace Part R27 RT-0R00-F-1/10W-0402 in C:\Users\James\Documents\Calgary to Space\OBC_PCB_hardware\OBC Development Board\STM32.SchDoc with RT-0R00-F-1/10W-0402 from OBC Development Board.SchLib
Replace Part R28 RT-0R00-F-1/10W-0402 in C:\Users\James\Documents\Calgary to Space\OBC_PCB_hardware\OBC Development Board\STM32.SchDoc with RT-0R00-F-1/10W-0402 from OBC Development Board.SchLib
Replace Part R40 RT-0R00-F-1/10W-0402 in C:\Users\James\Documents\Calgary to Space\OBC_PCB_hardware\OBC Development Board\STM32.SchDoc with RT-0R00-F-1/10W-0402 from OBC Development Board.SchLib
Replace Part R43 RT-0R00-F-1/10W-0402 in C:\Users\James\Documents\Calgary to Space\OBC_PCB_hardware\OBC Development Board\STM32.SchDoc with RT-0R00-F-1/10W-0402 from OBC Development Board.SchLib
Replace Part R46 RT-0R00-F-1/10W-0402 in C:\Users\James\Documents\Calgary to Space\OBC_PCB_hardware\OBC Development Board\STM32.SchDoc with RT-0R00-F-1/10W-0402 from OBC Development Board.SchLib
Replace Part R48 RT-22R0-F-1/16W-0402 in C:\Users\James\Documents\Calgary to Space\OBC_PCB_hardware\OBC Development Board\STM32.SchDoc with RT-22R0-F-1/16W-0402 from OBC Development Board.SchLib
Replace Part R50 RT-22R0-F-1/16W-0402 in C:\Users\James\Documents\Calgary to Space\OBC_PCB_hardware\OBC Development Board\STM32.SchDoc with RT-22R0-F-1/16W-0402 from OBC Development Board.SchLib
Replace Part R78 RT-0R00-F-1/10W-0402 in C:\Users\James\Documents\Calgary to Space\OBC_PCB_hardware\OBC Development Board\STM32.SchDoc with RT-0R00-F-1/10W-0402 from OBC Development Board.SchLib
Replace Part R90 RT-22R0-F-1/16W-0402 in C:\Users\James\Documents\Calgary to Space\OBC_PCB_hardware\OBC Development Board\STM32.SchDoc with RT-22R0-F-1/16W-0402 from OBC Development Board.SchLib
Replace Part R93 RT-22R0-F-1/16W-0402 in C:\Users\James\Documents\Calgary to Space\OBC_PCB_hardware\OBC Development Board\STM32.SchDoc with RT-22R0-F-1/16W-0402 from OBC Development Board.SchLib
Replace Part R94 RT-22R0-F-1/16W-0402 in C:\Users\James\Documents\Calgary to Space\OBC_PCB_hardware\OBC Development Board\STM32.SchDoc with RT-22R0-F-1/16W-0402 from OBC Development Board.SchLib
Replace Part R107 RT-22R0-F-1/16W-0402 in C:\Users\James\Documents\Calgary to Space\OBC_PCB_hardware\OBC Development Board\STM32.SchDoc with RT-22R0-F-1/16W-0402 from OBC Development Board.SchLib
Replace Part R109 RT-22R0-F-1/16W-0402 in C:\Users\James\Documents\Calgary to Space\OBC_PCB_hardware\OBC Development Board\STM32.SchDoc with RT-22R0-F-1/16W-0402 from OBC Development Board.SchLib
Replace Part R116 RT-0R00-F-1/10W-0402 in C:\Users\James\Documents\Calgary to Space\OBC_PCB_hardware\OBC Development Board\STM32.SchDoc with RT-0R00-F-1/10W-0402 from OBC Development Board.SchLib
Replace Part U1 U-STM32L4R5ZIT6 in C:\Users\James\Documents\Calgary to Space\OBC_PCB_hardware\OBC Development Board\STM32.SchDoc with U-STM32L4R5ZIT6 from OBC Development Board.SchLib
Replace Part U1 U-STM32L4R5ZIT6 in C:\Users\James\Documents\Calgary to Space\OBC_PCB_hardware\OBC Development Board\STM32.SchDoc with U-STM32L4R5ZIT6 from OBC Development Board.SchLib
Replace Part Y1 Y-ASFL1-25.000MHZ-L-T in C:\Users\James\Documents\Calgary to Space\OBC_PCB_hardware\OBC Development Board\STM32.SchDoc with Y-ASFL1-25.000MHZ-L-T from OBC Development Board.SchLib
