Replace Part C1 CC-104-K-25V-X7R-0402 in C:\Users\James\Documents\Calgary to Space\OBC_PCB_hardware\OBC Development Board\STM32.SchDoc with CC-104-K-25V-X7R-0402 from OBC Development Board.SchLib
Replace Part C2 CC-105-K-25V-X7R-0603 in C:\Users\James\Documents\Calgary to Space\OBC_PCB_hardware\OBC Development Board\STM32.SchDoc with CC-105-K-25V-X7R-0603 from OBC Development Board.SchLib
Replace Part C3 CC-104-K-25V-X7R-0402 in C:\Users\James\Documents\Calgary to Space\OBC_PCB_hardware\OBC Development Board\STM32.SchDoc with CC-104-K-25V-X7R-0402 from OBC Development Board.SchLib
Replace Part C4 CC-104-K-25V-X7R-0402 in C:\Users\James\Documents\Calgary to Space\OBC_PCB_hardware\OBC Development Board\STM32.SchDoc with CC-104-K-25V-X7R-0402 from OBC Development Board.SchLib
Replace Part C5 CC-104-K-25V-X7R-0402 in C:\Users\James\Documents\Calgary to Space\OBC_PCB_hardware\OBC Development Board\STM32.SchDoc with CC-104-K-25V-X7R-0402 from OBC Development Board.SchLib
Replace Part C6 CC-104-K-25V-X7R-0402 in C:\Users\James\Documents\Calgary to Space\OBC_PCB_hardware\OBC Development Board\STM32.SchDoc with CC-104-K-25V-X7R-0402 from OBC Development Board.SchLib
Replace Part C7 CC-104-K-25V-X7R-0402 in C:\Users\James\Documents\Calgary to Space\OBC_PCB_hardware\OBC Development Board\STM32.SchDoc with CC-104-K-25V-X7R-0402 from OBC Development Board.SchLib
Replace Part C8 CC-104-K-25V-X7R-0402 in C:\Users\James\Documents\Calgary to Space\OBC_PCB_hardware\OBC Development Board\STM32.SchDoc with CC-104-K-25V-X7R-0402 from OBC Development Board.SchLib
Replace Part C9 CC-104-K-25V-X7R-0402 in C:\Users\James\Documents\Calgary to Space\OBC_PCB_hardware\OBC Development Board\STM32.SchDoc with CC-104-K-25V-X7R-0402 from OBC Development Board.SchLib
Replace Part C10 CC-104-K-25V-X7R-0402 in C:\Users\James\Documents\Calgary to Space\OBC_PCB_hardware\OBC Development Board\STM32.SchDoc with CC-104-K-25V-X7R-0402 from OBC Development Board.SchLib
Replace Part C11 CC-104-K-25V-X7R-0402 in C:\Users\James\Documents\Calgary to Space\OBC_PCB_hardware\OBC Development Board\STM32.SchDoc with CC-104-K-25V-X7R-0402 from OBC Development Board.SchLib
Replace Part C12 CC-105-K-25V-X7R-0603 in C:\Users\James\Documents\Calgary to Space\OBC_PCB_hardware\OBC Development Board\STM32.SchDoc with CC-105-K-25V-X7R-0603 from OBC Development Board.SchLib
Replace Part C13 CT-474-M-20V-OTH-1206 in C:\Users\James\Documents\Calgary to Space\OBC_PCB_hardware\OBC Development Board\STM32.SchDoc with CT-474-M-20V-OTH-1206 from OBC Development Board.SchLib
Replace Part C14 CC-104-K-25V-X7R-0402 in C:\Users\James\Documents\Calgary to Space\OBC_PCB_hardware\OBC Development Board\STM32.SchDoc with CC-104-K-25V-X7R-0402 from OBC Development Board.SchLib
Replace Part C15 CC-104-K-25V-X7R-0402 in C:\Users\James\Documents\Calgary to Space\OBC_PCB_hardware\OBC Development Board\STM32.SchDoc with CC-104-K-25V-X7R-0402 from OBC Development Board.SchLib
Replace Part C16 CC-104-K-25V-X7R-0402 in C:\Users\James\Documents\Calgary to Space\OBC_PCB_hardware\OBC Development Board\STM32.SchDoc with CC-104-K-25V-X7R-0402 from OBC Development Board.SchLib
Replace Part C17 CC-104-K-25V-X7R-0402 in C:\Users\James\Documents\Calgary to Space\OBC_PCB_hardware\OBC Development Board\STM32.SchDoc with CC-104-K-25V-X7R-0402 from OBC Development Board.SchLib
Replace Part C18 CC-104-K-25V-X7R-0402 in C:\Users\James\Documents\Calgary to Space\OBC_PCB_hardware\OBC Development Board\STM32.SchDoc with CC-104-K-25V-X7R-0402 from OBC Development Board.SchLib
Replace Part C19 CC-104-K-25V-X7R-0402 in C:\Users\James\Documents\Calgary to Space\OBC_PCB_hardware\OBC Development Board\STM32.SchDoc with CC-104-K-25V-X7R-0402 from OBC Development Board.SchLib
Replace Part C20 CC-104-K-25V-X7R-0402 in C:\Users\James\Documents\Calgary to Space\OBC_PCB_hardware\OBC Development Board\STM32.SchDoc with CC-104-K-25V-X7R-0402 from OBC Development Board.SchLib
Replace Part D1 D-SML-D12U1WT86 in C:\Users\James\Documents\Calgary to Space\OBC_PCB_hardware\OBC Development Board\STM32.SchDoc with D-SML-D12U1WT86 from OBC Development Board.SchLib
Replace Part D2 D-SML-D12U1WT86 in C:\Users\James\Documents\Calgary to Space\OBC_PCB_hardware\OBC Development Board\STM32.SchDoc with D-SML-D12U1WT86 from OBC Development Board.SchLib
Replace Part J1 J-TSM-105-01-F-DV in C:\Users\James\Documents\Calgary to Space\OBC_PCB_hardware\OBC Development Board\STM32.SchDoc with J-TSM-105-01-F-DV from OBC Development Board.SchLib
Replace Part J2 J-TSM-105-01-F-DV in C:\Users\James\Documents\Calgary to Space\OBC_PCB_hardware\OBC Development Board\STM32.SchDoc with J-TSM-105-01-F-DV from OBC Development Board.SchLib
Replace Part R1 RT-220R-F-1/16W-0402 in C:\Users\James\Documents\Calgary to Space\OBC_PCB_hardware\OBC Development Board\STM32.SchDoc with RT-220R-F-1/16W-0402 from OBC Development Board.SchLib
Replace Part R2 RT-0R00-F-1/10W-0402 in C:\Users\James\Documents\Calgary to Space\OBC_PCB_hardware\OBC Development Board\STM32.SchDoc with RT-0R00-F-1/10W-0402 from OBC Development Board.SchLib
Replace Part R3 RT-0R00-F-1/10W-0402 in C:\Users\James\Documents\Calgary to Space\OBC_PCB_hardware\OBC Development Board\STM32.SchDoc with RT-0R00-F-1/10W-0402 from OBC Development Board.SchLib
Replace Part R4 RT-0R00-F-1/10W-0402 in C:\Users\James\Documents\Calgary to Space\OBC_PCB_hardware\OBC Development Board\STM32.SchDoc with RT-0R00-F-1/10W-0402 from OBC Development Board.SchLib
Replace Part R5 RT-0R00-F-1/10W-0402 in C:\Users\James\Documents\Calgary to Space\OBC_PCB_hardware\OBC Development Board\STM32.SchDoc with RT-0R00-F-1/10W-0402 from OBC Development Board.SchLib
Replace Part R6 RT-0R00-F-1/10W-0402 in C:\Users\James\Documents\Calgary to Space\OBC_PCB_hardware\OBC Development Board\STM32.SchDoc with RT-0R00-F-1/10W-0402 from OBC Development Board.SchLib
Replace Part R7 RT-0R00-F-1/10W-0402 in C:\Users\James\Documents\Calgary to Space\OBC_PCB_hardware\OBC Development Board\STM32.SchDoc with RT-0R00-F-1/10W-0402 from OBC Development Board.SchLib
Replace Part R8 RT-0R00-F-1/10W-0402 in C:\Users\James\Documents\Calgary to Space\OBC_PCB_hardware\OBC Development Board\STM32.SchDoc with RT-0R00-F-1/10W-0402 from OBC Development Board.SchLib
Replace Part R9 RT-22R0-F-1/16W-0402 in C:\Users\James\Documents\Calgary to Space\OBC_PCB_hardware\OBC Development Board\STM32.SchDoc with RT-22R0-F-1/16W-0402 from OBC Development Board.SchLib
Replace Part R10 RT-22R0-F-1/16W-0402 in C:\Users\James\Documents\Calgary to Space\OBC_PCB_hardware\OBC Development Board\STM32.SchDoc with RT-22R0-F-1/16W-0402 from OBC Development Board.SchLib
Replace Part R11 RT-0R00-F-1/10W-0402 in C:\Users\James\Documents\Calgary to Space\OBC_PCB_hardware\OBC Development Board\STM32.SchDoc with RT-0R00-F-1/10W-0402 from OBC Development Board.SchLib
Replace Part R12 RT-22R0-F-1/16W-0402 in C:\Users\James\Documents\Calgary to Space\OBC_PCB_hardware\OBC Development Board\STM32.SchDoc with RT-22R0-F-1/16W-0402 from OBC Development Board.SchLib
Replace Part R13 RT-0R00-F-1/10W-0402 in C:\Users\James\Documents\Calgary to Space\OBC_PCB_hardware\OBC Development Board\STM32.SchDoc with RT-0R00-F-1/10W-0402 from OBC Development Board.SchLib
Replace Part R14 RT-0R00-F-1/10W-0402 in C:\Users\James\Documents\Calgary to Space\OBC_PCB_hardware\OBC Development Board\STM32.SchDoc with RT-0R00-F-1/10W-0402 from OBC Development Board.SchLib
Replace Part R15 RT-0R00-F-1/10W-0402 in C:\Users\James\Documents\Calgary to Space\OBC_PCB_hardware\OBC Development Board\STM32.SchDoc with RT-0R00-F-1/10W-0402 from OBC Development Board.SchLib
Replace Part R16 RT-0R00-F-1/10W-0402 in C:\Users\James\Documents\Calgary to Space\OBC_PCB_hardware\OBC Development Board\STM32.SchDoc with RT-0R00-F-1/10W-0402 from OBC Development Board.SchLib
Replace Part R17 RT-0R00-F-1/10W-0402 in C:\Users\James\Documents\Calgary to Space\OBC_PCB_hardware\OBC Development Board\STM32.SchDoc with RT-0R00-F-1/10W-0402 from OBC Development Board.SchLib
Replace Part R18 RT-0R00-F-1/10W-0402 in C:\Users\James\Documents\Calgary to Space\OBC_PCB_hardware\OBC Development Board\STM32.SchDoc with RT-0R00-F-1/10W-0402 from OBC Development Board.SchLib
Replace Part R21 RT-0R00-F-1/10W-0402 in C:\Users\James\Documents\Calgary to Space\OBC_PCB_hardware\OBC Development Board\STM32.SchDoc with RT-0R00-F-1/10W-0402 from OBC Development Board.SchLib
Replace Part R22 RT-0R00-F-1/10W-0402 in C:\Users\James\Documents\Calgary to Space\OBC_PCB_hardware\OBC Development Board\STM32.SchDoc with RT-0R00-F-1/10W-0402 from OBC Development Board.SchLib
Replace Part R23 RT-0R00-F-1/10W-0402 in C:\Users\James\Documents\Calgary to Space\OBC_PCB_hardware\OBC Development Board\STM32.SchDoc with RT-0R00-F-1/10W-0402 from OBC Development Board.SchLib
Replace Part R24 RT-0R00-F-1/10W-0402 in C:\Users\James\Documents\Calgary to Space\OBC_PCB_hardware\OBC Development Board\STM32.SchDoc with RT-0R00-F-1/10W-0402 from OBC Development Board.SchLib
Replace Part R25 RT-0R00-F-1/10W-0402 in C:\Users\James\Documents\Calgary to Space\OBC_PCB_hardware\OBC Development Board\STM32.SchDoc with RT-0R00-F-1/10W-0402 from OBC Development Board.SchLib
Replace Part R26 RT-0R00-F-1/10W-0402 in C:\Users\James\Documents\Calgary to Space\OBC_PCB_hardware\OBC Development Board\STM32.SchDoc with RT-0R00-F-1/10W-0402 from OBC Development Board.SchLib
Replace Part R27 RT-0R00-F-1/10W-0402 in C:\Users\James\Documents\Calgary to Space\OBC_PCB_hardware\OBC Development Board\STM32.SchDoc with RT-0R00-F-1/10W-0402 from OBC Development Board.SchLib
Replace Part R28 RT-0R00-F-1/10W-0402 in C:\Users\James\Documents\Calgary to Space\OBC_PCB_hardware\OBC Development Board\STM32.SchDoc with RT-0R00-F-1/10W-0402 from OBC Development Board.SchLib
Replace Part R29 RT-0R00-F-1/10W-0402 in C:\Users\James\Documents\Calgary to Space\OBC_PCB_hardware\OBC Development Board\STM32.SchDoc with RT-0R00-F-1/10W-0402 from OBC Development Board.SchLib
Replace Part R30 RT-0R00-F-1/10W-0402 in C:\Users\James\Documents\Calgary to Space\OBC_PCB_hardware\OBC Development Board\STM32.SchDoc with RT-0R00-F-1/10W-0402 from OBC Development Board.SchLib
Replace Part R31 RT-0R00-F-1/10W-0402 in C:\Users\James\Documents\Calgary to Space\OBC_PCB_hardware\OBC Development Board\STM32.SchDoc with RT-0R00-F-1/10W-0402 from OBC Development Board.SchLib
Replace Part R32 RT-0R00-F-1/10W-0402 in C:\Users\James\Documents\Calgary to Space\OBC_PCB_hardware\OBC Development Board\STM32.SchDoc with RT-0R00-F-1/10W-0402 from OBC Development Board.SchLib
Replace Part R33 RT-0R00-F-1/10W-0402 in C:\Users\James\Documents\Calgary to Space\OBC_PCB_hardware\OBC Development Board\STM32.SchDoc with RT-0R00-F-1/10W-0402 from OBC Development Board.SchLib
Replace Part R34 RT-0R00-F-1/10W-0402 in C:\Users\James\Documents\Calgary to Space\OBC_PCB_hardware\OBC Development Board\STM32.SchDoc with RT-0R00-F-1/10W-0402 from OBC Development Board.SchLib
Replace Part R35 RT-0R00-F-1/10W-0402 in C:\Users\James\Documents\Calgary to Space\OBC_PCB_hardware\OBC Development Board\STM32.SchDoc with RT-0R00-F-1/10W-0402 from OBC Development Board.SchLib
Replace Part R36 RT-0R00-F-1/10W-0402 in C:\Users\James\Documents\Calgary to Space\OBC_PCB_hardware\OBC Development Board\STM32.SchDoc with RT-0R00-F-1/10W-0402 from OBC Development Board.SchLib
Replace Part R37 RT-0R00-F-1/10W-0402 in C:\Users\James\Documents\Calgary to Space\OBC_PCB_hardware\OBC Development Board\STM32.SchDoc with RT-0R00-F-1/10W-0402 from OBC Development Board.SchLib
Replace Part R38 RT-0R00-F-1/10W-0402 in C:\Users\James\Documents\Calgary to Space\OBC_PCB_hardware\OBC Development Board\STM32.SchDoc with RT-0R00-F-1/10W-0402 from OBC Development Board.SchLib
Replace Part R39 RT-0R00-F-1/10W-0402 in C:\Users\James\Documents\Calgary to Space\OBC_PCB_hardware\OBC Development Board\STM32.SchDoc with RT-0R00-F-1/10W-0402 from OBC Development Board.SchLib
Replace Part R40 RT-0R00-F-1/10W-0402 in C:\Users\James\Documents\Calgary to Space\OBC_PCB_hardware\OBC Development Board\STM32.SchDoc with RT-0R00-F-1/10W-0402 from OBC Development Board.SchLib
Replace Part R41 RT-0R00-F-1/10W-0402 in C:\Users\James\Documents\Calgary to Space\OBC_PCB_hardware\OBC Development Board\STM32.SchDoc with RT-0R00-F-1/10W-0402 from OBC Development Board.SchLib
Replace Part R42 RT-0R00-F-1/10W-0402 in C:\Users\James\Documents\Calgary to Space\OBC_PCB_hardware\OBC Development Board\STM32.SchDoc with RT-0R00-F-1/10W-0402 from OBC Development Board.SchLib
Replace Part R43 RT-0R00-F-1/10W-0402 in C:\Users\James\Documents\Calgary to Space\OBC_PCB_hardware\OBC Development Board\STM32.SchDoc with RT-0R00-F-1/10W-0402 from OBC Development Board.SchLib
Replace Part R44 RT-220R-F-1/16W-0402 in C:\Users\James\Documents\Calgary to Space\OBC_PCB_hardware\OBC Development Board\STM32.SchDoc with RT-220R-F-1/16W-0402 from OBC Development Board.SchLib
Replace Part R45 RT-0R00-F-1/10W-0402 in C:\Users\James\Documents\Calgary to Space\OBC_PCB_hardware\OBC Development Board\STM32.SchDoc with RT-0R00-F-1/10W-0402 from OBC Development Board.SchLib
Replace Part R46 RT-0R00-F-1/10W-0402 in C:\Users\James\Documents\Calgary to Space\OBC_PCB_hardware\OBC Development Board\STM32.SchDoc with RT-0R00-F-1/10W-0402 from OBC Development Board.SchLib
Replace Part R47 RT-0R00-F-1/10W-0402 in C:\Users\James\Documents\Calgary to Space\OBC_PCB_hardware\OBC Development Board\STM32.SchDoc with RT-0R00-F-1/10W-0402 from OBC Development Board.SchLib
Replace Part R48 RT-22R0-F-1/16W-0402 in C:\Users\James\Documents\Calgary to Space\OBC_PCB_hardware\OBC Development Board\STM32.SchDoc with RT-22R0-F-1/16W-0402 from OBC Development Board.SchLib
Replace Part R49 RT-0R00-F-1/10W-0402 in C:\Users\James\Documents\Calgary to Space\OBC_PCB_hardware\OBC Development Board\STM32.SchDoc with RT-0R00-F-1/10W-0402 from OBC Development Board.SchLib
Replace Part R50 RT-22R0-F-1/16W-0402 in C:\Users\James\Documents\Calgary to Space\OBC_PCB_hardware\OBC Development Board\STM32.SchDoc with RT-22R0-F-1/16W-0402 from OBC Development Board.SchLib
Replace Part R51 RT-0R00-F-1/10W-0402 in C:\Users\James\Documents\Calgary to Space\OBC_PCB_hardware\OBC Development Board\STM32.SchDoc with RT-0R00-F-1/10W-0402 from OBC Development Board.SchLib
Replace Part R52 RT-0R00-F-1/10W-0402 in C:\Users\James\Documents\Calgary to Space\OBC_PCB_hardware\OBC Development Board\STM32.SchDoc with RT-0R00-F-1/10W-0402 from OBC Development Board.SchLib
Replace Part R53 RT-0R00-F-1/10W-0402 in C:\Users\James\Documents\Calgary to Space\OBC_PCB_hardware\OBC Development Board\STM32.SchDoc with RT-0R00-F-1/10W-0402 from OBC Development Board.SchLib
Replace Part R54 RT-0R00-F-1/10W-0402 in C:\Users\James\Documents\Calgary to Space\OBC_PCB_hardware\OBC Development Board\STM32.SchDoc with RT-0R00-F-1/10W-0402 from OBC Development Board.SchLib
Replace Part R55 RT-0R00-F-1/10W-0402 in C:\Users\James\Documents\Calgary to Space\OBC_PCB_hardware\OBC Development Board\STM32.SchDoc with RT-0R00-F-1/10W-0402 from OBC Development Board.SchLib
Replace Part R56 RT-0R00-F-1/10W-0402 in C:\Users\James\Documents\Calgary to Space\OBC_PCB_hardware\OBC Development Board\STM32.SchDoc with RT-0R00-F-1/10W-0402 from OBC Development Board.SchLib
Replace Part R57 RT-0R00-F-1/10W-0402 in C:\Users\James\Documents\Calgary to Space\OBC_PCB_hardware\OBC Development Board\STM32.SchDoc with RT-0R00-F-1/10W-0402 from OBC Development Board.SchLib
Replace Part R58 RT-0R00-F-1/10W-0402 in C:\Users\James\Documents\Calgary to Space\OBC_PCB_hardware\OBC Development Board\STM32.SchDoc with RT-0R00-F-1/10W-0402 from OBC Development Board.SchLib
Replace Part R59 RT-0R00-F-1/10W-0402 in C:\Users\James\Documents\Calgary to Space\OBC_PCB_hardware\OBC Development Board\STM32.SchDoc with RT-0R00-F-1/10W-0402 from OBC Development Board.SchLib
Replace Part R60 RT-0R00-F-1/10W-0402 in C:\Users\James\Documents\Calgary to Space\OBC_PCB_hardware\OBC Development Board\STM32.SchDoc with RT-0R00-F-1/10W-0402 from OBC Development Board.SchLib
Replace Part R61 RT-0R00-F-1/10W-0402 in C:\Users\James\Documents\Calgary to Space\OBC_PCB_hardware\OBC Development Board\STM32.SchDoc with RT-0R00-F-1/10W-0402 from OBC Development Board.SchLib
Replace Part R62 RT-0R00-F-1/10W-0402 in C:\Users\James\Documents\Calgary to Space\OBC_PCB_hardware\OBC Development Board\STM32.SchDoc with RT-0R00-F-1/10W-0402 from OBC Development Board.SchLib
Replace Part R63 RT-0R00-F-1/10W-0402 in C:\Users\James\Documents\Calgary to Space\OBC_PCB_hardware\OBC Development Board\STM32.SchDoc with RT-0R00-F-1/10W-0402 from OBC Development Board.SchLib
Replace Part R64 RT-0R00-F-1/10W-0402 in C:\Users\James\Documents\Calgary to Space\OBC_PCB_hardware\OBC Development Board\STM32.SchDoc with RT-0R00-F-1/10W-0402 from OBC Development Board.SchLib
Replace Part R65 RT-0R00-F-1/10W-0402 in C:\Users\James\Documents\Calgary to Space\OBC_PCB_hardware\OBC Development Board\STM32.SchDoc with RT-0R00-F-1/10W-0402 from OBC Development Board.SchLib
Replace Part R66 RT-0R00-F-1/10W-0402 in C:\Users\James\Documents\Calgary to Space\OBC_PCB_hardware\OBC Development Board\STM32.SchDoc with RT-0R00-F-1/10W-0402 from OBC Development Board.SchLib
Replace Part R67 RT-0R00-F-1/10W-0402 in C:\Users\James\Documents\Calgary to Space\OBC_PCB_hardware\OBC Development Board\STM32.SchDoc with RT-0R00-F-1/10W-0402 from OBC Development Board.SchLib
Replace Part R68 RT-0R00-F-1/10W-0402 in C:\Users\James\Documents\Calgary to Space\OBC_PCB_hardware\OBC Development Board\STM32.SchDoc with RT-0R00-F-1/10W-0402 from OBC Development Board.SchLib
Replace Part R69 RT-0R00-F-1/10W-0402 in C:\Users\James\Documents\Calgary to Space\OBC_PCB_hardware\OBC Development Board\STM32.SchDoc with RT-0R00-F-1/10W-0402 from OBC Development Board.SchLib
Replace Part R70 RT-0R00-F-1/10W-0402 in C:\Users\James\Documents\Calgary to Space\OBC_PCB_hardware\OBC Development Board\STM32.SchDoc with RT-0R00-F-1/10W-0402 from OBC Development Board.SchLib
Replace Part R71 RT-0R00-F-1/10W-0402 in C:\Users\James\Documents\Calgary to Space\OBC_PCB_hardware\OBC Development Board\STM32.SchDoc with RT-0R00-F-1/10W-0402 from OBC Development Board.SchLib
Replace Part R72 RT-0R00-F-1/10W-0402 in C:\Users\James\Documents\Calgary to Space\OBC_PCB_hardware\OBC Development Board\STM32.SchDoc with RT-0R00-F-1/10W-0402 from OBC Development Board.SchLib
Replace Part R73 RT-0R00-F-1/10W-0402 in C:\Users\James\Documents\Calgary to Space\OBC_PCB_hardware\OBC Development Board\STM32.SchDoc with RT-0R00-F-1/10W-0402 from OBC Development Board.SchLib
Replace Part R74 RT-0R00-F-1/10W-0402 in C:\Users\James\Documents\Calgary to Space\OBC_PCB_hardware\OBC Development Board\STM32.SchDoc with RT-0R00-F-1/10W-0402 from OBC Development Board.SchLib
Replace Part R75 RT-0R00-F-1/10W-0402 in C:\Users\James\Documents\Calgary to Space\OBC_PCB_hardware\OBC Development Board\STM32.SchDoc with RT-0R00-F-1/10W-0402 from OBC Development Board.SchLib
Replace Part R76 RT-0R00-F-1/10W-0402 in C:\Users\James\Documents\Calgary to Space\OBC_PCB_hardware\OBC Development Board\STM32.SchDoc with RT-0R00-F-1/10W-0402 from OBC Development Board.SchLib
Replace Part R77 RT-0R00-F-1/10W-0402 in C:\Users\James\Documents\Calgary to Space\OBC_PCB_hardware\OBC Development Board\STM32.SchDoc with RT-0R00-F-1/10W-0402 from OBC Development Board.SchLib
Replace Part R78 RT-0R00-F-1/10W-0402 in C:\Users\James\Documents\Calgary to Space\OBC_PCB_hardware\OBC Development Board\STM32.SchDoc with RT-0R00-F-1/10W-0402 from OBC Development Board.SchLib
Replace Part R79 RT-0R00-F-1/10W-0402 in C:\Users\James\Documents\Calgary to Space\OBC_PCB_hardware\OBC Development Board\STM32.SchDoc with RT-0R00-F-1/10W-0402 from OBC Development Board.SchLib
Replace Part R80 RT-0R00-F-1/10W-0402 in C:\Users\James\Documents\Calgary to Space\OBC_PCB_hardware\OBC Development Board\STM32.SchDoc with RT-0R00-F-1/10W-0402 from OBC Development Board.SchLib
Replace Part R81 RT-0R00-F-1/10W-0402 in C:\Users\James\Documents\Calgary to Space\OBC_PCB_hardware\OBC Development Board\STM32.SchDoc with RT-0R00-F-1/10W-0402 from OBC Development Board.SchLib
Replace Part R82 RT-0R00-F-1/10W-0402 in C:\Users\James\Documents\Calgary to Space\OBC_PCB_hardware\OBC Development Board\STM32.SchDoc with RT-0R00-F-1/10W-0402 from OBC Development Board.SchLib
Replace Part R83 RT-0R00-F-1/10W-0402 in C:\Users\James\Documents\Calgary to Space\OBC_PCB_hardware\OBC Development Board\STM32.SchDoc with RT-0R00-F-1/10W-0402 from OBC Development Board.SchLib
Replace Part R84 RT-0R00-F-1/10W-0402 in C:\Users\James\Documents\Calgary to Space\OBC_PCB_hardware\OBC Development Board\STM32.SchDoc with RT-0R00-F-1/10W-0402 from OBC Development Board.SchLib
Replace Part R85 RT-0R00-F-1/10W-0402 in C:\Users\James\Documents\Calgary to Space\OBC_PCB_hardware\OBC Development Board\STM32.SchDoc with RT-0R00-F-1/10W-0402 from OBC Development Board.SchLib
Replace Part R86 RT-0R00-F-1/10W-0402 in C:\Users\James\Documents\Calgary to Space\OBC_PCB_hardware\OBC Development Board\STM32.SchDoc with RT-0R00-F-1/10W-0402 from OBC Development Board.SchLib
Replace Part R87 RT-0R00-F-1/10W-0402 in C:\Users\James\Documents\Calgary to Space\OBC_PCB_hardware\OBC Development Board\STM32.SchDoc with RT-0R00-F-1/10W-0402 from OBC Development Board.SchLib
Replace Part R88 RT-0R00-F-1/10W-0402 in C:\Users\James\Documents\Calgary to Space\OBC_PCB_hardware\OBC Development Board\STM32.SchDoc with RT-0R00-F-1/10W-0402 from OBC Development Board.SchLib
Replace Part R89 RT-0R00-F-1/10W-0402 in C:\Users\James\Documents\Calgary to Space\OBC_PCB_hardware\OBC Development Board\STM32.SchDoc with RT-0R00-F-1/10W-0402 from OBC Development Board.SchLib
Replace Part R90 RT-22R0-F-1/16W-0402 in C:\Users\James\Documents\Calgary to Space\OBC_PCB_hardware\OBC Development Board\STM32.SchDoc with RT-22R0-F-1/16W-0402 from OBC Development Board.SchLib
Replace Part R93 RT-22R0-F-1/16W-0402 in C:\Users\James\Documents\Calgary to Space\OBC_PCB_hardware\OBC Development Board\STM32.SchDoc with RT-22R0-F-1/16W-0402 from OBC Development Board.SchLib
Replace Part R94 RT-22R0-F-1/16W-0402 in C:\Users\James\Documents\Calgary to Space\OBC_PCB_hardware\OBC Development Board\STM32.SchDoc with RT-22R0-F-1/16W-0402 from OBC Development Board.SchLib
Replace Part R95 RT-0R00-F-1/10W-0402 in C:\Users\James\Documents\Calgary to Space\OBC_PCB_hardware\OBC Development Board\STM32.SchDoc with RT-0R00-F-1/10W-0402 from OBC Development Board.SchLib
Replace Part R98 RT-0R00-F-1/10W-0402 in C:\Users\James\Documents\Calgary to Space\OBC_PCB_hardware\OBC Development Board\STM32.SchDoc with RT-0R00-F-1/10W-0402 from OBC Development Board.SchLib
Replace Part R99 RT-0R00-F-1/10W-0402 in C:\Users\James\Documents\Calgary to Space\OBC_PCB_hardware\OBC Development Board\STM32.SchDoc with RT-0R00-F-1/10W-0402 from OBC Development Board.SchLib
Replace Part R100 RT-0R00-F-1/10W-0402 in C:\Users\James\Documents\Calgary to Space\OBC_PCB_hardware\OBC Development Board\STM32.SchDoc with RT-0R00-F-1/10W-0402 from OBC Development Board.SchLib
Replace Part R101 RT-0R00-F-1/10W-0402 in C:\Users\James\Documents\Calgary to Space\OBC_PCB_hardware\OBC Development Board\STM32.SchDoc with RT-0R00-F-1/10W-0402 from OBC Development Board.SchLib
Replace Part R102 RT-0R00-F-1/10W-0402 in C:\Users\James\Documents\Calgary to Space\OBC_PCB_hardware\OBC Development Board\STM32.SchDoc with RT-0R00-F-1/10W-0402 from OBC Development Board.SchLib
Replace Part R103 RT-0R00-F-1/10W-0402 in C:\Users\James\Documents\Calgary to Space\OBC_PCB_hardware\OBC Development Board\STM32.SchDoc with RT-0R00-F-1/10W-0402 from OBC Development Board.SchLib
Replace Part R104 RT-0R00-F-1/10W-0402 in C:\Users\James\Documents\Calgary to Space\OBC_PCB_hardware\OBC Development Board\STM32.SchDoc with RT-0R00-F-1/10W-0402 from OBC Development Board.SchLib
Replace Part R105 RT-0R00-F-1/10W-0402 in C:\Users\James\Documents\Calgary to Space\OBC_PCB_hardware\OBC Development Board\STM32.SchDoc with RT-0R00-F-1/10W-0402 from OBC Development Board.SchLib
Replace Part R106 RT-0R00-F-1/10W-0402 in C:\Users\James\Documents\Calgary to Space\OBC_PCB_hardware\OBC Development Board\STM32.SchDoc with RT-0R00-F-1/10W-0402 from OBC Development Board.SchLib
Replace Part R107 RT-22R0-F-1/16W-0402 in C:\Users\James\Documents\Calgary to Space\OBC_PCB_hardware\OBC Development Board\STM32.SchDoc with RT-22R0-F-1/16W-0402 from OBC Development Board.SchLib
Replace Part R108 RT-0R00-F-1/10W-0402 in C:\Users\James\Documents\Calgary to Space\OBC_PCB_hardware\OBC Development Board\STM32.SchDoc with RT-0R00-F-1/10W-0402 from OBC Development Board.SchLib
Replace Part R109 RT-22R0-F-1/16W-0402 in C:\Users\James\Documents\Calgary to Space\OBC_PCB_hardware\OBC Development Board\STM32.SchDoc with RT-22R0-F-1/16W-0402 from OBC Development Board.SchLib
Replace Part R110 RT-0R00-F-1/10W-0402 in C:\Users\James\Documents\Calgary to Space\OBC_PCB_hardware\OBC Development Board\STM32.SchDoc with RT-0R00-F-1/10W-0402 from OBC Development Board.SchLib
Replace Part R111 RT-0R00-F-1/10W-0402 in C:\Users\James\Documents\Calgary to Space\OBC_PCB_hardware\OBC Development Board\STM32.SchDoc with RT-0R00-F-1/10W-0402 from OBC Development Board.SchLib
Replace Part R112 RT-0R00-F-1/10W-0402 in C:\Users\James\Documents\Calgary to Space\OBC_PCB_hardware\OBC Development Board\STM32.SchDoc with RT-0R00-F-1/10W-0402 from OBC Development Board.SchLib
Replace Part R113 RT-0R00-F-1/10W-0402 in C:\Users\James\Documents\Calgary to Space\OBC_PCB_hardware\OBC Development Board\STM32.SchDoc with RT-0R00-F-1/10W-0402 from OBC Development Board.SchLib
Replace Part R114 RT-0R00-F-1/10W-0402 in C:\Users\James\Documents\Calgary to Space\OBC_PCB_hardware\OBC Development Board\STM32.SchDoc with RT-0R00-F-1/10W-0402 from OBC Development Board.SchLib
Replace Part R115 RT-0R00-F-1/10W-0402 in C:\Users\James\Documents\Calgary to Space\OBC_PCB_hardware\OBC Development Board\STM32.SchDoc with RT-0R00-F-1/10W-0402 from OBC Development Board.SchLib
Replace Part R116 RT-0R00-F-1/10W-0402 in C:\Users\James\Documents\Calgary to Space\OBC_PCB_hardware\OBC Development Board\STM32.SchDoc with RT-0R00-F-1/10W-0402 from OBC Development Board.SchLib
Replace Part U1 U-STM32L4R5ZIT6 in C:\Users\James\Documents\Calgary to Space\OBC_PCB_hardware\OBC Development Board\STM32.SchDoc with U-STM32L4R5ZIT6 from OBC Development Board.SchLib
Replace Part U1 U-STM32L4R5ZIT6 in C:\Users\James\Documents\Calgary to Space\OBC_PCB_hardware\OBC Development Board\STM32.SchDoc with U-STM32L4R5ZIT6 from OBC Development Board.SchLib
Replace Part Y1 Y-ASFL1-25.000MHZ-L-T in C:\Users\James\Documents\Calgary to Space\OBC_PCB_hardware\OBC Development Board\STM32.SchDoc with Y-ASFL1-25.000MHZ-L-T from OBC Development Board.SchLib
