Removed Pin From Net: NetName=NetC21_1 Pin=Y1-3
Added Component: Designator=C52(0603)
Add component (AddParameter): Name = "ComponentLink1description"; Value = "Datasheet"; VariantName = "[No Variations]"
Add component (AddParameter): Name = "ComponentLink1URL"; Value = "https://ds.yuden.co.jp/TYCOMPAS/ut/detail?pn=TMK105BJ104KV-F%20%20&u=M"; VariantName = "[No Variations]"
Add component (AddParameter): Name = "ComponentLink2description"; Value = "Manufacturer Website"; VariantName = "[No Variations]"
Add component (AddParameter): Name = "ComponentLink2URL"; Value = "https://www.yuden.co.jp/or/"; VariantName = "[No Variations]"
Add component (AddParameter): Name = "Distributor"; Value = "Digikey"; VariantName = "[No Variations]"
Add component (AddParameter): Name = "Distributor Part #"; Value = "1276-1009-1-ND"; VariantName = "[No Variations]"
Add component (AddParameter): Name = "Manufacturer"; Value = "Samsung Electro-Mechanics"; VariantName = "[No Variations]"
Add component (AddParameter): Name = "Manufacturer Part #"; Value = "CL10B103KB8NNNC"; VariantName = "[No Variations]"
Add component (AddParameter): Name = "Part Description"; Value = "CAP CER 10000PF 50V X7R 0603"; VariantName = "[No Variations]"
Add component (AddParameter): Name = "Value"; Value = "0.01uF"; VariantName = "[No Variations]"
Added Pin To Net: NetName=NetC21_1 Pin=C52-1
Added Pin To Net: NetName=NetC52_2 Pin=C52-2
Added Pin To Net: NetName=NetC52_2 Pin=Y1-3
Added Net: Name=NetC52_2
Added Member To Class: ClassName=STM32 Member=Component C52 0.01uF
Added Room: Name=Antenna and LoRa
Added Room: Name=Boom Deployment
Added Room: Name=External Connectors
Added Room: Name=Memory
Added Room: Name=STM32
