Removed Pin From Net: NetName=UHF_CTL2 Pin=R68-1
Removed Member From Class: ClassName=STM32 Member=R68
Added Component: Designator=C53(0603)
Add component (AddParameter): Name = "ComponentLink1description"; Value = "Datasheet"; VariantName = "[No Variations]"
Add component (AddParameter): Name = "ComponentLink1URL"; Value = "https://ds.yuden.co.jp/TYCOMPAS/ut/detail?pn=TMK105BJ104KV-F%20%20&u=M"; VariantName = "[No Variations]"
Add component (AddParameter): Name = "ComponentLink2description"; Value = "Manufacturer Website"; VariantName = "[No Variations]"
Add component (AddParameter): Name = "ComponentLink2URL"; Value = "https://www.yuden.co.jp/or/"; VariantName = "[No Variations]"
Add component (AddParameter): Name = "Distributor"; Value = "Digikey"; VariantName = "[No Variations]"
Add component (AddParameter): Name = "Distributor Part #"; Value = "1276-1006-1-ND"; VariantName = "[No Variations]"
Add component (AddParameter): Name = "Manufacturer"; Value = "Samsung Electro-Mechanics"; VariantName = "[No Variations]"
Add component (AddParameter): Name = "Manufacturer Part #"; Value = "CL10B104KA8NNNC"; VariantName = "[No Variations]"
Add component (AddParameter): Name = "Part Description"; Value = "0.1 µF ±10% 25V Ceramic Capacitor X7R 0603 (1608 Metric)"; VariantName = "[No Variations]"
Add component (AddParameter): Name = "Value"; Value = "0.1uF"; VariantName = "[No Variations]"
Added Component: Designator=U14(U-SN74LVC1G14DCKR)
Add component (AddParameter): Name = "Distributor"; Value = "Digikey"; VariantName = "[No Variations]"
Add component (AddParameter): Name = "Distributor Part Number"; Value = "296-11608-1-ND"; VariantName = "[No Variations]"
Add component (AddParameter): Name = "Manufactuer"; Value = "Texas Instruments"; VariantName = "[No Variations]"
Add component (AddParameter): Name = "Manufacturer Part Number"; Value = "SN74LVC1G14DCKR"; VariantName = "[No Variations]"
Added Pin To Net: NetName=GND Pin=C53-1
Added Pin To Net: NetName=3V3 Pin=C53-2
Added Pin To Net: NetName=UHF_CTL1 Pin=U14-2
Added Pin To Net: NetName=GND Pin=U14-3
Added Pin To Net: NetName=UHF_CTL2 Pin=U14-4
Added Pin To Net: NetName=3V3 Pin=U14-5
Change Net Name : Old Net Name=UHF_CTL1 New Net Name=UHF_CTL
Change Net Name : Old Net Name=UHF_CTL2 New Net Name=N_UHF_CTL
Added Member To Class: ClassName=Antenna and LoRa Member=Component C53 0.1uF
Added Member To Class: ClassName=Antenna and LoRa Member=Component U14 SN74LVC1G14DCKR
