Added Component: Designator=J5(UJ2-MIBH-G-SMT-TR)
Add component (AddParameter): Name = "Availability"; Value = "In Stock"; VariantName = "[No Variations]"
Add component (AddParameter): Name = "Check_prices"; Value = "https://www.snapeda.com/parts/UJ2-MIBH-G-SMT-TR/CUI+Devices/view-part/?ref=eda"; VariantName = "[No Variations]"
Add component (AddParameter): Name = "CUI_purchase_URL"; Value = "https://www.cuidevices.com/product/interconnect/connectors/usb-connectors/uj2-mibh-g-smt-tr?utm_source=snapeda.com&utm_medium=referral&utm_campaign=snapedaBOM"; VariantName = "[No Variations]"
Add component (AddParameter): Name = "MF"; Value = "CUI Devices"; VariantName = "[No Variations]"
Add component (AddParameter): Name = "MP"; Value = "UJ2-MIBH-G-SMT-TR"; VariantName = "[No Variations]"
Add component (AddParameter): Name = "Package"; Value = "None"; VariantName = "[No Variations]"
Add component (AddParameter): Name = "Price"; Value = "None"; VariantName = "[No Variations]"
Add component (AddParameter): Name = "Purchase-URL"; Value = "https://pricing.snapeda.com/search/part/UJ2-MIBH-G-SMT-TR/?ref=eda"; VariantName = "[No Variations]"
Add component (AddParameter): Name = "SnapEDA_Link"; Value = "https://www.snapeda.com/parts/UJ2-MIBH-G-SMT-TR/CUI+Devices/view-part/?ref=snap"; VariantName = "[No Variations]"
Add component (AddParameter): Name = "Value"; Value = ""; VariantName = "[No Variations]"
Added Pin To Net: NetName=3V3 Pin=J5-1
Added Pin To Net: NetName=GND Pin=J5-5
Added Pin To Net: NetName=USB_DM Pin=J5-2
Added Pin To Net: NetName=USB_DM Pin=U1-103
Added Net: Name=USB_DM
Added Pin To Net: NetName=USB_DP Pin=J5-3
Added Pin To Net: NetName=USB_DP Pin=U1-104
Added Net: Name=USB_DP
Add Differential Pair: Number of nets in differential pair USB_DM is 1 instead of 2
Add Differential Pair: Number of nets in differential pair USB_DP is 1 instead of 2
Added Member To Class: ClassName=Main Member=Component J5 UJ2-MIBH-G-SMT-TR
