Removed Pin From Net: NetName=NetC1_1 Pin=U1-1
Removed Pin From Net: NetName=GND Pin=U1-3
Removed Pin From Net: NetName=NetC3_1 Pin=U1-4
Removed Pin From Net: NetName=NetC4_1 Pin=U1-5
Removed Pin From Net: NetName=NetC6_1 Pin=U1-6
Removed Pin From Net: NetName=NetC10_1 Pin=U1-7
Removed Pin From Net: NetName=GND Pin=U1-8
Removed Pin From Net: NetName=3V3 Pin=U1-9
Removed Pin From Net: NetName=NetC7_1 Pin=U1-10
Removed Pin From Net: NetName=GND Pin=U1-13
Removed Pin From Net: NetName=Internal_SPI_SCK Pin=U1-14
Removed Pin From Net: NetName=Internal_SPI_TX Pin=U1-15
Removed Pin From Net: NetName=Internal_SPI_RX Pin=U1-16
Removed Pin From Net: NetName=Internal_SPI_CSn Pin=U1-17
Removed Pin From Net: NetName=GND Pin=U1-18
Removed Pin From Net: NetName=NetC12_1 Pin=U1-19
Removed Pin From Net: NetName=NetC13_1 Pin=U1-20
Removed Pin From Net: NetName=NetC11_1 Pin=U1-21
Removed Pin From Net: NetName=GND Pin=U1-23
Removed Pin From Net: NetName=NetC9_1 Pin=U1-24
Removed Pin From Net: NetName=NetC8_1 Pin=U1-25
Removed Pin From Net: NetName=GND Pin=U1-28
Removed Pin From Net: NetName=NetR12_2 Pin=U1-32
Removed Pin From Net: NetName=GND Pin=U1-33
Removed Pin From Net: NetName=NetC5_1 Pin=U1-34
Removed Pin From Net: NetName=NetR8_2 Pin=U1-36
Removed Pin From Net: NetName=GND Pin=U1-38
Removed Member From Class: ClassName=Main Member=U1
Added Component: Designator=U(RaspberryPico)
Add Pin To Net: Unknown Pin: Pin U2-2
Added Pin To Net: NetName=NetC1_1 Pin=U-1
Added Pin To Net: NetName=NetC2_1 Pin=U-2
Added Pin To Net: NetName=GND Pin=U-3
Added Pin To Net: NetName=NetC3_1 Pin=U-4
Added Pin To Net: NetName=NetC4_1 Pin=U-5
Added Pin To Net: NetName=NetC6_1 Pin=U-6
Added Pin To Net: NetName=NetC10_1 Pin=U-7
Added Pin To Net: NetName=GND Pin=U-8
Added Pin To Net: NetName=3V3 Pin=U-9
Added Pin To Net: NetName=NetC7_1 Pin=U-10
Added Pin To Net: NetName=GND Pin=U-13
Added Pin To Net: NetName=Internal_SPI_SCK Pin=U-14
Added Pin To Net: NetName=Internal_SPI_TX Pin=U-15
Added Pin To Net: NetName=Internal_SPI_RX Pin=U-16
Added Pin To Net: NetName=Internal_SPI_CSn Pin=U-17
Added Pin To Net: NetName=GND Pin=U-18
Added Pin To Net: NetName=NetC12_1 Pin=U-19
Added Pin To Net: NetName=NetC13_1 Pin=U-20
Added Pin To Net: NetName=NetC11_1 Pin=U-21
Added Pin To Net: NetName=GND Pin=U-23
Added Pin To Net: NetName=NetC9_1 Pin=U-24
Added Pin To Net: NetName=NetC8_1 Pin=U-25
Added Pin To Net: NetName=GND Pin=U-28
Added Pin To Net: NetName=NetR12_2 Pin=U-32
Added Pin To Net: NetName=GND Pin=U-33
Added Pin To Net: NetName=NetC5_1 Pin=U-34
Added Pin To Net: NetName=NetR8_2 Pin=U-36
Added Pin To Net: NetName=GND Pin=U-38
Added Member To Class: ClassName=Main Member=Component U RaspberryPico
