Removed Pin From Net: NetName=GND Pin=C1-2
Removed Pin From Net: NetName=GND Pin=C2-2
Removed Pin From Net: NetName=GND Pin=C3-2
Removed Pin From Net: NetName=GND Pin=C4-2
Removed Pin From Net: NetName=GND Pin=C5-2
Removed Pin From Net: NetName=GND Pin=C6-2
Removed Pin From Net: NetName=GND Pin=C7-2
Removed Pin From Net: NetName=GND Pin=C8-2
Removed Pin From Net: NetName=GND Pin=C9-2
Removed Pin From Net: NetName=GND Pin=C10-2
Removed Pin From Net: NetName=GND Pin=C11-2
Removed Pin From Net: NetName=GND Pin=C12-2
Removed Pin From Net: NetName=GND Pin=C13-2
Removed Pin From Net: NetName=GND Pin=C14-2
Removed Pin From Net: NetName=GND Pin=C15-2
Removed Pin From Net: NetName=GND Pin=C16-2
Removed Pin From Net: NetName=GND Pin=C17-2
Removed Pin From Net: NetName=GND Pin=C18-2
Removed Pin From Net: NetName=GND Pin=C19-2
Removed Pin From Net: NetName=GND Pin=C20-2
Change Component Footprint: Designator=C1 Old Footprint=CAPC1608X97X38NL15T08 New Footprint=CAPC1608X95X40NL15T15
Change Component Footprint: Designator=C2 Old Footprint=CAPC1608X97X38NL15T08 New Footprint=CAPC1608X95X40NL15T15
Change Component Footprint: Designator=C3 Old Footprint=CAPC1608X97X38NL15T08 New Footprint=CAPC1608X95X40NL15T15
Change Component Footprint: Designator=C4 Old Footprint=CAPC1608X97X38NL15T08 New Footprint=CAPC1608X95X40NL15T15
Change Component Footprint: Designator=C5 Old Footprint=CAPC1608X97X38NL15T08 New Footprint=CAPC1608X95X40NL15T15
Change Component Footprint: Designator=C6 Old Footprint=CAPC1608X97X38NL15T08 New Footprint=CAPC1608X95X40NL15T15
Change Component Footprint: Designator=C7 Old Footprint=CAPC1608X97X38NL15T08 New Footprint=CAPC1608X95X40NL15T15
Change Component Footprint: Designator=C8 Old Footprint=CAPC1608X97X38NL15T08 New Footprint=CAPC1608X95X40NL15T15
Change Component Footprint: Designator=C9 Old Footprint=CAPC1608X97X38NL15T08 New Footprint=CAPC1608X95X40NL15T15
Change Component Footprint: Designator=C10 Old Footprint=CAPC1608X97X38NL15T08 New Footprint=CAPC1608X95X40NL15T15
Change Component Footprint: Designator=C11 Old Footprint=CAPC1608X97X38NL15T08 New Footprint=CAPC1608X95X40NL15T15
Change Component Footprint: Designator=C12 Old Footprint=CAPC1608X97X38NL15T08 New Footprint=CAPC1608X95X40NL15T15
Change Component Footprint: Designator=C13 Old Footprint=CAPC1608X97X38NL15T08 New Footprint=CAPC1608X95X40NL15T15
Change Component Footprint: Designator=C14 Old Footprint=CAPC1608X97X38NL15T08 New Footprint=CAPC1608X95X40NL15T15
Change Component Footprint: Designator=C15 Old Footprint=CAPC1608X97X38NL15T08 New Footprint=CAPC1608X95X40NL15T15
Change Component Footprint: Designator=C16 Old Footprint=CAPC1608X97X38NL15T08 New Footprint=CAPC1608X95X40NL15T15
Change Component Footprint: Designator=C17 Old Footprint=CAPC1608X97X38NL15T08 New Footprint=CAPC1608X95X40NL15T15
Change Component Footprint: Designator=C18 Old Footprint=CAPC1608X97X38NL15T08 New Footprint=CAPC1608X95X40NL15T15
Change Component Footprint: Designator=C19 Old Footprint=CAPC1608X97X38NL15T08 New Footprint=CAPC1608X95X40NL15T15
Change Component Footprint: Designator=C20 Old Footprint=CAPC1608X97X38NL15T08 New Footprint=CAPC1608X95X40NL15T15
Change Component Designator: OldDesignator=R14 NewDesignator=R13
Change Component Designator: OldDesignator=R15 NewDesignator=R14
Change Component Designator: OldDesignator=R16 NewDesignator=R15
Change Component Designator: OldDesignator=R17 NewDesignator=R16
Change Component Designator: OldDesignator=R18 NewDesignator=R17
Change Component Designator: OldDesignator=R21 NewDesignator=R18
Change Component Designator: OldDesignator=R22 NewDesignator=R19
Change Component Designator: OldDesignator=R23 NewDesignator=R20
Change Component Designator: OldDesignator=R25 NewDesignator=R21
Change Component Designator: OldDesignator=R26 NewDesignator=R22
Change Component Designator: OldDesignator=R27 NewDesignator=R23
Change Component Designator: OldDesignator=R28 NewDesignator=R24
Change Component Designator: OldDesignator=R29 NewDesignator=R25
Change Component Designator: OldDesignator=R30 NewDesignator=R26
Change Component Designator: OldDesignator=R31 NewDesignator=R27
Change Component Designator: OldDesignator=R32 NewDesignator=R28
Change Component Designator: OldDesignator=R33 NewDesignator=R29
Change Component Designator: OldDesignator=R34 NewDesignator=R30
Change Component Designator: OldDesignator=R35 NewDesignator=R31
Change Component Designator: OldDesignator=R36 NewDesignator=R32
Change Component Designator: OldDesignator=R37 NewDesignator=R33
Change Component Designator: OldDesignator=R38 NewDesignator=R34
Change Component Designator: OldDesignator=R39 NewDesignator=R35
Change Component Designator: OldDesignator=R40 NewDesignator=R36
Change Component Designator: OldDesignator=R41 NewDesignator=R37
Change Component Designator: OldDesignator=R42 NewDesignator=R38
Change Component Designator: OldDesignator=R43 NewDesignator=R39
Change Component Designator: OldDesignator=R44 NewDesignator=R40
Change Component Designator: OldDesignator=R45 NewDesignator=R41
Change Component Designator: OldDesignator=R46 NewDesignator=R42
Change Component Designator: OldDesignator=R47 NewDesignator=R43
Change Component Designator: OldDesignator=R48 NewDesignator=R44
Change Managed Component Library Link : Designator=C1 Old VaultGUID=B7D15EC3-160A-466F-A46C-7801FE6295A7 New VaultGUID=B7D15EC3-160A-466F-A46C-7801FE6295A7 Old ItemGUID=4AFE4A60-D2C0-498A-AC41-AEC9512D70E3 New ItemGUID=FD3F752F-7D4E-419A-BD2C-873D726E6B27 Old RevisionGUID=2533D4D3-AD3F-4C49-B1C0-56EF978A0AE8 New RevisionGUID=EFE5ABB9-22E5-4509-A657-50C317958D77
Change Managed Component Library Link : Designator=C2 Old VaultGUID=B7D15EC3-160A-466F-A46C-7801FE6295A7 New VaultGUID=B7D15EC3-160A-466F-A46C-7801FE6295A7 Old ItemGUID=4AFE4A60-D2C0-498A-AC41-AEC9512D70E3 New ItemGUID=FD3F752F-7D4E-419A-BD2C-873D726E6B27 Old RevisionGUID=2533D4D3-AD3F-4C49-B1C0-56EF978A0AE8 New RevisionGUID=EFE5ABB9-22E5-4509-A657-50C317958D77
Change Managed Component Library Link : Designator=C3 Old VaultGUID=B7D15EC3-160A-466F-A46C-7801FE6295A7 New VaultGUID=B7D15EC3-160A-466F-A46C-7801FE6295A7 Old ItemGUID=4AFE4A60-D2C0-498A-AC41-AEC9512D70E3 New ItemGUID=FD3F752F-7D4E-419A-BD2C-873D726E6B27 Old RevisionGUID=2533D4D3-AD3F-4C49-B1C0-56EF978A0AE8 New RevisionGUID=EFE5ABB9-22E5-4509-A657-50C317958D77
Change Managed Component Library Link : Designator=C4 Old VaultGUID=B7D15EC3-160A-466F-A46C-7801FE6295A7 New VaultGUID=B7D15EC3-160A-466F-A46C-7801FE6295A7 Old ItemGUID=4AFE4A60-D2C0-498A-AC41-AEC9512D70E3 New ItemGUID=FD3F752F-7D4E-419A-BD2C-873D726E6B27 Old RevisionGUID=2533D4D3-AD3F-4C49-B1C0-56EF978A0AE8 New RevisionGUID=EFE5ABB9-22E5-4509-A657-50C317958D77
Change Managed Component Library Link : Designator=C5 Old VaultGUID=B7D15EC3-160A-466F-A46C-7801FE6295A7 New VaultGUID=B7D15EC3-160A-466F-A46C-7801FE6295A7 Old ItemGUID=4AFE4A60-D2C0-498A-AC41-AEC9512D70E3 New ItemGUID=FD3F752F-7D4E-419A-BD2C-873D726E6B27 Old RevisionGUID=2533D4D3-AD3F-4C49-B1C0-56EF978A0AE8 New RevisionGUID=EFE5ABB9-22E5-4509-A657-50C317958D77
Change Managed Component Library Link : Designator=C6 Old VaultGUID=B7D15EC3-160A-466F-A46C-7801FE6295A7 New VaultGUID=B7D15EC3-160A-466F-A46C-7801FE6295A7 Old ItemGUID=4AFE4A60-D2C0-498A-AC41-AEC9512D70E3 New ItemGUID=FD3F752F-7D4E-419A-BD2C-873D726E6B27 Old RevisionGUID=2533D4D3-AD3F-4C49-B1C0-56EF978A0AE8 New RevisionGUID=EFE5ABB9-22E5-4509-A657-50C317958D77
Change Managed Component Library Link : Designator=C7 Old VaultGUID=B7D15EC3-160A-466F-A46C-7801FE6295A7 New VaultGUID=B7D15EC3-160A-466F-A46C-7801FE6295A7 Old ItemGUID=4AFE4A60-D2C0-498A-AC41-AEC9512D70E3 New ItemGUID=FD3F752F-7D4E-419A-BD2C-873D726E6B27 Old RevisionGUID=2533D4D3-AD3F-4C49-B1C0-56EF978A0AE8 New RevisionGUID=EFE5ABB9-22E5-4509-A657-50C317958D77
Change Managed Component Library Link : Designator=C8 Old VaultGUID=B7D15EC3-160A-466F-A46C-7801FE6295A7 New VaultGUID=B7D15EC3-160A-466F-A46C-7801FE6295A7 Old ItemGUID=4AFE4A60-D2C0-498A-AC41-AEC9512D70E3 New ItemGUID=FD3F752F-7D4E-419A-BD2C-873D726E6B27 Old RevisionGUID=2533D4D3-AD3F-4C49-B1C0-56EF978A0AE8 New RevisionGUID=EFE5ABB9-22E5-4509-A657-50C317958D77
Change Managed Component Library Link : Designator=C9 Old VaultGUID=B7D15EC3-160A-466F-A46C-7801FE6295A7 New VaultGUID=B7D15EC3-160A-466F-A46C-7801FE6295A7 Old ItemGUID=4AFE4A60-D2C0-498A-AC41-AEC9512D70E3 New ItemGUID=FD3F752F-7D4E-419A-BD2C-873D726E6B27 Old RevisionGUID=2533D4D3-AD3F-4C49-B1C0-56EF978A0AE8 New RevisionGUID=EFE5ABB9-22E5-4509-A657-50C317958D77
Change Managed Component Library Link : Designator=C10 Old VaultGUID=B7D15EC3-160A-466F-A46C-7801FE6295A7 New VaultGUID=B7D15EC3-160A-466F-A46C-7801FE6295A7 Old ItemGUID=4AFE4A60-D2C0-498A-AC41-AEC9512D70E3 New ItemGUID=FD3F752F-7D4E-419A-BD2C-873D726E6B27 Old RevisionGUID=2533D4D3-AD3F-4C49-B1C0-56EF978A0AE8 New RevisionGUID=EFE5ABB9-22E5-4509-A657-50C317958D77
Change Managed Component Library Link : Designator=C11 Old VaultGUID=B7D15EC3-160A-466F-A46C-7801FE6295A7 New VaultGUID=B7D15EC3-160A-466F-A46C-7801FE6295A7 Old ItemGUID=4AFE4A60-D2C0-498A-AC41-AEC9512D70E3 New ItemGUID=FD3F752F-7D4E-419A-BD2C-873D726E6B27 Old RevisionGUID=2533D4D3-AD3F-4C49-B1C0-56EF978A0AE8 New RevisionGUID=EFE5ABB9-22E5-4509-A657-50C317958D77
Change Managed Component Library Link : Designator=C12 Old VaultGUID=B7D15EC3-160A-466F-A46C-7801FE6295A7 New VaultGUID=B7D15EC3-160A-466F-A46C-7801FE6295A7 Old ItemGUID=4AFE4A60-D2C0-498A-AC41-AEC9512D70E3 New ItemGUID=FD3F752F-7D4E-419A-BD2C-873D726E6B27 Old RevisionGUID=2533D4D3-AD3F-4C49-B1C0-56EF978A0AE8 New RevisionGUID=EFE5ABB9-22E5-4509-A657-50C317958D77
Change Managed Component Library Link : Designator=C13 Old VaultGUID=B7D15EC3-160A-466F-A46C-7801FE6295A7 New VaultGUID=B7D15EC3-160A-466F-A46C-7801FE6295A7 Old ItemGUID=4AFE4A60-D2C0-498A-AC41-AEC9512D70E3 New ItemGUID=FD3F752F-7D4E-419A-BD2C-873D726E6B27 Old RevisionGUID=2533D4D3-AD3F-4C49-B1C0-56EF978A0AE8 New RevisionGUID=EFE5ABB9-22E5-4509-A657-50C317958D77
Change Managed Component Library Link : Designator=C14 Old VaultGUID=B7D15EC3-160A-466F-A46C-7801FE6295A7 New VaultGUID=B7D15EC3-160A-466F-A46C-7801FE6295A7 Old ItemGUID=4AFE4A60-D2C0-498A-AC41-AEC9512D70E3 New ItemGUID=FD3F752F-7D4E-419A-BD2C-873D726E6B27 Old RevisionGUID=2533D4D3-AD3F-4C49-B1C0-56EF978A0AE8 New RevisionGUID=EFE5ABB9-22E5-4509-A657-50C317958D77
Change Managed Component Library Link : Designator=C15 Old VaultGUID=B7D15EC3-160A-466F-A46C-7801FE6295A7 New VaultGUID=B7D15EC3-160A-466F-A46C-7801FE6295A7 Old ItemGUID=4AFE4A60-D2C0-498A-AC41-AEC9512D70E3 New ItemGUID=FD3F752F-7D4E-419A-BD2C-873D726E6B27 Old RevisionGUID=2533D4D3-AD3F-4C49-B1C0-56EF978A0AE8 New RevisionGUID=EFE5ABB9-22E5-4509-A657-50C317958D77
Change Managed Component Library Link : Designator=C16 Old VaultGUID=B7D15EC3-160A-466F-A46C-7801FE6295A7 New VaultGUID=B7D15EC3-160A-466F-A46C-7801FE6295A7 Old ItemGUID=4AFE4A60-D2C0-498A-AC41-AEC9512D70E3 New ItemGUID=FD3F752F-7D4E-419A-BD2C-873D726E6B27 Old RevisionGUID=2533D4D3-AD3F-4C49-B1C0-56EF978A0AE8 New RevisionGUID=EFE5ABB9-22E5-4509-A657-50C317958D77
Change Managed Component Library Link : Designator=C17 Old VaultGUID=B7D15EC3-160A-466F-A46C-7801FE6295A7 New VaultGUID=B7D15EC3-160A-466F-A46C-7801FE6295A7 Old ItemGUID=4AFE4A60-D2C0-498A-AC41-AEC9512D70E3 New ItemGUID=FD3F752F-7D4E-419A-BD2C-873D726E6B27 Old RevisionGUID=2533D4D3-AD3F-4C49-B1C0-56EF978A0AE8 New RevisionGUID=EFE5ABB9-22E5-4509-A657-50C317958D77
Change Managed Component Library Link : Designator=C18 Old VaultGUID=B7D15EC3-160A-466F-A46C-7801FE6295A7 New VaultGUID=B7D15EC3-160A-466F-A46C-7801FE6295A7 Old ItemGUID=4AFE4A60-D2C0-498A-AC41-AEC9512D70E3 New ItemGUID=FD3F752F-7D4E-419A-BD2C-873D726E6B27 Old RevisionGUID=2533D4D3-AD3F-4C49-B1C0-56EF978A0AE8 New RevisionGUID=EFE5ABB9-22E5-4509-A657-50C317958D77
Change Managed Component Library Link : Designator=C19 Old VaultGUID=B7D15EC3-160A-466F-A46C-7801FE6295A7 New VaultGUID=B7D15EC3-160A-466F-A46C-7801FE6295A7 Old ItemGUID=4AFE4A60-D2C0-498A-AC41-AEC9512D70E3 New ItemGUID=FD3F752F-7D4E-419A-BD2C-873D726E6B27 Old RevisionGUID=2533D4D3-AD3F-4C49-B1C0-56EF978A0AE8 New RevisionGUID=EFE5ABB9-22E5-4509-A657-50C317958D77
Change Managed Component Library Link : Designator=C20 Old VaultGUID=B7D15EC3-160A-466F-A46C-7801FE6295A7 New VaultGUID=B7D15EC3-160A-466F-A46C-7801FE6295A7 Old ItemGUID=4AFE4A60-D2C0-498A-AC41-AEC9512D70E3 New ItemGUID=FD3F752F-7D4E-419A-BD2C-873D726E6B27 Old RevisionGUID=2533D4D3-AD3F-4C49-B1C0-56EF978A0AE8 New RevisionGUID=EFE5ABB9-22E5-4509-A657-50C317958D77
Change component parameters: Designator = "C1" ("C1"); Footprint = "CAPC1608X97X38NL15T08"; UniqueID = "\VVNVUJHA" ("\VVNVUJHA")
Change component parameters (AddParameter): Name = "Manufacturer"; Value = "Vitramon"; VariantName = "[No Variations]"
Change component parameters (AddParameter): Name = "Part Number"; Value = "VJ0603A101FXACW1BC"; VariantName = "[No Variations]"
Change component parameters: Designator = "C2" ("C2"); Footprint = "CAPC1608X97X38NL15T08"; UniqueID = "\DLAVVZUB" ("\DLAVVZUB")
Change component parameters (AddParameter): Name = "Manufacturer"; Value = "Vitramon"; VariantName = "[No Variations]"
Change component parameters (AddParameter): Name = "Part Number"; Value = "VJ0603A101FXACW1BC"; VariantName = "[No Variations]"
Change component parameters: Designator = "C3" ("C3"); Footprint = "CAPC1608X97X38NL15T08"; UniqueID = "\HHKMXLJJ" ("\HHKMXLJJ")
Change component parameters (AddParameter): Name = "Manufacturer"; Value = "Vitramon"; VariantName = "[No Variations]"
Change component parameters (AddParameter): Name = "Part Number"; Value = "VJ0603A101FXACW1BC"; VariantName = "[No Variations]"
Change component parameters: Designator = "C4" ("C4"); Footprint = "CAPC1608X97X38NL15T08"; UniqueID = "\VKDNSYTK" ("\VKDNSYTK")
Change component parameters (AddParameter): Name = "Manufacturer"; Value = "Vitramon"; VariantName = "[No Variations]"
Change component parameters (AddParameter): Name = "Part Number"; Value = "VJ0603A101FXACW1BC"; VariantName = "[No Variations]"
Change component parameters: Designator = "C5" ("C5"); Footprint = "CAPC1608X97X38NL15T08"; UniqueID = "\OABYAUGI" ("\OABYAUGI")
Change component parameters (AddParameter): Name = "Manufacturer"; Value = "Vitramon"; VariantName = "[No Variations]"
Change component parameters (AddParameter): Name = "Part Number"; Value = "VJ0603A101FXACW1BC"; VariantName = "[No Variations]"
Change component parameters: Designator = "C6" ("C6"); Footprint = "CAPC1608X97X38NL15T08"; UniqueID = "\CKKLNYFV" ("\CKKLNYFV")
Change component parameters (AddParameter): Name = "Manufacturer"; Value = "Vitramon"; VariantName = "[No Variations]"
Change component parameters (AddParameter): Name = "Part Number"; Value = "VJ0603A101FXACW1BC"; VariantName = "[No Variations]"
Change component parameters: Designator = "C7" ("C7"); Footprint = "CAPC1608X97X38NL15T08"; UniqueID = "\BYOECABN" ("\BYOECABN")
Change component parameters (AddParameter): Name = "Manufacturer"; Value = "Vitramon"; VariantName = "[No Variations]"
Change component parameters (AddParameter): Name = "Part Number"; Value = "VJ0603A101FXACW1BC"; VariantName = "[No Variations]"
Change component parameters: Designator = "C8" ("C8"); Footprint = "CAPC1608X97X38NL15T08"; UniqueID = "\LWFLFHTD" ("\LWFLFHTD")
Change component parameters (AddParameter): Name = "Manufacturer"; Value = "Vitramon"; VariantName = "[No Variations]"
Change component parameters (AddParameter): Name = "Part Number"; Value = "VJ0603A101FXACW1BC"; VariantName = "[No Variations]"
Change component parameters: Designator = "C9" ("C9"); Footprint = "CAPC1608X97X38NL15T08"; UniqueID = "\EYGYKCBT" ("\EYGYKCBT")
Change component parameters (AddParameter): Name = "Manufacturer"; Value = "Vitramon"; VariantName = "[No Variations]"
Change component parameters (AddParameter): Name = "Part Number"; Value = "VJ0603A101FXACW1BC"; VariantName = "[No Variations]"
Change component parameters: Designator = "C10" ("C10"); Footprint = "CAPC1608X97X38NL15T08"; UniqueID = "\HGAVAVCY" ("\HGAVAVCY")
Change component parameters (AddParameter): Name = "Manufacturer"; Value = "Vitramon"; VariantName = "[No Variations]"
Change component parameters (AddParameter): Name = "Part Number"; Value = "VJ0603A101FXACW1BC"; VariantName = "[No Variations]"
Change component parameters: Designator = "C11" ("C11"); Footprint = "CAPC1608X97X38NL15T08"; UniqueID = "\ROKMEADS" ("\ROKMEADS")
Change component parameters (AddParameter): Name = "Manufacturer"; Value = "Vitramon"; VariantName = "[No Variations]"
Change component parameters (AddParameter): Name = "Part Number"; Value = "VJ0603A101FXACW1BC"; VariantName = "[No Variations]"
Change component parameters: Designator = "C12" ("C12"); Footprint = "CAPC1608X97X38NL15T08"; UniqueID = "\SVXHWHXA" ("\SVXHWHXA")
Change component parameters (AddParameter): Name = "Manufacturer"; Value = "Vitramon"; VariantName = "[No Variations]"
Change component parameters (AddParameter): Name = "Part Number"; Value = "VJ0603A101FXACW1BC"; VariantName = "[No Variations]"
Change component parameters: Designator = "C13" ("C13"); Footprint = "CAPC1608X97X38NL15T08"; UniqueID = "\HGZXSYPU" ("\HGZXSYPU")
Change component parameters (AddParameter): Name = "Manufacturer"; Value = "Vitramon"; VariantName = "[No Variations]"
Change component parameters (AddParameter): Name = "Part Number"; Value = "VJ0603A101FXACW1BC"; VariantName = "[No Variations]"
Change component parameters: Designator = "C14" ("C14"); Footprint = "CAPC1608X97X38NL15T08"; UniqueID = "\UFOBHVGC" ("\UFOBHVGC")
Change component parameters (AddParameter): Name = "Manufacturer"; Value = "Vitramon"; VariantName = "[No Variations]"
Change component parameters (AddParameter): Name = "Part Number"; Value = "VJ0603A101FXACW1BC"; VariantName = "[No Variations]"
Change component parameters: Designator = "C15" ("C15"); Footprint = "CAPC1608X97X38NL15T08"; UniqueID = "\AQUOVGVS" ("\AQUOVGVS")
Change component parameters (AddParameter): Name = "Manufacturer"; Value = "Vitramon"; VariantName = "[No Variations]"
Change component parameters (AddParameter): Name = "Part Number"; Value = "VJ0603A101FXACW1BC"; VariantName = "[No Variations]"
Change component parameters: Designator = "C16" ("C16"); Footprint = "CAPC1608X97X38NL15T08"; UniqueID = "\DUCZFHRO" ("\DUCZFHRO")
Change component parameters (AddParameter): Name = "Manufacturer"; Value = "Vitramon"; VariantName = "[No Variations]"
Change component parameters (AddParameter): Name = "Part Number"; Value = "VJ0603A101FXACW1BC"; VariantName = "[No Variations]"
Change component parameters: Designator = "C17" ("C17"); Footprint = "CAPC1608X97X38NL15T08"; UniqueID = "\VNIWSZQL" ("\VNIWSZQL")
Change component parameters (AddParameter): Name = "Manufacturer"; Value = "Vitramon"; VariantName = "[No Variations]"
Change component parameters (AddParameter): Name = "Part Number"; Value = "VJ0603A101FXACW1BC"; VariantName = "[No Variations]"
Change component parameters: Designator = "C18" ("C18"); Footprint = "CAPC1608X97X38NL15T08"; UniqueID = "\NRIFXUIV" ("\NRIFXUIV")
Change component parameters (AddParameter): Name = "Manufacturer"; Value = "Vitramon"; VariantName = "[No Variations]"
Change component parameters (AddParameter): Name = "Part Number"; Value = "VJ0603A101FXACW1BC"; VariantName = "[No Variations]"
Change component parameters: Designator = "C19" ("C19"); Footprint = "CAPC1608X97X38NL15T08"; UniqueID = "\SSBRXSQW" ("\SSBRXSQW")
Change component parameters (AddParameter): Name = "Manufacturer"; Value = "Vitramon"; VariantName = "[No Variations]"
Change component parameters (AddParameter): Name = "Part Number"; Value = "VJ0603A101FXACW1BC"; VariantName = "[No Variations]"
Change component parameters: Designator = "C20" ("C20"); Footprint = "CAPC1608X97X38NL15T08"; UniqueID = "\WSWRHSMZ" ("\WSWRHSMZ")
Change component parameters (AddParameter): Name = "Manufacturer"; Value = "Vitramon"; VariantName = "[No Variations]"
Change component parameters (AddParameter): Name = "Part Number"; Value = "VJ0603A101FXACW1BC"; VariantName = "[No Variations]"
Added Pin To Net: NetName=GND Pin=C1-1
Added Pin To Net: NetName=GND Pin=C2-1
Added Pin To Net: NetName=GND Pin=C3-1
Added Pin To Net: NetName=GND Pin=C4-1
Added Pin To Net: NetName=GND Pin=C5-1
Added Pin To Net: NetName=GND Pin=C6-1
Added Pin To Net: NetName=GND Pin=C7-1
Added Pin To Net: NetName=GND Pin=C8-1
Added Pin To Net: NetName=GND Pin=C9-1
Added Pin To Net: NetName=GND Pin=C10-1
Added Pin To Net: NetName=GND Pin=C11-1
Added Pin To Net: NetName=GND Pin=C12-1
Added Pin To Net: NetName=GND Pin=C13-1
Added Pin To Net: NetName=GND Pin=C14-1
Added Pin To Net: NetName=GND Pin=C15-1
Added Pin To Net: NetName=GND Pin=C16-1
Added Pin To Net: NetName=GND Pin=C17-1
Added Pin To Net: NetName=GND Pin=C18-1
Added Pin To Net: NetName=GND Pin=C19-1
Added Pin To Net: NetName=GND Pin=C20-1
Change Net Name : Old Net Name=NetR29_2 New Net Name=NetR25_2
Change Net Name : Old Net Name=NetR30_2 New Net Name=NetR26_2
Change Net Name : Old Net Name=NetR32_2 New Net Name=NetR28_2
Change Net Name : Old Net Name=NetR35_2 New Net Name=NetR31_2
Change Net Name : Old Net Name=NetR37_2 New Net Name=NetR33_2
Change Net Name : Old Net Name=NetR38_2 New Net Name=NetR34_2
Added Pin To Net: NetName=NetC1_2 Pin=C1-2
Added Pin To Net: NetName=NetC1_2 Pin=R1-2
Added Pin To Net: NetName=NetC1_2 Pin=U1-1
Added Net: Name=NetC1_2
Added Pin To Net: NetName=NetC2_2 Pin=C2-2
Added Pin To Net: NetName=NetC2_2 Pin=R2-2
Added Pin To Net: NetName=NetC2_2 Pin=U1-2
Added Net: Name=NetC2_2
Added Pin To Net: NetName=NetC3_2 Pin=C3-2
Added Pin To Net: NetName=NetC3_2 Pin=R5-2
Added Pin To Net: NetName=NetC3_2 Pin=U1-4
Added Net: Name=NetC3_2
Added Pin To Net: NetName=NetC4_2 Pin=C4-2
Added Pin To Net: NetName=NetC4_2 Pin=R6-2
Added Pin To Net: NetName=NetC4_2 Pin=U1-5
Added Net: Name=NetC4_2
Added Pin To Net: NetName=NetC5_2 Pin=C5-2
Added Pin To Net: NetName=NetC5_2 Pin=R10-2
Added Pin To Net: NetName=NetC5_2 Pin=U1-34
Added Net: Name=NetC5_2
Added Pin To Net: NetName=NetC6_2 Pin=C6-2
Added Pin To Net: NetName=NetC6_2 Pin=R11-2
Added Pin To Net: NetName=NetC6_2 Pin=U1-6
Added Net: Name=NetC6_2
Added Pin To Net: NetName=NetC7_2 Pin=C7-2
Added Pin To Net: NetName=NetC7_2 Pin=R14-2
Added Pin To Net: NetName=NetC7_2 Pin=U1-10
Added Net: Name=NetC7_2
Added Pin To Net: NetName=NetC8_2 Pin=C8-2
Added Pin To Net: NetName=NetC8_2 Pin=R15-2
Added Pin To Net: NetName=NetC8_2 Pin=U1-25
Added Net: Name=NetC8_2
Added Pin To Net: NetName=NetC9_2 Pin=C9-2
Added Pin To Net: NetName=NetC9_2 Pin=R17-2
Added Pin To Net: NetName=NetC9_2 Pin=U1-24
Added Net: Name=NetC9_2
Added Pin To Net: NetName=NetC10_2 Pin=C10-2
Added Pin To Net: NetName=NetC10_2 Pin=R18-2
Added Pin To Net: NetName=NetC10_2 Pin=U1-7
Added Net: Name=NetC10_2
Added Pin To Net: NetName=NetC11_2 Pin=C11-2
Added Pin To Net: NetName=NetC11_2 Pin=R20-2
Added Pin To Net: NetName=NetC11_2 Pin=U1-21
Added Net: Name=NetC11_2
Added Pin To Net: NetName=NetC12_2 Pin=C12-2
Added Pin To Net: NetName=NetC12_2 Pin=R21-2
Added Pin To Net: NetName=NetC12_2 Pin=U1-19
Added Net: Name=NetC12_2
Added Pin To Net: NetName=NetC13_2 Pin=C13-2
Added Pin To Net: NetName=NetC13_2 Pin=R22-2
Added Pin To Net: NetName=NetC13_2 Pin=U1-20
Added Net: Name=NetC13_2
Added Pin To Net: NetName=NetC14_2 Pin=C14-2
Added Pin To Net: NetName=NetC14_2 Pin=R27-2
Added Pin To Net: NetName=NetC14_2 Pin=U2-1
Added Net: Name=NetC14_2
Added Pin To Net: NetName=NetC15_2 Pin=C15-2
Added Pin To Net: NetName=NetC15_2 Pin=R29-2
Added Pin To Net: NetName=NetC15_2 Pin=U2-2
Added Net: Name=NetC15_2
Added Pin To Net: NetName=NetC16_2 Pin=C16-2
Added Pin To Net: NetName=NetC16_2 Pin=R35-2
Added Pin To Net: NetName=NetC16_2 Pin=U2-4
Added Net: Name=NetC16_2
Added Pin To Net: NetName=NetC17_2 Pin=C17-2
Added Pin To Net: NetName=NetC17_2 Pin=R36-2
Added Pin To Net: NetName=NetC17_2 Pin=U2-25
Added Net: Name=NetC17_2
Added Pin To Net: NetName=NetC18_2 Pin=C18-2
Added Pin To Net: NetName=NetC18_2 Pin=R37-2
Added Pin To Net: NetName=NetC18_2 Pin=U2-5
Added Net: Name=NetC18_2
Added Pin To Net: NetName=NetC19_2 Pin=C19-2
Added Pin To Net: NetName=NetC19_2 Pin=R39-2
Added Pin To Net: NetName=NetC19_2 Pin=U2-24
Added Net: Name=NetC19_2
Added Pin To Net: NetName=NetC20_2 Pin=C20-2
Added Pin To Net: NetName=NetC20_2 Pin=R43-2
Added Pin To Net: NetName=NetC20_2 Pin=U2-21
Added Net: Name=NetC20_2
Added Room: Name=Main
