Added Component: Designator=U1(STM32L552ZCT6Q)
Add component (AddParameter): Name = "Copyright"; Value = "Copyright (C) 2023 Ultra Librarian. All rights reserved."; VariantName = "[No Variations]"
Add component (AddParameter): Name = "Digi-Key_Part_Number_1"; Value = "497-STM32L552ZCT6Q-ND"; VariantName = "[No Variations]"
Add component (AddParameter): Name = "Manufacturer_Part_Number"; Value = "STM32L552ZCT6Q"; VariantName = "[No Variations]"
Add component (AddParameter): Name = "Mfr_Name"; Value = "STMicroelectronics"; VariantName = "[No Variations]"
Add component (AddParameter): Name = "RefDes"; Value = "RefDes"; VariantName = "[No Variations]"
Add component (AddParameter): Name = "Type"; Value = "DEV"; VariantName = "[No Variations]"
Added Pin To Net: NetName=3V3 Pin=U1-6
Added Pin To Net: NetName=GND Pin=U1-16
Added Pin To Net: NetName=3V3 Pin=U1-17
Added Pin To Net: NetName=OSC IN Pin=U1-23
Added Pin To Net: NetName=LPUART1_Umb_RX Pin=U1-26
Added Pin To Net: NetName=UART4_OBC_RX Pin=U1-34
Added Pin To Net: NetName=UART3_OBC_TX Pin=U1-36
Added Pin To Net: NetName=GND Pin=U1-37
Added Pin To Net: NetName=3V3 Pin=U1-38
Added Pin To Net: NetName=SPI1_SCLK Pin=U1-40
Added Pin To Net: NetName=SPI1_MISO Pin=U1-41
Added Pin To Net: NetName=GND Pin=U1-48
Added Pin To Net: NetName=3V3 Pin=U1-49
Added Pin To Net: NetName=GND Pin=U1-58
Added Pin To Net: NetName=3V3 Pin=U1-59
Added Pin To Net: NetName=UART3_OBC_RX Pin=U1-67
Added Pin To Net: NetName=GND Pin=U1-71
Added Pin To Net: NetName=3V3 Pin=U1-73
Added Pin To Net: NetName=SPI1_SCLK Pin=U1-74
Added Pin To Net: NetName=SPI1_MOSI Pin=U1-75
Added Pin To Net: NetName=GND Pin=U1-83
Added Pin To Net: NetName=3V3 Pin=U1-84
Added Pin To Net: NetName=NetR18_2 Pin=U1-88
Added Pin To Net: NetName=NetR16_2 Pin=U1-92
Added Pin To Net: NetName=GND Pin=U1-94
Added Pin To Net: NetName=3V3 Pin=U1-95
Added Pin To Net: NetName=UART1_OBC_RX Pin=U1-102
Added Pin To Net: NetName=USB DM Pin=U1-103
Added Pin To Net: NetName=USB DP Pin=U1-104
Added Pin To Net: NetName=GND Pin=U1-107
Added Pin To Net: NetName=3V3 Pin=U1-108
Added Pin To Net: NetName=UART4_OBC_TX Pin=U1-116
Added Pin To Net: NetName=GND Pin=U1-120
Added Pin To Net: NetName=3V3 Pin=U1-121
Added Pin To Net: NetName=I2C1_SDA Pin=U1-127
Added Pin To Net: NetName=I2C1_SCL Pin=U1-128
Added Pin To Net: NetName=GND Pin=U1-129
Added Pin To Net: NetName=3V3 Pin=U1-130
Added Pin To Net: NetName=Boot0 Pin=U1-137
Added Pin To Net: NetName=GND Pin=U1-142
Added Pin To Net: NetName=3V3 Pin=U1-144
Add Net: Net with name "NRST" already exists
Add Net: Net with name "SWCLK" already exists
Add Net: Net with name "SWDIO" already exists
Added Member To Class: ClassName=Main Member=Component U1 STM32L552ZCT6Q
